                                      1 ;--------------------------------------------------------
                                      2 ; File Created by SDCC : free open source ANSI-C Compiler
                                      3 ; Version 3.5.0 #9253 (Sep  7 2022) (Linux)
                                      4 ; This file was generated Wed Sep  7 10:05:11 2022
                                      5 ;--------------------------------------------------------
                                      6 	.module AES_BlockCipher
                                      7 	.optsdcc -mmcs51 --model-large
                                      8 	
                                      9 ;--------------------------------------------------------
                                     10 ; Public variables in this module
                                     11 ;--------------------------------------------------------
                                     12 	.globl _NSS1
                                     13 	.globl _IRQ
                                     14 	.globl _PA_ENABLE
                                     15 	.globl _PIN_ENABLE
                                     16 	.globl _PIN_CONFIG
                                     17 	.globl _LED_GREEN
                                     18 	.globl _LED_RED
                                     19 	.globl _SPI1EN
                                     20 	.globl _TXBMT1
                                     21 	.globl _NSS1MD0
                                     22 	.globl _NSS1MD1
                                     23 	.globl _RXOVRN1
                                     24 	.globl _MODF1
                                     25 	.globl _WCOL1
                                     26 	.globl _SPIF1
                                     27 	.globl _SPI0EN
                                     28 	.globl _TXBMT0
                                     29 	.globl _NSS0MD0
                                     30 	.globl _NSS0MD1
                                     31 	.globl _RXOVRN0
                                     32 	.globl _MODF0
                                     33 	.globl _WCOL0
                                     34 	.globl _SPIF0
                                     35 	.globl _AD0CM0
                                     36 	.globl _AD0CM1
                                     37 	.globl _AD0CM2
                                     38 	.globl _AD0WINT
                                     39 	.globl _AD0BUSY
                                     40 	.globl _AD0INT
                                     41 	.globl _BURSTEN
                                     42 	.globl _AD0EN
                                     43 	.globl _CCF0
                                     44 	.globl _CCF1
                                     45 	.globl _CCF2
                                     46 	.globl _CCF3
                                     47 	.globl _CCF4
                                     48 	.globl _CCF5
                                     49 	.globl _CR
                                     50 	.globl _CF
                                     51 	.globl _P
                                     52 	.globl _F1
                                     53 	.globl _OV
                                     54 	.globl _RS0
                                     55 	.globl _RS1
                                     56 	.globl _F0
                                     57 	.globl _AC
                                     58 	.globl _CY
                                     59 	.globl _T2XCLK
                                     60 	.globl _T2RCLK
                                     61 	.globl _TR2
                                     62 	.globl _T2SPLIT
                                     63 	.globl _TF2CEN
                                     64 	.globl _TF2LEN
                                     65 	.globl _TF2L
                                     66 	.globl _TF2H
                                     67 	.globl _SI
                                     68 	.globl _ACK
                                     69 	.globl _ARBLOST
                                     70 	.globl _ACKRQ
                                     71 	.globl _STO
                                     72 	.globl _STA
                                     73 	.globl _TXMODE
                                     74 	.globl _MASTER
                                     75 	.globl _PX0
                                     76 	.globl _PT0
                                     77 	.globl _PX1
                                     78 	.globl _PT1
                                     79 	.globl _PS0
                                     80 	.globl _PT2
                                     81 	.globl _PSPI0
                                     82 	.globl _EX0
                                     83 	.globl _ET0
                                     84 	.globl _EX1
                                     85 	.globl _ET1
                                     86 	.globl _ES0
                                     87 	.globl _ET2
                                     88 	.globl _ESPI0
                                     89 	.globl _EA
                                     90 	.globl _RI0
                                     91 	.globl _TI0
                                     92 	.globl _RB80
                                     93 	.globl _TB80
                                     94 	.globl _REN0
                                     95 	.globl _MCE0
                                     96 	.globl _S0MODE
                                     97 	.globl _IT0
                                     98 	.globl _IE0
                                     99 	.globl _IT1
                                    100 	.globl _IE1
                                    101 	.globl _TR0
                                    102 	.globl _TF0
                                    103 	.globl _TR1
                                    104 	.globl _TF1
                                    105 	.globl __XPAGE
                                    106 	.globl _PCA0CP4
                                    107 	.globl _PCA0CP0
                                    108 	.globl _PCA0
                                    109 	.globl _PCA0CP3
                                    110 	.globl _PCA0CP2
                                    111 	.globl _PCA0CP1
                                    112 	.globl _PCA0CP5
                                    113 	.globl _TMR2
                                    114 	.globl _TMR2RL
                                    115 	.globl _ADC0LT
                                    116 	.globl _ADC0GT
                                    117 	.globl _ADC0
                                    118 	.globl _TMR3
                                    119 	.globl _TMR3RL
                                    120 	.globl _TOFF
                                    121 	.globl _DP
                                    122 	.globl _PCLKEN
                                    123 	.globl _CLKMODE
                                    124 	.globl _P7MDOUT
                                    125 	.globl _P6MDOUT
                                    126 	.globl _P5MDOUT
                                    127 	.globl _P4MDOUT
                                    128 	.globl _PCLKACT
                                    129 	.globl _P6MDIN
                                    130 	.globl _P5MDIN
                                    131 	.globl _P4MDIN
                                    132 	.globl _P3MDIN
                                    133 	.globl _DEVICEID
                                    134 	.globl _REVID
                                    135 	.globl _HWID
                                    136 	.globl _P7
                                    137 	.globl _P6
                                    138 	.globl _P5
                                    139 	.globl _P4
                                    140 	.globl _TOFFH
                                    141 	.globl _TOFFL
                                    142 	.globl _ADC0TK
                                    143 	.globl _ADC0PWR
                                    144 	.globl _IREF0CF
                                    145 	.globl _FLSCL
                                    146 	.globl _OSCICL
                                    147 	.globl _OSCIFL
                                    148 	.globl _P3MDOUT
                                    149 	.globl _LCD0BUFCF
                                    150 	.globl _P7DRV
                                    151 	.globl _P6DRV
                                    152 	.globl _P2DRV
                                    153 	.globl _P1DRV
                                    154 	.globl _P0DRV
                                    155 	.globl _P5DRV
                                    156 	.globl _P4DRV
                                    157 	.globl _P3DRV
                                    158 	.globl _LCD0BUFCN
                                    159 	.globl _CRC0CNT
                                    160 	.globl _CRC0AUTO
                                    161 	.globl _CRC0FLIP
                                    162 	.globl _CRC0IN
                                    163 	.globl _CRC0CN
                                    164 	.globl _CRC0DAT
                                    165 	.globl _SFRPGCN
                                    166 	.globl _DC0RDY
                                    167 	.globl _PC0INT1
                                    168 	.globl _PC0INT0
                                    169 	.globl _PC0DCH
                                    170 	.globl _PC0DCL
                                    171 	.globl _SPI1CN
                                    172 	.globl _AES0YOUT
                                    173 	.globl _PC0HIST
                                    174 	.globl _PC0CMP1H
                                    175 	.globl _PC0CMP1M
                                    176 	.globl _PC0CMP1L
                                    177 	.globl _AES0KBA
                                    178 	.globl _AES0DBA
                                    179 	.globl _AES0KIN
                                    180 	.globl _AES0XIN
                                    181 	.globl _AES0BIN
                                    182 	.globl _AES0DCFG
                                    183 	.globl _AES0BCFG
                                    184 	.globl _PC0TH
                                    185 	.globl _PC0CMP0H
                                    186 	.globl _PC0CMP0M
                                    187 	.globl _PC0CMP0L
                                    188 	.globl _PC0CTR1H
                                    189 	.globl _PC0CTR1M
                                    190 	.globl _PC0CTR1L
                                    191 	.globl _PC0CTR0H
                                    192 	.globl _PC0CTR0M
                                    193 	.globl _PC0CTR0L
                                    194 	.globl _PC0MD
                                    195 	.globl _PC0PCF
                                    196 	.globl _DMA0NMD
                                    197 	.globl _DMA0BUSY
                                    198 	.globl _DMA0MINT
                                    199 	.globl _DMA0INT
                                    200 	.globl _DMA0EN
                                    201 	.globl _DMA0SEL
                                    202 	.globl _DMA0NSZH
                                    203 	.globl _DMA0NSZL
                                    204 	.globl _DMA0NAOH
                                    205 	.globl _DMA0NAOL
                                    206 	.globl _DMA0NBAH
                                    207 	.globl _DMA0NBAL
                                    208 	.globl _DMA0NCF
                                    209 	.globl _VREGINSDH
                                    210 	.globl _VREGINSDL
                                    211 	.globl _ENC0CN
                                    212 	.globl _ENC0H
                                    213 	.globl _ENC0M
                                    214 	.globl _ENC0L
                                    215 	.globl _PC0STAT
                                    216 	.globl _CRC1CN
                                    217 	.globl _CRC1POLH
                                    218 	.globl _CRC1POLL
                                    219 	.globl _CRC1OUTH
                                    220 	.globl _CRC1OUTL
                                    221 	.globl _CRC1IN
                                    222 	.globl _LCD0BUFMD
                                    223 	.globl _LCD0CHPCN
                                    224 	.globl _DC0MD
                                    225 	.globl _DC0CF
                                    226 	.globl _DC0CN
                                    227 	.globl _LCD0VBMCF
                                    228 	.globl _LCD0CHPMD
                                    229 	.globl _LCD0CHPCF
                                    230 	.globl _LCD0MSCF
                                    231 	.globl _LCD0MSCN
                                    232 	.globl _LCD0CLKDIVH
                                    233 	.globl _LCD0CLKDIVL
                                    234 	.globl _LCD0VBMCN
                                    235 	.globl _LCD0CF
                                    236 	.globl _LCD0PWR
                                    237 	.globl _SPI1DAT
                                    238 	.globl _SPI1CKR
                                    239 	.globl _SPI1CFG
                                    240 	.globl _LCD0TOGR
                                    241 	.globl _LCD0BLINK
                                    242 	.globl _LCD0CN
                                    243 	.globl _LCD0CNTRST
                                    244 	.globl _LCD0DF
                                    245 	.globl _LCD0DE
                                    246 	.globl _LCD0DD
                                    247 	.globl _LCD0DC
                                    248 	.globl _LCD0DB
                                    249 	.globl _LCD0DA
                                    250 	.globl _LCD0D9
                                    251 	.globl _LCD0D8
                                    252 	.globl _LCD0D7
                                    253 	.globl _LCD0D6
                                    254 	.globl _LCD0D5
                                    255 	.globl _LCD0D4
                                    256 	.globl _LCD0D3
                                    257 	.globl _LCD0D2
                                    258 	.globl _LCD0D1
                                    259 	.globl _LCD0D0
                                    260 	.globl _VDM0CN
                                    261 	.globl _PCA0CPH4
                                    262 	.globl _PCA0CPL4
                                    263 	.globl _PCA0CPH0
                                    264 	.globl _PCA0CPL0
                                    265 	.globl _PCA0H
                                    266 	.globl _PCA0L
                                    267 	.globl _SPI0CN
                                    268 	.globl _EIP2
                                    269 	.globl _EIP1
                                    270 	.globl _SMB0ADM
                                    271 	.globl _SMB0ADR
                                    272 	.globl _P2MDIN
                                    273 	.globl _P1MDIN
                                    274 	.globl _P0MDIN
                                    275 	.globl _B
                                    276 	.globl _RSTSRC
                                    277 	.globl _PCA0CPH3
                                    278 	.globl _PCA0CPL3
                                    279 	.globl _PCA0CPH2
                                    280 	.globl _PCA0CPL2
                                    281 	.globl _PCA0CPH1
                                    282 	.globl _PCA0CPL1
                                    283 	.globl _ADC0CN
                                    284 	.globl _EIE2
                                    285 	.globl _EIE1
                                    286 	.globl _FLWR
                                    287 	.globl _IT01CF
                                    288 	.globl _XBR2
                                    289 	.globl _XBR1
                                    290 	.globl _XBR0
                                    291 	.globl _ACC
                                    292 	.globl _PCA0PWM
                                    293 	.globl _PCA0CPM4
                                    294 	.globl _PCA0CPM3
                                    295 	.globl _PCA0CPM2
                                    296 	.globl _PCA0CPM1
                                    297 	.globl _PCA0CPM0
                                    298 	.globl _PCA0MD
                                    299 	.globl _PCA0CN
                                    300 	.globl _P0MAT
                                    301 	.globl _P2SKIP
                                    302 	.globl _P1SKIP
                                    303 	.globl _P0SKIP
                                    304 	.globl _PCA0CPH5
                                    305 	.globl _PCA0CPL5
                                    306 	.globl _REF0CN
                                    307 	.globl _PSW
                                    308 	.globl _P1MAT
                                    309 	.globl _PCA0CPM5
                                    310 	.globl _TMR2H
                                    311 	.globl _TMR2L
                                    312 	.globl _TMR2RLH
                                    313 	.globl _TMR2RLL
                                    314 	.globl _REG0CN
                                    315 	.globl _TMR2CN
                                    316 	.globl _P0MASK
                                    317 	.globl _ADC0LTH
                                    318 	.globl _ADC0LTL
                                    319 	.globl _ADC0GTH
                                    320 	.globl _ADC0GTL
                                    321 	.globl _SMB0DAT
                                    322 	.globl _SMB0CF
                                    323 	.globl _SMB0CN
                                    324 	.globl _P1MASK
                                    325 	.globl _ADC0H
                                    326 	.globl _ADC0L
                                    327 	.globl _ADC0CF
                                    328 	.globl _ADC0MX
                                    329 	.globl _ADC0AC
                                    330 	.globl _IREF0CN
                                    331 	.globl _IP
                                    332 	.globl _FLKEY
                                    333 	.globl _PMU0FL
                                    334 	.globl _PMU0CF
                                    335 	.globl _PMU0MD
                                    336 	.globl _OSCICN
                                    337 	.globl _OSCXCN
                                    338 	.globl _P3
                                    339 	.globl _EMI0TC
                                    340 	.globl _RTC0KEY
                                    341 	.globl _RTC0DAT
                                    342 	.globl _RTC0ADR
                                    343 	.globl _EMI0CF
                                    344 	.globl _EMI0CN
                                    345 	.globl _CLKSEL
                                    346 	.globl _IE
                                    347 	.globl _SFRPAGE
                                    348 	.globl _P2MDOUT
                                    349 	.globl _P1MDOUT
                                    350 	.globl _P0MDOUT
                                    351 	.globl _SPI0DAT
                                    352 	.globl _SPI0CKR
                                    353 	.globl _SPI0CFG
                                    354 	.globl _P2
                                    355 	.globl _CPT0MX
                                    356 	.globl _CPT1MX
                                    357 	.globl _CPT0MD
                                    358 	.globl _CPT1MD
                                    359 	.globl _CPT0CN
                                    360 	.globl _CPT1CN
                                    361 	.globl _SBUF0
                                    362 	.globl _SCON0
                                    363 	.globl _TMR3H
                                    364 	.globl _TMR3L
                                    365 	.globl _TMR3RLH
                                    366 	.globl _TMR3RLL
                                    367 	.globl _TMR3CN
                                    368 	.globl _P1
                                    369 	.globl _PSCTL
                                    370 	.globl _CKCON
                                    371 	.globl _TH1
                                    372 	.globl _TH0
                                    373 	.globl _TL1
                                    374 	.globl _TL0
                                    375 	.globl _TMOD
                                    376 	.globl _TCON
                                    377 	.globl _PCON
                                    378 	.globl _SFRLAST
                                    379 	.globl _SFRNEXT
                                    380 	.globl _PSBANK
                                    381 	.globl _DPH
                                    382 	.globl _DPL
                                    383 	.globl _SP
                                    384 	.globl _P0
                                    385 	.globl _AES_BlockCipher_PARM_5
                                    386 	.globl _AES_BlockCipher_PARM_4
                                    387 	.globl _AES_BlockCipher_PARM_3
                                    388 	.globl _AES_BlockCipher_PARM_2
                                    389 	.globl _AES_BlockCipher
                                    390 ;--------------------------------------------------------
                                    391 ; special function registers
                                    392 ;--------------------------------------------------------
                                    393 	.area RSEG    (ABS,DATA)
      000000                        394 	.org 0x0000
                           000080   395 _P0	=	0x0080
                           000081   396 _SP	=	0x0081
                           000082   397 _DPL	=	0x0082
                           000083   398 _DPH	=	0x0083
                           000084   399 _PSBANK	=	0x0084
                           000085   400 _SFRNEXT	=	0x0085
                           000086   401 _SFRLAST	=	0x0086
                           000087   402 _PCON	=	0x0087
                           000088   403 _TCON	=	0x0088
                           000089   404 _TMOD	=	0x0089
                           00008A   405 _TL0	=	0x008a
                           00008B   406 _TL1	=	0x008b
                           00008C   407 _TH0	=	0x008c
                           00008D   408 _TH1	=	0x008d
                           00008E   409 _CKCON	=	0x008e
                           00008F   410 _PSCTL	=	0x008f
                           000090   411 _P1	=	0x0090
                           000091   412 _TMR3CN	=	0x0091
                           000092   413 _TMR3RLL	=	0x0092
                           000093   414 _TMR3RLH	=	0x0093
                           000094   415 _TMR3L	=	0x0094
                           000095   416 _TMR3H	=	0x0095
                           000098   417 _SCON0	=	0x0098
                           000099   418 _SBUF0	=	0x0099
                           00009A   419 _CPT1CN	=	0x009a
                           00009B   420 _CPT0CN	=	0x009b
                           00009C   421 _CPT1MD	=	0x009c
                           00009D   422 _CPT0MD	=	0x009d
                           00009E   423 _CPT1MX	=	0x009e
                           00009F   424 _CPT0MX	=	0x009f
                           0000A0   425 _P2	=	0x00a0
                           0000A1   426 _SPI0CFG	=	0x00a1
                           0000A2   427 _SPI0CKR	=	0x00a2
                           0000A3   428 _SPI0DAT	=	0x00a3
                           0000A4   429 _P0MDOUT	=	0x00a4
                           0000A5   430 _P1MDOUT	=	0x00a5
                           0000A6   431 _P2MDOUT	=	0x00a6
                           0000A7   432 _SFRPAGE	=	0x00a7
                           0000A8   433 _IE	=	0x00a8
                           0000A9   434 _CLKSEL	=	0x00a9
                           0000AA   435 _EMI0CN	=	0x00aa
                           0000AB   436 _EMI0CF	=	0x00ab
                           0000AC   437 _RTC0ADR	=	0x00ac
                           0000AD   438 _RTC0DAT	=	0x00ad
                           0000AE   439 _RTC0KEY	=	0x00ae
                           0000AF   440 _EMI0TC	=	0x00af
                           0000B0   441 _P3	=	0x00b0
                           0000B1   442 _OSCXCN	=	0x00b1
                           0000B2   443 _OSCICN	=	0x00b2
                           0000B3   444 _PMU0MD	=	0x00b3
                           0000B5   445 _PMU0CF	=	0x00b5
                           0000B6   446 _PMU0FL	=	0x00b6
                           0000B7   447 _FLKEY	=	0x00b7
                           0000B8   448 _IP	=	0x00b8
                           0000B9   449 _IREF0CN	=	0x00b9
                           0000BA   450 _ADC0AC	=	0x00ba
                           0000BB   451 _ADC0MX	=	0x00bb
                           0000BC   452 _ADC0CF	=	0x00bc
                           0000BD   453 _ADC0L	=	0x00bd
                           0000BE   454 _ADC0H	=	0x00be
                           0000BF   455 _P1MASK	=	0x00bf
                           0000C0   456 _SMB0CN	=	0x00c0
                           0000C1   457 _SMB0CF	=	0x00c1
                           0000C2   458 _SMB0DAT	=	0x00c2
                           0000C3   459 _ADC0GTL	=	0x00c3
                           0000C4   460 _ADC0GTH	=	0x00c4
                           0000C5   461 _ADC0LTL	=	0x00c5
                           0000C6   462 _ADC0LTH	=	0x00c6
                           0000C7   463 _P0MASK	=	0x00c7
                           0000C8   464 _TMR2CN	=	0x00c8
                           0000C9   465 _REG0CN	=	0x00c9
                           0000CA   466 _TMR2RLL	=	0x00ca
                           0000CB   467 _TMR2RLH	=	0x00cb
                           0000CC   468 _TMR2L	=	0x00cc
                           0000CD   469 _TMR2H	=	0x00cd
                           0000CE   470 _PCA0CPM5	=	0x00ce
                           0000CF   471 _P1MAT	=	0x00cf
                           0000D0   472 _PSW	=	0x00d0
                           0000D1   473 _REF0CN	=	0x00d1
                           0000D2   474 _PCA0CPL5	=	0x00d2
                           0000D3   475 _PCA0CPH5	=	0x00d3
                           0000D4   476 _P0SKIP	=	0x00d4
                           0000D5   477 _P1SKIP	=	0x00d5
                           0000D6   478 _P2SKIP	=	0x00d6
                           0000D7   479 _P0MAT	=	0x00d7
                           0000D8   480 _PCA0CN	=	0x00d8
                           0000D9   481 _PCA0MD	=	0x00d9
                           0000DA   482 _PCA0CPM0	=	0x00da
                           0000DB   483 _PCA0CPM1	=	0x00db
                           0000DC   484 _PCA0CPM2	=	0x00dc
                           0000DD   485 _PCA0CPM3	=	0x00dd
                           0000DE   486 _PCA0CPM4	=	0x00de
                           0000DF   487 _PCA0PWM	=	0x00df
                           0000E0   488 _ACC	=	0x00e0
                           0000E1   489 _XBR0	=	0x00e1
                           0000E2   490 _XBR1	=	0x00e2
                           0000E3   491 _XBR2	=	0x00e3
                           0000E4   492 _IT01CF	=	0x00e4
                           0000E5   493 _FLWR	=	0x00e5
                           0000E6   494 _EIE1	=	0x00e6
                           0000E7   495 _EIE2	=	0x00e7
                           0000E8   496 _ADC0CN	=	0x00e8
                           0000E9   497 _PCA0CPL1	=	0x00e9
                           0000EA   498 _PCA0CPH1	=	0x00ea
                           0000EB   499 _PCA0CPL2	=	0x00eb
                           0000EC   500 _PCA0CPH2	=	0x00ec
                           0000ED   501 _PCA0CPL3	=	0x00ed
                           0000EE   502 _PCA0CPH3	=	0x00ee
                           0000EF   503 _RSTSRC	=	0x00ef
                           0000F0   504 _B	=	0x00f0
                           0000F1   505 _P0MDIN	=	0x00f1
                           0000F2   506 _P1MDIN	=	0x00f2
                           0000F3   507 _P2MDIN	=	0x00f3
                           0000F4   508 _SMB0ADR	=	0x00f4
                           0000F5   509 _SMB0ADM	=	0x00f5
                           0000F6   510 _EIP1	=	0x00f6
                           0000F7   511 _EIP2	=	0x00f7
                           0000F8   512 _SPI0CN	=	0x00f8
                           0000F9   513 _PCA0L	=	0x00f9
                           0000FA   514 _PCA0H	=	0x00fa
                           0000FB   515 _PCA0CPL0	=	0x00fb
                           0000FC   516 _PCA0CPH0	=	0x00fc
                           0000FD   517 _PCA0CPL4	=	0x00fd
                           0000FE   518 _PCA0CPH4	=	0x00fe
                           0000FF   519 _VDM0CN	=	0x00ff
                           000089   520 _LCD0D0	=	0x0089
                           00008A   521 _LCD0D1	=	0x008a
                           00008B   522 _LCD0D2	=	0x008b
                           00008C   523 _LCD0D3	=	0x008c
                           00008D   524 _LCD0D4	=	0x008d
                           00008E   525 _LCD0D5	=	0x008e
                           000091   526 _LCD0D6	=	0x0091
                           000092   527 _LCD0D7	=	0x0092
                           000093   528 _LCD0D8	=	0x0093
                           000094   529 _LCD0D9	=	0x0094
                           000095   530 _LCD0DA	=	0x0095
                           000096   531 _LCD0DB	=	0x0096
                           000097   532 _LCD0DC	=	0x0097
                           000099   533 _LCD0DD	=	0x0099
                           00009A   534 _LCD0DE	=	0x009a
                           00009B   535 _LCD0DF	=	0x009b
                           00009C   536 _LCD0CNTRST	=	0x009c
                           00009D   537 _LCD0CN	=	0x009d
                           00009E   538 _LCD0BLINK	=	0x009e
                           00009F   539 _LCD0TOGR	=	0x009f
                           0000A1   540 _SPI1CFG	=	0x00a1
                           0000A2   541 _SPI1CKR	=	0x00a2
                           0000A3   542 _SPI1DAT	=	0x00a3
                           0000A4   543 _LCD0PWR	=	0x00a4
                           0000A5   544 _LCD0CF	=	0x00a5
                           0000A6   545 _LCD0VBMCN	=	0x00a6
                           0000A9   546 _LCD0CLKDIVL	=	0x00a9
                           0000AA   547 _LCD0CLKDIVH	=	0x00aa
                           0000AB   548 _LCD0MSCN	=	0x00ab
                           0000AC   549 _LCD0MSCF	=	0x00ac
                           0000AD   550 _LCD0CHPCF	=	0x00ad
                           0000AE   551 _LCD0CHPMD	=	0x00ae
                           0000AF   552 _LCD0VBMCF	=	0x00af
                           0000B1   553 _DC0CN	=	0x00b1
                           0000B2   554 _DC0CF	=	0x00b2
                           0000B3   555 _DC0MD	=	0x00b3
                           0000B5   556 _LCD0CHPCN	=	0x00b5
                           0000B6   557 _LCD0BUFMD	=	0x00b6
                           0000B9   558 _CRC1IN	=	0x00b9
                           0000BA   559 _CRC1OUTL	=	0x00ba
                           0000BB   560 _CRC1OUTH	=	0x00bb
                           0000BC   561 _CRC1POLL	=	0x00bc
                           0000BD   562 _CRC1POLH	=	0x00bd
                           0000BE   563 _CRC1CN	=	0x00be
                           0000C1   564 _PC0STAT	=	0x00c1
                           0000C2   565 _ENC0L	=	0x00c2
                           0000C3   566 _ENC0M	=	0x00c3
                           0000C4   567 _ENC0H	=	0x00c4
                           0000C5   568 _ENC0CN	=	0x00c5
                           0000C6   569 _VREGINSDL	=	0x00c6
                           0000C7   570 _VREGINSDH	=	0x00c7
                           0000C9   571 _DMA0NCF	=	0x00c9
                           0000CA   572 _DMA0NBAL	=	0x00ca
                           0000CB   573 _DMA0NBAH	=	0x00cb
                           0000CC   574 _DMA0NAOL	=	0x00cc
                           0000CD   575 _DMA0NAOH	=	0x00cd
                           0000CE   576 _DMA0NSZL	=	0x00ce
                           0000CF   577 _DMA0NSZH	=	0x00cf
                           0000D1   578 _DMA0SEL	=	0x00d1
                           0000D2   579 _DMA0EN	=	0x00d2
                           0000D3   580 _DMA0INT	=	0x00d3
                           0000D4   581 _DMA0MINT	=	0x00d4
                           0000D5   582 _DMA0BUSY	=	0x00d5
                           0000D6   583 _DMA0NMD	=	0x00d6
                           0000D7   584 _PC0PCF	=	0x00d7
                           0000D9   585 _PC0MD	=	0x00d9
                           0000DA   586 _PC0CTR0L	=	0x00da
                           0000DB   587 _PC0CTR0M	=	0x00db
                           0000DC   588 _PC0CTR0H	=	0x00dc
                           0000DD   589 _PC0CTR1L	=	0x00dd
                           0000DE   590 _PC0CTR1M	=	0x00de
                           0000DF   591 _PC0CTR1H	=	0x00df
                           0000E1   592 _PC0CMP0L	=	0x00e1
                           0000E2   593 _PC0CMP0M	=	0x00e2
                           0000E3   594 _PC0CMP0H	=	0x00e3
                           0000E4   595 _PC0TH	=	0x00e4
                           0000E9   596 _AES0BCFG	=	0x00e9
                           0000EA   597 _AES0DCFG	=	0x00ea
                           0000EB   598 _AES0BIN	=	0x00eb
                           0000EC   599 _AES0XIN	=	0x00ec
                           0000ED   600 _AES0KIN	=	0x00ed
                           0000EE   601 _AES0DBA	=	0x00ee
                           0000EF   602 _AES0KBA	=	0x00ef
                           0000F1   603 _PC0CMP1L	=	0x00f1
                           0000F2   604 _PC0CMP1M	=	0x00f2
                           0000F3   605 _PC0CMP1H	=	0x00f3
                           0000F4   606 _PC0HIST	=	0x00f4
                           0000F5   607 _AES0YOUT	=	0x00f5
                           0000F8   608 _SPI1CN	=	0x00f8
                           0000F9   609 _PC0DCL	=	0x00f9
                           0000FA   610 _PC0DCH	=	0x00fa
                           0000FB   611 _PC0INT0	=	0x00fb
                           0000FC   612 _PC0INT1	=	0x00fc
                           0000FD   613 _DC0RDY	=	0x00fd
                           00008E   614 _SFRPGCN	=	0x008e
                           000091   615 _CRC0DAT	=	0x0091
                           000092   616 _CRC0CN	=	0x0092
                           000093   617 _CRC0IN	=	0x0093
                           000094   618 _CRC0FLIP	=	0x0094
                           000096   619 _CRC0AUTO	=	0x0096
                           000097   620 _CRC0CNT	=	0x0097
                           00009C   621 _LCD0BUFCN	=	0x009c
                           0000A1   622 _P3DRV	=	0x00a1
                           0000A2   623 _P4DRV	=	0x00a2
                           0000A3   624 _P5DRV	=	0x00a3
                           0000A4   625 _P0DRV	=	0x00a4
                           0000A5   626 _P1DRV	=	0x00a5
                           0000A6   627 _P2DRV	=	0x00a6
                           0000AA   628 _P6DRV	=	0x00aa
                           0000AB   629 _P7DRV	=	0x00ab
                           0000AC   630 _LCD0BUFCF	=	0x00ac
                           0000B1   631 _P3MDOUT	=	0x00b1
                           0000B2   632 _OSCIFL	=	0x00b2
                           0000B3   633 _OSCICL	=	0x00b3
                           0000B6   634 _FLSCL	=	0x00b6
                           0000B9   635 _IREF0CF	=	0x00b9
                           0000BB   636 _ADC0PWR	=	0x00bb
                           0000BC   637 _ADC0TK	=	0x00bc
                           0000BD   638 _TOFFL	=	0x00bd
                           0000BE   639 _TOFFH	=	0x00be
                           0000D9   640 _P4	=	0x00d9
                           0000DA   641 _P5	=	0x00da
                           0000DB   642 _P6	=	0x00db
                           0000DC   643 _P7	=	0x00dc
                           0000E9   644 _HWID	=	0x00e9
                           0000EA   645 _REVID	=	0x00ea
                           0000EB   646 _DEVICEID	=	0x00eb
                           0000F1   647 _P3MDIN	=	0x00f1
                           0000F2   648 _P4MDIN	=	0x00f2
                           0000F3   649 _P5MDIN	=	0x00f3
                           0000F4   650 _P6MDIN	=	0x00f4
                           0000F5   651 _PCLKACT	=	0x00f5
                           0000F9   652 _P4MDOUT	=	0x00f9
                           0000FA   653 _P5MDOUT	=	0x00fa
                           0000FB   654 _P6MDOUT	=	0x00fb
                           0000FC   655 _P7MDOUT	=	0x00fc
                           0000FD   656 _CLKMODE	=	0x00fd
                           0000FE   657 _PCLKEN	=	0x00fe
                           008382   658 _DP	=	0x8382
                           008685   659 _TOFF	=	0x8685
                           009392   660 _TMR3RL	=	0x9392
                           009594   661 _TMR3	=	0x9594
                           00BEBD   662 _ADC0	=	0xbebd
                           00C4C3   663 _ADC0GT	=	0xc4c3
                           00C6C5   664 _ADC0LT	=	0xc6c5
                           00CBCA   665 _TMR2RL	=	0xcbca
                           00CDCC   666 _TMR2	=	0xcdcc
                           00D3D2   667 _PCA0CP5	=	0xd3d2
                           00EAE9   668 _PCA0CP1	=	0xeae9
                           00ECEB   669 _PCA0CP2	=	0xeceb
                           00EEED   670 _PCA0CP3	=	0xeeed
                           00FAF9   671 _PCA0	=	0xfaf9
                           00FCFB   672 _PCA0CP0	=	0xfcfb
                           00FEFD   673 _PCA0CP4	=	0xfefd
                           0000AA   674 __XPAGE	=	0x00aa
                                    675 ;--------------------------------------------------------
                                    676 ; special function bits
                                    677 ;--------------------------------------------------------
                                    678 	.area RSEG    (ABS,DATA)
      000000                        679 	.org 0x0000
                           00008F   680 _TF1	=	0x008f
                           00008E   681 _TR1	=	0x008e
                           00008D   682 _TF0	=	0x008d
                           00008C   683 _TR0	=	0x008c
                           00008B   684 _IE1	=	0x008b
                           00008A   685 _IT1	=	0x008a
                           000089   686 _IE0	=	0x0089
                           000088   687 _IT0	=	0x0088
                           00009F   688 _S0MODE	=	0x009f
                           00009D   689 _MCE0	=	0x009d
                           00009C   690 _REN0	=	0x009c
                           00009B   691 _TB80	=	0x009b
                           00009A   692 _RB80	=	0x009a
                           000099   693 _TI0	=	0x0099
                           000098   694 _RI0	=	0x0098
                           0000AF   695 _EA	=	0x00af
                           0000AE   696 _ESPI0	=	0x00ae
                           0000AD   697 _ET2	=	0x00ad
                           0000AC   698 _ES0	=	0x00ac
                           0000AB   699 _ET1	=	0x00ab
                           0000AA   700 _EX1	=	0x00aa
                           0000A9   701 _ET0	=	0x00a9
                           0000A8   702 _EX0	=	0x00a8
                           0000BE   703 _PSPI0	=	0x00be
                           0000BD   704 _PT2	=	0x00bd
                           0000BC   705 _PS0	=	0x00bc
                           0000BB   706 _PT1	=	0x00bb
                           0000BA   707 _PX1	=	0x00ba
                           0000B9   708 _PT0	=	0x00b9
                           0000B8   709 _PX0	=	0x00b8
                           0000C7   710 _MASTER	=	0x00c7
                           0000C6   711 _TXMODE	=	0x00c6
                           0000C5   712 _STA	=	0x00c5
                           0000C4   713 _STO	=	0x00c4
                           0000C3   714 _ACKRQ	=	0x00c3
                           0000C2   715 _ARBLOST	=	0x00c2
                           0000C1   716 _ACK	=	0x00c1
                           0000C0   717 _SI	=	0x00c0
                           0000CF   718 _TF2H	=	0x00cf
                           0000CE   719 _TF2L	=	0x00ce
                           0000CD   720 _TF2LEN	=	0x00cd
                           0000CC   721 _TF2CEN	=	0x00cc
                           0000CB   722 _T2SPLIT	=	0x00cb
                           0000CA   723 _TR2	=	0x00ca
                           0000C9   724 _T2RCLK	=	0x00c9
                           0000C8   725 _T2XCLK	=	0x00c8
                           0000D7   726 _CY	=	0x00d7
                           0000D6   727 _AC	=	0x00d6
                           0000D5   728 _F0	=	0x00d5
                           0000D4   729 _RS1	=	0x00d4
                           0000D3   730 _RS0	=	0x00d3
                           0000D2   731 _OV	=	0x00d2
                           0000D1   732 _F1	=	0x00d1
                           0000D0   733 _P	=	0x00d0
                           0000DF   734 _CF	=	0x00df
                           0000DE   735 _CR	=	0x00de
                           0000DD   736 _CCF5	=	0x00dd
                           0000DC   737 _CCF4	=	0x00dc
                           0000DB   738 _CCF3	=	0x00db
                           0000DA   739 _CCF2	=	0x00da
                           0000D9   740 _CCF1	=	0x00d9
                           0000D8   741 _CCF0	=	0x00d8
                           0000EF   742 _AD0EN	=	0x00ef
                           0000EE   743 _BURSTEN	=	0x00ee
                           0000ED   744 _AD0INT	=	0x00ed
                           0000EC   745 _AD0BUSY	=	0x00ec
                           0000EB   746 _AD0WINT	=	0x00eb
                           0000EA   747 _AD0CM2	=	0x00ea
                           0000E9   748 _AD0CM1	=	0x00e9
                           0000E8   749 _AD0CM0	=	0x00e8
                           0000FF   750 _SPIF0	=	0x00ff
                           0000FE   751 _WCOL0	=	0x00fe
                           0000FD   752 _MODF0	=	0x00fd
                           0000FC   753 _RXOVRN0	=	0x00fc
                           0000FB   754 _NSS0MD1	=	0x00fb
                           0000FA   755 _NSS0MD0	=	0x00fa
                           0000F9   756 _TXBMT0	=	0x00f9
                           0000F8   757 _SPI0EN	=	0x00f8
                           0000FF   758 _SPIF1	=	0x00ff
                           0000FE   759 _WCOL1	=	0x00fe
                           0000FD   760 _MODF1	=	0x00fd
                           0000FC   761 _RXOVRN1	=	0x00fc
                           0000FB   762 _NSS1MD1	=	0x00fb
                           0000FA   763 _NSS1MD0	=	0x00fa
                           0000F9   764 _TXBMT1	=	0x00f9
                           0000F8   765 _SPI1EN	=	0x00f8
                           0000B6   766 _LED_RED	=	0x00b6
                           0000B7   767 _LED_GREEN	=	0x00b7
                           000082   768 _PIN_CONFIG	=	0x0082
                           000083   769 _PIN_ENABLE	=	0x0083
                           0000A5   770 _PA_ENABLE	=	0x00a5
                           000081   771 _IRQ	=	0x0081
                           0000A3   772 _NSS1	=	0x00a3
                                    773 ;--------------------------------------------------------
                                    774 ; overlayable register banks
                                    775 ;--------------------------------------------------------
                                    776 	.area REG_BANK_0	(REL,OVR,DATA)
      000000                        777 	.ds 8
                                    778 ;--------------------------------------------------------
                                    779 ; internal ram data
                                    780 ;--------------------------------------------------------
                                    781 	.area DSEG    (DATA)
                                    782 ;--------------------------------------------------------
                                    783 ; overlayable items in internal ram 
                                    784 ;--------------------------------------------------------
                                    785 ;--------------------------------------------------------
                                    786 ; indirectly addressable internal ram data
                                    787 ;--------------------------------------------------------
                                    788 	.area ISEG    (DATA)
                                    789 ;--------------------------------------------------------
                                    790 ; absolute internal ram data
                                    791 ;--------------------------------------------------------
                                    792 	.area IABS    (ABS,DATA)
                                    793 	.area IABS    (ABS,DATA)
                                    794 ;--------------------------------------------------------
                                    795 ; bit data
                                    796 ;--------------------------------------------------------
                                    797 	.area BSEG    (BIT)
                                    798 ;--------------------------------------------------------
                                    799 ; paged external ram data
                                    800 ;--------------------------------------------------------
                                    801 	.area PSEG    (PAG,XDATA)
                                    802 ;--------------------------------------------------------
                                    803 ; external ram data
                                    804 ;--------------------------------------------------------
                                    805 	.area XSEG    (XDATA)
      000000                        806 _AES_BlockCipher_PARM_2:
      000000                        807 	.ds 2
      000002                        808 _AES_BlockCipher_PARM_3:
      000002                        809 	.ds 2
      000004                        810 _AES_BlockCipher_PARM_4:
      000004                        811 	.ds 2
      000006                        812 _AES_BlockCipher_PARM_5:
      000006                        813 	.ds 2
      000008                        814 _AES_BlockCipher_operation_1_130:
      000008                        815 	.ds 1
      000009                        816 _AES_BlockCipher_length_1_131:
      000009                        817 	.ds 2
      00000B                        818 _AES_BlockCipher_addr_1_131:
      00000B                        819 	.ds 2
                                    820 ;--------------------------------------------------------
                                    821 ; absolute external ram data
                                    822 ;--------------------------------------------------------
                                    823 	.area XABS    (ABS,XDATA)
                                    824 ;--------------------------------------------------------
                                    825 ; external initialized ram data
                                    826 ;--------------------------------------------------------
                                    827 	.area XISEG   (XDATA)
                                    828 	.area HOME    (CODE)
                                    829 	.area GSINIT0 (CODE)
                                    830 	.area GSINIT1 (CODE)
                                    831 	.area GSINIT2 (CODE)
                                    832 	.area GSINIT3 (CODE)
                                    833 	.area GSINIT4 (CODE)
                                    834 	.area GSINIT5 (CODE)
                                    835 	.area GSINIT  (CODE)
                                    836 	.area GSFINAL (CODE)
                                    837 	.area CSEG    (CODE)
                                    838 ;--------------------------------------------------------
                                    839 ; global & static initialisations
                                    840 ;--------------------------------------------------------
                                    841 	.area HOME    (CODE)
                                    842 	.area GSINIT  (CODE)
                                    843 	.area GSFINAL (CODE)
                                    844 	.area GSINIT  (CODE)
                                    845 ;--------------------------------------------------------
                                    846 ; Home
                                    847 ;--------------------------------------------------------
                                    848 	.area HOME    (CODE)
                                    849 	.area HOME    (CODE)
                                    850 ;--------------------------------------------------------
                                    851 ; code
                                    852 ;--------------------------------------------------------
                                    853 	.area CSEG    (CODE)
                                    854 ;------------------------------------------------------------
                                    855 ;Allocation info for local variables in function 'AES_BlockCipher'
                                    856 ;------------------------------------------------------------
                                    857 ;plainText                 Allocated with name '_AES_BlockCipher_PARM_2'
                                    858 ;cipherText                Allocated with name '_AES_BlockCipher_PARM_3'
                                    859 ;key                       Allocated with name '_AES_BlockCipher_PARM_4'
                                    860 ;blocks                    Allocated with name '_AES_BlockCipher_PARM_5'
                                    861 ;operation                 Allocated with name '_AES_BlockCipher_operation_1_130'
                                    862 ;length                    Allocated with name '_AES_BlockCipher_length_1_131'
                                    863 ;addr                      Allocated with name '_AES_BlockCipher_addr_1_131'
                                    864 ;keyLength                 Allocated with name '_AES_BlockCipher_keyLength_1_131'
                                    865 ;------------------------------------------------------------
                                    866 ;	radio/AES/AES_BlockCipher.c:90: AES_BLOCK_CIPHER_STATUS AES_BlockCipher (AES_BLOCK_CIPHER_OPERATION operation,
                                    867 ;	-----------------------------------------
                                    868 ;	 function AES_BlockCipher
                                    869 ;	-----------------------------------------
      000000                        870 _AES_BlockCipher:
                           000007   871 	ar7 = 0x07
                           000006   872 	ar6 = 0x06
                           000005   873 	ar5 = 0x05
                           000004   874 	ar4 = 0x04
                           000003   875 	ar3 = 0x03
                           000002   876 	ar2 = 0x02
                           000001   877 	ar1 = 0x01
                           000000   878 	ar0 = 0x00
      000000 E5 82            [12]  879 	mov	a,dpl
      000002 90r00r08         [24]  880 	mov	dptr,#_AES_BlockCipher_operation_1_130
      000005 F0               [24]  881 	movx	@dptr,a
                                    882 ;	radio/AES/AES_BlockCipher.c:103: if((operation == DECRYPTION_UNDEFINED)||(operation >= ENCRYPTION_UNDEFINED))
      000006 E0               [24]  883 	movx	a,@dptr
      000007 FF               [12]  884 	mov	r7,a
      000008 BF 03 02         [24]  885 	cjne	r7,#0x03,00130$
      00000B 80 05            [24]  886 	sjmp	00101$
      00000D                        887 00130$:
      00000D BF 07 00         [24]  888 	cjne	r7,#0x07,00131$
      000010                        889 00131$:
      000010 40 04            [24]  890 	jc	00102$
      000012                        891 00101$:
                                    892 ;	radio/AES/AES_BlockCipher.c:105: return ERROR_INVALID_PARAMETER;
      000012 75 82 01         [24]  893 	mov	dpl,#0x01
      000015 22               [24]  894 	ret
      000016                        895 00102$:
                                    896 ;	radio/AES/AES_BlockCipher.c:110: keyLength = (((operation & 0x03) + 2) << 3);
      000016 74 03            [12]  897 	mov	a,#0x03
      000018 5F               [12]  898 	anl	a,r7
      000019 24 02            [12]  899 	add	a,#0x02
      00001B C4               [12]  900 	swap	a
      00001C 03               [12]  901 	rr	a
      00001D 54 F8            [12]  902 	anl	a,#0xF8
      00001F FE               [12]  903 	mov	r6,a
                                    904 ;	radio/AES/AES_BlockCipher.c:114: length.U16 = (blocks << 4);
      000020 90r00r06         [24]  905 	mov	dptr,#_AES_BlockCipher_PARM_5
      000023 E0               [24]  906 	movx	a,@dptr
      000024 FC               [12]  907 	mov	r4,a
      000025 A3               [24]  908 	inc	dptr
      000026 E0               [24]  909 	movx	a,@dptr
      000027 C4               [12]  910 	swap	a
      000028 54 F0            [12]  911 	anl	a,#0xF0
      00002A CC               [12]  912 	xch	a,r4
      00002B C4               [12]  913 	swap	a
      00002C CC               [12]  914 	xch	a,r4
      00002D 6C               [12]  915 	xrl	a,r4
      00002E CC               [12]  916 	xch	a,r4
      00002F 54 F0            [12]  917 	anl	a,#0xF0
      000031 CC               [12]  918 	xch	a,r4
      000032 6C               [12]  919 	xrl	a,r4
      000033 FD               [12]  920 	mov	r5,a
      000034 90r00r09         [24]  921 	mov	dptr,#_AES_BlockCipher_length_1_131
      000037 EC               [12]  922 	mov	a,r4
      000038 F0               [24]  923 	movx	@dptr,a
      000039 ED               [12]  924 	mov	a,r5
      00003A A3               [24]  925 	inc	dptr
      00003B F0               [24]  926 	movx	@dptr,a
                                    927 ;	radio/AES/AES_BlockCipher.c:116: SFRPAGE = DPPE_PAGE;
      00003C 75 A7 02         [24]  928 	mov	_SFRPAGE,#0x02
                                    929 ;	radio/AES/AES_BlockCipher.c:118: AES0BCFG = 0x00;                    // Disable for now
      00003F 75 E9 00         [24]  930 	mov	_AES0BCFG,#0x00
                                    931 ;	radio/AES/AES_BlockCipher.c:119: AES0DCFG = 0x00;                    // Disable for now
      000042 75 EA 00         [24]  932 	mov	_AES0DCFG,#0x00
                                    933 ;	radio/AES/AES_BlockCipher.c:122: DMA0EN &= ~AES0_KBY_MASK;
      000045 AD D2            [24]  934 	mov	r5,_DMA0EN
      000047 74 A7            [12]  935 	mov	a,#0xA7
      000049 5D               [12]  936 	anl	a,r5
      00004A F5 D2            [12]  937 	mov	_DMA0EN,a
                                    938 ;	radio/AES/AES_BlockCipher.c:128: DMA0SEL = AES0KIN_CHANNEL;
      00004C 75 D1 03         [24]  939 	mov	_DMA0SEL,#0x03
                                    940 ;	radio/AES/AES_BlockCipher.c:129: DMA0NCF = AES0KIN_PERIPHERAL_REQUEST;
      00004F 75 C9 05         [24]  941 	mov	_DMA0NCF,#0x05
                                    942 ;	radio/AES/AES_BlockCipher.c:130: DMA0NMD = WRAPPING;
      000052 75 D6 01         [24]  943 	mov	_DMA0NMD,#0x01
                                    944 ;	radio/AES/AES_BlockCipher.c:131: addr.U16 = (U16)(key);
      000055 90r00r04         [24]  945 	mov	dptr,#_AES_BlockCipher_PARM_4
      000058 E0               [24]  946 	movx	a,@dptr
      000059 FC               [12]  947 	mov	r4,a
      00005A A3               [24]  948 	inc	dptr
      00005B E0               [24]  949 	movx	a,@dptr
      00005C FD               [12]  950 	mov	r5,a
      00005D 90r00r0B         [24]  951 	mov	dptr,#_AES_BlockCipher_addr_1_131
      000060 EC               [12]  952 	mov	a,r4
      000061 F0               [24]  953 	movx	@dptr,a
      000062 ED               [12]  954 	mov	a,r5
      000063 A3               [24]  955 	inc	dptr
      000064 F0               [24]  956 	movx	@dptr,a
                                    957 ;	radio/AES/AES_BlockCipher.c:132: DMA0NBAL = addr.U8[LSB];
      000065 90r00r0B         [24]  958 	mov	dptr,#_AES_BlockCipher_addr_1_131
      000068 E0               [24]  959 	movx	a,@dptr
      000069 F5 CA            [12]  960 	mov	_DMA0NBAL,a
                                    961 ;	radio/AES/AES_BlockCipher.c:133: DMA0NBAH = addr.U8[MSB];
      00006B 90r00r0C         [24]  962 	mov	dptr,#(_AES_BlockCipher_addr_1_131 + 0x0001)
      00006E E0               [24]  963 	movx	a,@dptr
      00006F F5 CB            [12]  964 	mov	_DMA0NBAH,a
                                    965 ;	radio/AES/AES_BlockCipher.c:134: DMA0NSZH = 0;
      000071 75 CF 00         [24]  966 	mov	_DMA0NSZH,#0x00
                                    967 ;	radio/AES/AES_BlockCipher.c:135: DMA0NSZL = keyLength;
      000074 8E CE            [24]  968 	mov	_DMA0NSZL,r6
                                    969 ;	radio/AES/AES_BlockCipher.c:136: DMA0NAOL = 0;
                                    970 ;	radio/AES/AES_BlockCipher.c:137: DMA0NAOH = 0;
                                    971 ;	radio/AES/AES_BlockCipher.c:142: if(operation & ENCRYPTION_MODE)
      000076 E4               [12]  972 	clr	a
      000077 F5 CC            [12]  973 	mov	_DMA0NAOL,a
      000079 F5 CD            [12]  974 	mov	_DMA0NAOH,a
      00007B EF               [12]  975 	mov	a,r7
      00007C 30 E2 12         [24]  976 	jnb	acc.2,00106$
                                    977 ;	radio/AES/AES_BlockCipher.c:143: addr.U16 = (U16)(plainText);
      00007F 90r00r00         [24]  978 	mov	dptr,#_AES_BlockCipher_PARM_2
      000082 E0               [24]  979 	movx	a,@dptr
      000083 FD               [12]  980 	mov	r5,a
      000084 A3               [24]  981 	inc	dptr
      000085 E0               [24]  982 	movx	a,@dptr
      000086 FE               [12]  983 	mov	r6,a
      000087 90r00r0B         [24]  984 	mov	dptr,#_AES_BlockCipher_addr_1_131
      00008A ED               [12]  985 	mov	a,r5
      00008B F0               [24]  986 	movx	@dptr,a
      00008C EE               [12]  987 	mov	a,r6
      00008D A3               [24]  988 	inc	dptr
      00008E F0               [24]  989 	movx	@dptr,a
      00008F 80 10            [24]  990 	sjmp	00107$
      000091                        991 00106$:
                                    992 ;	radio/AES/AES_BlockCipher.c:145: addr.U16 = (U16)(cipherText);
      000091 90r00r02         [24]  993 	mov	dptr,#_AES_BlockCipher_PARM_3
      000094 E0               [24]  994 	movx	a,@dptr
      000095 FD               [12]  995 	mov	r5,a
      000096 A3               [24]  996 	inc	dptr
      000097 E0               [24]  997 	movx	a,@dptr
      000098 FE               [12]  998 	mov	r6,a
      000099 90r00r0B         [24]  999 	mov	dptr,#_AES_BlockCipher_addr_1_131
      00009C ED               [12] 1000 	mov	a,r5
      00009D F0               [24] 1001 	movx	@dptr,a
      00009E EE               [12] 1002 	mov	a,r6
      00009F A3               [24] 1003 	inc	dptr
      0000A0 F0               [24] 1004 	movx	@dptr,a
      0000A1                       1005 00107$:
                                   1006 ;	radio/AES/AES_BlockCipher.c:152: DMA0SEL = AES0BIN_CHANNEL;
      0000A1 75 D1 04         [24] 1007 	mov	_DMA0SEL,#0x04
                                   1008 ;	radio/AES/AES_BlockCipher.c:153: DMA0NCF = AES0BIN_PERIPHERAL_REQUEST;
      0000A4 75 C9 06         [24] 1009 	mov	_DMA0NCF,#0x06
                                   1010 ;	radio/AES/AES_BlockCipher.c:154: DMA0NMD = NO_WRAPPING;
      0000A7 75 D6 00         [24] 1011 	mov	_DMA0NMD,#0x00
                                   1012 ;	radio/AES/AES_BlockCipher.c:155: DMA0NBAL = addr.U8[LSB];
      0000AA 90r00r0B         [24] 1013 	mov	dptr,#_AES_BlockCipher_addr_1_131
      0000AD E0               [24] 1014 	movx	a,@dptr
      0000AE F5 CA            [12] 1015 	mov	_DMA0NBAL,a
                                   1016 ;	radio/AES/AES_BlockCipher.c:156: DMA0NBAH = addr.U8[MSB];
      0000B0 90r00r0C         [24] 1017 	mov	dptr,#(_AES_BlockCipher_addr_1_131 + 0x0001)
      0000B3 E0               [24] 1018 	movx	a,@dptr
      0000B4 F5 CB            [12] 1019 	mov	_DMA0NBAH,a
                                   1020 ;	radio/AES/AES_BlockCipher.c:157: DMA0NSZL = length.U8[LSB];
      0000B6 90r00r09         [24] 1021 	mov	dptr,#_AES_BlockCipher_length_1_131
      0000B9 E0               [24] 1022 	movx	a,@dptr
      0000BA F5 CE            [12] 1023 	mov	_DMA0NSZL,a
                                   1024 ;	radio/AES/AES_BlockCipher.c:158: DMA0NSZH = length.U8[MSB];
      0000BC 90r00r0A         [24] 1025 	mov	dptr,#(_AES_BlockCipher_length_1_131 + 0x0001)
      0000BF E0               [24] 1026 	movx	a,@dptr
      0000C0 F5 CF            [12] 1027 	mov	_DMA0NSZH,a
                                   1028 ;	radio/AES/AES_BlockCipher.c:159: DMA0NAOL = 0;
                                   1029 ;	radio/AES/AES_BlockCipher.c:160: DMA0NAOH = 0;
                                   1030 ;	radio/AES/AES_BlockCipher.c:165: if(operation & ENCRYPTION_MODE)
      0000C2 E4               [12] 1031 	clr	a
      0000C3 F5 CC            [12] 1032 	mov	_DMA0NAOL,a
      0000C5 F5 CD            [12] 1033 	mov	_DMA0NAOH,a
      0000C7 EF               [12] 1034 	mov	a,r7
      0000C8 30 E2 12         [24] 1035 	jnb	acc.2,00109$
                                   1036 ;	radio/AES/AES_BlockCipher.c:166: addr.U16 = (U16)(cipherText);
      0000CB 90r00r02         [24] 1037 	mov	dptr,#_AES_BlockCipher_PARM_3
      0000CE E0               [24] 1038 	movx	a,@dptr
      0000CF FD               [12] 1039 	mov	r5,a
      0000D0 A3               [24] 1040 	inc	dptr
      0000D1 E0               [24] 1041 	movx	a,@dptr
      0000D2 FE               [12] 1042 	mov	r6,a
      0000D3 90r00r0B         [24] 1043 	mov	dptr,#_AES_BlockCipher_addr_1_131
      0000D6 ED               [12] 1044 	mov	a,r5
      0000D7 F0               [24] 1045 	movx	@dptr,a
      0000D8 EE               [12] 1046 	mov	a,r6
      0000D9 A3               [24] 1047 	inc	dptr
      0000DA F0               [24] 1048 	movx	@dptr,a
      0000DB 80 10            [24] 1049 	sjmp	00110$
      0000DD                       1050 00109$:
                                   1051 ;	radio/AES/AES_BlockCipher.c:168: addr.U16 = (U16)(plainText);
      0000DD 90r00r00         [24] 1052 	mov	dptr,#_AES_BlockCipher_PARM_2
      0000E0 E0               [24] 1053 	movx	a,@dptr
      0000E1 FD               [12] 1054 	mov	r5,a
      0000E2 A3               [24] 1055 	inc	dptr
      0000E3 E0               [24] 1056 	movx	a,@dptr
      0000E4 FE               [12] 1057 	mov	r6,a
      0000E5 90r00r0B         [24] 1058 	mov	dptr,#_AES_BlockCipher_addr_1_131
      0000E8 ED               [12] 1059 	mov	a,r5
      0000E9 F0               [24] 1060 	movx	@dptr,a
      0000EA EE               [12] 1061 	mov	a,r6
      0000EB A3               [24] 1062 	inc	dptr
      0000EC F0               [24] 1063 	movx	@dptr,a
      0000ED                       1064 00110$:
                                   1065 ;	radio/AES/AES_BlockCipher.c:175: DMA0SEL = AES0YOUT_CHANNEL;
      0000ED 75 D1 06         [24] 1066 	mov	_DMA0SEL,#0x06
                                   1067 ;	radio/AES/AES_BlockCipher.c:176: DMA0NCF = AES0YOUT_PERIPHERAL_REQUEST|DMA_INT_EN;
      0000F0 75 C9 88         [24] 1068 	mov	_DMA0NCF,#0x88
                                   1069 ;	radio/AES/AES_BlockCipher.c:177: DMA0NMD = NO_WRAPPING;
      0000F3 75 D6 00         [24] 1070 	mov	_DMA0NMD,#0x00
                                   1071 ;	radio/AES/AES_BlockCipher.c:178: DMA0NBAL = addr.U8[LSB];
      0000F6 90r00r0B         [24] 1072 	mov	dptr,#_AES_BlockCipher_addr_1_131
      0000F9 E0               [24] 1073 	movx	a,@dptr
      0000FA F5 CA            [12] 1074 	mov	_DMA0NBAL,a
                                   1075 ;	radio/AES/AES_BlockCipher.c:179: DMA0NBAH = addr.U8[MSB];
      0000FC 90r00r0C         [24] 1076 	mov	dptr,#(_AES_BlockCipher_addr_1_131 + 0x0001)
      0000FF E0               [24] 1077 	movx	a,@dptr
      000100 F5 CB            [12] 1078 	mov	_DMA0NBAH,a
                                   1079 ;	radio/AES/AES_BlockCipher.c:180: DMA0NSZL = length.U8[LSB];
      000102 90r00r09         [24] 1080 	mov	dptr,#_AES_BlockCipher_length_1_131
      000105 E0               [24] 1081 	movx	a,@dptr
      000106 F5 CE            [12] 1082 	mov	_DMA0NSZL,a
                                   1083 ;	radio/AES/AES_BlockCipher.c:181: DMA0NSZH = length.U8[MSB];
      000108 90r00r0A         [24] 1084 	mov	dptr,#(_AES_BlockCipher_length_1_131 + 0x0001)
      00010B E0               [24] 1085 	movx	a,@dptr
      00010C F5 CF            [12] 1086 	mov	_DMA0NSZH,a
                                   1087 ;	radio/AES/AES_BlockCipher.c:182: DMA0NAOH = 0;
      00010E 75 CD 00         [24] 1088 	mov	_DMA0NAOH,#0x00
                                   1089 ;	radio/AES/AES_BlockCipher.c:183: DMA0NAOL = 0;
      000111 75 CC 00         [24] 1090 	mov	_DMA0NAOL,#0x00
                                   1091 ;	radio/AES/AES_BlockCipher.c:186: DMA0INT &= ~AES0_KBY_MASK;
      000114 AE D3            [24] 1092 	mov	r6,_DMA0INT
      000116 74 A7            [12] 1093 	mov	a,#0xA7
      000118 5E               [12] 1094 	anl	a,r6
      000119 F5 D3            [12] 1095 	mov	_DMA0INT,a
                                   1096 ;	radio/AES/AES_BlockCipher.c:190: DMA0EN  |= AES0_KBY_MASK;
      00011B 43 D2 58         [24] 1097 	orl	_DMA0EN,#0x58
                                   1098 ;	radio/AES/AES_BlockCipher.c:194: AES0DCFG = AES_OUTPUT;
      00011E 75 EA 00         [24] 1099 	mov	_AES0DCFG,#0x00
                                   1100 ;	radio/AES/AES_BlockCipher.c:198: AES0BCFG = operation;
      000121 8F E9            [24] 1101 	mov	_AES0BCFG,r7
                                   1102 ;	radio/AES/AES_BlockCipher.c:201: AES0BCFG |= AES_ENABLE;
      000123 43 E9 08         [24] 1103 	orl	_AES0BCFG,#0x08
                                   1104 ;	radio/AES/AES_BlockCipher.c:204: EIE2 |= 0x20;
      000126 43 E7 20         [24] 1105 	orl	_EIE2,#0x20
                                   1106 ;	radio/AES/AES_BlockCipher.c:209: do
      000129                       1107 00111$:
                                   1108 ;	radio/AES/AES_BlockCipher.c:215: }  while((DMA0INT & AES0YOUT_MASK)==0);
      000129 E5 D3            [12] 1109 	mov	a,_DMA0INT
      00012B 30 E6 FB         [24] 1110 	jnb	acc.6,00111$
                                   1111 ;	radio/AES/AES_BlockCipher.c:218: AES0BCFG = 0x00;
      00012E 75 E9 00         [24] 1112 	mov	_AES0BCFG,#0x00
                                   1113 ;	radio/AES/AES_BlockCipher.c:219: AES0DCFG = 0x00;
      000131 75 EA 00         [24] 1114 	mov	_AES0DCFG,#0x00
                                   1115 ;	radio/AES/AES_BlockCipher.c:222: DMA0EN &= ~AES0_KBY_MASK;
      000134 AF D2            [24] 1116 	mov	r7,_DMA0EN
      000136 74 A7            [12] 1117 	mov	a,#0xA7
      000138 5F               [12] 1118 	anl	a,r7
      000139 F5 D2            [12] 1119 	mov	_DMA0EN,a
                                   1120 ;	radio/AES/AES_BlockCipher.c:224: DMA0INT &= ~AES0_KBY_MASK;
      00013B AF D3            [24] 1121 	mov	r7,_DMA0INT
      00013D 74 A7            [12] 1122 	mov	a,#0xA7
      00013F 5F               [12] 1123 	anl	a,r7
      000140 F5 D3            [12] 1124 	mov	_DMA0INT,a
                                   1125 ;	radio/AES/AES_BlockCipher.c:226: return SUCCESS;                     // Success!!
      000142 75 82 00         [24] 1126 	mov	dpl,#0x00
      000145 22               [24] 1127 	ret
                                   1128 	.area CSEG    (CODE)
                                   1129 	.area CONST   (CODE)
                                   1130 	.area XINIT   (CODE)
                                   1131 	.area CABS    (ABS,CODE)
