                                      1 ;--------------------------------------------------------
                                      2 ; File Created by SDCC : free open source ANSI-C Compiler
                                      3 ; Version 3.5.0 #9253 (Sep  7 2022) (Linux)
                                      4 ; This file was generated Wed Sep  7 10:05:11 2022
                                      5 ;--------------------------------------------------------
                                      6 	.module GenerateDecryptionKey
                                      7 	.optsdcc -mmcs51 --model-large
                                      8 	
                                      9 ;--------------------------------------------------------
                                     10 ; Public variables in this module
                                     11 ;--------------------------------------------------------
                                     12 	.globl _NSS1
                                     13 	.globl _IRQ
                                     14 	.globl _PA_ENABLE
                                     15 	.globl _PIN_ENABLE
                                     16 	.globl _PIN_CONFIG
                                     17 	.globl _LED_GREEN
                                     18 	.globl _LED_RED
                                     19 	.globl _SPI1EN
                                     20 	.globl _TXBMT1
                                     21 	.globl _NSS1MD0
                                     22 	.globl _NSS1MD1
                                     23 	.globl _RXOVRN1
                                     24 	.globl _MODF1
                                     25 	.globl _WCOL1
                                     26 	.globl _SPIF1
                                     27 	.globl _SPI0EN
                                     28 	.globl _TXBMT0
                                     29 	.globl _NSS0MD0
                                     30 	.globl _NSS0MD1
                                     31 	.globl _RXOVRN0
                                     32 	.globl _MODF0
                                     33 	.globl _WCOL0
                                     34 	.globl _SPIF0
                                     35 	.globl _AD0CM0
                                     36 	.globl _AD0CM1
                                     37 	.globl _AD0CM2
                                     38 	.globl _AD0WINT
                                     39 	.globl _AD0BUSY
                                     40 	.globl _AD0INT
                                     41 	.globl _BURSTEN
                                     42 	.globl _AD0EN
                                     43 	.globl _CCF0
                                     44 	.globl _CCF1
                                     45 	.globl _CCF2
                                     46 	.globl _CCF3
                                     47 	.globl _CCF4
                                     48 	.globl _CCF5
                                     49 	.globl _CR
                                     50 	.globl _CF
                                     51 	.globl _P
                                     52 	.globl _F1
                                     53 	.globl _OV
                                     54 	.globl _RS0
                                     55 	.globl _RS1
                                     56 	.globl _F0
                                     57 	.globl _AC
                                     58 	.globl _CY
                                     59 	.globl _T2XCLK
                                     60 	.globl _T2RCLK
                                     61 	.globl _TR2
                                     62 	.globl _T2SPLIT
                                     63 	.globl _TF2CEN
                                     64 	.globl _TF2LEN
                                     65 	.globl _TF2L
                                     66 	.globl _TF2H
                                     67 	.globl _SI
                                     68 	.globl _ACK
                                     69 	.globl _ARBLOST
                                     70 	.globl _ACKRQ
                                     71 	.globl _STO
                                     72 	.globl _STA
                                     73 	.globl _TXMODE
                                     74 	.globl _MASTER
                                     75 	.globl _PX0
                                     76 	.globl _PT0
                                     77 	.globl _PX1
                                     78 	.globl _PT1
                                     79 	.globl _PS0
                                     80 	.globl _PT2
                                     81 	.globl _PSPI0
                                     82 	.globl _EX0
                                     83 	.globl _ET0
                                     84 	.globl _EX1
                                     85 	.globl _ET1
                                     86 	.globl _ES0
                                     87 	.globl _ET2
                                     88 	.globl _ESPI0
                                     89 	.globl _EA
                                     90 	.globl _RI0
                                     91 	.globl _TI0
                                     92 	.globl _RB80
                                     93 	.globl _TB80
                                     94 	.globl _REN0
                                     95 	.globl _MCE0
                                     96 	.globl _S0MODE
                                     97 	.globl _IT0
                                     98 	.globl _IE0
                                     99 	.globl _IT1
                                    100 	.globl _IE1
                                    101 	.globl _TR0
                                    102 	.globl _TF0
                                    103 	.globl _TR1
                                    104 	.globl _TF1
                                    105 	.globl __XPAGE
                                    106 	.globl _PCA0CP4
                                    107 	.globl _PCA0CP0
                                    108 	.globl _PCA0
                                    109 	.globl _PCA0CP3
                                    110 	.globl _PCA0CP2
                                    111 	.globl _PCA0CP1
                                    112 	.globl _PCA0CP5
                                    113 	.globl _TMR2
                                    114 	.globl _TMR2RL
                                    115 	.globl _ADC0LT
                                    116 	.globl _ADC0GT
                                    117 	.globl _ADC0
                                    118 	.globl _TMR3
                                    119 	.globl _TMR3RL
                                    120 	.globl _TOFF
                                    121 	.globl _DP
                                    122 	.globl _PCLKEN
                                    123 	.globl _CLKMODE
                                    124 	.globl _P7MDOUT
                                    125 	.globl _P6MDOUT
                                    126 	.globl _P5MDOUT
                                    127 	.globl _P4MDOUT
                                    128 	.globl _PCLKACT
                                    129 	.globl _P6MDIN
                                    130 	.globl _P5MDIN
                                    131 	.globl _P4MDIN
                                    132 	.globl _P3MDIN
                                    133 	.globl _DEVICEID
                                    134 	.globl _REVID
                                    135 	.globl _HWID
                                    136 	.globl _P7
                                    137 	.globl _P6
                                    138 	.globl _P5
                                    139 	.globl _P4
                                    140 	.globl _TOFFH
                                    141 	.globl _TOFFL
                                    142 	.globl _ADC0TK
                                    143 	.globl _ADC0PWR
                                    144 	.globl _IREF0CF
                                    145 	.globl _FLSCL
                                    146 	.globl _OSCICL
                                    147 	.globl _OSCIFL
                                    148 	.globl _P3MDOUT
                                    149 	.globl _LCD0BUFCF
                                    150 	.globl _P7DRV
                                    151 	.globl _P6DRV
                                    152 	.globl _P2DRV
                                    153 	.globl _P1DRV
                                    154 	.globl _P0DRV
                                    155 	.globl _P5DRV
                                    156 	.globl _P4DRV
                                    157 	.globl _P3DRV
                                    158 	.globl _LCD0BUFCN
                                    159 	.globl _CRC0CNT
                                    160 	.globl _CRC0AUTO
                                    161 	.globl _CRC0FLIP
                                    162 	.globl _CRC0IN
                                    163 	.globl _CRC0CN
                                    164 	.globl _CRC0DAT
                                    165 	.globl _SFRPGCN
                                    166 	.globl _DC0RDY
                                    167 	.globl _PC0INT1
                                    168 	.globl _PC0INT0
                                    169 	.globl _PC0DCH
                                    170 	.globl _PC0DCL
                                    171 	.globl _SPI1CN
                                    172 	.globl _AES0YOUT
                                    173 	.globl _PC0HIST
                                    174 	.globl _PC0CMP1H
                                    175 	.globl _PC0CMP1M
                                    176 	.globl _PC0CMP1L
                                    177 	.globl _AES0KBA
                                    178 	.globl _AES0DBA
                                    179 	.globl _AES0KIN
                                    180 	.globl _AES0XIN
                                    181 	.globl _AES0BIN
                                    182 	.globl _AES0DCFG
                                    183 	.globl _AES0BCFG
                                    184 	.globl _PC0TH
                                    185 	.globl _PC0CMP0H
                                    186 	.globl _PC0CMP0M
                                    187 	.globl _PC0CMP0L
                                    188 	.globl _PC0CTR1H
                                    189 	.globl _PC0CTR1M
                                    190 	.globl _PC0CTR1L
                                    191 	.globl _PC0CTR0H
                                    192 	.globl _PC0CTR0M
                                    193 	.globl _PC0CTR0L
                                    194 	.globl _PC0MD
                                    195 	.globl _PC0PCF
                                    196 	.globl _DMA0NMD
                                    197 	.globl _DMA0BUSY
                                    198 	.globl _DMA0MINT
                                    199 	.globl _DMA0INT
                                    200 	.globl _DMA0EN
                                    201 	.globl _DMA0SEL
                                    202 	.globl _DMA0NSZH
                                    203 	.globl _DMA0NSZL
                                    204 	.globl _DMA0NAOH
                                    205 	.globl _DMA0NAOL
                                    206 	.globl _DMA0NBAH
                                    207 	.globl _DMA0NBAL
                                    208 	.globl _DMA0NCF
                                    209 	.globl _VREGINSDH
                                    210 	.globl _VREGINSDL
                                    211 	.globl _ENC0CN
                                    212 	.globl _ENC0H
                                    213 	.globl _ENC0M
                                    214 	.globl _ENC0L
                                    215 	.globl _PC0STAT
                                    216 	.globl _CRC1CN
                                    217 	.globl _CRC1POLH
                                    218 	.globl _CRC1POLL
                                    219 	.globl _CRC1OUTH
                                    220 	.globl _CRC1OUTL
                                    221 	.globl _CRC1IN
                                    222 	.globl _LCD0BUFMD
                                    223 	.globl _LCD0CHPCN
                                    224 	.globl _DC0MD
                                    225 	.globl _DC0CF
                                    226 	.globl _DC0CN
                                    227 	.globl _LCD0VBMCF
                                    228 	.globl _LCD0CHPMD
                                    229 	.globl _LCD0CHPCF
                                    230 	.globl _LCD0MSCF
                                    231 	.globl _LCD0MSCN
                                    232 	.globl _LCD0CLKDIVH
                                    233 	.globl _LCD0CLKDIVL
                                    234 	.globl _LCD0VBMCN
                                    235 	.globl _LCD0CF
                                    236 	.globl _LCD0PWR
                                    237 	.globl _SPI1DAT
                                    238 	.globl _SPI1CKR
                                    239 	.globl _SPI1CFG
                                    240 	.globl _LCD0TOGR
                                    241 	.globl _LCD0BLINK
                                    242 	.globl _LCD0CN
                                    243 	.globl _LCD0CNTRST
                                    244 	.globl _LCD0DF
                                    245 	.globl _LCD0DE
                                    246 	.globl _LCD0DD
                                    247 	.globl _LCD0DC
                                    248 	.globl _LCD0DB
                                    249 	.globl _LCD0DA
                                    250 	.globl _LCD0D9
                                    251 	.globl _LCD0D8
                                    252 	.globl _LCD0D7
                                    253 	.globl _LCD0D6
                                    254 	.globl _LCD0D5
                                    255 	.globl _LCD0D4
                                    256 	.globl _LCD0D3
                                    257 	.globl _LCD0D2
                                    258 	.globl _LCD0D1
                                    259 	.globl _LCD0D0
                                    260 	.globl _VDM0CN
                                    261 	.globl _PCA0CPH4
                                    262 	.globl _PCA0CPL4
                                    263 	.globl _PCA0CPH0
                                    264 	.globl _PCA0CPL0
                                    265 	.globl _PCA0H
                                    266 	.globl _PCA0L
                                    267 	.globl _SPI0CN
                                    268 	.globl _EIP2
                                    269 	.globl _EIP1
                                    270 	.globl _SMB0ADM
                                    271 	.globl _SMB0ADR
                                    272 	.globl _P2MDIN
                                    273 	.globl _P1MDIN
                                    274 	.globl _P0MDIN
                                    275 	.globl _B
                                    276 	.globl _RSTSRC
                                    277 	.globl _PCA0CPH3
                                    278 	.globl _PCA0CPL3
                                    279 	.globl _PCA0CPH2
                                    280 	.globl _PCA0CPL2
                                    281 	.globl _PCA0CPH1
                                    282 	.globl _PCA0CPL1
                                    283 	.globl _ADC0CN
                                    284 	.globl _EIE2
                                    285 	.globl _EIE1
                                    286 	.globl _FLWR
                                    287 	.globl _IT01CF
                                    288 	.globl _XBR2
                                    289 	.globl _XBR1
                                    290 	.globl _XBR0
                                    291 	.globl _ACC
                                    292 	.globl _PCA0PWM
                                    293 	.globl _PCA0CPM4
                                    294 	.globl _PCA0CPM3
                                    295 	.globl _PCA0CPM2
                                    296 	.globl _PCA0CPM1
                                    297 	.globl _PCA0CPM0
                                    298 	.globl _PCA0MD
                                    299 	.globl _PCA0CN
                                    300 	.globl _P0MAT
                                    301 	.globl _P2SKIP
                                    302 	.globl _P1SKIP
                                    303 	.globl _P0SKIP
                                    304 	.globl _PCA0CPH5
                                    305 	.globl _PCA0CPL5
                                    306 	.globl _REF0CN
                                    307 	.globl _PSW
                                    308 	.globl _P1MAT
                                    309 	.globl _PCA0CPM5
                                    310 	.globl _TMR2H
                                    311 	.globl _TMR2L
                                    312 	.globl _TMR2RLH
                                    313 	.globl _TMR2RLL
                                    314 	.globl _REG0CN
                                    315 	.globl _TMR2CN
                                    316 	.globl _P0MASK
                                    317 	.globl _ADC0LTH
                                    318 	.globl _ADC0LTL
                                    319 	.globl _ADC0GTH
                                    320 	.globl _ADC0GTL
                                    321 	.globl _SMB0DAT
                                    322 	.globl _SMB0CF
                                    323 	.globl _SMB0CN
                                    324 	.globl _P1MASK
                                    325 	.globl _ADC0H
                                    326 	.globl _ADC0L
                                    327 	.globl _ADC0CF
                                    328 	.globl _ADC0MX
                                    329 	.globl _ADC0AC
                                    330 	.globl _IREF0CN
                                    331 	.globl _IP
                                    332 	.globl _FLKEY
                                    333 	.globl _PMU0FL
                                    334 	.globl _PMU0CF
                                    335 	.globl _PMU0MD
                                    336 	.globl _OSCICN
                                    337 	.globl _OSCXCN
                                    338 	.globl _P3
                                    339 	.globl _EMI0TC
                                    340 	.globl _RTC0KEY
                                    341 	.globl _RTC0DAT
                                    342 	.globl _RTC0ADR
                                    343 	.globl _EMI0CF
                                    344 	.globl _EMI0CN
                                    345 	.globl _CLKSEL
                                    346 	.globl _IE
                                    347 	.globl _SFRPAGE
                                    348 	.globl _P2MDOUT
                                    349 	.globl _P1MDOUT
                                    350 	.globl _P0MDOUT
                                    351 	.globl _SPI0DAT
                                    352 	.globl _SPI0CKR
                                    353 	.globl _SPI0CFG
                                    354 	.globl _P2
                                    355 	.globl _CPT0MX
                                    356 	.globl _CPT1MX
                                    357 	.globl _CPT0MD
                                    358 	.globl _CPT1MD
                                    359 	.globl _CPT0CN
                                    360 	.globl _CPT1CN
                                    361 	.globl _SBUF0
                                    362 	.globl _SCON0
                                    363 	.globl _TMR3H
                                    364 	.globl _TMR3L
                                    365 	.globl _TMR3RLH
                                    366 	.globl _TMR3RLL
                                    367 	.globl _TMR3CN
                                    368 	.globl _P1
                                    369 	.globl _PSCTL
                                    370 	.globl _CKCON
                                    371 	.globl _TH1
                                    372 	.globl _TH0
                                    373 	.globl _TL1
                                    374 	.globl _TL0
                                    375 	.globl _TMOD
                                    376 	.globl _TCON
                                    377 	.globl _PCON
                                    378 	.globl _SFRLAST
                                    379 	.globl _SFRNEXT
                                    380 	.globl _PSBANK
                                    381 	.globl _DPH
                                    382 	.globl _DPL
                                    383 	.globl _SP
                                    384 	.globl _P0
                                    385 	.globl _GenerateDecryptionKey_PARM_3
                                    386 	.globl _GenerateDecryptionKey_PARM_2
                                    387 	.globl _GenerateDecryptionKey
                                    388 ;--------------------------------------------------------
                                    389 ; special function registers
                                    390 ;--------------------------------------------------------
                                    391 	.area RSEG    (ABS,DATA)
      000000                        392 	.org 0x0000
                           000080   393 _P0	=	0x0080
                           000081   394 _SP	=	0x0081
                           000082   395 _DPL	=	0x0082
                           000083   396 _DPH	=	0x0083
                           000084   397 _PSBANK	=	0x0084
                           000085   398 _SFRNEXT	=	0x0085
                           000086   399 _SFRLAST	=	0x0086
                           000087   400 _PCON	=	0x0087
                           000088   401 _TCON	=	0x0088
                           000089   402 _TMOD	=	0x0089
                           00008A   403 _TL0	=	0x008a
                           00008B   404 _TL1	=	0x008b
                           00008C   405 _TH0	=	0x008c
                           00008D   406 _TH1	=	0x008d
                           00008E   407 _CKCON	=	0x008e
                           00008F   408 _PSCTL	=	0x008f
                           000090   409 _P1	=	0x0090
                           000091   410 _TMR3CN	=	0x0091
                           000092   411 _TMR3RLL	=	0x0092
                           000093   412 _TMR3RLH	=	0x0093
                           000094   413 _TMR3L	=	0x0094
                           000095   414 _TMR3H	=	0x0095
                           000098   415 _SCON0	=	0x0098
                           000099   416 _SBUF0	=	0x0099
                           00009A   417 _CPT1CN	=	0x009a
                           00009B   418 _CPT0CN	=	0x009b
                           00009C   419 _CPT1MD	=	0x009c
                           00009D   420 _CPT0MD	=	0x009d
                           00009E   421 _CPT1MX	=	0x009e
                           00009F   422 _CPT0MX	=	0x009f
                           0000A0   423 _P2	=	0x00a0
                           0000A1   424 _SPI0CFG	=	0x00a1
                           0000A2   425 _SPI0CKR	=	0x00a2
                           0000A3   426 _SPI0DAT	=	0x00a3
                           0000A4   427 _P0MDOUT	=	0x00a4
                           0000A5   428 _P1MDOUT	=	0x00a5
                           0000A6   429 _P2MDOUT	=	0x00a6
                           0000A7   430 _SFRPAGE	=	0x00a7
                           0000A8   431 _IE	=	0x00a8
                           0000A9   432 _CLKSEL	=	0x00a9
                           0000AA   433 _EMI0CN	=	0x00aa
                           0000AB   434 _EMI0CF	=	0x00ab
                           0000AC   435 _RTC0ADR	=	0x00ac
                           0000AD   436 _RTC0DAT	=	0x00ad
                           0000AE   437 _RTC0KEY	=	0x00ae
                           0000AF   438 _EMI0TC	=	0x00af
                           0000B0   439 _P3	=	0x00b0
                           0000B1   440 _OSCXCN	=	0x00b1
                           0000B2   441 _OSCICN	=	0x00b2
                           0000B3   442 _PMU0MD	=	0x00b3
                           0000B5   443 _PMU0CF	=	0x00b5
                           0000B6   444 _PMU0FL	=	0x00b6
                           0000B7   445 _FLKEY	=	0x00b7
                           0000B8   446 _IP	=	0x00b8
                           0000B9   447 _IREF0CN	=	0x00b9
                           0000BA   448 _ADC0AC	=	0x00ba
                           0000BB   449 _ADC0MX	=	0x00bb
                           0000BC   450 _ADC0CF	=	0x00bc
                           0000BD   451 _ADC0L	=	0x00bd
                           0000BE   452 _ADC0H	=	0x00be
                           0000BF   453 _P1MASK	=	0x00bf
                           0000C0   454 _SMB0CN	=	0x00c0
                           0000C1   455 _SMB0CF	=	0x00c1
                           0000C2   456 _SMB0DAT	=	0x00c2
                           0000C3   457 _ADC0GTL	=	0x00c3
                           0000C4   458 _ADC0GTH	=	0x00c4
                           0000C5   459 _ADC0LTL	=	0x00c5
                           0000C6   460 _ADC0LTH	=	0x00c6
                           0000C7   461 _P0MASK	=	0x00c7
                           0000C8   462 _TMR2CN	=	0x00c8
                           0000C9   463 _REG0CN	=	0x00c9
                           0000CA   464 _TMR2RLL	=	0x00ca
                           0000CB   465 _TMR2RLH	=	0x00cb
                           0000CC   466 _TMR2L	=	0x00cc
                           0000CD   467 _TMR2H	=	0x00cd
                           0000CE   468 _PCA0CPM5	=	0x00ce
                           0000CF   469 _P1MAT	=	0x00cf
                           0000D0   470 _PSW	=	0x00d0
                           0000D1   471 _REF0CN	=	0x00d1
                           0000D2   472 _PCA0CPL5	=	0x00d2
                           0000D3   473 _PCA0CPH5	=	0x00d3
                           0000D4   474 _P0SKIP	=	0x00d4
                           0000D5   475 _P1SKIP	=	0x00d5
                           0000D6   476 _P2SKIP	=	0x00d6
                           0000D7   477 _P0MAT	=	0x00d7
                           0000D8   478 _PCA0CN	=	0x00d8
                           0000D9   479 _PCA0MD	=	0x00d9
                           0000DA   480 _PCA0CPM0	=	0x00da
                           0000DB   481 _PCA0CPM1	=	0x00db
                           0000DC   482 _PCA0CPM2	=	0x00dc
                           0000DD   483 _PCA0CPM3	=	0x00dd
                           0000DE   484 _PCA0CPM4	=	0x00de
                           0000DF   485 _PCA0PWM	=	0x00df
                           0000E0   486 _ACC	=	0x00e0
                           0000E1   487 _XBR0	=	0x00e1
                           0000E2   488 _XBR1	=	0x00e2
                           0000E3   489 _XBR2	=	0x00e3
                           0000E4   490 _IT01CF	=	0x00e4
                           0000E5   491 _FLWR	=	0x00e5
                           0000E6   492 _EIE1	=	0x00e6
                           0000E7   493 _EIE2	=	0x00e7
                           0000E8   494 _ADC0CN	=	0x00e8
                           0000E9   495 _PCA0CPL1	=	0x00e9
                           0000EA   496 _PCA0CPH1	=	0x00ea
                           0000EB   497 _PCA0CPL2	=	0x00eb
                           0000EC   498 _PCA0CPH2	=	0x00ec
                           0000ED   499 _PCA0CPL3	=	0x00ed
                           0000EE   500 _PCA0CPH3	=	0x00ee
                           0000EF   501 _RSTSRC	=	0x00ef
                           0000F0   502 _B	=	0x00f0
                           0000F1   503 _P0MDIN	=	0x00f1
                           0000F2   504 _P1MDIN	=	0x00f2
                           0000F3   505 _P2MDIN	=	0x00f3
                           0000F4   506 _SMB0ADR	=	0x00f4
                           0000F5   507 _SMB0ADM	=	0x00f5
                           0000F6   508 _EIP1	=	0x00f6
                           0000F7   509 _EIP2	=	0x00f7
                           0000F8   510 _SPI0CN	=	0x00f8
                           0000F9   511 _PCA0L	=	0x00f9
                           0000FA   512 _PCA0H	=	0x00fa
                           0000FB   513 _PCA0CPL0	=	0x00fb
                           0000FC   514 _PCA0CPH0	=	0x00fc
                           0000FD   515 _PCA0CPL4	=	0x00fd
                           0000FE   516 _PCA0CPH4	=	0x00fe
                           0000FF   517 _VDM0CN	=	0x00ff
                           000089   518 _LCD0D0	=	0x0089
                           00008A   519 _LCD0D1	=	0x008a
                           00008B   520 _LCD0D2	=	0x008b
                           00008C   521 _LCD0D3	=	0x008c
                           00008D   522 _LCD0D4	=	0x008d
                           00008E   523 _LCD0D5	=	0x008e
                           000091   524 _LCD0D6	=	0x0091
                           000092   525 _LCD0D7	=	0x0092
                           000093   526 _LCD0D8	=	0x0093
                           000094   527 _LCD0D9	=	0x0094
                           000095   528 _LCD0DA	=	0x0095
                           000096   529 _LCD0DB	=	0x0096
                           000097   530 _LCD0DC	=	0x0097
                           000099   531 _LCD0DD	=	0x0099
                           00009A   532 _LCD0DE	=	0x009a
                           00009B   533 _LCD0DF	=	0x009b
                           00009C   534 _LCD0CNTRST	=	0x009c
                           00009D   535 _LCD0CN	=	0x009d
                           00009E   536 _LCD0BLINK	=	0x009e
                           00009F   537 _LCD0TOGR	=	0x009f
                           0000A1   538 _SPI1CFG	=	0x00a1
                           0000A2   539 _SPI1CKR	=	0x00a2
                           0000A3   540 _SPI1DAT	=	0x00a3
                           0000A4   541 _LCD0PWR	=	0x00a4
                           0000A5   542 _LCD0CF	=	0x00a5
                           0000A6   543 _LCD0VBMCN	=	0x00a6
                           0000A9   544 _LCD0CLKDIVL	=	0x00a9
                           0000AA   545 _LCD0CLKDIVH	=	0x00aa
                           0000AB   546 _LCD0MSCN	=	0x00ab
                           0000AC   547 _LCD0MSCF	=	0x00ac
                           0000AD   548 _LCD0CHPCF	=	0x00ad
                           0000AE   549 _LCD0CHPMD	=	0x00ae
                           0000AF   550 _LCD0VBMCF	=	0x00af
                           0000B1   551 _DC0CN	=	0x00b1
                           0000B2   552 _DC0CF	=	0x00b2
                           0000B3   553 _DC0MD	=	0x00b3
                           0000B5   554 _LCD0CHPCN	=	0x00b5
                           0000B6   555 _LCD0BUFMD	=	0x00b6
                           0000B9   556 _CRC1IN	=	0x00b9
                           0000BA   557 _CRC1OUTL	=	0x00ba
                           0000BB   558 _CRC1OUTH	=	0x00bb
                           0000BC   559 _CRC1POLL	=	0x00bc
                           0000BD   560 _CRC1POLH	=	0x00bd
                           0000BE   561 _CRC1CN	=	0x00be
                           0000C1   562 _PC0STAT	=	0x00c1
                           0000C2   563 _ENC0L	=	0x00c2
                           0000C3   564 _ENC0M	=	0x00c3
                           0000C4   565 _ENC0H	=	0x00c4
                           0000C5   566 _ENC0CN	=	0x00c5
                           0000C6   567 _VREGINSDL	=	0x00c6
                           0000C7   568 _VREGINSDH	=	0x00c7
                           0000C9   569 _DMA0NCF	=	0x00c9
                           0000CA   570 _DMA0NBAL	=	0x00ca
                           0000CB   571 _DMA0NBAH	=	0x00cb
                           0000CC   572 _DMA0NAOL	=	0x00cc
                           0000CD   573 _DMA0NAOH	=	0x00cd
                           0000CE   574 _DMA0NSZL	=	0x00ce
                           0000CF   575 _DMA0NSZH	=	0x00cf
                           0000D1   576 _DMA0SEL	=	0x00d1
                           0000D2   577 _DMA0EN	=	0x00d2
                           0000D3   578 _DMA0INT	=	0x00d3
                           0000D4   579 _DMA0MINT	=	0x00d4
                           0000D5   580 _DMA0BUSY	=	0x00d5
                           0000D6   581 _DMA0NMD	=	0x00d6
                           0000D7   582 _PC0PCF	=	0x00d7
                           0000D9   583 _PC0MD	=	0x00d9
                           0000DA   584 _PC0CTR0L	=	0x00da
                           0000DB   585 _PC0CTR0M	=	0x00db
                           0000DC   586 _PC0CTR0H	=	0x00dc
                           0000DD   587 _PC0CTR1L	=	0x00dd
                           0000DE   588 _PC0CTR1M	=	0x00de
                           0000DF   589 _PC0CTR1H	=	0x00df
                           0000E1   590 _PC0CMP0L	=	0x00e1
                           0000E2   591 _PC0CMP0M	=	0x00e2
                           0000E3   592 _PC0CMP0H	=	0x00e3
                           0000E4   593 _PC0TH	=	0x00e4
                           0000E9   594 _AES0BCFG	=	0x00e9
                           0000EA   595 _AES0DCFG	=	0x00ea
                           0000EB   596 _AES0BIN	=	0x00eb
                           0000EC   597 _AES0XIN	=	0x00ec
                           0000ED   598 _AES0KIN	=	0x00ed
                           0000EE   599 _AES0DBA	=	0x00ee
                           0000EF   600 _AES0KBA	=	0x00ef
                           0000F1   601 _PC0CMP1L	=	0x00f1
                           0000F2   602 _PC0CMP1M	=	0x00f2
                           0000F3   603 _PC0CMP1H	=	0x00f3
                           0000F4   604 _PC0HIST	=	0x00f4
                           0000F5   605 _AES0YOUT	=	0x00f5
                           0000F8   606 _SPI1CN	=	0x00f8
                           0000F9   607 _PC0DCL	=	0x00f9
                           0000FA   608 _PC0DCH	=	0x00fa
                           0000FB   609 _PC0INT0	=	0x00fb
                           0000FC   610 _PC0INT1	=	0x00fc
                           0000FD   611 _DC0RDY	=	0x00fd
                           00008E   612 _SFRPGCN	=	0x008e
                           000091   613 _CRC0DAT	=	0x0091
                           000092   614 _CRC0CN	=	0x0092
                           000093   615 _CRC0IN	=	0x0093
                           000094   616 _CRC0FLIP	=	0x0094
                           000096   617 _CRC0AUTO	=	0x0096
                           000097   618 _CRC0CNT	=	0x0097
                           00009C   619 _LCD0BUFCN	=	0x009c
                           0000A1   620 _P3DRV	=	0x00a1
                           0000A2   621 _P4DRV	=	0x00a2
                           0000A3   622 _P5DRV	=	0x00a3
                           0000A4   623 _P0DRV	=	0x00a4
                           0000A5   624 _P1DRV	=	0x00a5
                           0000A6   625 _P2DRV	=	0x00a6
                           0000AA   626 _P6DRV	=	0x00aa
                           0000AB   627 _P7DRV	=	0x00ab
                           0000AC   628 _LCD0BUFCF	=	0x00ac
                           0000B1   629 _P3MDOUT	=	0x00b1
                           0000B2   630 _OSCIFL	=	0x00b2
                           0000B3   631 _OSCICL	=	0x00b3
                           0000B6   632 _FLSCL	=	0x00b6
                           0000B9   633 _IREF0CF	=	0x00b9
                           0000BB   634 _ADC0PWR	=	0x00bb
                           0000BC   635 _ADC0TK	=	0x00bc
                           0000BD   636 _TOFFL	=	0x00bd
                           0000BE   637 _TOFFH	=	0x00be
                           0000D9   638 _P4	=	0x00d9
                           0000DA   639 _P5	=	0x00da
                           0000DB   640 _P6	=	0x00db
                           0000DC   641 _P7	=	0x00dc
                           0000E9   642 _HWID	=	0x00e9
                           0000EA   643 _REVID	=	0x00ea
                           0000EB   644 _DEVICEID	=	0x00eb
                           0000F1   645 _P3MDIN	=	0x00f1
                           0000F2   646 _P4MDIN	=	0x00f2
                           0000F3   647 _P5MDIN	=	0x00f3
                           0000F4   648 _P6MDIN	=	0x00f4
                           0000F5   649 _PCLKACT	=	0x00f5
                           0000F9   650 _P4MDOUT	=	0x00f9
                           0000FA   651 _P5MDOUT	=	0x00fa
                           0000FB   652 _P6MDOUT	=	0x00fb
                           0000FC   653 _P7MDOUT	=	0x00fc
                           0000FD   654 _CLKMODE	=	0x00fd
                           0000FE   655 _PCLKEN	=	0x00fe
                           008382   656 _DP	=	0x8382
                           008685   657 _TOFF	=	0x8685
                           009392   658 _TMR3RL	=	0x9392
                           009594   659 _TMR3	=	0x9594
                           00BEBD   660 _ADC0	=	0xbebd
                           00C4C3   661 _ADC0GT	=	0xc4c3
                           00C6C5   662 _ADC0LT	=	0xc6c5
                           00CBCA   663 _TMR2RL	=	0xcbca
                           00CDCC   664 _TMR2	=	0xcdcc
                           00D3D2   665 _PCA0CP5	=	0xd3d2
                           00EAE9   666 _PCA0CP1	=	0xeae9
                           00ECEB   667 _PCA0CP2	=	0xeceb
                           00EEED   668 _PCA0CP3	=	0xeeed
                           00FAF9   669 _PCA0	=	0xfaf9
                           00FCFB   670 _PCA0CP0	=	0xfcfb
                           00FEFD   671 _PCA0CP4	=	0xfefd
                           0000AA   672 __XPAGE	=	0x00aa
                                    673 ;--------------------------------------------------------
                                    674 ; special function bits
                                    675 ;--------------------------------------------------------
                                    676 	.area RSEG    (ABS,DATA)
      000000                        677 	.org 0x0000
                           00008F   678 _TF1	=	0x008f
                           00008E   679 _TR1	=	0x008e
                           00008D   680 _TF0	=	0x008d
                           00008C   681 _TR0	=	0x008c
                           00008B   682 _IE1	=	0x008b
                           00008A   683 _IT1	=	0x008a
                           000089   684 _IE0	=	0x0089
                           000088   685 _IT0	=	0x0088
                           00009F   686 _S0MODE	=	0x009f
                           00009D   687 _MCE0	=	0x009d
                           00009C   688 _REN0	=	0x009c
                           00009B   689 _TB80	=	0x009b
                           00009A   690 _RB80	=	0x009a
                           000099   691 _TI0	=	0x0099
                           000098   692 _RI0	=	0x0098
                           0000AF   693 _EA	=	0x00af
                           0000AE   694 _ESPI0	=	0x00ae
                           0000AD   695 _ET2	=	0x00ad
                           0000AC   696 _ES0	=	0x00ac
                           0000AB   697 _ET1	=	0x00ab
                           0000AA   698 _EX1	=	0x00aa
                           0000A9   699 _ET0	=	0x00a9
                           0000A8   700 _EX0	=	0x00a8
                           0000BE   701 _PSPI0	=	0x00be
                           0000BD   702 _PT2	=	0x00bd
                           0000BC   703 _PS0	=	0x00bc
                           0000BB   704 _PT1	=	0x00bb
                           0000BA   705 _PX1	=	0x00ba
                           0000B9   706 _PT0	=	0x00b9
                           0000B8   707 _PX0	=	0x00b8
                           0000C7   708 _MASTER	=	0x00c7
                           0000C6   709 _TXMODE	=	0x00c6
                           0000C5   710 _STA	=	0x00c5
                           0000C4   711 _STO	=	0x00c4
                           0000C3   712 _ACKRQ	=	0x00c3
                           0000C2   713 _ARBLOST	=	0x00c2
                           0000C1   714 _ACK	=	0x00c1
                           0000C0   715 _SI	=	0x00c0
                           0000CF   716 _TF2H	=	0x00cf
                           0000CE   717 _TF2L	=	0x00ce
                           0000CD   718 _TF2LEN	=	0x00cd
                           0000CC   719 _TF2CEN	=	0x00cc
                           0000CB   720 _T2SPLIT	=	0x00cb
                           0000CA   721 _TR2	=	0x00ca
                           0000C9   722 _T2RCLK	=	0x00c9
                           0000C8   723 _T2XCLK	=	0x00c8
                           0000D7   724 _CY	=	0x00d7
                           0000D6   725 _AC	=	0x00d6
                           0000D5   726 _F0	=	0x00d5
                           0000D4   727 _RS1	=	0x00d4
                           0000D3   728 _RS0	=	0x00d3
                           0000D2   729 _OV	=	0x00d2
                           0000D1   730 _F1	=	0x00d1
                           0000D0   731 _P	=	0x00d0
                           0000DF   732 _CF	=	0x00df
                           0000DE   733 _CR	=	0x00de
                           0000DD   734 _CCF5	=	0x00dd
                           0000DC   735 _CCF4	=	0x00dc
                           0000DB   736 _CCF3	=	0x00db
                           0000DA   737 _CCF2	=	0x00da
                           0000D9   738 _CCF1	=	0x00d9
                           0000D8   739 _CCF0	=	0x00d8
                           0000EF   740 _AD0EN	=	0x00ef
                           0000EE   741 _BURSTEN	=	0x00ee
                           0000ED   742 _AD0INT	=	0x00ed
                           0000EC   743 _AD0BUSY	=	0x00ec
                           0000EB   744 _AD0WINT	=	0x00eb
                           0000EA   745 _AD0CM2	=	0x00ea
                           0000E9   746 _AD0CM1	=	0x00e9
                           0000E8   747 _AD0CM0	=	0x00e8
                           0000FF   748 _SPIF0	=	0x00ff
                           0000FE   749 _WCOL0	=	0x00fe
                           0000FD   750 _MODF0	=	0x00fd
                           0000FC   751 _RXOVRN0	=	0x00fc
                           0000FB   752 _NSS0MD1	=	0x00fb
                           0000FA   753 _NSS0MD0	=	0x00fa
                           0000F9   754 _TXBMT0	=	0x00f9
                           0000F8   755 _SPI0EN	=	0x00f8
                           0000FF   756 _SPIF1	=	0x00ff
                           0000FE   757 _WCOL1	=	0x00fe
                           0000FD   758 _MODF1	=	0x00fd
                           0000FC   759 _RXOVRN1	=	0x00fc
                           0000FB   760 _NSS1MD1	=	0x00fb
                           0000FA   761 _NSS1MD0	=	0x00fa
                           0000F9   762 _TXBMT1	=	0x00f9
                           0000F8   763 _SPI1EN	=	0x00f8
                           0000B6   764 _LED_RED	=	0x00b6
                           0000B7   765 _LED_GREEN	=	0x00b7
                           000082   766 _PIN_CONFIG	=	0x0082
                           000083   767 _PIN_ENABLE	=	0x0083
                           0000A5   768 _PA_ENABLE	=	0x00a5
                           000081   769 _IRQ	=	0x0081
                           0000A3   770 _NSS1	=	0x00a3
                                    771 ;--------------------------------------------------------
                                    772 ; overlayable register banks
                                    773 ;--------------------------------------------------------
                                    774 	.area REG_BANK_0	(REL,OVR,DATA)
      000000                        775 	.ds 8
                                    776 ;--------------------------------------------------------
                                    777 ; internal ram data
                                    778 ;--------------------------------------------------------
                                    779 	.area DSEG    (DATA)
                                    780 ;--------------------------------------------------------
                                    781 ; overlayable items in internal ram 
                                    782 ;--------------------------------------------------------
                                    783 ;--------------------------------------------------------
                                    784 ; indirectly addressable internal ram data
                                    785 ;--------------------------------------------------------
                                    786 	.area ISEG    (DATA)
                                    787 ;--------------------------------------------------------
                                    788 ; absolute internal ram data
                                    789 ;--------------------------------------------------------
                                    790 	.area IABS    (ABS,DATA)
                                    791 	.area IABS    (ABS,DATA)
                                    792 ;--------------------------------------------------------
                                    793 ; bit data
                                    794 ;--------------------------------------------------------
                                    795 	.area BSEG    (BIT)
                                    796 ;--------------------------------------------------------
                                    797 ; paged external ram data
                                    798 ;--------------------------------------------------------
                                    799 	.area PSEG    (PAG,XDATA)
                                    800 ;--------------------------------------------------------
                                    801 ; external ram data
                                    802 ;--------------------------------------------------------
                                    803 	.area XSEG    (XDATA)
      000000                        804 _GenerateDecryptionKey_PARM_2:
      000000                        805 	.ds 2
      000002                        806 _GenerateDecryptionKey_PARM_3:
      000002                        807 	.ds 1
      000003                        808 _GenerateDecryptionKey_encryptionKey_1_130:
      000003                        809 	.ds 2
      000005                        810 _GenerateDecryptionKey_addr_1_131:
      000005                        811 	.ds 2
                                    812 ;--------------------------------------------------------
                                    813 ; absolute external ram data
                                    814 ;--------------------------------------------------------
                                    815 	.area XABS    (ABS,XDATA)
                                    816 ;--------------------------------------------------------
                                    817 ; external initialized ram data
                                    818 ;--------------------------------------------------------
                                    819 	.area XISEG   (XDATA)
                                    820 	.area HOME    (CODE)
                                    821 	.area GSINIT0 (CODE)
                                    822 	.area GSINIT1 (CODE)
                                    823 	.area GSINIT2 (CODE)
                                    824 	.area GSINIT3 (CODE)
                                    825 	.area GSINIT4 (CODE)
                                    826 	.area GSINIT5 (CODE)
                                    827 	.area GSINIT  (CODE)
                                    828 	.area GSFINAL (CODE)
                                    829 	.area CSEG    (CODE)
                                    830 ;--------------------------------------------------------
                                    831 ; global & static initialisations
                                    832 ;--------------------------------------------------------
                                    833 	.area HOME    (CODE)
                                    834 	.area GSINIT  (CODE)
                                    835 	.area GSFINAL (CODE)
                                    836 	.area GSINIT  (CODE)
                                    837 ;--------------------------------------------------------
                                    838 ; Home
                                    839 ;--------------------------------------------------------
                                    840 	.area HOME    (CODE)
                                    841 	.area HOME    (CODE)
                                    842 ;--------------------------------------------------------
                                    843 ; code
                                    844 ;--------------------------------------------------------
                                    845 	.area CSEG    (CODE)
                                    846 ;------------------------------------------------------------
                                    847 ;Allocation info for local variables in function 'GenerateDecryptionKey'
                                    848 ;------------------------------------------------------------
                                    849 ;decryptionKey             Allocated with name '_GenerateDecryptionKey_PARM_2'
                                    850 ;keySize                   Allocated with name '_GenerateDecryptionKey_PARM_3'
                                    851 ;encryptionKey             Allocated with name '_GenerateDecryptionKey_encryptionKey_1_130'
                                    852 ;addr                      Allocated with name '_GenerateDecryptionKey_addr_1_131'
                                    853 ;keyLength                 Allocated with name '_GenerateDecryptionKey_keyLength_1_131'
                                    854 ;------------------------------------------------------------
                                    855 ;	radio/AES/GenerateDecryptionKey.c:84: GenerateDecryptionKey (
                                    856 ;	-----------------------------------------
                                    857 ;	 function GenerateDecryptionKey
                                    858 ;	-----------------------------------------
      000000                        859 _GenerateDecryptionKey:
                           000007   860 	ar7 = 0x07
                           000006   861 	ar6 = 0x06
                           000005   862 	ar5 = 0x05
                           000004   863 	ar4 = 0x04
                           000003   864 	ar3 = 0x03
                           000002   865 	ar2 = 0x02
                           000001   866 	ar1 = 0x01
                           000000   867 	ar0 = 0x00
      000000 AF 83            [24]  868 	mov	r7,dph
      000002 E5 82            [12]  869 	mov	a,dpl
      000004 90r00r03         [24]  870 	mov	dptr,#_GenerateDecryptionKey_encryptionKey_1_130
      000007 F0               [24]  871 	movx	@dptr,a
      000008 EF               [12]  872 	mov	a,r7
      000009 A3               [24]  873 	inc	dptr
      00000A F0               [24]  874 	movx	@dptr,a
                                    875 ;	radio/AES/GenerateDecryptionKey.c:95: if(keySize >= KEY_SIZE_UNDEFINED)
      00000B 90r00r02         [24]  876 	mov	dptr,#_GenerateDecryptionKey_PARM_3
      00000E E0               [24]  877 	movx	a,@dptr
      00000F FF               [12]  878 	mov	r7,a
      000010 BF 03 00         [24]  879 	cjne	r7,#0x03,00133$
      000013                        880 00133$:
      000013 40 04            [24]  881 	jc	00102$
                                    882 ;	radio/AES/GenerateDecryptionKey.c:97: return ERROR_INVALID_PARAMETER;
      000015 75 82 01         [24]  883 	mov	dpl,#0x01
      000018 22               [24]  884 	ret
      000019                        885 00102$:
                                    886 ;	radio/AES/GenerateDecryptionKey.c:102: keyLength = ((keySize + 2) << 3);
      000019 74 02            [12]  887 	mov	a,#0x02
      00001B 2F               [12]  888 	add	a,r7
      00001C C4               [12]  889 	swap	a
      00001D 03               [12]  890 	rr	a
      00001E 54 F8            [12]  891 	anl	a,#0xF8
      000020 FE               [12]  892 	mov	r6,a
                                    893 ;	radio/AES/GenerateDecryptionKey.c:105: SFRPAGE = DPPE_PAGE;
      000021 75 A7 02         [24]  894 	mov	_SFRPAGE,#0x02
                                    895 ;	radio/AES/GenerateDecryptionKey.c:107: AES0BCFG = 0x00;                      // disable, for now
      000024 75 E9 00         [24]  896 	mov	_AES0BCFG,#0x00
                                    897 ;	radio/AES/GenerateDecryptionKey.c:108: AES0DCFG = 0x00;                      // disable for now
      000027 75 EA 00         [24]  898 	mov	_AES0DCFG,#0x00
                                    899 ;	radio/AES/GenerateDecryptionKey.c:111: DMA0EN &= ~AES0_KBY_MASK;
      00002A AD D2            [24]  900 	mov	r5,_DMA0EN
      00002C 74 A7            [12]  901 	mov	a,#0xA7
      00002E 5D               [12]  902 	anl	a,r5
      00002F F5 D2            [12]  903 	mov	_DMA0EN,a
                                    904 ;	radio/AES/GenerateDecryptionKey.c:117: DMA0SEL  = AES0KIN_CHANNEL;
      000031 75 D1 03         [24]  905 	mov	_DMA0SEL,#0x03
                                    906 ;	radio/AES/GenerateDecryptionKey.c:118: DMA0NCF  = AES0KIN_PERIPHERAL_REQUEST;
      000034 75 C9 05         [24]  907 	mov	_DMA0NCF,#0x05
                                    908 ;	radio/AES/GenerateDecryptionKey.c:119: DMA0NMD  = NO_WRAPPING;
      000037 75 D6 00         [24]  909 	mov	_DMA0NMD,#0x00
                                    910 ;	radio/AES/GenerateDecryptionKey.c:120: addr.U16 = (U16)(encryptionKey);
      00003A 90r00r03         [24]  911 	mov	dptr,#_GenerateDecryptionKey_encryptionKey_1_130
      00003D E0               [24]  912 	movx	a,@dptr
      00003E FC               [12]  913 	mov	r4,a
      00003F A3               [24]  914 	inc	dptr
      000040 E0               [24]  915 	movx	a,@dptr
      000041 FD               [12]  916 	mov	r5,a
      000042 90r00r05         [24]  917 	mov	dptr,#_GenerateDecryptionKey_addr_1_131
      000045 EC               [12]  918 	mov	a,r4
      000046 F0               [24]  919 	movx	@dptr,a
      000047 ED               [12]  920 	mov	a,r5
      000048 A3               [24]  921 	inc	dptr
      000049 F0               [24]  922 	movx	@dptr,a
                                    923 ;	radio/AES/GenerateDecryptionKey.c:121: DMA0NBAL = addr.U8[LSB];
      00004A 90r00r05         [24]  924 	mov	dptr,#_GenerateDecryptionKey_addr_1_131
      00004D E0               [24]  925 	movx	a,@dptr
      00004E F5 CA            [12]  926 	mov	_DMA0NBAL,a
                                    927 ;	radio/AES/GenerateDecryptionKey.c:122: DMA0NBAH = addr.U8[MSB];
      000050 90r00r06         [24]  928 	mov	dptr,#(_GenerateDecryptionKey_addr_1_131 + 0x0001)
      000053 E0               [24]  929 	movx	a,@dptr
      000054 F5 CB            [12]  930 	mov	_DMA0NBAH,a
                                    931 ;	radio/AES/GenerateDecryptionKey.c:123: DMA0NSZH = 0;
      000056 75 CF 00         [24]  932 	mov	_DMA0NSZH,#0x00
                                    933 ;	radio/AES/GenerateDecryptionKey.c:124: DMA0NSZL = keyLength;
      000059 8E CE            [24]  934 	mov	_DMA0NSZL,r6
                                    935 ;	radio/AES/GenerateDecryptionKey.c:125: DMA0NAOL = 0;
      00005B 75 CC 00         [24]  936 	mov	_DMA0NAOL,#0x00
                                    937 ;	radio/AES/GenerateDecryptionKey.c:126: DMA0NAOH = 0;
      00005E 75 CD 00         [24]  938 	mov	_DMA0NAOH,#0x00
                                    939 ;	radio/AES/GenerateDecryptionKey.c:133: DMA0SEL  = AES0BIN_CHANNEL;
      000061 75 D1 04         [24]  940 	mov	_DMA0SEL,#0x04
                                    941 ;	radio/AES/GenerateDecryptionKey.c:134: DMA0NCF  = AES0BIN_PERIPHERAL_REQUEST;
      000064 75 C9 06         [24]  942 	mov	_DMA0NCF,#0x06
                                    943 ;	radio/AES/GenerateDecryptionKey.c:135: DMA0NMD  = NO_WRAPPING;
      000067 75 D6 00         [24]  944 	mov	_DMA0NMD,#0x00
                                    945 ;	radio/AES/GenerateDecryptionKey.c:136: DMA0NBAL = 0x00;
      00006A 75 CA 00         [24]  946 	mov	_DMA0NBAL,#0x00
                                    947 ;	radio/AES/GenerateDecryptionKey.c:137: DMA0NBAH = 0x00;
      00006D 75 CB 00         [24]  948 	mov	_DMA0NBAH,#0x00
                                    949 ;	radio/AES/GenerateDecryptionKey.c:138: DMA0NSZH = 0;
      000070 75 CF 00         [24]  950 	mov	_DMA0NSZH,#0x00
                                    951 ;	radio/AES/GenerateDecryptionKey.c:139: DMA0NSZL = 16;                       // one block
      000073 75 CE 10         [24]  952 	mov	_DMA0NSZL,#0x10
                                    953 ;	radio/AES/GenerateDecryptionKey.c:140: DMA0NAOL = 0;
      000076 75 CC 00         [24]  954 	mov	_DMA0NAOL,#0x00
                                    955 ;	radio/AES/GenerateDecryptionKey.c:141: DMA0NAOH = 0;
      000079 75 CD 00         [24]  956 	mov	_DMA0NAOH,#0x00
                                    957 ;	radio/AES/GenerateDecryptionKey.c:147: DMA0SEL = AES0YOUT_CHANNEL;
      00007C 75 D1 06         [24]  958 	mov	_DMA0SEL,#0x06
                                    959 ;	radio/AES/GenerateDecryptionKey.c:148: DMA0NCF = AES0YOUT_PERIPHERAL_REQUEST|DMA_INT_EN;
      00007F 75 C9 88         [24]  960 	mov	_DMA0NCF,#0x88
                                    961 ;	radio/AES/GenerateDecryptionKey.c:149: DMA0NMD = NO_WRAPPING;
      000082 75 D6 00         [24]  962 	mov	_DMA0NMD,#0x00
                                    963 ;	radio/AES/GenerateDecryptionKey.c:150: addr.U16 = (U16)(decryptionKey);
      000085 90r00r00         [24]  964 	mov	dptr,#_GenerateDecryptionKey_PARM_2
      000088 E0               [24]  965 	movx	a,@dptr
      000089 FC               [12]  966 	mov	r4,a
      00008A A3               [24]  967 	inc	dptr
      00008B E0               [24]  968 	movx	a,@dptr
      00008C FD               [12]  969 	mov	r5,a
      00008D 90r00r05         [24]  970 	mov	dptr,#_GenerateDecryptionKey_addr_1_131
      000090 EC               [12]  971 	mov	a,r4
      000091 F0               [24]  972 	movx	@dptr,a
      000092 ED               [12]  973 	mov	a,r5
      000093 A3               [24]  974 	inc	dptr
      000094 F0               [24]  975 	movx	@dptr,a
                                    976 ;	radio/AES/GenerateDecryptionKey.c:151: DMA0NBAL = addr.U8[LSB];
      000095 90r00r05         [24]  977 	mov	dptr,#_GenerateDecryptionKey_addr_1_131
      000098 E0               [24]  978 	movx	a,@dptr
      000099 F5 CA            [12]  979 	mov	_DMA0NBAL,a
                                    980 ;	radio/AES/GenerateDecryptionKey.c:152: DMA0NBAH = addr.U8[MSB];
      00009B 90r00r06         [24]  981 	mov	dptr,#(_GenerateDecryptionKey_addr_1_131 + 0x0001)
      00009E E0               [24]  982 	movx	a,@dptr
      00009F F5 CB            [12]  983 	mov	_DMA0NBAH,a
                                    984 ;	radio/AES/GenerateDecryptionKey.c:153: DMA0NSZH = 0;
      0000A1 75 CF 00         [24]  985 	mov	_DMA0NSZH,#0x00
                                    986 ;	radio/AES/GenerateDecryptionKey.c:154: DMA0NSZL = keyLength;
      0000A4 8E CE            [24]  987 	mov	_DMA0NSZL,r6
                                    988 ;	radio/AES/GenerateDecryptionKey.c:155: DMA0NAOH = 0;
      0000A6 75 CD 00         [24]  989 	mov	_DMA0NAOH,#0x00
                                    990 ;	radio/AES/GenerateDecryptionKey.c:158: if (keySize> KEY_SIZE_128_BITS)     // if extended key
      0000A9 EF               [12]  991 	mov	a,r7
      0000AA 60 05            [24]  992 	jz	00105$
                                    993 ;	radio/AES/GenerateDecryptionKey.c:159: DMA0NAOL = 0x10;                 // point to extended portion
      0000AC 75 CC 10         [24]  994 	mov	_DMA0NAOL,#0x10
      0000AF 80 03            [24]  995 	sjmp	00106$
      0000B1                        996 00105$:
                                    997 ;	radio/AES/GenerateDecryptionKey.c:161: DMA0NAOL = 0x00;                 // else point to start
      0000B1 75 CC 00         [24]  998 	mov	_DMA0NAOL,#0x00
      0000B4                        999 00106$:
                                   1000 ;	radio/AES/GenerateDecryptionKey.c:164: DMA0INT &= ~AES0_KBY_MASK;
      0000B4 AE D3            [24] 1001 	mov	r6,_DMA0INT
      0000B6 74 A7            [12] 1002 	mov	a,#0xA7
      0000B8 5E               [12] 1003 	anl	a,r6
      0000B9 F5 D3            [12] 1004 	mov	_DMA0INT,a
                                   1005 ;	radio/AES/GenerateDecryptionKey.c:168: DMA0EN  |=  AES0_KBY_MASK;
      0000BB 43 D2 58         [24] 1006 	orl	_DMA0EN,#0x58
                                   1007 ;	radio/AES/GenerateDecryptionKey.c:171: AES0DCFG = INVERSE_KEY;
      0000BE 75 EA 04         [24] 1008 	mov	_AES0DCFG,#0x04
                                   1009 ;	radio/AES/GenerateDecryptionKey.c:174: AES0BCFG = keySize;
      0000C1 8F E9            [24] 1010 	mov	_AES0BCFG,r7
                                   1011 ;	radio/AES/GenerateDecryptionKey.c:177: AES0BCFG |= ENCRYPTION_MODE;
      0000C3 43 E9 04         [24] 1012 	orl	_AES0BCFG,#0x04
                                   1013 ;	radio/AES/GenerateDecryptionKey.c:180: AES0BCFG |= AES_ENABLE;
      0000C6 43 E9 08         [24] 1014 	orl	_AES0BCFG,#0x08
                                   1015 ;	radio/AES/GenerateDecryptionKey.c:183: EIE2 |= 0x20;
      0000C9 43 E7 20         [24] 1016 	orl	_EIE2,#0x20
                                   1017 ;	radio/AES/GenerateDecryptionKey.c:188: do
      0000CC                       1018 00107$:
                                   1019 ;	radio/AES/GenerateDecryptionKey.c:193: }  while((DMA0INT & AES0YOUT_MASK)==0);
      0000CC E5 D3            [12] 1020 	mov	a,_DMA0INT
      0000CE 30 E6 FB         [24] 1021 	jnb	acc.6,00107$
                                   1022 ;	radio/AES/GenerateDecryptionKey.c:195: if (keySize> KEY_SIZE_128_BITS)     // if extended key
      0000D1 EF               [12] 1023 	mov	a,r7
      0000D2 60 22            [24] 1024 	jz	00112$
                                   1025 ;	radio/AES/GenerateDecryptionKey.c:202: DMA0EN &= ~AES0_KBY_MASK;
      0000D4 AF D2            [24] 1026 	mov	r7,_DMA0EN
      0000D6 74 A7            [12] 1027 	mov	a,#0xA7
      0000D8 5F               [12] 1028 	anl	a,r7
      0000D9 F5 D2            [12] 1029 	mov	_DMA0EN,a
                                   1030 ;	radio/AES/GenerateDecryptionKey.c:204: DMA0SEL = AES0YOUT_CHANNEL;      // select AES0YOUT DMA ch
      0000DB 75 D1 06         [24] 1031 	mov	_DMA0SEL,#0x06
                                   1032 ;	radio/AES/GenerateDecryptionKey.c:205: DMA0NAOL = 0;                    // reset pointer
      0000DE 75 CC 00         [24] 1033 	mov	_DMA0NAOL,#0x00
                                   1034 ;	radio/AES/GenerateDecryptionKey.c:206: DMA0NSZL = 0x10;                 // set length to 16 (128-bits)
      0000E1 75 CE 10         [24] 1035 	mov	_DMA0NSZL,#0x10
                                   1036 ;	radio/AES/GenerateDecryptionKey.c:209: DMA0INT &= ~AES0_KBXY_MASK;
      0000E4 AF D3            [24] 1037 	mov	r7,_DMA0INT
      0000E6 74 87            [12] 1038 	mov	a,#0x87
      0000E8 5F               [12] 1039 	anl	a,r7
      0000E9 F5 D3            [12] 1040 	mov	_DMA0INT,a
                                   1041 ;	radio/AES/GenerateDecryptionKey.c:213: DMA0EN  |=  AES0YOUT_MASK;
      0000EB 43 D2 40         [24] 1042 	orl	_DMA0EN,#0x40
                                   1043 ;	radio/AES/GenerateDecryptionKey.c:216: EIE2 |= 0x20;
      0000EE 43 E7 20         [24] 1044 	orl	_EIE2,#0x20
                                   1045 ;	radio/AES/GenerateDecryptionKey.c:220: do
      0000F1                       1046 00109$:
                                   1047 ;	radio/AES/GenerateDecryptionKey.c:225: }  while((DMA0INT & AES0YOUT_MASK)==0);
      0000F1 E5 D3            [12] 1048 	mov	a,_DMA0INT
      0000F3 30 E6 FB         [24] 1049 	jnb	acc.6,00109$
      0000F6                       1050 00112$:
                                   1051 ;	radio/AES/GenerateDecryptionKey.c:229: AES0BCFG = 0x00;
      0000F6 75 E9 00         [24] 1052 	mov	_AES0BCFG,#0x00
                                   1053 ;	radio/AES/GenerateDecryptionKey.c:230: AES0DCFG = 0x00;
      0000F9 75 EA 00         [24] 1054 	mov	_AES0DCFG,#0x00
                                   1055 ;	radio/AES/GenerateDecryptionKey.c:233: DMA0EN &= ~AES0_KBY_MASK;
      0000FC AF D2            [24] 1056 	mov	r7,_DMA0EN
      0000FE 74 A7            [12] 1057 	mov	a,#0xA7
      000100 5F               [12] 1058 	anl	a,r7
      000101 F5 D2            [12] 1059 	mov	_DMA0EN,a
                                   1060 ;	radio/AES/GenerateDecryptionKey.c:235: DMA0INT &= ~AES0_KBY_MASK;
      000103 AF D3            [24] 1061 	mov	r7,_DMA0INT
      000105 74 A7            [12] 1062 	mov	a,#0xA7
      000107 5F               [12] 1063 	anl	a,r7
      000108 F5 D3            [12] 1064 	mov	_DMA0INT,a
                                   1065 ;	radio/AES/GenerateDecryptionKey.c:237: return SUCCESS;
      00010A 75 82 00         [24] 1066 	mov	dpl,#0x00
      00010D 22               [24] 1067 	ret
                                   1068 	.area CSEG    (CODE)
                                   1069 	.area CONST   (CODE)
                                   1070 	.area XINIT   (CODE)
                                   1071 	.area CABS    (ABS,CODE)
