                                      1 ;--------------------------------------------------------
                                      2 ; File Created by SDCC : free open source ANSI-C Compiler
                                      3 ; Version 3.5.0 #9253 (Sep  7 2022) (Linux)
                                      4 ; This file was generated Wed Sep  7 10:05:08 2022
                                      5 ;--------------------------------------------------------
                                      6 	.module flash
                                      7 	.optsdcc -mmcs51 --model-large
                                      8 	
                                      9 ;--------------------------------------------------------
                                     10 ; Public variables in this module
                                     11 ;--------------------------------------------------------
                                     12 	.globl _app_signature
                                     13 	.globl _NSS1
                                     14 	.globl _IRQ
                                     15 	.globl _PIN_ENABLE
                                     16 	.globl _PIN_CONFIG
                                     17 	.globl _LED_GREEN
                                     18 	.globl _LED_RED
                                     19 	.globl _SPI1EN
                                     20 	.globl _TXBMT1
                                     21 	.globl _NSS1MD0
                                     22 	.globl _NSS1MD1
                                     23 	.globl _RXOVRN1
                                     24 	.globl _MODF1
                                     25 	.globl _WCOL1
                                     26 	.globl _SPIF1
                                     27 	.globl _SPI0EN
                                     28 	.globl _TXBMT0
                                     29 	.globl _NSS0MD0
                                     30 	.globl _NSS0MD1
                                     31 	.globl _RXOVRN0
                                     32 	.globl _MODF0
                                     33 	.globl _WCOL0
                                     34 	.globl _SPIF0
                                     35 	.globl _AD0CM0
                                     36 	.globl _AD0CM1
                                     37 	.globl _AD0CM2
                                     38 	.globl _AD0WINT
                                     39 	.globl _AD0BUSY
                                     40 	.globl _AD0INT
                                     41 	.globl _BURSTEN
                                     42 	.globl _AD0EN
                                     43 	.globl _CCF0
                                     44 	.globl _CCF1
                                     45 	.globl _CCF2
                                     46 	.globl _CCF3
                                     47 	.globl _CCF4
                                     48 	.globl _CCF5
                                     49 	.globl _CR
                                     50 	.globl _CF
                                     51 	.globl _P
                                     52 	.globl _F1
                                     53 	.globl _OV
                                     54 	.globl _RS0
                                     55 	.globl _RS1
                                     56 	.globl _F0
                                     57 	.globl _AC
                                     58 	.globl _CY
                                     59 	.globl _T2XCLK
                                     60 	.globl _T2RCLK
                                     61 	.globl _TR2
                                     62 	.globl _T2SPLIT
                                     63 	.globl _TF2CEN
                                     64 	.globl _TF2LEN
                                     65 	.globl _TF2L
                                     66 	.globl _TF2H
                                     67 	.globl _SI
                                     68 	.globl _ACK
                                     69 	.globl _ARBLOST
                                     70 	.globl _ACKRQ
                                     71 	.globl _STO
                                     72 	.globl _STA
                                     73 	.globl _TXMODE
                                     74 	.globl _MASTER
                                     75 	.globl _PX0
                                     76 	.globl _PT0
                                     77 	.globl _PX1
                                     78 	.globl _PT1
                                     79 	.globl _PS0
                                     80 	.globl _PT2
                                     81 	.globl _PSPI0
                                     82 	.globl _EX0
                                     83 	.globl _ET0
                                     84 	.globl _EX1
                                     85 	.globl _ET1
                                     86 	.globl _ES0
                                     87 	.globl _ET2
                                     88 	.globl _ESPI0
                                     89 	.globl _EA
                                     90 	.globl _RI0
                                     91 	.globl _TI0
                                     92 	.globl _RB80
                                     93 	.globl _TB80
                                     94 	.globl _REN0
                                     95 	.globl _MCE0
                                     96 	.globl _S0MODE
                                     97 	.globl _IT0
                                     98 	.globl _IE0
                                     99 	.globl _IT1
                                    100 	.globl _IE1
                                    101 	.globl _TR0
                                    102 	.globl _TF0
                                    103 	.globl _TR1
                                    104 	.globl _TF1
                                    105 	.globl __XPAGE
                                    106 	.globl _PCA0CP4
                                    107 	.globl _PCA0CP0
                                    108 	.globl _PCA0
                                    109 	.globl _PCA0CP3
                                    110 	.globl _PCA0CP2
                                    111 	.globl _PCA0CP1
                                    112 	.globl _PCA0CP5
                                    113 	.globl _TMR2
                                    114 	.globl _TMR2RL
                                    115 	.globl _ADC0LT
                                    116 	.globl _ADC0GT
                                    117 	.globl _ADC0
                                    118 	.globl _TMR3
                                    119 	.globl _TMR3RL
                                    120 	.globl _TOFF
                                    121 	.globl _DP
                                    122 	.globl _PCLKEN
                                    123 	.globl _CLKMODE
                                    124 	.globl _P7MDOUT
                                    125 	.globl _P6MDOUT
                                    126 	.globl _P5MDOUT
                                    127 	.globl _P4MDOUT
                                    128 	.globl _PCLKACT
                                    129 	.globl _P6MDIN
                                    130 	.globl _P5MDIN
                                    131 	.globl _P4MDIN
                                    132 	.globl _P3MDIN
                                    133 	.globl _DEVICEID
                                    134 	.globl _REVID
                                    135 	.globl _HWID
                                    136 	.globl _P7
                                    137 	.globl _P6
                                    138 	.globl _P5
                                    139 	.globl _P4
                                    140 	.globl _TOFFH
                                    141 	.globl _TOFFL
                                    142 	.globl _ADC0TK
                                    143 	.globl _ADC0PWR
                                    144 	.globl _IREF0CF
                                    145 	.globl _FLSCL
                                    146 	.globl _OSCICL
                                    147 	.globl _OSCIFL
                                    148 	.globl _P3MDOUT
                                    149 	.globl _LCD0BUFCF
                                    150 	.globl _P7DRV
                                    151 	.globl _P6DRV
                                    152 	.globl _P2DRV
                                    153 	.globl _P1DRV
                                    154 	.globl _P0DRV
                                    155 	.globl _P5DRV
                                    156 	.globl _P4DRV
                                    157 	.globl _P3DRV
                                    158 	.globl _LCD0BUFCN
                                    159 	.globl _CRC0CNT
                                    160 	.globl _CRC0AUTO
                                    161 	.globl _CRC0FLIP
                                    162 	.globl _CRC0IN
                                    163 	.globl _CRC0CN
                                    164 	.globl _CRC0DAT
                                    165 	.globl _SFRPGCN
                                    166 	.globl _DC0RDY
                                    167 	.globl _PC0INT1
                                    168 	.globl _PC0INT0
                                    169 	.globl _PC0DCH
                                    170 	.globl _PC0DCL
                                    171 	.globl _SPI1CN
                                    172 	.globl _AES0YOUT
                                    173 	.globl _PC0HIST
                                    174 	.globl _PC0CMP1H
                                    175 	.globl _PC0CMP1M
                                    176 	.globl _PC0CMP1L
                                    177 	.globl _AES0KBA
                                    178 	.globl _AES0DBA
                                    179 	.globl _AES0KIN
                                    180 	.globl _AES0XIN
                                    181 	.globl _AES0BIN
                                    182 	.globl _AES0DCFG
                                    183 	.globl _AES0BCFG
                                    184 	.globl _PC0TH
                                    185 	.globl _PC0CMP0H
                                    186 	.globl _PC0CMP0M
                                    187 	.globl _PC0CMP0L
                                    188 	.globl _PC0CTR1H
                                    189 	.globl _PC0CTR1M
                                    190 	.globl _PC0CTR1L
                                    191 	.globl _PC0CTR0H
                                    192 	.globl _PC0CTR0M
                                    193 	.globl _PC0CTR0L
                                    194 	.globl _PC0MD
                                    195 	.globl _PC0PCF
                                    196 	.globl _DMA0NMD
                                    197 	.globl _DMA0BUSY
                                    198 	.globl _DMA0MINT
                                    199 	.globl _DMA0INT
                                    200 	.globl _DMA0EN
                                    201 	.globl _DMA0SEL
                                    202 	.globl _DMA0NSZH
                                    203 	.globl _DMA0NSZL
                                    204 	.globl _DMA0NAOH
                                    205 	.globl _DMA0NAOL
                                    206 	.globl _DMA0NBAH
                                    207 	.globl _DMA0NBAL
                                    208 	.globl _DMA0NCF
                                    209 	.globl _VREGINSDH
                                    210 	.globl _VREGINSDL
                                    211 	.globl _ENC0CN
                                    212 	.globl _ENC0H
                                    213 	.globl _ENC0M
                                    214 	.globl _ENC0L
                                    215 	.globl _PC0STAT
                                    216 	.globl _CRC1CN
                                    217 	.globl _CRC1POLH
                                    218 	.globl _CRC1POLL
                                    219 	.globl _CRC1OUTH
                                    220 	.globl _CRC1OUTL
                                    221 	.globl _CRC1IN
                                    222 	.globl _LCD0BUFMD
                                    223 	.globl _LCD0CHPCN
                                    224 	.globl _DC0MD
                                    225 	.globl _DC0CF
                                    226 	.globl _DC0CN
                                    227 	.globl _LCD0VBMCF
                                    228 	.globl _LCD0CHPMD
                                    229 	.globl _LCD0CHPCF
                                    230 	.globl _LCD0MSCF
                                    231 	.globl _LCD0MSCN
                                    232 	.globl _LCD0CLKDIVH
                                    233 	.globl _LCD0CLKDIVL
                                    234 	.globl _LCD0VBMCN
                                    235 	.globl _LCD0CF
                                    236 	.globl _LCD0PWR
                                    237 	.globl _SPI1DAT
                                    238 	.globl _SPI1CKR
                                    239 	.globl _SPI1CFG
                                    240 	.globl _LCD0TOGR
                                    241 	.globl _LCD0BLINK
                                    242 	.globl _LCD0CN
                                    243 	.globl _LCD0CNTRST
                                    244 	.globl _LCD0DF
                                    245 	.globl _LCD0DE
                                    246 	.globl _LCD0DD
                                    247 	.globl _LCD0DC
                                    248 	.globl _LCD0DB
                                    249 	.globl _LCD0DA
                                    250 	.globl _LCD0D9
                                    251 	.globl _LCD0D8
                                    252 	.globl _LCD0D7
                                    253 	.globl _LCD0D6
                                    254 	.globl _LCD0D5
                                    255 	.globl _LCD0D4
                                    256 	.globl _LCD0D3
                                    257 	.globl _LCD0D2
                                    258 	.globl _LCD0D1
                                    259 	.globl _LCD0D0
                                    260 	.globl _VDM0CN
                                    261 	.globl _PCA0CPH4
                                    262 	.globl _PCA0CPL4
                                    263 	.globl _PCA0CPH0
                                    264 	.globl _PCA0CPL0
                                    265 	.globl _PCA0H
                                    266 	.globl _PCA0L
                                    267 	.globl _SPI0CN
                                    268 	.globl _EIP2
                                    269 	.globl _EIP1
                                    270 	.globl _SMB0ADM
                                    271 	.globl _SMB0ADR
                                    272 	.globl _P2MDIN
                                    273 	.globl _P1MDIN
                                    274 	.globl _P0MDIN
                                    275 	.globl _B
                                    276 	.globl _RSTSRC
                                    277 	.globl _PCA0CPH3
                                    278 	.globl _PCA0CPL3
                                    279 	.globl _PCA0CPH2
                                    280 	.globl _PCA0CPL2
                                    281 	.globl _PCA0CPH1
                                    282 	.globl _PCA0CPL1
                                    283 	.globl _ADC0CN
                                    284 	.globl _EIE2
                                    285 	.globl _EIE1
                                    286 	.globl _FLWR
                                    287 	.globl _IT01CF
                                    288 	.globl _XBR2
                                    289 	.globl _XBR1
                                    290 	.globl _XBR0
                                    291 	.globl _ACC
                                    292 	.globl _PCA0PWM
                                    293 	.globl _PCA0CPM4
                                    294 	.globl _PCA0CPM3
                                    295 	.globl _PCA0CPM2
                                    296 	.globl _PCA0CPM1
                                    297 	.globl _PCA0CPM0
                                    298 	.globl _PCA0MD
                                    299 	.globl _PCA0CN
                                    300 	.globl _P0MAT
                                    301 	.globl _P2SKIP
                                    302 	.globl _P1SKIP
                                    303 	.globl _P0SKIP
                                    304 	.globl _PCA0CPH5
                                    305 	.globl _PCA0CPL5
                                    306 	.globl _REF0CN
                                    307 	.globl _PSW
                                    308 	.globl _P1MAT
                                    309 	.globl _PCA0CPM5
                                    310 	.globl _TMR2H
                                    311 	.globl _TMR2L
                                    312 	.globl _TMR2RLH
                                    313 	.globl _TMR2RLL
                                    314 	.globl _REG0CN
                                    315 	.globl _TMR2CN
                                    316 	.globl _P0MASK
                                    317 	.globl _ADC0LTH
                                    318 	.globl _ADC0LTL
                                    319 	.globl _ADC0GTH
                                    320 	.globl _ADC0GTL
                                    321 	.globl _SMB0DAT
                                    322 	.globl _SMB0CF
                                    323 	.globl _SMB0CN
                                    324 	.globl _P1MASK
                                    325 	.globl _ADC0H
                                    326 	.globl _ADC0L
                                    327 	.globl _ADC0CF
                                    328 	.globl _ADC0MX
                                    329 	.globl _ADC0AC
                                    330 	.globl _IREF0CN
                                    331 	.globl _IP
                                    332 	.globl _FLKEY
                                    333 	.globl _PMU0FL
                                    334 	.globl _PMU0CF
                                    335 	.globl _PMU0MD
                                    336 	.globl _OSCICN
                                    337 	.globl _OSCXCN
                                    338 	.globl _P3
                                    339 	.globl _EMI0TC
                                    340 	.globl _RTC0KEY
                                    341 	.globl _RTC0DAT
                                    342 	.globl _RTC0ADR
                                    343 	.globl _EMI0CF
                                    344 	.globl _EMI0CN
                                    345 	.globl _CLKSEL
                                    346 	.globl _IE
                                    347 	.globl _SFRPAGE
                                    348 	.globl _P2MDOUT
                                    349 	.globl _P1MDOUT
                                    350 	.globl _P0MDOUT
                                    351 	.globl _SPI0DAT
                                    352 	.globl _SPI0CKR
                                    353 	.globl _SPI0CFG
                                    354 	.globl _P2
                                    355 	.globl _CPT0MX
                                    356 	.globl _CPT1MX
                                    357 	.globl _CPT0MD
                                    358 	.globl _CPT1MD
                                    359 	.globl _CPT0CN
                                    360 	.globl _CPT1CN
                                    361 	.globl _SBUF0
                                    362 	.globl _SCON0
                                    363 	.globl _TMR3H
                                    364 	.globl _TMR3L
                                    365 	.globl _TMR3RLH
                                    366 	.globl _TMR3RLL
                                    367 	.globl _TMR3CN
                                    368 	.globl _P1
                                    369 	.globl _PSCTL
                                    370 	.globl _CKCON
                                    371 	.globl _TH1
                                    372 	.globl _TH0
                                    373 	.globl _TL1
                                    374 	.globl _TL0
                                    375 	.globl _TMOD
                                    376 	.globl _TCON
                                    377 	.globl _PCON
                                    378 	.globl _SFRLAST
                                    379 	.globl _SFRNEXT
                                    380 	.globl _PSBANK
                                    381 	.globl _DPH
                                    382 	.globl _DPL
                                    383 	.globl _SP
                                    384 	.globl _P0
                                    385 	.globl _flash_write_scratch_PARM_2
                                    386 	.globl _flash_erase_scratch
                                    387 	.globl _flash_read_scratch
                                    388 	.globl _flash_write_scratch
                                    389 ;--------------------------------------------------------
                                    390 ; special function registers
                                    391 ;--------------------------------------------------------
                                    392 	.area RSEG    (ABS,DATA)
      000000                        393 	.org 0x0000
                           000080   394 _P0	=	0x0080
                           000081   395 _SP	=	0x0081
                           000082   396 _DPL	=	0x0082
                           000083   397 _DPH	=	0x0083
                           000084   398 _PSBANK	=	0x0084
                           000085   399 _SFRNEXT	=	0x0085
                           000086   400 _SFRLAST	=	0x0086
                           000087   401 _PCON	=	0x0087
                           000088   402 _TCON	=	0x0088
                           000089   403 _TMOD	=	0x0089
                           00008A   404 _TL0	=	0x008a
                           00008B   405 _TL1	=	0x008b
                           00008C   406 _TH0	=	0x008c
                           00008D   407 _TH1	=	0x008d
                           00008E   408 _CKCON	=	0x008e
                           00008F   409 _PSCTL	=	0x008f
                           000090   410 _P1	=	0x0090
                           000091   411 _TMR3CN	=	0x0091
                           000092   412 _TMR3RLL	=	0x0092
                           000093   413 _TMR3RLH	=	0x0093
                           000094   414 _TMR3L	=	0x0094
                           000095   415 _TMR3H	=	0x0095
                           000098   416 _SCON0	=	0x0098
                           000099   417 _SBUF0	=	0x0099
                           00009A   418 _CPT1CN	=	0x009a
                           00009B   419 _CPT0CN	=	0x009b
                           00009C   420 _CPT1MD	=	0x009c
                           00009D   421 _CPT0MD	=	0x009d
                           00009E   422 _CPT1MX	=	0x009e
                           00009F   423 _CPT0MX	=	0x009f
                           0000A0   424 _P2	=	0x00a0
                           0000A1   425 _SPI0CFG	=	0x00a1
                           0000A2   426 _SPI0CKR	=	0x00a2
                           0000A3   427 _SPI0DAT	=	0x00a3
                           0000A4   428 _P0MDOUT	=	0x00a4
                           0000A5   429 _P1MDOUT	=	0x00a5
                           0000A6   430 _P2MDOUT	=	0x00a6
                           0000A7   431 _SFRPAGE	=	0x00a7
                           0000A8   432 _IE	=	0x00a8
                           0000A9   433 _CLKSEL	=	0x00a9
                           0000AA   434 _EMI0CN	=	0x00aa
                           0000AB   435 _EMI0CF	=	0x00ab
                           0000AC   436 _RTC0ADR	=	0x00ac
                           0000AD   437 _RTC0DAT	=	0x00ad
                           0000AE   438 _RTC0KEY	=	0x00ae
                           0000AF   439 _EMI0TC	=	0x00af
                           0000B0   440 _P3	=	0x00b0
                           0000B1   441 _OSCXCN	=	0x00b1
                           0000B2   442 _OSCICN	=	0x00b2
                           0000B3   443 _PMU0MD	=	0x00b3
                           0000B5   444 _PMU0CF	=	0x00b5
                           0000B6   445 _PMU0FL	=	0x00b6
                           0000B7   446 _FLKEY	=	0x00b7
                           0000B8   447 _IP	=	0x00b8
                           0000B9   448 _IREF0CN	=	0x00b9
                           0000BA   449 _ADC0AC	=	0x00ba
                           0000BB   450 _ADC0MX	=	0x00bb
                           0000BC   451 _ADC0CF	=	0x00bc
                           0000BD   452 _ADC0L	=	0x00bd
                           0000BE   453 _ADC0H	=	0x00be
                           0000BF   454 _P1MASK	=	0x00bf
                           0000C0   455 _SMB0CN	=	0x00c0
                           0000C1   456 _SMB0CF	=	0x00c1
                           0000C2   457 _SMB0DAT	=	0x00c2
                           0000C3   458 _ADC0GTL	=	0x00c3
                           0000C4   459 _ADC0GTH	=	0x00c4
                           0000C5   460 _ADC0LTL	=	0x00c5
                           0000C6   461 _ADC0LTH	=	0x00c6
                           0000C7   462 _P0MASK	=	0x00c7
                           0000C8   463 _TMR2CN	=	0x00c8
                           0000C9   464 _REG0CN	=	0x00c9
                           0000CA   465 _TMR2RLL	=	0x00ca
                           0000CB   466 _TMR2RLH	=	0x00cb
                           0000CC   467 _TMR2L	=	0x00cc
                           0000CD   468 _TMR2H	=	0x00cd
                           0000CE   469 _PCA0CPM5	=	0x00ce
                           0000CF   470 _P1MAT	=	0x00cf
                           0000D0   471 _PSW	=	0x00d0
                           0000D1   472 _REF0CN	=	0x00d1
                           0000D2   473 _PCA0CPL5	=	0x00d2
                           0000D3   474 _PCA0CPH5	=	0x00d3
                           0000D4   475 _P0SKIP	=	0x00d4
                           0000D5   476 _P1SKIP	=	0x00d5
                           0000D6   477 _P2SKIP	=	0x00d6
                           0000D7   478 _P0MAT	=	0x00d7
                           0000D8   479 _PCA0CN	=	0x00d8
                           0000D9   480 _PCA0MD	=	0x00d9
                           0000DA   481 _PCA0CPM0	=	0x00da
                           0000DB   482 _PCA0CPM1	=	0x00db
                           0000DC   483 _PCA0CPM2	=	0x00dc
                           0000DD   484 _PCA0CPM3	=	0x00dd
                           0000DE   485 _PCA0CPM4	=	0x00de
                           0000DF   486 _PCA0PWM	=	0x00df
                           0000E0   487 _ACC	=	0x00e0
                           0000E1   488 _XBR0	=	0x00e1
                           0000E2   489 _XBR1	=	0x00e2
                           0000E3   490 _XBR2	=	0x00e3
                           0000E4   491 _IT01CF	=	0x00e4
                           0000E5   492 _FLWR	=	0x00e5
                           0000E6   493 _EIE1	=	0x00e6
                           0000E7   494 _EIE2	=	0x00e7
                           0000E8   495 _ADC0CN	=	0x00e8
                           0000E9   496 _PCA0CPL1	=	0x00e9
                           0000EA   497 _PCA0CPH1	=	0x00ea
                           0000EB   498 _PCA0CPL2	=	0x00eb
                           0000EC   499 _PCA0CPH2	=	0x00ec
                           0000ED   500 _PCA0CPL3	=	0x00ed
                           0000EE   501 _PCA0CPH3	=	0x00ee
                           0000EF   502 _RSTSRC	=	0x00ef
                           0000F0   503 _B	=	0x00f0
                           0000F1   504 _P0MDIN	=	0x00f1
                           0000F2   505 _P1MDIN	=	0x00f2
                           0000F3   506 _P2MDIN	=	0x00f3
                           0000F4   507 _SMB0ADR	=	0x00f4
                           0000F5   508 _SMB0ADM	=	0x00f5
                           0000F6   509 _EIP1	=	0x00f6
                           0000F7   510 _EIP2	=	0x00f7
                           0000F8   511 _SPI0CN	=	0x00f8
                           0000F9   512 _PCA0L	=	0x00f9
                           0000FA   513 _PCA0H	=	0x00fa
                           0000FB   514 _PCA0CPL0	=	0x00fb
                           0000FC   515 _PCA0CPH0	=	0x00fc
                           0000FD   516 _PCA0CPL4	=	0x00fd
                           0000FE   517 _PCA0CPH4	=	0x00fe
                           0000FF   518 _VDM0CN	=	0x00ff
                           000089   519 _LCD0D0	=	0x0089
                           00008A   520 _LCD0D1	=	0x008a
                           00008B   521 _LCD0D2	=	0x008b
                           00008C   522 _LCD0D3	=	0x008c
                           00008D   523 _LCD0D4	=	0x008d
                           00008E   524 _LCD0D5	=	0x008e
                           000091   525 _LCD0D6	=	0x0091
                           000092   526 _LCD0D7	=	0x0092
                           000093   527 _LCD0D8	=	0x0093
                           000094   528 _LCD0D9	=	0x0094
                           000095   529 _LCD0DA	=	0x0095
                           000096   530 _LCD0DB	=	0x0096
                           000097   531 _LCD0DC	=	0x0097
                           000099   532 _LCD0DD	=	0x0099
                           00009A   533 _LCD0DE	=	0x009a
                           00009B   534 _LCD0DF	=	0x009b
                           00009C   535 _LCD0CNTRST	=	0x009c
                           00009D   536 _LCD0CN	=	0x009d
                           00009E   537 _LCD0BLINK	=	0x009e
                           00009F   538 _LCD0TOGR	=	0x009f
                           0000A1   539 _SPI1CFG	=	0x00a1
                           0000A2   540 _SPI1CKR	=	0x00a2
                           0000A3   541 _SPI1DAT	=	0x00a3
                           0000A4   542 _LCD0PWR	=	0x00a4
                           0000A5   543 _LCD0CF	=	0x00a5
                           0000A6   544 _LCD0VBMCN	=	0x00a6
                           0000A9   545 _LCD0CLKDIVL	=	0x00a9
                           0000AA   546 _LCD0CLKDIVH	=	0x00aa
                           0000AB   547 _LCD0MSCN	=	0x00ab
                           0000AC   548 _LCD0MSCF	=	0x00ac
                           0000AD   549 _LCD0CHPCF	=	0x00ad
                           0000AE   550 _LCD0CHPMD	=	0x00ae
                           0000AF   551 _LCD0VBMCF	=	0x00af
                           0000B1   552 _DC0CN	=	0x00b1
                           0000B2   553 _DC0CF	=	0x00b2
                           0000B3   554 _DC0MD	=	0x00b3
                           0000B5   555 _LCD0CHPCN	=	0x00b5
                           0000B6   556 _LCD0BUFMD	=	0x00b6
                           0000B9   557 _CRC1IN	=	0x00b9
                           0000BA   558 _CRC1OUTL	=	0x00ba
                           0000BB   559 _CRC1OUTH	=	0x00bb
                           0000BC   560 _CRC1POLL	=	0x00bc
                           0000BD   561 _CRC1POLH	=	0x00bd
                           0000BE   562 _CRC1CN	=	0x00be
                           0000C1   563 _PC0STAT	=	0x00c1
                           0000C2   564 _ENC0L	=	0x00c2
                           0000C3   565 _ENC0M	=	0x00c3
                           0000C4   566 _ENC0H	=	0x00c4
                           0000C5   567 _ENC0CN	=	0x00c5
                           0000C6   568 _VREGINSDL	=	0x00c6
                           0000C7   569 _VREGINSDH	=	0x00c7
                           0000C9   570 _DMA0NCF	=	0x00c9
                           0000CA   571 _DMA0NBAL	=	0x00ca
                           0000CB   572 _DMA0NBAH	=	0x00cb
                           0000CC   573 _DMA0NAOL	=	0x00cc
                           0000CD   574 _DMA0NAOH	=	0x00cd
                           0000CE   575 _DMA0NSZL	=	0x00ce
                           0000CF   576 _DMA0NSZH	=	0x00cf
                           0000D1   577 _DMA0SEL	=	0x00d1
                           0000D2   578 _DMA0EN	=	0x00d2
                           0000D3   579 _DMA0INT	=	0x00d3
                           0000D4   580 _DMA0MINT	=	0x00d4
                           0000D5   581 _DMA0BUSY	=	0x00d5
                           0000D6   582 _DMA0NMD	=	0x00d6
                           0000D7   583 _PC0PCF	=	0x00d7
                           0000D9   584 _PC0MD	=	0x00d9
                           0000DA   585 _PC0CTR0L	=	0x00da
                           0000DB   586 _PC0CTR0M	=	0x00db
                           0000DC   587 _PC0CTR0H	=	0x00dc
                           0000DD   588 _PC0CTR1L	=	0x00dd
                           0000DE   589 _PC0CTR1M	=	0x00de
                           0000DF   590 _PC0CTR1H	=	0x00df
                           0000E1   591 _PC0CMP0L	=	0x00e1
                           0000E2   592 _PC0CMP0M	=	0x00e2
                           0000E3   593 _PC0CMP0H	=	0x00e3
                           0000E4   594 _PC0TH	=	0x00e4
                           0000E9   595 _AES0BCFG	=	0x00e9
                           0000EA   596 _AES0DCFG	=	0x00ea
                           0000EB   597 _AES0BIN	=	0x00eb
                           0000EC   598 _AES0XIN	=	0x00ec
                           0000ED   599 _AES0KIN	=	0x00ed
                           0000EE   600 _AES0DBA	=	0x00ee
                           0000EF   601 _AES0KBA	=	0x00ef
                           0000F1   602 _PC0CMP1L	=	0x00f1
                           0000F2   603 _PC0CMP1M	=	0x00f2
                           0000F3   604 _PC0CMP1H	=	0x00f3
                           0000F4   605 _PC0HIST	=	0x00f4
                           0000F5   606 _AES0YOUT	=	0x00f5
                           0000F8   607 _SPI1CN	=	0x00f8
                           0000F9   608 _PC0DCL	=	0x00f9
                           0000FA   609 _PC0DCH	=	0x00fa
                           0000FB   610 _PC0INT0	=	0x00fb
                           0000FC   611 _PC0INT1	=	0x00fc
                           0000FD   612 _DC0RDY	=	0x00fd
                           00008E   613 _SFRPGCN	=	0x008e
                           000091   614 _CRC0DAT	=	0x0091
                           000092   615 _CRC0CN	=	0x0092
                           000093   616 _CRC0IN	=	0x0093
                           000094   617 _CRC0FLIP	=	0x0094
                           000096   618 _CRC0AUTO	=	0x0096
                           000097   619 _CRC0CNT	=	0x0097
                           00009C   620 _LCD0BUFCN	=	0x009c
                           0000A1   621 _P3DRV	=	0x00a1
                           0000A2   622 _P4DRV	=	0x00a2
                           0000A3   623 _P5DRV	=	0x00a3
                           0000A4   624 _P0DRV	=	0x00a4
                           0000A5   625 _P1DRV	=	0x00a5
                           0000A6   626 _P2DRV	=	0x00a6
                           0000AA   627 _P6DRV	=	0x00aa
                           0000AB   628 _P7DRV	=	0x00ab
                           0000AC   629 _LCD0BUFCF	=	0x00ac
                           0000B1   630 _P3MDOUT	=	0x00b1
                           0000B2   631 _OSCIFL	=	0x00b2
                           0000B3   632 _OSCICL	=	0x00b3
                           0000B6   633 _FLSCL	=	0x00b6
                           0000B9   634 _IREF0CF	=	0x00b9
                           0000BB   635 _ADC0PWR	=	0x00bb
                           0000BC   636 _ADC0TK	=	0x00bc
                           0000BD   637 _TOFFL	=	0x00bd
                           0000BE   638 _TOFFH	=	0x00be
                           0000D9   639 _P4	=	0x00d9
                           0000DA   640 _P5	=	0x00da
                           0000DB   641 _P6	=	0x00db
                           0000DC   642 _P7	=	0x00dc
                           0000E9   643 _HWID	=	0x00e9
                           0000EA   644 _REVID	=	0x00ea
                           0000EB   645 _DEVICEID	=	0x00eb
                           0000F1   646 _P3MDIN	=	0x00f1
                           0000F2   647 _P4MDIN	=	0x00f2
                           0000F3   648 _P5MDIN	=	0x00f3
                           0000F4   649 _P6MDIN	=	0x00f4
                           0000F5   650 _PCLKACT	=	0x00f5
                           0000F9   651 _P4MDOUT	=	0x00f9
                           0000FA   652 _P5MDOUT	=	0x00fa
                           0000FB   653 _P6MDOUT	=	0x00fb
                           0000FC   654 _P7MDOUT	=	0x00fc
                           0000FD   655 _CLKMODE	=	0x00fd
                           0000FE   656 _PCLKEN	=	0x00fe
                           008382   657 _DP	=	0x8382
                           008685   658 _TOFF	=	0x8685
                           009392   659 _TMR3RL	=	0x9392
                           009594   660 _TMR3	=	0x9594
                           00BEBD   661 _ADC0	=	0xbebd
                           00C4C3   662 _ADC0GT	=	0xc4c3
                           00C6C5   663 _ADC0LT	=	0xc6c5
                           00CBCA   664 _TMR2RL	=	0xcbca
                           00CDCC   665 _TMR2	=	0xcdcc
                           00D3D2   666 _PCA0CP5	=	0xd3d2
                           00EAE9   667 _PCA0CP1	=	0xeae9
                           00ECEB   668 _PCA0CP2	=	0xeceb
                           00EEED   669 _PCA0CP3	=	0xeeed
                           00FAF9   670 _PCA0	=	0xfaf9
                           00FCFB   671 _PCA0CP0	=	0xfcfb
                           00FEFD   672 _PCA0CP4	=	0xfefd
                           0000AA   673 __XPAGE	=	0x00aa
                                    674 ;--------------------------------------------------------
                                    675 ; special function bits
                                    676 ;--------------------------------------------------------
                                    677 	.area RSEG    (ABS,DATA)
      000000                        678 	.org 0x0000
                           00008F   679 _TF1	=	0x008f
                           00008E   680 _TR1	=	0x008e
                           00008D   681 _TF0	=	0x008d
                           00008C   682 _TR0	=	0x008c
                           00008B   683 _IE1	=	0x008b
                           00008A   684 _IT1	=	0x008a
                           000089   685 _IE0	=	0x0089
                           000088   686 _IT0	=	0x0088
                           00009F   687 _S0MODE	=	0x009f
                           00009D   688 _MCE0	=	0x009d
                           00009C   689 _REN0	=	0x009c
                           00009B   690 _TB80	=	0x009b
                           00009A   691 _RB80	=	0x009a
                           000099   692 _TI0	=	0x0099
                           000098   693 _RI0	=	0x0098
                           0000AF   694 _EA	=	0x00af
                           0000AE   695 _ESPI0	=	0x00ae
                           0000AD   696 _ET2	=	0x00ad
                           0000AC   697 _ES0	=	0x00ac
                           0000AB   698 _ET1	=	0x00ab
                           0000AA   699 _EX1	=	0x00aa
                           0000A9   700 _ET0	=	0x00a9
                           0000A8   701 _EX0	=	0x00a8
                           0000BE   702 _PSPI0	=	0x00be
                           0000BD   703 _PT2	=	0x00bd
                           0000BC   704 _PS0	=	0x00bc
                           0000BB   705 _PT1	=	0x00bb
                           0000BA   706 _PX1	=	0x00ba
                           0000B9   707 _PT0	=	0x00b9
                           0000B8   708 _PX0	=	0x00b8
                           0000C7   709 _MASTER	=	0x00c7
                           0000C6   710 _TXMODE	=	0x00c6
                           0000C5   711 _STA	=	0x00c5
                           0000C4   712 _STO	=	0x00c4
                           0000C3   713 _ACKRQ	=	0x00c3
                           0000C2   714 _ARBLOST	=	0x00c2
                           0000C1   715 _ACK	=	0x00c1
                           0000C0   716 _SI	=	0x00c0
                           0000CF   717 _TF2H	=	0x00cf
                           0000CE   718 _TF2L	=	0x00ce
                           0000CD   719 _TF2LEN	=	0x00cd
                           0000CC   720 _TF2CEN	=	0x00cc
                           0000CB   721 _T2SPLIT	=	0x00cb
                           0000CA   722 _TR2	=	0x00ca
                           0000C9   723 _T2RCLK	=	0x00c9
                           0000C8   724 _T2XCLK	=	0x00c8
                           0000D7   725 _CY	=	0x00d7
                           0000D6   726 _AC	=	0x00d6
                           0000D5   727 _F0	=	0x00d5
                           0000D4   728 _RS1	=	0x00d4
                           0000D3   729 _RS0	=	0x00d3
                           0000D2   730 _OV	=	0x00d2
                           0000D1   731 _F1	=	0x00d1
                           0000D0   732 _P	=	0x00d0
                           0000DF   733 _CF	=	0x00df
                           0000DE   734 _CR	=	0x00de
                           0000DD   735 _CCF5	=	0x00dd
                           0000DC   736 _CCF4	=	0x00dc
                           0000DB   737 _CCF3	=	0x00db
                           0000DA   738 _CCF2	=	0x00da
                           0000D9   739 _CCF1	=	0x00d9
                           0000D8   740 _CCF0	=	0x00d8
                           0000EF   741 _AD0EN	=	0x00ef
                           0000EE   742 _BURSTEN	=	0x00ee
                           0000ED   743 _AD0INT	=	0x00ed
                           0000EC   744 _AD0BUSY	=	0x00ec
                           0000EB   745 _AD0WINT	=	0x00eb
                           0000EA   746 _AD0CM2	=	0x00ea
                           0000E9   747 _AD0CM1	=	0x00e9
                           0000E8   748 _AD0CM0	=	0x00e8
                           0000FF   749 _SPIF0	=	0x00ff
                           0000FE   750 _WCOL0	=	0x00fe
                           0000FD   751 _MODF0	=	0x00fd
                           0000FC   752 _RXOVRN0	=	0x00fc
                           0000FB   753 _NSS0MD1	=	0x00fb
                           0000FA   754 _NSS0MD0	=	0x00fa
                           0000F9   755 _TXBMT0	=	0x00f9
                           0000F8   756 _SPI0EN	=	0x00f8
                           0000FF   757 _SPIF1	=	0x00ff
                           0000FE   758 _WCOL1	=	0x00fe
                           0000FD   759 _MODF1	=	0x00fd
                           0000FC   760 _RXOVRN1	=	0x00fc
                           0000FB   761 _NSS1MD1	=	0x00fb
                           0000FA   762 _NSS1MD0	=	0x00fa
                           0000F9   763 _TXBMT1	=	0x00f9
                           0000F8   764 _SPI1EN	=	0x00f8
                           0000B6   765 _LED_RED	=	0x00b6
                           0000B7   766 _LED_GREEN	=	0x00b7
                           000082   767 _PIN_CONFIG	=	0x0082
                           000083   768 _PIN_ENABLE	=	0x0083
                           000081   769 _IRQ	=	0x0081
                           0000A3   770 _NSS1	=	0x00a3
                                    771 ;--------------------------------------------------------
                                    772 ; overlayable register banks
                                    773 ;--------------------------------------------------------
                                    774 	.area REG_BANK_0	(REL,OVR,DATA)
      000000                        775 	.ds 8
                                    776 ;--------------------------------------------------------
                                    777 ; internal ram data
                                    778 ;--------------------------------------------------------
                                    779 	.area DSEG    (DATA)
                                    780 ;--------------------------------------------------------
                                    781 ; overlayable items in internal ram 
                                    782 ;--------------------------------------------------------
                                    783 ;--------------------------------------------------------
                                    784 ; indirectly addressable internal ram data
                                    785 ;--------------------------------------------------------
                                    786 	.area ISEG    (DATA)
                                    787 ;--------------------------------------------------------
                                    788 ; absolute internal ram data
                                    789 ;--------------------------------------------------------
                                    790 	.area IABS    (ABS,DATA)
                                    791 	.area IABS    (ABS,DATA)
                                    792 ;--------------------------------------------------------
                                    793 ; bit data
                                    794 ;--------------------------------------------------------
                                    795 	.area BSEG    (BIT)
                                    796 ;--------------------------------------------------------
                                    797 ; paged external ram data
                                    798 ;--------------------------------------------------------
                                    799 	.area PSEG    (PAG,XDATA)
      000000                        800 _flash_write_scratch_PARM_2:
      000000                        801 	.ds 1
                                    802 ;--------------------------------------------------------
                                    803 ; external ram data
                                    804 ;--------------------------------------------------------
                                    805 	.area XSEG    (XDATA)
                                    806 ;--------------------------------------------------------
                                    807 ; absolute external ram data
                                    808 ;--------------------------------------------------------
                                    809 	.area XABS    (ABS,XDATA)
                                    810 ;--------------------------------------------------------
                                    811 ; external initialized ram data
                                    812 ;--------------------------------------------------------
                                    813 	.area XISEG   (XDATA)
                                    814 	.area HOME    (CODE)
                                    815 	.area GSINIT0 (CODE)
                                    816 	.area GSINIT1 (CODE)
                                    817 	.area GSINIT2 (CODE)
                                    818 	.area GSINIT3 (CODE)
                                    819 	.area GSINIT4 (CODE)
                                    820 	.area GSINIT5 (CODE)
                                    821 	.area GSINIT  (CODE)
                                    822 	.area GSFINAL (CODE)
                                    823 	.area CSEG    (CODE)
                                    824 ;--------------------------------------------------------
                                    825 ; global & static initialisations
                                    826 ;--------------------------------------------------------
                                    827 	.area HOME    (CODE)
                                    828 	.area GSINIT  (CODE)
                                    829 	.area GSFINAL (CODE)
                                    830 	.area GSINIT  (CODE)
                                    831 ;--------------------------------------------------------
                                    832 ; Home
                                    833 ;--------------------------------------------------------
                                    834 	.area HOME    (CODE)
                                    835 	.area HOME    (CODE)
                                    836 ;--------------------------------------------------------
                                    837 ; code
                                    838 ;--------------------------------------------------------
                                    839 	.area CSEG    (CODE)
                                    840 ;------------------------------------------------------------
                                    841 ;Allocation info for local variables in function 'flash_load_keys'
                                    842 ;------------------------------------------------------------
                                    843 ;	radio/flash.c:53: flash_load_keys(void)
                                    844 ;	-----------------------------------------
                                    845 ;	 function flash_load_keys
                                    846 ;	-----------------------------------------
      000000                        847 _flash_load_keys:
                           000007   848 	ar7 = 0x07
                           000006   849 	ar6 = 0x06
                           000005   850 	ar5 = 0x05
                           000004   851 	ar4 = 0x04
                           000003   852 	ar3 = 0x03
                           000002   853 	ar2 = 0x02
                           000001   854 	ar1 = 0x01
                           000000   855 	ar0 = 0x00
                                    856 ;	radio/flash.c:55: FLKEY = 0xa5;
      000000 75 B7 A5         [24]  857 	mov	_FLKEY,#0xA5
                                    858 ;	radio/flash.c:56: FLKEY = 0xf1;
      000003 75 B7 F1         [24]  859 	mov	_FLKEY,#0xF1
      000006 22               [24]  860 	ret
                                    861 ;------------------------------------------------------------
                                    862 ;Allocation info for local variables in function 'flash_erase_scratch'
                                    863 ;------------------------------------------------------------
                                    864 ;	radio/flash.c:60: flash_erase_scratch(void)
                                    865 ;	-----------------------------------------
                                    866 ;	 function flash_erase_scratch
                                    867 ;	-----------------------------------------
      000007                        868 _flash_erase_scratch:
      000007 D3               [12]  869 	setb	c
      000008 10 AF 01         [24]  870 	jbc	ea,00103$
      00000B C3               [12]  871 	clr	c
      00000C                        872 00103$:
      00000C C0 D0            [24]  873 	push	psw
                                    874 ;	radio/flash.c:64: __pdata uint8_t	bank_state = PSBANK;
      00000E AF 84            [24]  875 	mov	r7,_PSBANK
                                    876 ;	radio/flash.c:65: PSBANK = ((bank_state & 0x03) | 0x30); // Select Bank 3
      000010 74 03            [12]  877 	mov	a,#0x03
      000012 5F               [12]  878 	anl	a,r7
      000013 44 30            [12]  879 	orl	a,#0x30
      000015 F5 84            [12]  880 	mov	_PSBANK,a
                                    881 ;	radio/flash.c:68: flash_load_keys();				// unlock flash for one operation
      000017 C0 07            [24]  882 	push	ar7
      000019 12r00r00         [24]  883 	lcall	_flash_load_keys
      00001C D0 07            [24]  884 	pop	ar7
                                    885 ;	radio/flash.c:69: PSCTL = FLASH_ERASE_SCRATCH;	// enable flash erase of the scratch page
      00001E 75 8F 03         [24]  886 	mov	_PSCTL,#0x03
                                    887 ;	radio/flash.c:70: *(uint8_t __xdata *)FLASH_SCRATCH = 0xff;	// trigger the erase
      000021 90 F8 00         [24]  888 	mov	dptr,#0xF800
      000024 74 FF            [12]  889 	mov	a,#0xFF
      000026 F0               [24]  890 	movx	@dptr,a
                                    891 ;	radio/flash.c:71: PSCTL = FLASH_DISABLE;			// disable flash write & scratch access
      000027 75 8F 00         [24]  892 	mov	_PSCTL,#0x00
                                    893 ;	radio/flash.c:74: PSBANK = bank_state;
      00002A 8F 84            [24]  894 	mov	_PSBANK,r7
      00002C D0 D0            [24]  895 	pop	psw
      00002E 92 AF            [24]  896 	mov	ea,c
      000030 22               [24]  897 	ret
                                    898 ;------------------------------------------------------------
                                    899 ;Allocation info for local variables in function 'flash_read_scratch'
                                    900 ;------------------------------------------------------------
                                    901 ;d                         Allocated with name '_flash_read_scratch_d_1_135'
                                    902 ;------------------------------------------------------------
                                    903 ;	radio/flash.c:79: flash_read_scratch(__pdata uint16_t address)
                                    904 ;	-----------------------------------------
                                    905 ;	 function flash_read_scratch
                                    906 ;	-----------------------------------------
      000031                        907 _flash_read_scratch:
      000031 D3               [12]  908 	setb	c
      000032 10 AF 01         [24]  909 	jbc	ea,00103$
      000035 C3               [12]  910 	clr	c
      000036                        911 00103$:
      000036 C0 D0            [24]  912 	push	psw
      000038 AE 82            [24]  913 	mov	r6,dpl
      00003A AF 83            [24]  914 	mov	r7,dph
                                    915 ;	radio/flash.c:84: __pdata uint8_t	bank_state = PSBANK;
      00003C AD 84            [24]  916 	mov	r5,_PSBANK
                                    917 ;	radio/flash.c:85: PSBANK = ((bank_state & 0x03) | 0x30); // Select Bank 3
      00003E 74 03            [12]  918 	mov	a,#0x03
      000040 5D               [12]  919 	anl	a,r5
      000041 44 30            [12]  920 	orl	a,#0x30
      000043 F5 84            [12]  921 	mov	_PSBANK,a
                                    922 ;	radio/flash.c:88: PSCTL = FLASH_READ_SCRATCH;
      000045 75 8F 00         [24]  923 	mov	_PSCTL,#0x00
                                    924 ;	radio/flash.c:89: d = *(uint8_t __code *)(FLASH_SCRATCH | address);
      000048 43 07 F8         [24]  925 	orl	ar7,#0xF8
      00004B 8E 82            [24]  926 	mov	dpl,r6
      00004D 8F 83            [24]  927 	mov	dph,r7
      00004F E4               [12]  928 	clr	a
      000050 93               [24]  929 	movc	a,@a+dptr
      000051 FF               [12]  930 	mov	r7,a
                                    931 ;	radio/flash.c:90: PSCTL = FLASH_DISABLE;
      000052 75 8F 00         [24]  932 	mov	_PSCTL,#0x00
                                    933 ;	radio/flash.c:93: PSBANK = bank_state;
      000055 8D 84            [24]  934 	mov	_PSBANK,r5
                                    935 ;	radio/flash.c:95: return d;
      000057 8F 82            [24]  936 	mov	dpl,r7
      000059 D0 D0            [24]  937 	pop	psw
      00005B 92 AF            [24]  938 	mov	ea,c
      00005D 22               [24]  939 	ret
                                    940 ;------------------------------------------------------------
                                    941 ;Allocation info for local variables in function 'flash_write_scratch'
                                    942 ;------------------------------------------------------------
                                    943 ;	radio/flash.c:99: flash_write_scratch(__pdata uint16_t address, __pdata uint8_t c)
                                    944 ;	-----------------------------------------
                                    945 ;	 function flash_write_scratch
                                    946 ;	-----------------------------------------
      00005E                        947 _flash_write_scratch:
      00005E D3               [12]  948 	setb	c
      00005F 10 AF 01         [24]  949 	jbc	ea,00103$
      000062 C3               [12]  950 	clr	c
      000063                        951 00103$:
      000063 C0 D0            [24]  952 	push	psw
      000065 AE 82            [24]  953 	mov	r6,dpl
      000067 AF 83            [24]  954 	mov	r7,dph
                                    955 ;	radio/flash.c:102: __pdata uint8_t	bank_state = PSBANK;
      000069 AD 84            [24]  956 	mov	r5,_PSBANK
                                    957 ;	radio/flash.c:103: PSBANK = ((bank_state & 0x03) | 0x30); // Select Bank 3
      00006B 74 03            [12]  958 	mov	a,#0x03
      00006D 5D               [12]  959 	anl	a,r5
      00006E 44 30            [12]  960 	orl	a,#0x30
      000070 F5 84            [12]  961 	mov	_PSBANK,a
                                    962 ;	radio/flash.c:106: flash_load_keys();
      000072 C0 07            [24]  963 	push	ar7
      000074 C0 06            [24]  964 	push	ar6
      000076 C0 05            [24]  965 	push	ar5
      000078 12r00r00         [24]  966 	lcall	_flash_load_keys
      00007B D0 05            [24]  967 	pop	ar5
      00007D D0 06            [24]  968 	pop	ar6
      00007F D0 07            [24]  969 	pop	ar7
                                    970 ;	radio/flash.c:107: PSCTL = 0x05;
      000081 75 8F 05         [24]  971 	mov	_PSCTL,#0x05
                                    972 ;	radio/flash.c:108: *(uint8_t __xdata *)(FLASH_SCRATCH | address) = c;
      000084 43 07 F8         [24]  973 	orl	ar7,#0xF8
      000087 8E 82            [24]  974 	mov	dpl,r6
      000089 8F 83            [24]  975 	mov	dph,r7
      00008B 78r00            [12]  976 	mov	r0,#_flash_write_scratch_PARM_2
      00008D E2               [24]  977 	movx	a,@r0
      00008E F0               [24]  978 	movx	@dptr,a
                                    979 ;	radio/flash.c:111: PSBANK = bank_state;
      00008F 8D 84            [24]  980 	mov	_PSBANK,r5
                                    981 ;	radio/flash.c:113: PSCTL = FLASH_DISABLE;
      000091 75 8F 00         [24]  982 	mov	_PSCTL,#0x00
      000094 D0 D0            [24]  983 	pop	psw
      000096 92 AF            [24]  984 	mov	ea,c
      000098 22               [24]  985 	ret
                                    986 	.area CSEG    (CODE)
                                    987 	.area CONST   (CODE)
                                    988 	.area XINIT   (CODE)
                                    989 	.area CABS    (ABS,CODE)
      00F7FE                        990 	.org 0xF7FE
      00F7FE                        991 _app_signature:
      00F7FE 3D                     992 	.db #0x3D	; 61
      00F7FF C2                     993 	.db #0xC2	; 194
