                                      1 ;--------------------------------------------------------
                                      2 ; File Created by SDCC : free open source ANSI-C Compiler
                                      3 ; Version 3.5.0 #9253 (Sep  7 2022) (Linux)
                                      4 ; This file was generated Wed Sep  7 10:05:07 2022
                                      5 ;--------------------------------------------------------
                                      6 	.module GenerateDecryptionKey
                                      7 	.optsdcc -mmcs51 --model-large
                                      8 	
                                      9 ;--------------------------------------------------------
                                     10 ; Public variables in this module
                                     11 ;--------------------------------------------------------
                                     12 	.globl _NSS1
                                     13 	.globl _IRQ
                                     14 	.globl _PIN_ENABLE
                                     15 	.globl _PIN_CONFIG
                                     16 	.globl _LED_GREEN
                                     17 	.globl _LED_RED
                                     18 	.globl _SPI1EN
                                     19 	.globl _TXBMT1
                                     20 	.globl _NSS1MD0
                                     21 	.globl _NSS1MD1
                                     22 	.globl _RXOVRN1
                                     23 	.globl _MODF1
                                     24 	.globl _WCOL1
                                     25 	.globl _SPIF1
                                     26 	.globl _SPI0EN
                                     27 	.globl _TXBMT0
                                     28 	.globl _NSS0MD0
                                     29 	.globl _NSS0MD1
                                     30 	.globl _RXOVRN0
                                     31 	.globl _MODF0
                                     32 	.globl _WCOL0
                                     33 	.globl _SPIF0
                                     34 	.globl _AD0CM0
                                     35 	.globl _AD0CM1
                                     36 	.globl _AD0CM2
                                     37 	.globl _AD0WINT
                                     38 	.globl _AD0BUSY
                                     39 	.globl _AD0INT
                                     40 	.globl _BURSTEN
                                     41 	.globl _AD0EN
                                     42 	.globl _CCF0
                                     43 	.globl _CCF1
                                     44 	.globl _CCF2
                                     45 	.globl _CCF3
                                     46 	.globl _CCF4
                                     47 	.globl _CCF5
                                     48 	.globl _CR
                                     49 	.globl _CF
                                     50 	.globl _P
                                     51 	.globl _F1
                                     52 	.globl _OV
                                     53 	.globl _RS0
                                     54 	.globl _RS1
                                     55 	.globl _F0
                                     56 	.globl _AC
                                     57 	.globl _CY
                                     58 	.globl _T2XCLK
                                     59 	.globl _T2RCLK
                                     60 	.globl _TR2
                                     61 	.globl _T2SPLIT
                                     62 	.globl _TF2CEN
                                     63 	.globl _TF2LEN
                                     64 	.globl _TF2L
                                     65 	.globl _TF2H
                                     66 	.globl _SI
                                     67 	.globl _ACK
                                     68 	.globl _ARBLOST
                                     69 	.globl _ACKRQ
                                     70 	.globl _STO
                                     71 	.globl _STA
                                     72 	.globl _TXMODE
                                     73 	.globl _MASTER
                                     74 	.globl _PX0
                                     75 	.globl _PT0
                                     76 	.globl _PX1
                                     77 	.globl _PT1
                                     78 	.globl _PS0
                                     79 	.globl _PT2
                                     80 	.globl _PSPI0
                                     81 	.globl _EX0
                                     82 	.globl _ET0
                                     83 	.globl _EX1
                                     84 	.globl _ET1
                                     85 	.globl _ES0
                                     86 	.globl _ET2
                                     87 	.globl _ESPI0
                                     88 	.globl _EA
                                     89 	.globl _RI0
                                     90 	.globl _TI0
                                     91 	.globl _RB80
                                     92 	.globl _TB80
                                     93 	.globl _REN0
                                     94 	.globl _MCE0
                                     95 	.globl _S0MODE
                                     96 	.globl _IT0
                                     97 	.globl _IE0
                                     98 	.globl _IT1
                                     99 	.globl _IE1
                                    100 	.globl _TR0
                                    101 	.globl _TF0
                                    102 	.globl _TR1
                                    103 	.globl _TF1
                                    104 	.globl __XPAGE
                                    105 	.globl _PCA0CP4
                                    106 	.globl _PCA0CP0
                                    107 	.globl _PCA0
                                    108 	.globl _PCA0CP3
                                    109 	.globl _PCA0CP2
                                    110 	.globl _PCA0CP1
                                    111 	.globl _PCA0CP5
                                    112 	.globl _TMR2
                                    113 	.globl _TMR2RL
                                    114 	.globl _ADC0LT
                                    115 	.globl _ADC0GT
                                    116 	.globl _ADC0
                                    117 	.globl _TMR3
                                    118 	.globl _TMR3RL
                                    119 	.globl _TOFF
                                    120 	.globl _DP
                                    121 	.globl _PCLKEN
                                    122 	.globl _CLKMODE
                                    123 	.globl _P7MDOUT
                                    124 	.globl _P6MDOUT
                                    125 	.globl _P5MDOUT
                                    126 	.globl _P4MDOUT
                                    127 	.globl _PCLKACT
                                    128 	.globl _P6MDIN
                                    129 	.globl _P5MDIN
                                    130 	.globl _P4MDIN
                                    131 	.globl _P3MDIN
                                    132 	.globl _DEVICEID
                                    133 	.globl _REVID
                                    134 	.globl _HWID
                                    135 	.globl _P7
                                    136 	.globl _P6
                                    137 	.globl _P5
                                    138 	.globl _P4
                                    139 	.globl _TOFFH
                                    140 	.globl _TOFFL
                                    141 	.globl _ADC0TK
                                    142 	.globl _ADC0PWR
                                    143 	.globl _IREF0CF
                                    144 	.globl _FLSCL
                                    145 	.globl _OSCICL
                                    146 	.globl _OSCIFL
                                    147 	.globl _P3MDOUT
                                    148 	.globl _LCD0BUFCF
                                    149 	.globl _P7DRV
                                    150 	.globl _P6DRV
                                    151 	.globl _P2DRV
                                    152 	.globl _P1DRV
                                    153 	.globl _P0DRV
                                    154 	.globl _P5DRV
                                    155 	.globl _P4DRV
                                    156 	.globl _P3DRV
                                    157 	.globl _LCD0BUFCN
                                    158 	.globl _CRC0CNT
                                    159 	.globl _CRC0AUTO
                                    160 	.globl _CRC0FLIP
                                    161 	.globl _CRC0IN
                                    162 	.globl _CRC0CN
                                    163 	.globl _CRC0DAT
                                    164 	.globl _SFRPGCN
                                    165 	.globl _DC0RDY
                                    166 	.globl _PC0INT1
                                    167 	.globl _PC0INT0
                                    168 	.globl _PC0DCH
                                    169 	.globl _PC0DCL
                                    170 	.globl _SPI1CN
                                    171 	.globl _AES0YOUT
                                    172 	.globl _PC0HIST
                                    173 	.globl _PC0CMP1H
                                    174 	.globl _PC0CMP1M
                                    175 	.globl _PC0CMP1L
                                    176 	.globl _AES0KBA
                                    177 	.globl _AES0DBA
                                    178 	.globl _AES0KIN
                                    179 	.globl _AES0XIN
                                    180 	.globl _AES0BIN
                                    181 	.globl _AES0DCFG
                                    182 	.globl _AES0BCFG
                                    183 	.globl _PC0TH
                                    184 	.globl _PC0CMP0H
                                    185 	.globl _PC0CMP0M
                                    186 	.globl _PC0CMP0L
                                    187 	.globl _PC0CTR1H
                                    188 	.globl _PC0CTR1M
                                    189 	.globl _PC0CTR1L
                                    190 	.globl _PC0CTR0H
                                    191 	.globl _PC0CTR0M
                                    192 	.globl _PC0CTR0L
                                    193 	.globl _PC0MD
                                    194 	.globl _PC0PCF
                                    195 	.globl _DMA0NMD
                                    196 	.globl _DMA0BUSY
                                    197 	.globl _DMA0MINT
                                    198 	.globl _DMA0INT
                                    199 	.globl _DMA0EN
                                    200 	.globl _DMA0SEL
                                    201 	.globl _DMA0NSZH
                                    202 	.globl _DMA0NSZL
                                    203 	.globl _DMA0NAOH
                                    204 	.globl _DMA0NAOL
                                    205 	.globl _DMA0NBAH
                                    206 	.globl _DMA0NBAL
                                    207 	.globl _DMA0NCF
                                    208 	.globl _VREGINSDH
                                    209 	.globl _VREGINSDL
                                    210 	.globl _ENC0CN
                                    211 	.globl _ENC0H
                                    212 	.globl _ENC0M
                                    213 	.globl _ENC0L
                                    214 	.globl _PC0STAT
                                    215 	.globl _CRC1CN
                                    216 	.globl _CRC1POLH
                                    217 	.globl _CRC1POLL
                                    218 	.globl _CRC1OUTH
                                    219 	.globl _CRC1OUTL
                                    220 	.globl _CRC1IN
                                    221 	.globl _LCD0BUFMD
                                    222 	.globl _LCD0CHPCN
                                    223 	.globl _DC0MD
                                    224 	.globl _DC0CF
                                    225 	.globl _DC0CN
                                    226 	.globl _LCD0VBMCF
                                    227 	.globl _LCD0CHPMD
                                    228 	.globl _LCD0CHPCF
                                    229 	.globl _LCD0MSCF
                                    230 	.globl _LCD0MSCN
                                    231 	.globl _LCD0CLKDIVH
                                    232 	.globl _LCD0CLKDIVL
                                    233 	.globl _LCD0VBMCN
                                    234 	.globl _LCD0CF
                                    235 	.globl _LCD0PWR
                                    236 	.globl _SPI1DAT
                                    237 	.globl _SPI1CKR
                                    238 	.globl _SPI1CFG
                                    239 	.globl _LCD0TOGR
                                    240 	.globl _LCD0BLINK
                                    241 	.globl _LCD0CN
                                    242 	.globl _LCD0CNTRST
                                    243 	.globl _LCD0DF
                                    244 	.globl _LCD0DE
                                    245 	.globl _LCD0DD
                                    246 	.globl _LCD0DC
                                    247 	.globl _LCD0DB
                                    248 	.globl _LCD0DA
                                    249 	.globl _LCD0D9
                                    250 	.globl _LCD0D8
                                    251 	.globl _LCD0D7
                                    252 	.globl _LCD0D6
                                    253 	.globl _LCD0D5
                                    254 	.globl _LCD0D4
                                    255 	.globl _LCD0D3
                                    256 	.globl _LCD0D2
                                    257 	.globl _LCD0D1
                                    258 	.globl _LCD0D0
                                    259 	.globl _VDM0CN
                                    260 	.globl _PCA0CPH4
                                    261 	.globl _PCA0CPL4
                                    262 	.globl _PCA0CPH0
                                    263 	.globl _PCA0CPL0
                                    264 	.globl _PCA0H
                                    265 	.globl _PCA0L
                                    266 	.globl _SPI0CN
                                    267 	.globl _EIP2
                                    268 	.globl _EIP1
                                    269 	.globl _SMB0ADM
                                    270 	.globl _SMB0ADR
                                    271 	.globl _P2MDIN
                                    272 	.globl _P1MDIN
                                    273 	.globl _P0MDIN
                                    274 	.globl _B
                                    275 	.globl _RSTSRC
                                    276 	.globl _PCA0CPH3
                                    277 	.globl _PCA0CPL3
                                    278 	.globl _PCA0CPH2
                                    279 	.globl _PCA0CPL2
                                    280 	.globl _PCA0CPH1
                                    281 	.globl _PCA0CPL1
                                    282 	.globl _ADC0CN
                                    283 	.globl _EIE2
                                    284 	.globl _EIE1
                                    285 	.globl _FLWR
                                    286 	.globl _IT01CF
                                    287 	.globl _XBR2
                                    288 	.globl _XBR1
                                    289 	.globl _XBR0
                                    290 	.globl _ACC
                                    291 	.globl _PCA0PWM
                                    292 	.globl _PCA0CPM4
                                    293 	.globl _PCA0CPM3
                                    294 	.globl _PCA0CPM2
                                    295 	.globl _PCA0CPM1
                                    296 	.globl _PCA0CPM0
                                    297 	.globl _PCA0MD
                                    298 	.globl _PCA0CN
                                    299 	.globl _P0MAT
                                    300 	.globl _P2SKIP
                                    301 	.globl _P1SKIP
                                    302 	.globl _P0SKIP
                                    303 	.globl _PCA0CPH5
                                    304 	.globl _PCA0CPL5
                                    305 	.globl _REF0CN
                                    306 	.globl _PSW
                                    307 	.globl _P1MAT
                                    308 	.globl _PCA0CPM5
                                    309 	.globl _TMR2H
                                    310 	.globl _TMR2L
                                    311 	.globl _TMR2RLH
                                    312 	.globl _TMR2RLL
                                    313 	.globl _REG0CN
                                    314 	.globl _TMR2CN
                                    315 	.globl _P0MASK
                                    316 	.globl _ADC0LTH
                                    317 	.globl _ADC0LTL
                                    318 	.globl _ADC0GTH
                                    319 	.globl _ADC0GTL
                                    320 	.globl _SMB0DAT
                                    321 	.globl _SMB0CF
                                    322 	.globl _SMB0CN
                                    323 	.globl _P1MASK
                                    324 	.globl _ADC0H
                                    325 	.globl _ADC0L
                                    326 	.globl _ADC0CF
                                    327 	.globl _ADC0MX
                                    328 	.globl _ADC0AC
                                    329 	.globl _IREF0CN
                                    330 	.globl _IP
                                    331 	.globl _FLKEY
                                    332 	.globl _PMU0FL
                                    333 	.globl _PMU0CF
                                    334 	.globl _PMU0MD
                                    335 	.globl _OSCICN
                                    336 	.globl _OSCXCN
                                    337 	.globl _P3
                                    338 	.globl _EMI0TC
                                    339 	.globl _RTC0KEY
                                    340 	.globl _RTC0DAT
                                    341 	.globl _RTC0ADR
                                    342 	.globl _EMI0CF
                                    343 	.globl _EMI0CN
                                    344 	.globl _CLKSEL
                                    345 	.globl _IE
                                    346 	.globl _SFRPAGE
                                    347 	.globl _P2MDOUT
                                    348 	.globl _P1MDOUT
                                    349 	.globl _P0MDOUT
                                    350 	.globl _SPI0DAT
                                    351 	.globl _SPI0CKR
                                    352 	.globl _SPI0CFG
                                    353 	.globl _P2
                                    354 	.globl _CPT0MX
                                    355 	.globl _CPT1MX
                                    356 	.globl _CPT0MD
                                    357 	.globl _CPT1MD
                                    358 	.globl _CPT0CN
                                    359 	.globl _CPT1CN
                                    360 	.globl _SBUF0
                                    361 	.globl _SCON0
                                    362 	.globl _TMR3H
                                    363 	.globl _TMR3L
                                    364 	.globl _TMR3RLH
                                    365 	.globl _TMR3RLL
                                    366 	.globl _TMR3CN
                                    367 	.globl _P1
                                    368 	.globl _PSCTL
                                    369 	.globl _CKCON
                                    370 	.globl _TH1
                                    371 	.globl _TH0
                                    372 	.globl _TL1
                                    373 	.globl _TL0
                                    374 	.globl _TMOD
                                    375 	.globl _TCON
                                    376 	.globl _PCON
                                    377 	.globl _SFRLAST
                                    378 	.globl _SFRNEXT
                                    379 	.globl _PSBANK
                                    380 	.globl _DPH
                                    381 	.globl _DPL
                                    382 	.globl _SP
                                    383 	.globl _P0
                                    384 	.globl _GenerateDecryptionKey_PARM_3
                                    385 	.globl _GenerateDecryptionKey_PARM_2
                                    386 	.globl _GenerateDecryptionKey
                                    387 ;--------------------------------------------------------
                                    388 ; special function registers
                                    389 ;--------------------------------------------------------
                                    390 	.area RSEG    (ABS,DATA)
      000000                        391 	.org 0x0000
                           000080   392 _P0	=	0x0080
                           000081   393 _SP	=	0x0081
                           000082   394 _DPL	=	0x0082
                           000083   395 _DPH	=	0x0083
                           000084   396 _PSBANK	=	0x0084
                           000085   397 _SFRNEXT	=	0x0085
                           000086   398 _SFRLAST	=	0x0086
                           000087   399 _PCON	=	0x0087
                           000088   400 _TCON	=	0x0088
                           000089   401 _TMOD	=	0x0089
                           00008A   402 _TL0	=	0x008a
                           00008B   403 _TL1	=	0x008b
                           00008C   404 _TH0	=	0x008c
                           00008D   405 _TH1	=	0x008d
                           00008E   406 _CKCON	=	0x008e
                           00008F   407 _PSCTL	=	0x008f
                           000090   408 _P1	=	0x0090
                           000091   409 _TMR3CN	=	0x0091
                           000092   410 _TMR3RLL	=	0x0092
                           000093   411 _TMR3RLH	=	0x0093
                           000094   412 _TMR3L	=	0x0094
                           000095   413 _TMR3H	=	0x0095
                           000098   414 _SCON0	=	0x0098
                           000099   415 _SBUF0	=	0x0099
                           00009A   416 _CPT1CN	=	0x009a
                           00009B   417 _CPT0CN	=	0x009b
                           00009C   418 _CPT1MD	=	0x009c
                           00009D   419 _CPT0MD	=	0x009d
                           00009E   420 _CPT1MX	=	0x009e
                           00009F   421 _CPT0MX	=	0x009f
                           0000A0   422 _P2	=	0x00a0
                           0000A1   423 _SPI0CFG	=	0x00a1
                           0000A2   424 _SPI0CKR	=	0x00a2
                           0000A3   425 _SPI0DAT	=	0x00a3
                           0000A4   426 _P0MDOUT	=	0x00a4
                           0000A5   427 _P1MDOUT	=	0x00a5
                           0000A6   428 _P2MDOUT	=	0x00a6
                           0000A7   429 _SFRPAGE	=	0x00a7
                           0000A8   430 _IE	=	0x00a8
                           0000A9   431 _CLKSEL	=	0x00a9
                           0000AA   432 _EMI0CN	=	0x00aa
                           0000AB   433 _EMI0CF	=	0x00ab
                           0000AC   434 _RTC0ADR	=	0x00ac
                           0000AD   435 _RTC0DAT	=	0x00ad
                           0000AE   436 _RTC0KEY	=	0x00ae
                           0000AF   437 _EMI0TC	=	0x00af
                           0000B0   438 _P3	=	0x00b0
                           0000B1   439 _OSCXCN	=	0x00b1
                           0000B2   440 _OSCICN	=	0x00b2
                           0000B3   441 _PMU0MD	=	0x00b3
                           0000B5   442 _PMU0CF	=	0x00b5
                           0000B6   443 _PMU0FL	=	0x00b6
                           0000B7   444 _FLKEY	=	0x00b7
                           0000B8   445 _IP	=	0x00b8
                           0000B9   446 _IREF0CN	=	0x00b9
                           0000BA   447 _ADC0AC	=	0x00ba
                           0000BB   448 _ADC0MX	=	0x00bb
                           0000BC   449 _ADC0CF	=	0x00bc
                           0000BD   450 _ADC0L	=	0x00bd
                           0000BE   451 _ADC0H	=	0x00be
                           0000BF   452 _P1MASK	=	0x00bf
                           0000C0   453 _SMB0CN	=	0x00c0
                           0000C1   454 _SMB0CF	=	0x00c1
                           0000C2   455 _SMB0DAT	=	0x00c2
                           0000C3   456 _ADC0GTL	=	0x00c3
                           0000C4   457 _ADC0GTH	=	0x00c4
                           0000C5   458 _ADC0LTL	=	0x00c5
                           0000C6   459 _ADC0LTH	=	0x00c6
                           0000C7   460 _P0MASK	=	0x00c7
                           0000C8   461 _TMR2CN	=	0x00c8
                           0000C9   462 _REG0CN	=	0x00c9
                           0000CA   463 _TMR2RLL	=	0x00ca
                           0000CB   464 _TMR2RLH	=	0x00cb
                           0000CC   465 _TMR2L	=	0x00cc
                           0000CD   466 _TMR2H	=	0x00cd
                           0000CE   467 _PCA0CPM5	=	0x00ce
                           0000CF   468 _P1MAT	=	0x00cf
                           0000D0   469 _PSW	=	0x00d0
                           0000D1   470 _REF0CN	=	0x00d1
                           0000D2   471 _PCA0CPL5	=	0x00d2
                           0000D3   472 _PCA0CPH5	=	0x00d3
                           0000D4   473 _P0SKIP	=	0x00d4
                           0000D5   474 _P1SKIP	=	0x00d5
                           0000D6   475 _P2SKIP	=	0x00d6
                           0000D7   476 _P0MAT	=	0x00d7
                           0000D8   477 _PCA0CN	=	0x00d8
                           0000D9   478 _PCA0MD	=	0x00d9
                           0000DA   479 _PCA0CPM0	=	0x00da
                           0000DB   480 _PCA0CPM1	=	0x00db
                           0000DC   481 _PCA0CPM2	=	0x00dc
                           0000DD   482 _PCA0CPM3	=	0x00dd
                           0000DE   483 _PCA0CPM4	=	0x00de
                           0000DF   484 _PCA0PWM	=	0x00df
                           0000E0   485 _ACC	=	0x00e0
                           0000E1   486 _XBR0	=	0x00e1
                           0000E2   487 _XBR1	=	0x00e2
                           0000E3   488 _XBR2	=	0x00e3
                           0000E4   489 _IT01CF	=	0x00e4
                           0000E5   490 _FLWR	=	0x00e5
                           0000E6   491 _EIE1	=	0x00e6
                           0000E7   492 _EIE2	=	0x00e7
                           0000E8   493 _ADC0CN	=	0x00e8
                           0000E9   494 _PCA0CPL1	=	0x00e9
                           0000EA   495 _PCA0CPH1	=	0x00ea
                           0000EB   496 _PCA0CPL2	=	0x00eb
                           0000EC   497 _PCA0CPH2	=	0x00ec
                           0000ED   498 _PCA0CPL3	=	0x00ed
                           0000EE   499 _PCA0CPH3	=	0x00ee
                           0000EF   500 _RSTSRC	=	0x00ef
                           0000F0   501 _B	=	0x00f0
                           0000F1   502 _P0MDIN	=	0x00f1
                           0000F2   503 _P1MDIN	=	0x00f2
                           0000F3   504 _P2MDIN	=	0x00f3
                           0000F4   505 _SMB0ADR	=	0x00f4
                           0000F5   506 _SMB0ADM	=	0x00f5
                           0000F6   507 _EIP1	=	0x00f6
                           0000F7   508 _EIP2	=	0x00f7
                           0000F8   509 _SPI0CN	=	0x00f8
                           0000F9   510 _PCA0L	=	0x00f9
                           0000FA   511 _PCA0H	=	0x00fa
                           0000FB   512 _PCA0CPL0	=	0x00fb
                           0000FC   513 _PCA0CPH0	=	0x00fc
                           0000FD   514 _PCA0CPL4	=	0x00fd
                           0000FE   515 _PCA0CPH4	=	0x00fe
                           0000FF   516 _VDM0CN	=	0x00ff
                           000089   517 _LCD0D0	=	0x0089
                           00008A   518 _LCD0D1	=	0x008a
                           00008B   519 _LCD0D2	=	0x008b
                           00008C   520 _LCD0D3	=	0x008c
                           00008D   521 _LCD0D4	=	0x008d
                           00008E   522 _LCD0D5	=	0x008e
                           000091   523 _LCD0D6	=	0x0091
                           000092   524 _LCD0D7	=	0x0092
                           000093   525 _LCD0D8	=	0x0093
                           000094   526 _LCD0D9	=	0x0094
                           000095   527 _LCD0DA	=	0x0095
                           000096   528 _LCD0DB	=	0x0096
                           000097   529 _LCD0DC	=	0x0097
                           000099   530 _LCD0DD	=	0x0099
                           00009A   531 _LCD0DE	=	0x009a
                           00009B   532 _LCD0DF	=	0x009b
                           00009C   533 _LCD0CNTRST	=	0x009c
                           00009D   534 _LCD0CN	=	0x009d
                           00009E   535 _LCD0BLINK	=	0x009e
                           00009F   536 _LCD0TOGR	=	0x009f
                           0000A1   537 _SPI1CFG	=	0x00a1
                           0000A2   538 _SPI1CKR	=	0x00a2
                           0000A3   539 _SPI1DAT	=	0x00a3
                           0000A4   540 _LCD0PWR	=	0x00a4
                           0000A5   541 _LCD0CF	=	0x00a5
                           0000A6   542 _LCD0VBMCN	=	0x00a6
                           0000A9   543 _LCD0CLKDIVL	=	0x00a9
                           0000AA   544 _LCD0CLKDIVH	=	0x00aa
                           0000AB   545 _LCD0MSCN	=	0x00ab
                           0000AC   546 _LCD0MSCF	=	0x00ac
                           0000AD   547 _LCD0CHPCF	=	0x00ad
                           0000AE   548 _LCD0CHPMD	=	0x00ae
                           0000AF   549 _LCD0VBMCF	=	0x00af
                           0000B1   550 _DC0CN	=	0x00b1
                           0000B2   551 _DC0CF	=	0x00b2
                           0000B3   552 _DC0MD	=	0x00b3
                           0000B5   553 _LCD0CHPCN	=	0x00b5
                           0000B6   554 _LCD0BUFMD	=	0x00b6
                           0000B9   555 _CRC1IN	=	0x00b9
                           0000BA   556 _CRC1OUTL	=	0x00ba
                           0000BB   557 _CRC1OUTH	=	0x00bb
                           0000BC   558 _CRC1POLL	=	0x00bc
                           0000BD   559 _CRC1POLH	=	0x00bd
                           0000BE   560 _CRC1CN	=	0x00be
                           0000C1   561 _PC0STAT	=	0x00c1
                           0000C2   562 _ENC0L	=	0x00c2
                           0000C3   563 _ENC0M	=	0x00c3
                           0000C4   564 _ENC0H	=	0x00c4
                           0000C5   565 _ENC0CN	=	0x00c5
                           0000C6   566 _VREGINSDL	=	0x00c6
                           0000C7   567 _VREGINSDH	=	0x00c7
                           0000C9   568 _DMA0NCF	=	0x00c9
                           0000CA   569 _DMA0NBAL	=	0x00ca
                           0000CB   570 _DMA0NBAH	=	0x00cb
                           0000CC   571 _DMA0NAOL	=	0x00cc
                           0000CD   572 _DMA0NAOH	=	0x00cd
                           0000CE   573 _DMA0NSZL	=	0x00ce
                           0000CF   574 _DMA0NSZH	=	0x00cf
                           0000D1   575 _DMA0SEL	=	0x00d1
                           0000D2   576 _DMA0EN	=	0x00d2
                           0000D3   577 _DMA0INT	=	0x00d3
                           0000D4   578 _DMA0MINT	=	0x00d4
                           0000D5   579 _DMA0BUSY	=	0x00d5
                           0000D6   580 _DMA0NMD	=	0x00d6
                           0000D7   581 _PC0PCF	=	0x00d7
                           0000D9   582 _PC0MD	=	0x00d9
                           0000DA   583 _PC0CTR0L	=	0x00da
                           0000DB   584 _PC0CTR0M	=	0x00db
                           0000DC   585 _PC0CTR0H	=	0x00dc
                           0000DD   586 _PC0CTR1L	=	0x00dd
                           0000DE   587 _PC0CTR1M	=	0x00de
                           0000DF   588 _PC0CTR1H	=	0x00df
                           0000E1   589 _PC0CMP0L	=	0x00e1
                           0000E2   590 _PC0CMP0M	=	0x00e2
                           0000E3   591 _PC0CMP0H	=	0x00e3
                           0000E4   592 _PC0TH	=	0x00e4
                           0000E9   593 _AES0BCFG	=	0x00e9
                           0000EA   594 _AES0DCFG	=	0x00ea
                           0000EB   595 _AES0BIN	=	0x00eb
                           0000EC   596 _AES0XIN	=	0x00ec
                           0000ED   597 _AES0KIN	=	0x00ed
                           0000EE   598 _AES0DBA	=	0x00ee
                           0000EF   599 _AES0KBA	=	0x00ef
                           0000F1   600 _PC0CMP1L	=	0x00f1
                           0000F2   601 _PC0CMP1M	=	0x00f2
                           0000F3   602 _PC0CMP1H	=	0x00f3
                           0000F4   603 _PC0HIST	=	0x00f4
                           0000F5   604 _AES0YOUT	=	0x00f5
                           0000F8   605 _SPI1CN	=	0x00f8
                           0000F9   606 _PC0DCL	=	0x00f9
                           0000FA   607 _PC0DCH	=	0x00fa
                           0000FB   608 _PC0INT0	=	0x00fb
                           0000FC   609 _PC0INT1	=	0x00fc
                           0000FD   610 _DC0RDY	=	0x00fd
                           00008E   611 _SFRPGCN	=	0x008e
                           000091   612 _CRC0DAT	=	0x0091
                           000092   613 _CRC0CN	=	0x0092
                           000093   614 _CRC0IN	=	0x0093
                           000094   615 _CRC0FLIP	=	0x0094
                           000096   616 _CRC0AUTO	=	0x0096
                           000097   617 _CRC0CNT	=	0x0097
                           00009C   618 _LCD0BUFCN	=	0x009c
                           0000A1   619 _P3DRV	=	0x00a1
                           0000A2   620 _P4DRV	=	0x00a2
                           0000A3   621 _P5DRV	=	0x00a3
                           0000A4   622 _P0DRV	=	0x00a4
                           0000A5   623 _P1DRV	=	0x00a5
                           0000A6   624 _P2DRV	=	0x00a6
                           0000AA   625 _P6DRV	=	0x00aa
                           0000AB   626 _P7DRV	=	0x00ab
                           0000AC   627 _LCD0BUFCF	=	0x00ac
                           0000B1   628 _P3MDOUT	=	0x00b1
                           0000B2   629 _OSCIFL	=	0x00b2
                           0000B3   630 _OSCICL	=	0x00b3
                           0000B6   631 _FLSCL	=	0x00b6
                           0000B9   632 _IREF0CF	=	0x00b9
                           0000BB   633 _ADC0PWR	=	0x00bb
                           0000BC   634 _ADC0TK	=	0x00bc
                           0000BD   635 _TOFFL	=	0x00bd
                           0000BE   636 _TOFFH	=	0x00be
                           0000D9   637 _P4	=	0x00d9
                           0000DA   638 _P5	=	0x00da
                           0000DB   639 _P6	=	0x00db
                           0000DC   640 _P7	=	0x00dc
                           0000E9   641 _HWID	=	0x00e9
                           0000EA   642 _REVID	=	0x00ea
                           0000EB   643 _DEVICEID	=	0x00eb
                           0000F1   644 _P3MDIN	=	0x00f1
                           0000F2   645 _P4MDIN	=	0x00f2
                           0000F3   646 _P5MDIN	=	0x00f3
                           0000F4   647 _P6MDIN	=	0x00f4
                           0000F5   648 _PCLKACT	=	0x00f5
                           0000F9   649 _P4MDOUT	=	0x00f9
                           0000FA   650 _P5MDOUT	=	0x00fa
                           0000FB   651 _P6MDOUT	=	0x00fb
                           0000FC   652 _P7MDOUT	=	0x00fc
                           0000FD   653 _CLKMODE	=	0x00fd
                           0000FE   654 _PCLKEN	=	0x00fe
                           008382   655 _DP	=	0x8382
                           008685   656 _TOFF	=	0x8685
                           009392   657 _TMR3RL	=	0x9392
                           009594   658 _TMR3	=	0x9594
                           00BEBD   659 _ADC0	=	0xbebd
                           00C4C3   660 _ADC0GT	=	0xc4c3
                           00C6C5   661 _ADC0LT	=	0xc6c5
                           00CBCA   662 _TMR2RL	=	0xcbca
                           00CDCC   663 _TMR2	=	0xcdcc
                           00D3D2   664 _PCA0CP5	=	0xd3d2
                           00EAE9   665 _PCA0CP1	=	0xeae9
                           00ECEB   666 _PCA0CP2	=	0xeceb
                           00EEED   667 _PCA0CP3	=	0xeeed
                           00FAF9   668 _PCA0	=	0xfaf9
                           00FCFB   669 _PCA0CP0	=	0xfcfb
                           00FEFD   670 _PCA0CP4	=	0xfefd
                           0000AA   671 __XPAGE	=	0x00aa
                                    672 ;--------------------------------------------------------
                                    673 ; special function bits
                                    674 ;--------------------------------------------------------
                                    675 	.area RSEG    (ABS,DATA)
      000000                        676 	.org 0x0000
                           00008F   677 _TF1	=	0x008f
                           00008E   678 _TR1	=	0x008e
                           00008D   679 _TF0	=	0x008d
                           00008C   680 _TR0	=	0x008c
                           00008B   681 _IE1	=	0x008b
                           00008A   682 _IT1	=	0x008a
                           000089   683 _IE0	=	0x0089
                           000088   684 _IT0	=	0x0088
                           00009F   685 _S0MODE	=	0x009f
                           00009D   686 _MCE0	=	0x009d
                           00009C   687 _REN0	=	0x009c
                           00009B   688 _TB80	=	0x009b
                           00009A   689 _RB80	=	0x009a
                           000099   690 _TI0	=	0x0099
                           000098   691 _RI0	=	0x0098
                           0000AF   692 _EA	=	0x00af
                           0000AE   693 _ESPI0	=	0x00ae
                           0000AD   694 _ET2	=	0x00ad
                           0000AC   695 _ES0	=	0x00ac
                           0000AB   696 _ET1	=	0x00ab
                           0000AA   697 _EX1	=	0x00aa
                           0000A9   698 _ET0	=	0x00a9
                           0000A8   699 _EX0	=	0x00a8
                           0000BE   700 _PSPI0	=	0x00be
                           0000BD   701 _PT2	=	0x00bd
                           0000BC   702 _PS0	=	0x00bc
                           0000BB   703 _PT1	=	0x00bb
                           0000BA   704 _PX1	=	0x00ba
                           0000B9   705 _PT0	=	0x00b9
                           0000B8   706 _PX0	=	0x00b8
                           0000C7   707 _MASTER	=	0x00c7
                           0000C6   708 _TXMODE	=	0x00c6
                           0000C5   709 _STA	=	0x00c5
                           0000C4   710 _STO	=	0x00c4
                           0000C3   711 _ACKRQ	=	0x00c3
                           0000C2   712 _ARBLOST	=	0x00c2
                           0000C1   713 _ACK	=	0x00c1
                           0000C0   714 _SI	=	0x00c0
                           0000CF   715 _TF2H	=	0x00cf
                           0000CE   716 _TF2L	=	0x00ce
                           0000CD   717 _TF2LEN	=	0x00cd
                           0000CC   718 _TF2CEN	=	0x00cc
                           0000CB   719 _T2SPLIT	=	0x00cb
                           0000CA   720 _TR2	=	0x00ca
                           0000C9   721 _T2RCLK	=	0x00c9
                           0000C8   722 _T2XCLK	=	0x00c8
                           0000D7   723 _CY	=	0x00d7
                           0000D6   724 _AC	=	0x00d6
                           0000D5   725 _F0	=	0x00d5
                           0000D4   726 _RS1	=	0x00d4
                           0000D3   727 _RS0	=	0x00d3
                           0000D2   728 _OV	=	0x00d2
                           0000D1   729 _F1	=	0x00d1
                           0000D0   730 _P	=	0x00d0
                           0000DF   731 _CF	=	0x00df
                           0000DE   732 _CR	=	0x00de
                           0000DD   733 _CCF5	=	0x00dd
                           0000DC   734 _CCF4	=	0x00dc
                           0000DB   735 _CCF3	=	0x00db
                           0000DA   736 _CCF2	=	0x00da
                           0000D9   737 _CCF1	=	0x00d9
                           0000D8   738 _CCF0	=	0x00d8
                           0000EF   739 _AD0EN	=	0x00ef
                           0000EE   740 _BURSTEN	=	0x00ee
                           0000ED   741 _AD0INT	=	0x00ed
                           0000EC   742 _AD0BUSY	=	0x00ec
                           0000EB   743 _AD0WINT	=	0x00eb
                           0000EA   744 _AD0CM2	=	0x00ea
                           0000E9   745 _AD0CM1	=	0x00e9
                           0000E8   746 _AD0CM0	=	0x00e8
                           0000FF   747 _SPIF0	=	0x00ff
                           0000FE   748 _WCOL0	=	0x00fe
                           0000FD   749 _MODF0	=	0x00fd
                           0000FC   750 _RXOVRN0	=	0x00fc
                           0000FB   751 _NSS0MD1	=	0x00fb
                           0000FA   752 _NSS0MD0	=	0x00fa
                           0000F9   753 _TXBMT0	=	0x00f9
                           0000F8   754 _SPI0EN	=	0x00f8
                           0000FF   755 _SPIF1	=	0x00ff
                           0000FE   756 _WCOL1	=	0x00fe
                           0000FD   757 _MODF1	=	0x00fd
                           0000FC   758 _RXOVRN1	=	0x00fc
                           0000FB   759 _NSS1MD1	=	0x00fb
                           0000FA   760 _NSS1MD0	=	0x00fa
                           0000F9   761 _TXBMT1	=	0x00f9
                           0000F8   762 _SPI1EN	=	0x00f8
                           0000B6   763 _LED_RED	=	0x00b6
                           0000B7   764 _LED_GREEN	=	0x00b7
                           000082   765 _PIN_CONFIG	=	0x0082
                           000083   766 _PIN_ENABLE	=	0x0083
                           000081   767 _IRQ	=	0x0081
                           0000A3   768 _NSS1	=	0x00a3
                                    769 ;--------------------------------------------------------
                                    770 ; overlayable register banks
                                    771 ;--------------------------------------------------------
                                    772 	.area REG_BANK_0	(REL,OVR,DATA)
      000000                        773 	.ds 8
                                    774 ;--------------------------------------------------------
                                    775 ; internal ram data
                                    776 ;--------------------------------------------------------
                                    777 	.area DSEG    (DATA)
                                    778 ;--------------------------------------------------------
                                    779 ; overlayable items in internal ram 
                                    780 ;--------------------------------------------------------
                                    781 ;--------------------------------------------------------
                                    782 ; indirectly addressable internal ram data
                                    783 ;--------------------------------------------------------
                                    784 	.area ISEG    (DATA)
                                    785 ;--------------------------------------------------------
                                    786 ; absolute internal ram data
                                    787 ;--------------------------------------------------------
                                    788 	.area IABS    (ABS,DATA)
                                    789 	.area IABS    (ABS,DATA)
                                    790 ;--------------------------------------------------------
                                    791 ; bit data
                                    792 ;--------------------------------------------------------
                                    793 	.area BSEG    (BIT)
                                    794 ;--------------------------------------------------------
                                    795 ; paged external ram data
                                    796 ;--------------------------------------------------------
                                    797 	.area PSEG    (PAG,XDATA)
                                    798 ;--------------------------------------------------------
                                    799 ; external ram data
                                    800 ;--------------------------------------------------------
                                    801 	.area XSEG    (XDATA)
      000000                        802 _GenerateDecryptionKey_PARM_2:
      000000                        803 	.ds 2
      000002                        804 _GenerateDecryptionKey_PARM_3:
      000002                        805 	.ds 1
      000003                        806 _GenerateDecryptionKey_encryptionKey_1_127:
      000003                        807 	.ds 2
      000005                        808 _GenerateDecryptionKey_addr_1_128:
      000005                        809 	.ds 2
                                    810 ;--------------------------------------------------------
                                    811 ; absolute external ram data
                                    812 ;--------------------------------------------------------
                                    813 	.area XABS    (ABS,XDATA)
                                    814 ;--------------------------------------------------------
                                    815 ; external initialized ram data
                                    816 ;--------------------------------------------------------
                                    817 	.area XISEG   (XDATA)
                                    818 	.area HOME    (CODE)
                                    819 	.area GSINIT0 (CODE)
                                    820 	.area GSINIT1 (CODE)
                                    821 	.area GSINIT2 (CODE)
                                    822 	.area GSINIT3 (CODE)
                                    823 	.area GSINIT4 (CODE)
                                    824 	.area GSINIT5 (CODE)
                                    825 	.area GSINIT  (CODE)
                                    826 	.area GSFINAL (CODE)
                                    827 	.area CSEG    (CODE)
                                    828 ;--------------------------------------------------------
                                    829 ; global & static initialisations
                                    830 ;--------------------------------------------------------
                                    831 	.area HOME    (CODE)
                                    832 	.area GSINIT  (CODE)
                                    833 	.area GSFINAL (CODE)
                                    834 	.area GSINIT  (CODE)
                                    835 ;--------------------------------------------------------
                                    836 ; Home
                                    837 ;--------------------------------------------------------
                                    838 	.area HOME    (CODE)
                                    839 	.area HOME    (CODE)
                                    840 ;--------------------------------------------------------
                                    841 ; code
                                    842 ;--------------------------------------------------------
                                    843 	.area CSEG    (CODE)
                                    844 ;------------------------------------------------------------
                                    845 ;Allocation info for local variables in function 'GenerateDecryptionKey'
                                    846 ;------------------------------------------------------------
                                    847 ;decryptionKey             Allocated with name '_GenerateDecryptionKey_PARM_2'
                                    848 ;keySize                   Allocated with name '_GenerateDecryptionKey_PARM_3'
                                    849 ;encryptionKey             Allocated with name '_GenerateDecryptionKey_encryptionKey_1_127'
                                    850 ;addr                      Allocated with name '_GenerateDecryptionKey_addr_1_128'
                                    851 ;keyLength                 Allocated with name '_GenerateDecryptionKey_keyLength_1_128'
                                    852 ;------------------------------------------------------------
                                    853 ;	radio/AES/GenerateDecryptionKey.c:84: GenerateDecryptionKey (
                                    854 ;	-----------------------------------------
                                    855 ;	 function GenerateDecryptionKey
                                    856 ;	-----------------------------------------
      000000                        857 _GenerateDecryptionKey:
                           000007   858 	ar7 = 0x07
                           000006   859 	ar6 = 0x06
                           000005   860 	ar5 = 0x05
                           000004   861 	ar4 = 0x04
                           000003   862 	ar3 = 0x03
                           000002   863 	ar2 = 0x02
                           000001   864 	ar1 = 0x01
                           000000   865 	ar0 = 0x00
      000000 AF 83            [24]  866 	mov	r7,dph
      000002 E5 82            [12]  867 	mov	a,dpl
      000004 90r00r03         [24]  868 	mov	dptr,#_GenerateDecryptionKey_encryptionKey_1_127
      000007 F0               [24]  869 	movx	@dptr,a
      000008 EF               [12]  870 	mov	a,r7
      000009 A3               [24]  871 	inc	dptr
      00000A F0               [24]  872 	movx	@dptr,a
                                    873 ;	radio/AES/GenerateDecryptionKey.c:95: if(keySize >= KEY_SIZE_UNDEFINED)
      00000B 90r00r02         [24]  874 	mov	dptr,#_GenerateDecryptionKey_PARM_3
      00000E E0               [24]  875 	movx	a,@dptr
      00000F FF               [12]  876 	mov	r7,a
      000010 BF 03 00         [24]  877 	cjne	r7,#0x03,00133$
      000013                        878 00133$:
      000013 40 04            [24]  879 	jc	00102$
                                    880 ;	radio/AES/GenerateDecryptionKey.c:97: return ERROR_INVALID_PARAMETER;
      000015 75 82 01         [24]  881 	mov	dpl,#0x01
      000018 22               [24]  882 	ret
      000019                        883 00102$:
                                    884 ;	radio/AES/GenerateDecryptionKey.c:102: keyLength = ((keySize + 2) << 3);
      000019 74 02            [12]  885 	mov	a,#0x02
      00001B 2F               [12]  886 	add	a,r7
      00001C C4               [12]  887 	swap	a
      00001D 03               [12]  888 	rr	a
      00001E 54 F8            [12]  889 	anl	a,#0xF8
      000020 FE               [12]  890 	mov	r6,a
                                    891 ;	radio/AES/GenerateDecryptionKey.c:105: SFRPAGE = DPPE_PAGE;
      000021 75 A7 02         [24]  892 	mov	_SFRPAGE,#0x02
                                    893 ;	radio/AES/GenerateDecryptionKey.c:107: AES0BCFG = 0x00;                      // disable, for now
      000024 75 E9 00         [24]  894 	mov	_AES0BCFG,#0x00
                                    895 ;	radio/AES/GenerateDecryptionKey.c:108: AES0DCFG = 0x00;                      // disable for now
      000027 75 EA 00         [24]  896 	mov	_AES0DCFG,#0x00
                                    897 ;	radio/AES/GenerateDecryptionKey.c:111: DMA0EN &= ~AES0_KBY_MASK;
      00002A AD D2            [24]  898 	mov	r5,_DMA0EN
      00002C 74 A7            [12]  899 	mov	a,#0xA7
      00002E 5D               [12]  900 	anl	a,r5
      00002F F5 D2            [12]  901 	mov	_DMA0EN,a
                                    902 ;	radio/AES/GenerateDecryptionKey.c:117: DMA0SEL  = AES0KIN_CHANNEL;
      000031 75 D1 03         [24]  903 	mov	_DMA0SEL,#0x03
                                    904 ;	radio/AES/GenerateDecryptionKey.c:118: DMA0NCF  = AES0KIN_PERIPHERAL_REQUEST;
      000034 75 C9 05         [24]  905 	mov	_DMA0NCF,#0x05
                                    906 ;	radio/AES/GenerateDecryptionKey.c:119: DMA0NMD  = NO_WRAPPING;
      000037 75 D6 00         [24]  907 	mov	_DMA0NMD,#0x00
                                    908 ;	radio/AES/GenerateDecryptionKey.c:120: addr.U16 = (U16)(encryptionKey);
      00003A 90r00r03         [24]  909 	mov	dptr,#_GenerateDecryptionKey_encryptionKey_1_127
      00003D E0               [24]  910 	movx	a,@dptr
      00003E FC               [12]  911 	mov	r4,a
      00003F A3               [24]  912 	inc	dptr
      000040 E0               [24]  913 	movx	a,@dptr
      000041 FD               [12]  914 	mov	r5,a
      000042 90r00r05         [24]  915 	mov	dptr,#_GenerateDecryptionKey_addr_1_128
      000045 EC               [12]  916 	mov	a,r4
      000046 F0               [24]  917 	movx	@dptr,a
      000047 ED               [12]  918 	mov	a,r5
      000048 A3               [24]  919 	inc	dptr
      000049 F0               [24]  920 	movx	@dptr,a
                                    921 ;	radio/AES/GenerateDecryptionKey.c:121: DMA0NBAL = addr.U8[LSB];
      00004A 90r00r05         [24]  922 	mov	dptr,#_GenerateDecryptionKey_addr_1_128
      00004D E0               [24]  923 	movx	a,@dptr
      00004E F5 CA            [12]  924 	mov	_DMA0NBAL,a
                                    925 ;	radio/AES/GenerateDecryptionKey.c:122: DMA0NBAH = addr.U8[MSB];
      000050 90r00r06         [24]  926 	mov	dptr,#(_GenerateDecryptionKey_addr_1_128 + 0x0001)
      000053 E0               [24]  927 	movx	a,@dptr
      000054 F5 CB            [12]  928 	mov	_DMA0NBAH,a
                                    929 ;	radio/AES/GenerateDecryptionKey.c:123: DMA0NSZH = 0;
      000056 75 CF 00         [24]  930 	mov	_DMA0NSZH,#0x00
                                    931 ;	radio/AES/GenerateDecryptionKey.c:124: DMA0NSZL = keyLength;
      000059 8E CE            [24]  932 	mov	_DMA0NSZL,r6
                                    933 ;	radio/AES/GenerateDecryptionKey.c:125: DMA0NAOL = 0;
      00005B 75 CC 00         [24]  934 	mov	_DMA0NAOL,#0x00
                                    935 ;	radio/AES/GenerateDecryptionKey.c:126: DMA0NAOH = 0;
      00005E 75 CD 00         [24]  936 	mov	_DMA0NAOH,#0x00
                                    937 ;	radio/AES/GenerateDecryptionKey.c:133: DMA0SEL  = AES0BIN_CHANNEL;
      000061 75 D1 04         [24]  938 	mov	_DMA0SEL,#0x04
                                    939 ;	radio/AES/GenerateDecryptionKey.c:134: DMA0NCF  = AES0BIN_PERIPHERAL_REQUEST;
      000064 75 C9 06         [24]  940 	mov	_DMA0NCF,#0x06
                                    941 ;	radio/AES/GenerateDecryptionKey.c:135: DMA0NMD  = NO_WRAPPING;
      000067 75 D6 00         [24]  942 	mov	_DMA0NMD,#0x00
                                    943 ;	radio/AES/GenerateDecryptionKey.c:136: DMA0NBAL = 0x00;
      00006A 75 CA 00         [24]  944 	mov	_DMA0NBAL,#0x00
                                    945 ;	radio/AES/GenerateDecryptionKey.c:137: DMA0NBAH = 0x00;
      00006D 75 CB 00         [24]  946 	mov	_DMA0NBAH,#0x00
                                    947 ;	radio/AES/GenerateDecryptionKey.c:138: DMA0NSZH = 0;
      000070 75 CF 00         [24]  948 	mov	_DMA0NSZH,#0x00
                                    949 ;	radio/AES/GenerateDecryptionKey.c:139: DMA0NSZL = 16;                       // one block
      000073 75 CE 10         [24]  950 	mov	_DMA0NSZL,#0x10
                                    951 ;	radio/AES/GenerateDecryptionKey.c:140: DMA0NAOL = 0;
      000076 75 CC 00         [24]  952 	mov	_DMA0NAOL,#0x00
                                    953 ;	radio/AES/GenerateDecryptionKey.c:141: DMA0NAOH = 0;
      000079 75 CD 00         [24]  954 	mov	_DMA0NAOH,#0x00
                                    955 ;	radio/AES/GenerateDecryptionKey.c:147: DMA0SEL = AES0YOUT_CHANNEL;
      00007C 75 D1 06         [24]  956 	mov	_DMA0SEL,#0x06
                                    957 ;	radio/AES/GenerateDecryptionKey.c:148: DMA0NCF = AES0YOUT_PERIPHERAL_REQUEST|DMA_INT_EN;
      00007F 75 C9 88         [24]  958 	mov	_DMA0NCF,#0x88
                                    959 ;	radio/AES/GenerateDecryptionKey.c:149: DMA0NMD = NO_WRAPPING;
      000082 75 D6 00         [24]  960 	mov	_DMA0NMD,#0x00
                                    961 ;	radio/AES/GenerateDecryptionKey.c:150: addr.U16 = (U16)(decryptionKey);
      000085 90r00r00         [24]  962 	mov	dptr,#_GenerateDecryptionKey_PARM_2
      000088 E0               [24]  963 	movx	a,@dptr
      000089 FC               [12]  964 	mov	r4,a
      00008A A3               [24]  965 	inc	dptr
      00008B E0               [24]  966 	movx	a,@dptr
      00008C FD               [12]  967 	mov	r5,a
      00008D 90r00r05         [24]  968 	mov	dptr,#_GenerateDecryptionKey_addr_1_128
      000090 EC               [12]  969 	mov	a,r4
      000091 F0               [24]  970 	movx	@dptr,a
      000092 ED               [12]  971 	mov	a,r5
      000093 A3               [24]  972 	inc	dptr
      000094 F0               [24]  973 	movx	@dptr,a
                                    974 ;	radio/AES/GenerateDecryptionKey.c:151: DMA0NBAL = addr.U8[LSB];
      000095 90r00r05         [24]  975 	mov	dptr,#_GenerateDecryptionKey_addr_1_128
      000098 E0               [24]  976 	movx	a,@dptr
      000099 F5 CA            [12]  977 	mov	_DMA0NBAL,a
                                    978 ;	radio/AES/GenerateDecryptionKey.c:152: DMA0NBAH = addr.U8[MSB];
      00009B 90r00r06         [24]  979 	mov	dptr,#(_GenerateDecryptionKey_addr_1_128 + 0x0001)
      00009E E0               [24]  980 	movx	a,@dptr
      00009F F5 CB            [12]  981 	mov	_DMA0NBAH,a
                                    982 ;	radio/AES/GenerateDecryptionKey.c:153: DMA0NSZH = 0;
      0000A1 75 CF 00         [24]  983 	mov	_DMA0NSZH,#0x00
                                    984 ;	radio/AES/GenerateDecryptionKey.c:154: DMA0NSZL = keyLength;
      0000A4 8E CE            [24]  985 	mov	_DMA0NSZL,r6
                                    986 ;	radio/AES/GenerateDecryptionKey.c:155: DMA0NAOH = 0;
      0000A6 75 CD 00         [24]  987 	mov	_DMA0NAOH,#0x00
                                    988 ;	radio/AES/GenerateDecryptionKey.c:158: if (keySize> KEY_SIZE_128_BITS)     // if extended key
      0000A9 EF               [12]  989 	mov	a,r7
      0000AA 60 05            [24]  990 	jz	00105$
                                    991 ;	radio/AES/GenerateDecryptionKey.c:159: DMA0NAOL = 0x10;                 // point to extended portion
      0000AC 75 CC 10         [24]  992 	mov	_DMA0NAOL,#0x10
      0000AF 80 03            [24]  993 	sjmp	00106$
      0000B1                        994 00105$:
                                    995 ;	radio/AES/GenerateDecryptionKey.c:161: DMA0NAOL = 0x00;                 // else point to start
      0000B1 75 CC 00         [24]  996 	mov	_DMA0NAOL,#0x00
      0000B4                        997 00106$:
                                    998 ;	radio/AES/GenerateDecryptionKey.c:164: DMA0INT &= ~AES0_KBY_MASK;
      0000B4 AE D3            [24]  999 	mov	r6,_DMA0INT
      0000B6 74 A7            [12] 1000 	mov	a,#0xA7
      0000B8 5E               [12] 1001 	anl	a,r6
      0000B9 F5 D3            [12] 1002 	mov	_DMA0INT,a
                                   1003 ;	radio/AES/GenerateDecryptionKey.c:168: DMA0EN  |=  AES0_KBY_MASK;
      0000BB 43 D2 58         [24] 1004 	orl	_DMA0EN,#0x58
                                   1005 ;	radio/AES/GenerateDecryptionKey.c:171: AES0DCFG = INVERSE_KEY;
      0000BE 75 EA 04         [24] 1006 	mov	_AES0DCFG,#0x04
                                   1007 ;	radio/AES/GenerateDecryptionKey.c:174: AES0BCFG = keySize;
      0000C1 8F E9            [24] 1008 	mov	_AES0BCFG,r7
                                   1009 ;	radio/AES/GenerateDecryptionKey.c:177: AES0BCFG |= ENCRYPTION_MODE;
      0000C3 43 E9 04         [24] 1010 	orl	_AES0BCFG,#0x04
                                   1011 ;	radio/AES/GenerateDecryptionKey.c:180: AES0BCFG |= AES_ENABLE;
      0000C6 43 E9 08         [24] 1012 	orl	_AES0BCFG,#0x08
                                   1013 ;	radio/AES/GenerateDecryptionKey.c:183: EIE2 |= 0x20;
      0000C9 43 E7 20         [24] 1014 	orl	_EIE2,#0x20
                                   1015 ;	radio/AES/GenerateDecryptionKey.c:188: do
      0000CC                       1016 00107$:
                                   1017 ;	radio/AES/GenerateDecryptionKey.c:193: }  while((DMA0INT & AES0YOUT_MASK)==0);
      0000CC E5 D3            [12] 1018 	mov	a,_DMA0INT
      0000CE 30 E6 FB         [24] 1019 	jnb	acc.6,00107$
                                   1020 ;	radio/AES/GenerateDecryptionKey.c:195: if (keySize> KEY_SIZE_128_BITS)     // if extended key
      0000D1 EF               [12] 1021 	mov	a,r7
      0000D2 60 22            [24] 1022 	jz	00112$
                                   1023 ;	radio/AES/GenerateDecryptionKey.c:202: DMA0EN &= ~AES0_KBY_MASK;
      0000D4 AF D2            [24] 1024 	mov	r7,_DMA0EN
      0000D6 74 A7            [12] 1025 	mov	a,#0xA7
      0000D8 5F               [12] 1026 	anl	a,r7
      0000D9 F5 D2            [12] 1027 	mov	_DMA0EN,a
                                   1028 ;	radio/AES/GenerateDecryptionKey.c:204: DMA0SEL = AES0YOUT_CHANNEL;      // select AES0YOUT DMA ch
      0000DB 75 D1 06         [24] 1029 	mov	_DMA0SEL,#0x06
                                   1030 ;	radio/AES/GenerateDecryptionKey.c:205: DMA0NAOL = 0;                    // reset pointer
      0000DE 75 CC 00         [24] 1031 	mov	_DMA0NAOL,#0x00
                                   1032 ;	radio/AES/GenerateDecryptionKey.c:206: DMA0NSZL = 0x10;                 // set length to 16 (128-bits)
      0000E1 75 CE 10         [24] 1033 	mov	_DMA0NSZL,#0x10
                                   1034 ;	radio/AES/GenerateDecryptionKey.c:209: DMA0INT &= ~AES0_KBXY_MASK;
      0000E4 AF D3            [24] 1035 	mov	r7,_DMA0INT
      0000E6 74 87            [12] 1036 	mov	a,#0x87
      0000E8 5F               [12] 1037 	anl	a,r7
      0000E9 F5 D3            [12] 1038 	mov	_DMA0INT,a
                                   1039 ;	radio/AES/GenerateDecryptionKey.c:213: DMA0EN  |=  AES0YOUT_MASK;
      0000EB 43 D2 40         [24] 1040 	orl	_DMA0EN,#0x40
                                   1041 ;	radio/AES/GenerateDecryptionKey.c:216: EIE2 |= 0x20;
      0000EE 43 E7 20         [24] 1042 	orl	_EIE2,#0x20
                                   1043 ;	radio/AES/GenerateDecryptionKey.c:220: do
      0000F1                       1044 00109$:
                                   1045 ;	radio/AES/GenerateDecryptionKey.c:225: }  while((DMA0INT & AES0YOUT_MASK)==0);
      0000F1 E5 D3            [12] 1046 	mov	a,_DMA0INT
      0000F3 30 E6 FB         [24] 1047 	jnb	acc.6,00109$
      0000F6                       1048 00112$:
                                   1049 ;	radio/AES/GenerateDecryptionKey.c:229: AES0BCFG = 0x00;
      0000F6 75 E9 00         [24] 1050 	mov	_AES0BCFG,#0x00
                                   1051 ;	radio/AES/GenerateDecryptionKey.c:230: AES0DCFG = 0x00;
      0000F9 75 EA 00         [24] 1052 	mov	_AES0DCFG,#0x00
                                   1053 ;	radio/AES/GenerateDecryptionKey.c:233: DMA0EN &= ~AES0_KBY_MASK;
      0000FC AF D2            [24] 1054 	mov	r7,_DMA0EN
      0000FE 74 A7            [12] 1055 	mov	a,#0xA7
      000100 5F               [12] 1056 	anl	a,r7
      000101 F5 D2            [12] 1057 	mov	_DMA0EN,a
                                   1058 ;	radio/AES/GenerateDecryptionKey.c:235: DMA0INT &= ~AES0_KBY_MASK;
      000103 AF D3            [24] 1059 	mov	r7,_DMA0INT
      000105 74 A7            [12] 1060 	mov	a,#0xA7
      000107 5F               [12] 1061 	anl	a,r7
      000108 F5 D3            [12] 1062 	mov	_DMA0INT,a
                                   1063 ;	radio/AES/GenerateDecryptionKey.c:237: return SUCCESS;
      00010A 75 82 00         [24] 1064 	mov	dpl,#0x00
      00010D 22               [24] 1065 	ret
                                   1066 	.area CSEG    (CODE)
                                   1067 	.area CONST   (CODE)
                                   1068 	.area XINIT   (CODE)
                                   1069 	.area CABS    (ABS,CODE)
