                              1 ;--------------------------------------------------------
                              2 ; File Created by SDCC : free open source ANSI-C Compiler
                              3 ; Version 3.1.0 #7066 (Nov 22 2011) (Linux)
                              4 ; This file was generated Wed Sep  7 09:33:08 2022
                              5 ;--------------------------------------------------------
                              6 	.module util
                              7 	.optsdcc -mmcs51 --model-small
                              8 	
                              9 ;--------------------------------------------------------
                             10 ; Public variables in this module
                             11 ;--------------------------------------------------------
                             12 	.globl _SDN
                             13 	.globl _NSS1
                             14 	.globl _IRQ
                             15 	.globl _PIN_ENABLE
                             16 	.globl _PIN_CONFIG
                             17 	.globl _LED_GREEN
                             18 	.globl _LED_RED
                             19 	.globl _SPI0EN
                             20 	.globl _TXBMT0
                             21 	.globl _NSS0MD0
                             22 	.globl _NSS0MD1
                             23 	.globl _RXOVRN0
                             24 	.globl _MODF0
                             25 	.globl _WCOL0
                             26 	.globl _SPIF0
                             27 	.globl _AD0CM0
                             28 	.globl _AD0CM1
                             29 	.globl _AD0CM2
                             30 	.globl _AD0WINT
                             31 	.globl _AD0BUSY
                             32 	.globl _AD0INT
                             33 	.globl _BURSTEN
                             34 	.globl _AD0EN
                             35 	.globl _CCF0
                             36 	.globl _CCF1
                             37 	.globl _CCF2
                             38 	.globl _CCF3
                             39 	.globl _CCF4
                             40 	.globl _CCF5
                             41 	.globl _CR
                             42 	.globl _CF
                             43 	.globl _P
                             44 	.globl _F1
                             45 	.globl _OV
                             46 	.globl _RS0
                             47 	.globl _RS1
                             48 	.globl _F0
                             49 	.globl _AC
                             50 	.globl _CY
                             51 	.globl _T2XCLK
                             52 	.globl _T2RCLK
                             53 	.globl _TR2
                             54 	.globl _T2SPLIT
                             55 	.globl _TF2CEN
                             56 	.globl _TF2LEN
                             57 	.globl _TF2L
                             58 	.globl _TF2H
                             59 	.globl _SI
                             60 	.globl _ACK
                             61 	.globl _ARBLOST
                             62 	.globl _ACKRQ
                             63 	.globl _STO
                             64 	.globl _STA
                             65 	.globl _TXMODE
                             66 	.globl _MASTER
                             67 	.globl _PX0
                             68 	.globl _PT0
                             69 	.globl _PX1
                             70 	.globl _PT1
                             71 	.globl _PS0
                             72 	.globl _PT2
                             73 	.globl _PSPI0
                             74 	.globl _SPI1EN
                             75 	.globl _TXBMT1
                             76 	.globl _NSS1MD0
                             77 	.globl _NSS1MD1
                             78 	.globl _RXOVRN1
                             79 	.globl _MODF1
                             80 	.globl _WCOL1
                             81 	.globl _SPIF1
                             82 	.globl _EX0
                             83 	.globl _ET0
                             84 	.globl _EX1
                             85 	.globl _ET1
                             86 	.globl _ES0
                             87 	.globl _ET2
                             88 	.globl _ESPI0
                             89 	.globl _EA
                             90 	.globl _RI0
                             91 	.globl _TI0
                             92 	.globl _RB80
                             93 	.globl _TB80
                             94 	.globl _REN0
                             95 	.globl _MCE0
                             96 	.globl _S0MODE
                             97 	.globl _CRC0VAL
                             98 	.globl _CRC0INIT
                             99 	.globl _CRC0SEL
                            100 	.globl _IT0
                            101 	.globl _IE0
                            102 	.globl _IT1
                            103 	.globl _IE1
                            104 	.globl _TR0
                            105 	.globl _TF0
                            106 	.globl _TR1
                            107 	.globl _TF1
                            108 	.globl _PCA0CP4
                            109 	.globl _PCA0CP0
                            110 	.globl _PCA0
                            111 	.globl _PCA0CP3
                            112 	.globl _PCA0CP2
                            113 	.globl _PCA0CP1
                            114 	.globl _PCA0CP5
                            115 	.globl _TMR2
                            116 	.globl _TMR2RL
                            117 	.globl _ADC0LT
                            118 	.globl _ADC0GT
                            119 	.globl _ADC0
                            120 	.globl _TMR3
                            121 	.globl _TMR3RL
                            122 	.globl _TOFF
                            123 	.globl _DP
                            124 	.globl _VDM0CN
                            125 	.globl _PCA0CPH4
                            126 	.globl _PCA0CPL4
                            127 	.globl _PCA0CPH0
                            128 	.globl _PCA0CPL0
                            129 	.globl _PCA0H
                            130 	.globl _PCA0L
                            131 	.globl _SPI0CN
                            132 	.globl _EIP2
                            133 	.globl _EIP1
                            134 	.globl _SMB0ADM
                            135 	.globl _SMB0ADR
                            136 	.globl _P2MDIN
                            137 	.globl _P1MDIN
                            138 	.globl _P0MDIN
                            139 	.globl _B
                            140 	.globl _RSTSRC
                            141 	.globl _PCA0CPH3
                            142 	.globl _PCA0CPL3
                            143 	.globl _PCA0CPH2
                            144 	.globl _PCA0CPL2
                            145 	.globl _PCA0CPH1
                            146 	.globl _PCA0CPL1
                            147 	.globl _ADC0CN
                            148 	.globl _EIE2
                            149 	.globl _EIE1
                            150 	.globl _FLWR
                            151 	.globl _IT01CF
                            152 	.globl _XBR2
                            153 	.globl _XBR1
                            154 	.globl _XBR0
                            155 	.globl _ACC
                            156 	.globl _PCA0PWM
                            157 	.globl _PCA0CPM4
                            158 	.globl _PCA0CPM3
                            159 	.globl _PCA0CPM2
                            160 	.globl _PCA0CPM1
                            161 	.globl _PCA0CPM0
                            162 	.globl _PCA0MD
                            163 	.globl _PCA0CN
                            164 	.globl _P0MAT
                            165 	.globl _P2SKIP
                            166 	.globl _P1SKIP
                            167 	.globl _P0SKIP
                            168 	.globl _PCA0CPH5
                            169 	.globl _PCA0CPL5
                            170 	.globl _REF0CN
                            171 	.globl _PSW
                            172 	.globl _P1MAT
                            173 	.globl _PCA0CPM5
                            174 	.globl _TMR2H
                            175 	.globl _TMR2L
                            176 	.globl _TMR2RLH
                            177 	.globl _TMR2RLL
                            178 	.globl _REG0CN
                            179 	.globl _TMR2CN
                            180 	.globl _P0MASK
                            181 	.globl _ADC0LTH
                            182 	.globl _ADC0LTL
                            183 	.globl _ADC0GTH
                            184 	.globl _ADC0GTL
                            185 	.globl _SMB0DAT
                            186 	.globl _SMB0CF
                            187 	.globl _SMB0CN
                            188 	.globl _P1MASK
                            189 	.globl _ADC0H
                            190 	.globl _ADC0L
                            191 	.globl _ADC0TK
                            192 	.globl _ADC0CF
                            193 	.globl _ADC0MX
                            194 	.globl _ADC0PWR
                            195 	.globl _ADC0AC
                            196 	.globl _IREF0CN
                            197 	.globl _IP
                            198 	.globl _FLKEY
                            199 	.globl _FLSCL
                            200 	.globl _PMU0CF
                            201 	.globl _OSCICL
                            202 	.globl _OSCICN
                            203 	.globl _OSCXCN
                            204 	.globl _SPI1CN
                            205 	.globl _ONESHOT
                            206 	.globl _EMI0TC
                            207 	.globl _RTC0KEY
                            208 	.globl _RTC0DAT
                            209 	.globl _RTC0ADR
                            210 	.globl _EMI0CF
                            211 	.globl _EMI0CN
                            212 	.globl _CLKSEL
                            213 	.globl _IE
                            214 	.globl _SFRPAGE
                            215 	.globl _P2DRV
                            216 	.globl _P2MDOUT
                            217 	.globl _P1DRV
                            218 	.globl _P1MDOUT
                            219 	.globl _P0DRV
                            220 	.globl _P0MDOUT
                            221 	.globl _SPI0DAT
                            222 	.globl _SPI0CKR
                            223 	.globl _SPI0CFG
                            224 	.globl _P2
                            225 	.globl _CPT0MX
                            226 	.globl _CPT1MX
                            227 	.globl _CPT0MD
                            228 	.globl _CPT1MD
                            229 	.globl _CPT0CN
                            230 	.globl _CPT1CN
                            231 	.globl _SBUF0
                            232 	.globl _SCON0
                            233 	.globl _CRC0CNT
                            234 	.globl _DC0CN
                            235 	.globl _CRC0AUTO
                            236 	.globl _DC0CF
                            237 	.globl _TMR3H
                            238 	.globl _CRC0FLIP
                            239 	.globl _TMR3L
                            240 	.globl _CRC0IN
                            241 	.globl _TMR3RLH
                            242 	.globl _CRC0CN
                            243 	.globl _TMR3RLL
                            244 	.globl _CRC0DAT
                            245 	.globl _TMR3CN
                            246 	.globl _P1
                            247 	.globl _PSCTL
                            248 	.globl _CKCON
                            249 	.globl _TH1
                            250 	.globl _TH0
                            251 	.globl _TL1
                            252 	.globl _TL0
                            253 	.globl _TMOD
                            254 	.globl _TCON
                            255 	.globl _PCON
                            256 	.globl _TOFFH
                            257 	.globl _SPI1DAT
                            258 	.globl _TOFFL
                            259 	.globl _SPI1CKR
                            260 	.globl _SPI1CFG
                            261 	.globl _DPH
                            262 	.globl _DPL
                            263 	.globl _SP
                            264 	.globl _P0
                            265 	.globl _cout
                            266 	.globl _cin
                            267 ;--------------------------------------------------------
                            268 ; special function registers
                            269 ;--------------------------------------------------------
                            270 	.area RSEG    (ABS,DATA)
   0000                     271 	.org 0x0000
                    0080    272 _P0	=	0x0080
                    0081    273 _SP	=	0x0081
                    0082    274 _DPL	=	0x0082
                    0083    275 _DPH	=	0x0083
                    0084    276 _SPI1CFG	=	0x0084
                    0085    277 _SPI1CKR	=	0x0085
                    0085    278 _TOFFL	=	0x0085
                    0086    279 _SPI1DAT	=	0x0086
                    0086    280 _TOFFH	=	0x0086
                    0087    281 _PCON	=	0x0087
                    0088    282 _TCON	=	0x0088
                    0089    283 _TMOD	=	0x0089
                    008A    284 _TL0	=	0x008a
                    008B    285 _TL1	=	0x008b
                    008C    286 _TH0	=	0x008c
                    008D    287 _TH1	=	0x008d
                    008E    288 _CKCON	=	0x008e
                    008F    289 _PSCTL	=	0x008f
                    0090    290 _P1	=	0x0090
                    0091    291 _TMR3CN	=	0x0091
                    0091    292 _CRC0DAT	=	0x0091
                    0092    293 _TMR3RLL	=	0x0092
                    0092    294 _CRC0CN	=	0x0092
                    0093    295 _TMR3RLH	=	0x0093
                    0093    296 _CRC0IN	=	0x0093
                    0094    297 _TMR3L	=	0x0094
                    0095    298 _CRC0FLIP	=	0x0095
                    0095    299 _TMR3H	=	0x0095
                    0096    300 _DC0CF	=	0x0096
                    0096    301 _CRC0AUTO	=	0x0096
                    0097    302 _DC0CN	=	0x0097
                    0097    303 _CRC0CNT	=	0x0097
                    0098    304 _SCON0	=	0x0098
                    0099    305 _SBUF0	=	0x0099
                    009A    306 _CPT1CN	=	0x009a
                    009B    307 _CPT0CN	=	0x009b
                    009C    308 _CPT1MD	=	0x009c
                    009D    309 _CPT0MD	=	0x009d
                    009E    310 _CPT1MX	=	0x009e
                    009F    311 _CPT0MX	=	0x009f
                    00A0    312 _P2	=	0x00a0
                    00A1    313 _SPI0CFG	=	0x00a1
                    00A2    314 _SPI0CKR	=	0x00a2
                    00A3    315 _SPI0DAT	=	0x00a3
                    00A4    316 _P0MDOUT	=	0x00a4
                    00A4    317 _P0DRV	=	0x00a4
                    00A5    318 _P1MDOUT	=	0x00a5
                    00A5    319 _P1DRV	=	0x00a5
                    00A6    320 _P2MDOUT	=	0x00a6
                    00A6    321 _P2DRV	=	0x00a6
                    00A7    322 _SFRPAGE	=	0x00a7
                    00A8    323 _IE	=	0x00a8
                    00A9    324 _CLKSEL	=	0x00a9
                    00AA    325 _EMI0CN	=	0x00aa
                    00AB    326 _EMI0CF	=	0x00ab
                    00AC    327 _RTC0ADR	=	0x00ac
                    00AD    328 _RTC0DAT	=	0x00ad
                    00AE    329 _RTC0KEY	=	0x00ae
                    00AF    330 _EMI0TC	=	0x00af
                    00AF    331 _ONESHOT	=	0x00af
                    00B0    332 _SPI1CN	=	0x00b0
                    00B1    333 _OSCXCN	=	0x00b1
                    00B2    334 _OSCICN	=	0x00b2
                    00B3    335 _OSCICL	=	0x00b3
                    00B5    336 _PMU0CF	=	0x00b5
                    00B6    337 _FLSCL	=	0x00b6
                    00B7    338 _FLKEY	=	0x00b7
                    00B8    339 _IP	=	0x00b8
                    00B9    340 _IREF0CN	=	0x00b9
                    00BA    341 _ADC0AC	=	0x00ba
                    00BA    342 _ADC0PWR	=	0x00ba
                    00BB    343 _ADC0MX	=	0x00bb
                    00BC    344 _ADC0CF	=	0x00bc
                    00BD    345 _ADC0TK	=	0x00bd
                    00BD    346 _ADC0L	=	0x00bd
                    00BE    347 _ADC0H	=	0x00be
                    00BF    348 _P1MASK	=	0x00bf
                    00C0    349 _SMB0CN	=	0x00c0
                    00C1    350 _SMB0CF	=	0x00c1
                    00C2    351 _SMB0DAT	=	0x00c2
                    00C3    352 _ADC0GTL	=	0x00c3
                    00C4    353 _ADC0GTH	=	0x00c4
                    00C5    354 _ADC0LTL	=	0x00c5
                    00C6    355 _ADC0LTH	=	0x00c6
                    00C7    356 _P0MASK	=	0x00c7
                    00C8    357 _TMR2CN	=	0x00c8
                    00C9    358 _REG0CN	=	0x00c9
                    00CA    359 _TMR2RLL	=	0x00ca
                    00CB    360 _TMR2RLH	=	0x00cb
                    00CC    361 _TMR2L	=	0x00cc
                    00CD    362 _TMR2H	=	0x00cd
                    00CE    363 _PCA0CPM5	=	0x00ce
                    00CF    364 _P1MAT	=	0x00cf
                    00D0    365 _PSW	=	0x00d0
                    00D1    366 _REF0CN	=	0x00d1
                    00D2    367 _PCA0CPL5	=	0x00d2
                    00D3    368 _PCA0CPH5	=	0x00d3
                    00D4    369 _P0SKIP	=	0x00d4
                    00D5    370 _P1SKIP	=	0x00d5
                    00D6    371 _P2SKIP	=	0x00d6
                    00D7    372 _P0MAT	=	0x00d7
                    00D8    373 _PCA0CN	=	0x00d8
                    00D9    374 _PCA0MD	=	0x00d9
                    00DA    375 _PCA0CPM0	=	0x00da
                    00DB    376 _PCA0CPM1	=	0x00db
                    00DC    377 _PCA0CPM2	=	0x00dc
                    00DD    378 _PCA0CPM3	=	0x00dd
                    00DE    379 _PCA0CPM4	=	0x00de
                    00DF    380 _PCA0PWM	=	0x00df
                    00E0    381 _ACC	=	0x00e0
                    00E1    382 _XBR0	=	0x00e1
                    00E2    383 _XBR1	=	0x00e2
                    00E3    384 _XBR2	=	0x00e3
                    00E4    385 _IT01CF	=	0x00e4
                    00E5    386 _FLWR	=	0x00e5
                    00E6    387 _EIE1	=	0x00e6
                    00E7    388 _EIE2	=	0x00e7
                    00E8    389 _ADC0CN	=	0x00e8
                    00E9    390 _PCA0CPL1	=	0x00e9
                    00EA    391 _PCA0CPH1	=	0x00ea
                    00EB    392 _PCA0CPL2	=	0x00eb
                    00EC    393 _PCA0CPH2	=	0x00ec
                    00ED    394 _PCA0CPL3	=	0x00ed
                    00EE    395 _PCA0CPH3	=	0x00ee
                    00EF    396 _RSTSRC	=	0x00ef
                    00F0    397 _B	=	0x00f0
                    00F1    398 _P0MDIN	=	0x00f1
                    00F2    399 _P1MDIN	=	0x00f2
                    00F3    400 _P2MDIN	=	0x00f3
                    00F4    401 _SMB0ADR	=	0x00f4
                    00F5    402 _SMB0ADM	=	0x00f5
                    00F6    403 _EIP1	=	0x00f6
                    00F7    404 _EIP2	=	0x00f7
                    00F8    405 _SPI0CN	=	0x00f8
                    00F9    406 _PCA0L	=	0x00f9
                    00FA    407 _PCA0H	=	0x00fa
                    00FB    408 _PCA0CPL0	=	0x00fb
                    00FC    409 _PCA0CPH0	=	0x00fc
                    00FD    410 _PCA0CPL4	=	0x00fd
                    00FE    411 _PCA0CPH4	=	0x00fe
                    00FF    412 _VDM0CN	=	0x00ff
                    8382    413 _DP	=	0x8382
                    8685    414 _TOFF	=	0x8685
                    9392    415 _TMR3RL	=	0x9392
                    9594    416 _TMR3	=	0x9594
                    BEBD    417 _ADC0	=	0xbebd
                    C4C3    418 _ADC0GT	=	0xc4c3
                    C6C5    419 _ADC0LT	=	0xc6c5
                    CBCA    420 _TMR2RL	=	0xcbca
                    CDCC    421 _TMR2	=	0xcdcc
                    D3D2    422 _PCA0CP5	=	0xd3d2
                    EAE9    423 _PCA0CP1	=	0xeae9
                    ECEB    424 _PCA0CP2	=	0xeceb
                    EEED    425 _PCA0CP3	=	0xeeed
                    FAF9    426 _PCA0	=	0xfaf9
                    FCFB    427 _PCA0CP0	=	0xfcfb
                    FEFD    428 _PCA0CP4	=	0xfefd
                            429 ;--------------------------------------------------------
                            430 ; special function bits
                            431 ;--------------------------------------------------------
                            432 	.area RSEG    (ABS,DATA)
   0000                     433 	.org 0x0000
                    008F    434 _TF1	=	0x008f
                    008E    435 _TR1	=	0x008e
                    008D    436 _TF0	=	0x008d
                    008C    437 _TR0	=	0x008c
                    008B    438 _IE1	=	0x008b
                    008A    439 _IT1	=	0x008a
                    0089    440 _IE0	=	0x0089
                    0088    441 _IT0	=	0x0088
                    0096    442 _CRC0SEL	=	0x0096
                    0095    443 _CRC0INIT	=	0x0095
                    0094    444 _CRC0VAL	=	0x0094
                    009F    445 _S0MODE	=	0x009f
                    009D    446 _MCE0	=	0x009d
                    009C    447 _REN0	=	0x009c
                    009B    448 _TB80	=	0x009b
                    009A    449 _RB80	=	0x009a
                    0099    450 _TI0	=	0x0099
                    0098    451 _RI0	=	0x0098
                    00AF    452 _EA	=	0x00af
                    00AE    453 _ESPI0	=	0x00ae
                    00AD    454 _ET2	=	0x00ad
                    00AC    455 _ES0	=	0x00ac
                    00AB    456 _ET1	=	0x00ab
                    00AA    457 _EX1	=	0x00aa
                    00A9    458 _ET0	=	0x00a9
                    00A8    459 _EX0	=	0x00a8
                    00B7    460 _SPIF1	=	0x00b7
                    00B6    461 _WCOL1	=	0x00b6
                    00B5    462 _MODF1	=	0x00b5
                    00B4    463 _RXOVRN1	=	0x00b4
                    00B3    464 _NSS1MD1	=	0x00b3
                    00B2    465 _NSS1MD0	=	0x00b2
                    00B1    466 _TXBMT1	=	0x00b1
                    00B0    467 _SPI1EN	=	0x00b0
                    00BE    468 _PSPI0	=	0x00be
                    00BD    469 _PT2	=	0x00bd
                    00BC    470 _PS0	=	0x00bc
                    00BB    471 _PT1	=	0x00bb
                    00BA    472 _PX1	=	0x00ba
                    00B9    473 _PT0	=	0x00b9
                    00B8    474 _PX0	=	0x00b8
                    00C7    475 _MASTER	=	0x00c7
                    00C6    476 _TXMODE	=	0x00c6
                    00C5    477 _STA	=	0x00c5
                    00C4    478 _STO	=	0x00c4
                    00C3    479 _ACKRQ	=	0x00c3
                    00C2    480 _ARBLOST	=	0x00c2
                    00C1    481 _ACK	=	0x00c1
                    00C0    482 _SI	=	0x00c0
                    00CF    483 _TF2H	=	0x00cf
                    00CE    484 _TF2L	=	0x00ce
                    00CD    485 _TF2LEN	=	0x00cd
                    00CC    486 _TF2CEN	=	0x00cc
                    00CB    487 _T2SPLIT	=	0x00cb
                    00CA    488 _TR2	=	0x00ca
                    00C9    489 _T2RCLK	=	0x00c9
                    00C8    490 _T2XCLK	=	0x00c8
                    00D7    491 _CY	=	0x00d7
                    00D6    492 _AC	=	0x00d6
                    00D5    493 _F0	=	0x00d5
                    00D4    494 _RS1	=	0x00d4
                    00D3    495 _RS0	=	0x00d3
                    00D2    496 _OV	=	0x00d2
                    00D1    497 _F1	=	0x00d1
                    00D0    498 _P	=	0x00d0
                    00DF    499 _CF	=	0x00df
                    00DE    500 _CR	=	0x00de
                    00DD    501 _CCF5	=	0x00dd
                    00DC    502 _CCF4	=	0x00dc
                    00DB    503 _CCF3	=	0x00db
                    00DA    504 _CCF2	=	0x00da
                    00D9    505 _CCF1	=	0x00d9
                    00D8    506 _CCF0	=	0x00d8
                    00EF    507 _AD0EN	=	0x00ef
                    00EE    508 _BURSTEN	=	0x00ee
                    00ED    509 _AD0INT	=	0x00ed
                    00EC    510 _AD0BUSY	=	0x00ec
                    00EB    511 _AD0WINT	=	0x00eb
                    00EA    512 _AD0CM2	=	0x00ea
                    00E9    513 _AD0CM1	=	0x00e9
                    00E8    514 _AD0CM0	=	0x00e8
                    00FF    515 _SPIF0	=	0x00ff
                    00FE    516 _WCOL0	=	0x00fe
                    00FD    517 _MODF0	=	0x00fd
                    00FC    518 _RXOVRN0	=	0x00fc
                    00FB    519 _NSS0MD1	=	0x00fb
                    00FA    520 _NSS0MD0	=	0x00fa
                    00F9    521 _TXBMT0	=	0x00f9
                    00F8    522 _SPI0EN	=	0x00f8
                    0096    523 _LED_RED	=	0x0096
                    0095    524 _LED_GREEN	=	0x0095
                    0082    525 _PIN_CONFIG	=	0x0082
                    0083    526 _PIN_ENABLE	=	0x0083
                    0087    527 _IRQ	=	0x0087
                    0094    528 _NSS1	=	0x0094
                    00A6    529 _SDN	=	0x00a6
                            530 ;--------------------------------------------------------
                            531 ; overlayable register banks
                            532 ;--------------------------------------------------------
                            533 	.area REG_BANK_0	(REL,OVR,DATA)
   0000                     534 	.ds 8
                            535 ;--------------------------------------------------------
                            536 ; internal ram data
                            537 ;--------------------------------------------------------
                            538 	.area DSEG    (DATA)
                            539 ;--------------------------------------------------------
                            540 ; overlayable items in internal ram 
                            541 ;--------------------------------------------------------
                            542 	.area	OSEG    (OVR,DATA)
                            543 ;--------------------------------------------------------
                            544 ; indirectly addressable internal ram data
                            545 ;--------------------------------------------------------
                            546 	.area ISEG    (DATA)
                            547 ;--------------------------------------------------------
                            548 ; absolute internal ram data
                            549 ;--------------------------------------------------------
                            550 	.area IABS    (ABS,DATA)
                            551 	.area IABS    (ABS,DATA)
                            552 ;--------------------------------------------------------
                            553 ; bit data
                            554 ;--------------------------------------------------------
                            555 	.area BSEG    (BIT)
                            556 ;--------------------------------------------------------
                            557 ; paged external ram data
                            558 ;--------------------------------------------------------
                            559 	.area PSEG    (PAG,XDATA)
                            560 ;--------------------------------------------------------
                            561 ; external ram data
                            562 ;--------------------------------------------------------
                            563 	.area XSEG    (XDATA)
                            564 ;--------------------------------------------------------
                            565 ; absolute external ram data
                            566 ;--------------------------------------------------------
                            567 	.area XABS    (ABS,XDATA)
                            568 ;--------------------------------------------------------
                            569 ; external initialized ram data
                            570 ;--------------------------------------------------------
                            571 	.area HOME    (CODE)
                            572 	.area GSINIT0 (CODE)
                            573 	.area GSINIT1 (CODE)
                            574 	.area GSINIT2 (CODE)
                            575 	.area GSINIT3 (CODE)
                            576 	.area GSINIT4 (CODE)
                            577 	.area GSINIT5 (CODE)
                            578 	.area GSINIT  (CODE)
                            579 	.area GSFINAL (CODE)
                            580 	.area CSEG    (CODE)
                            581 ;--------------------------------------------------------
                            582 ; global & static initialisations
                            583 ;--------------------------------------------------------
                            584 	.area HOME    (CODE)
                            585 	.area GSINIT  (CODE)
                            586 	.area GSFINAL (CODE)
                            587 	.area GSINIT  (CODE)
                            588 ;--------------------------------------------------------
                            589 ; Home
                            590 ;--------------------------------------------------------
                            591 	.area HOME    (CODE)
                            592 	.area HOME    (CODE)
                            593 ;--------------------------------------------------------
                            594 ; code
                            595 ;--------------------------------------------------------
                            596 	.area CSEG    (CODE)
                            597 ;------------------------------------------------------------
                            598 ;Allocation info for local variables in function 'cout'
                            599 ;------------------------------------------------------------
                            600 ;c                         Allocated to registers r7 
                            601 ;------------------------------------------------------------
                            602 ;	bootloader/util.c:46: cout(uint8_t c)
                            603 ;	-----------------------------------------
                            604 ;	 function cout
                            605 ;	-----------------------------------------
   0000                     606 _cout:
                    0007    607 	ar7 = 0x07
                    0006    608 	ar6 = 0x06
                    0005    609 	ar5 = 0x05
                    0004    610 	ar4 = 0x04
                    0003    611 	ar3 = 0x03
                    0002    612 	ar2 = 0x02
                    0001    613 	ar1 = 0x01
                    0000    614 	ar0 = 0x00
   0000 AF 82               615 	mov	r7,dpl
                            616 ;	bootloader/util.c:48: while (!TI0)
   0002                     617 00101$:
                            618 ;	bootloader/util.c:50: TI0 = 0;
   0002 10 99 02            619 	jbc	_TI0,00108$
   0005 80 FB               620 	sjmp	00101$
   0007                     621 00108$:
                            622 ;	bootloader/util.c:51: SBUF0 = c;
   0007 8F 99               623 	mov	_SBUF0,r7
   0009 22                  624 	ret
                            625 ;------------------------------------------------------------
                            626 ;Allocation info for local variables in function 'cin'
                            627 ;------------------------------------------------------------
                            628 ;	bootloader/util.c:55: cin(void)
                            629 ;	-----------------------------------------
                            630 ;	 function cin
                            631 ;	-----------------------------------------
   000A                     632 _cin:
                            633 ;	bootloader/util.c:57: while (!RI0)
   000A                     634 00101$:
                            635 ;	bootloader/util.c:59: RI0 = 0;
   000A 10 98 02            636 	jbc	_RI0,00108$
   000D 80 FB               637 	sjmp	00101$
   000F                     638 00108$:
                            639 ;	bootloader/util.c:60: return SBUF0;
   000F 85 99 82            640 	mov	dpl,_SBUF0
   0012 22                  641 	ret
                            642 	.area CSEG    (CODE)
                            643 	.area CONST   (CODE)
                            644 	.area CABS    (ABS,CODE)
