                                      1 ;--------------------------------------------------------
                                      2 ; File Created by SDCC : free open source ANSI-C Compiler
                                      3 ; Version 3.5.0 #9253 (Sep  7 2022) (Linux)
                                      4 ; This file was generated Wed Sep  7 10:05:12 2022
                                      5 ;--------------------------------------------------------
                                      6 	.module printfl
                                      7 	.optsdcc -mmcs51 --model-large
                                      8 	
                                      9 ;--------------------------------------------------------
                                     10 ; Public variables in this module
                                     11 ;--------------------------------------------------------
                                     12 	.globl __ltoa
                                     13 	.globl __ultoa
                                     14 	.globl _putchar
                                     15 	.globl _SDN
                                     16 	.globl _NSS1
                                     17 	.globl _IRQ
                                     18 	.globl _PIN_ENABLE
                                     19 	.globl _PIN_CONFIG
                                     20 	.globl _LED_GREEN
                                     21 	.globl _LED_RED
                                     22 	.globl _SPI0EN
                                     23 	.globl _TXBMT0
                                     24 	.globl _NSS0MD0
                                     25 	.globl _NSS0MD1
                                     26 	.globl _RXOVRN0
                                     27 	.globl _MODF0
                                     28 	.globl _WCOL0
                                     29 	.globl _SPIF0
                                     30 	.globl _AD0CM0
                                     31 	.globl _AD0CM1
                                     32 	.globl _AD0CM2
                                     33 	.globl _AD0WINT
                                     34 	.globl _AD0BUSY
                                     35 	.globl _AD0INT
                                     36 	.globl _BURSTEN
                                     37 	.globl _AD0EN
                                     38 	.globl _CCF0
                                     39 	.globl _CCF1
                                     40 	.globl _CCF2
                                     41 	.globl _CCF3
                                     42 	.globl _CCF4
                                     43 	.globl _CCF5
                                     44 	.globl _CR
                                     45 	.globl _CF
                                     46 	.globl _P
                                     47 	.globl _F1
                                     48 	.globl _OV
                                     49 	.globl _RS0
                                     50 	.globl _RS1
                                     51 	.globl _F0
                                     52 	.globl _AC
                                     53 	.globl _CY
                                     54 	.globl _T2XCLK
                                     55 	.globl _T2RCLK
                                     56 	.globl _TR2
                                     57 	.globl _T2SPLIT
                                     58 	.globl _TF2CEN
                                     59 	.globl _TF2LEN
                                     60 	.globl _TF2L
                                     61 	.globl _TF2H
                                     62 	.globl _SI
                                     63 	.globl _ACK
                                     64 	.globl _ARBLOST
                                     65 	.globl _ACKRQ
                                     66 	.globl _STO
                                     67 	.globl _STA
                                     68 	.globl _TXMODE
                                     69 	.globl _MASTER
                                     70 	.globl _PX0
                                     71 	.globl _PT0
                                     72 	.globl _PX1
                                     73 	.globl _PT1
                                     74 	.globl _PS0
                                     75 	.globl _PT2
                                     76 	.globl _PSPI0
                                     77 	.globl _SPI1EN
                                     78 	.globl _TXBMT1
                                     79 	.globl _NSS1MD0
                                     80 	.globl _NSS1MD1
                                     81 	.globl _RXOVRN1
                                     82 	.globl _MODF1
                                     83 	.globl _WCOL1
                                     84 	.globl _SPIF1
                                     85 	.globl _EX0
                                     86 	.globl _ET0
                                     87 	.globl _EX1
                                     88 	.globl _ET1
                                     89 	.globl _ES0
                                     90 	.globl _ET2
                                     91 	.globl _ESPI0
                                     92 	.globl _EA
                                     93 	.globl _RI0
                                     94 	.globl _TI0
                                     95 	.globl _RB80
                                     96 	.globl _TB80
                                     97 	.globl _REN0
                                     98 	.globl _MCE0
                                     99 	.globl _S0MODE
                                    100 	.globl _CRC0VAL
                                    101 	.globl _CRC0INIT
                                    102 	.globl _CRC0SEL
                                    103 	.globl _IT0
                                    104 	.globl _IE0
                                    105 	.globl _IT1
                                    106 	.globl _IE1
                                    107 	.globl _TR0
                                    108 	.globl _TF0
                                    109 	.globl _TR1
                                    110 	.globl _TF1
                                    111 	.globl _PCA0CP4
                                    112 	.globl _PCA0CP0
                                    113 	.globl _PCA0
                                    114 	.globl _PCA0CP3
                                    115 	.globl _PCA0CP2
                                    116 	.globl _PCA0CP1
                                    117 	.globl _PCA0CP5
                                    118 	.globl _TMR2
                                    119 	.globl _TMR2RL
                                    120 	.globl _ADC0LT
                                    121 	.globl _ADC0GT
                                    122 	.globl _ADC0
                                    123 	.globl _TMR3
                                    124 	.globl _TMR3RL
                                    125 	.globl _TOFF
                                    126 	.globl _DP
                                    127 	.globl _VDM0CN
                                    128 	.globl _PCA0CPH4
                                    129 	.globl _PCA0CPL4
                                    130 	.globl _PCA0CPH0
                                    131 	.globl _PCA0CPL0
                                    132 	.globl _PCA0H
                                    133 	.globl _PCA0L
                                    134 	.globl _SPI0CN
                                    135 	.globl _EIP2
                                    136 	.globl _EIP1
                                    137 	.globl _SMB0ADM
                                    138 	.globl _SMB0ADR
                                    139 	.globl _P2MDIN
                                    140 	.globl _P1MDIN
                                    141 	.globl _P0MDIN
                                    142 	.globl _B
                                    143 	.globl _RSTSRC
                                    144 	.globl _PCA0CPH3
                                    145 	.globl _PCA0CPL3
                                    146 	.globl _PCA0CPH2
                                    147 	.globl _PCA0CPL2
                                    148 	.globl _PCA0CPH1
                                    149 	.globl _PCA0CPL1
                                    150 	.globl _ADC0CN
                                    151 	.globl _EIE2
                                    152 	.globl _EIE1
                                    153 	.globl _FLWR
                                    154 	.globl _IT01CF
                                    155 	.globl _XBR2
                                    156 	.globl _XBR1
                                    157 	.globl _XBR0
                                    158 	.globl _ACC
                                    159 	.globl _PCA0PWM
                                    160 	.globl _PCA0CPM4
                                    161 	.globl _PCA0CPM3
                                    162 	.globl _PCA0CPM2
                                    163 	.globl _PCA0CPM1
                                    164 	.globl _PCA0CPM0
                                    165 	.globl _PCA0MD
                                    166 	.globl _PCA0CN
                                    167 	.globl _P0MAT
                                    168 	.globl _P2SKIP
                                    169 	.globl _P1SKIP
                                    170 	.globl _P0SKIP
                                    171 	.globl _PCA0CPH5
                                    172 	.globl _PCA0CPL5
                                    173 	.globl _REF0CN
                                    174 	.globl _PSW
                                    175 	.globl _P1MAT
                                    176 	.globl _PCA0CPM5
                                    177 	.globl _TMR2H
                                    178 	.globl _TMR2L
                                    179 	.globl _TMR2RLH
                                    180 	.globl _TMR2RLL
                                    181 	.globl _REG0CN
                                    182 	.globl _TMR2CN
                                    183 	.globl _P0MASK
                                    184 	.globl _ADC0LTH
                                    185 	.globl _ADC0LTL
                                    186 	.globl _ADC0GTH
                                    187 	.globl _ADC0GTL
                                    188 	.globl _SMB0DAT
                                    189 	.globl _SMB0CF
                                    190 	.globl _SMB0CN
                                    191 	.globl _P1MASK
                                    192 	.globl _ADC0H
                                    193 	.globl _ADC0L
                                    194 	.globl _ADC0TK
                                    195 	.globl _ADC0CF
                                    196 	.globl _ADC0MX
                                    197 	.globl _ADC0PWR
                                    198 	.globl _ADC0AC
                                    199 	.globl _IREF0CN
                                    200 	.globl _IP
                                    201 	.globl _FLKEY
                                    202 	.globl _FLSCL
                                    203 	.globl _PMU0CF
                                    204 	.globl _OSCICL
                                    205 	.globl _OSCICN
                                    206 	.globl _OSCXCN
                                    207 	.globl _SPI1CN
                                    208 	.globl _ONESHOT
                                    209 	.globl _EMI0TC
                                    210 	.globl _RTC0KEY
                                    211 	.globl _RTC0DAT
                                    212 	.globl _RTC0ADR
                                    213 	.globl _EMI0CF
                                    214 	.globl _EMI0CN
                                    215 	.globl _CLKSEL
                                    216 	.globl _IE
                                    217 	.globl _SFRPAGE
                                    218 	.globl _P2DRV
                                    219 	.globl _P2MDOUT
                                    220 	.globl _P1DRV
                                    221 	.globl _P1MDOUT
                                    222 	.globl _P0DRV
                                    223 	.globl _P0MDOUT
                                    224 	.globl _SPI0DAT
                                    225 	.globl _SPI0CKR
                                    226 	.globl _SPI0CFG
                                    227 	.globl _P2
                                    228 	.globl _CPT0MX
                                    229 	.globl _CPT1MX
                                    230 	.globl _CPT0MD
                                    231 	.globl _CPT1MD
                                    232 	.globl _CPT0CN
                                    233 	.globl _CPT1CN
                                    234 	.globl _SBUF0
                                    235 	.globl _SCON0
                                    236 	.globl _CRC0CNT
                                    237 	.globl _DC0CN
                                    238 	.globl _CRC0AUTO
                                    239 	.globl _DC0CF
                                    240 	.globl _TMR3H
                                    241 	.globl _CRC0FLIP
                                    242 	.globl _TMR3L
                                    243 	.globl _CRC0IN
                                    244 	.globl _TMR3RLH
                                    245 	.globl _CRC0CN
                                    246 	.globl _TMR3RLL
                                    247 	.globl _CRC0DAT
                                    248 	.globl _TMR3CN
                                    249 	.globl _P1
                                    250 	.globl _PSCTL
                                    251 	.globl _CKCON
                                    252 	.globl _TH1
                                    253 	.globl _TH0
                                    254 	.globl _TL1
                                    255 	.globl _TL0
                                    256 	.globl _TMOD
                                    257 	.globl _TCON
                                    258 	.globl _PCON
                                    259 	.globl _TOFFH
                                    260 	.globl _SPI1DAT
                                    261 	.globl _TOFFL
                                    262 	.globl _SPI1CKR
                                    263 	.globl _SPI1CFG
                                    264 	.globl _DPH
                                    265 	.globl _DPL
                                    266 	.globl _SP
                                    267 	.globl _P0
                                    268 	.globl _printf_start_capture_PARM_2
                                    269 	.globl _printf_start_capture
                                    270 	.globl _printf_end_capture
                                    271 	.globl _vprintfl
                                    272 	.globl _printfl
                                    273 ;--------------------------------------------------------
                                    274 ; special function registers
                                    275 ;--------------------------------------------------------
                                    276 	.area RSEG    (ABS,DATA)
      000000                        277 	.org 0x0000
                           000080   278 _P0	=	0x0080
                           000081   279 _SP	=	0x0081
                           000082   280 _DPL	=	0x0082
                           000083   281 _DPH	=	0x0083
                           000084   282 _SPI1CFG	=	0x0084
                           000085   283 _SPI1CKR	=	0x0085
                           000085   284 _TOFFL	=	0x0085
                           000086   285 _SPI1DAT	=	0x0086
                           000086   286 _TOFFH	=	0x0086
                           000087   287 _PCON	=	0x0087
                           000088   288 _TCON	=	0x0088
                           000089   289 _TMOD	=	0x0089
                           00008A   290 _TL0	=	0x008a
                           00008B   291 _TL1	=	0x008b
                           00008C   292 _TH0	=	0x008c
                           00008D   293 _TH1	=	0x008d
                           00008E   294 _CKCON	=	0x008e
                           00008F   295 _PSCTL	=	0x008f
                           000090   296 _P1	=	0x0090
                           000091   297 _TMR3CN	=	0x0091
                           000091   298 _CRC0DAT	=	0x0091
                           000092   299 _TMR3RLL	=	0x0092
                           000092   300 _CRC0CN	=	0x0092
                           000093   301 _TMR3RLH	=	0x0093
                           000093   302 _CRC0IN	=	0x0093
                           000094   303 _TMR3L	=	0x0094
                           000095   304 _CRC0FLIP	=	0x0095
                           000095   305 _TMR3H	=	0x0095
                           000096   306 _DC0CF	=	0x0096
                           000096   307 _CRC0AUTO	=	0x0096
                           000097   308 _DC0CN	=	0x0097
                           000097   309 _CRC0CNT	=	0x0097
                           000098   310 _SCON0	=	0x0098
                           000099   311 _SBUF0	=	0x0099
                           00009A   312 _CPT1CN	=	0x009a
                           00009B   313 _CPT0CN	=	0x009b
                           00009C   314 _CPT1MD	=	0x009c
                           00009D   315 _CPT0MD	=	0x009d
                           00009E   316 _CPT1MX	=	0x009e
                           00009F   317 _CPT0MX	=	0x009f
                           0000A0   318 _P2	=	0x00a0
                           0000A1   319 _SPI0CFG	=	0x00a1
                           0000A2   320 _SPI0CKR	=	0x00a2
                           0000A3   321 _SPI0DAT	=	0x00a3
                           0000A4   322 _P0MDOUT	=	0x00a4
                           0000A4   323 _P0DRV	=	0x00a4
                           0000A5   324 _P1MDOUT	=	0x00a5
                           0000A5   325 _P1DRV	=	0x00a5
                           0000A6   326 _P2MDOUT	=	0x00a6
                           0000A6   327 _P2DRV	=	0x00a6
                           0000A7   328 _SFRPAGE	=	0x00a7
                           0000A8   329 _IE	=	0x00a8
                           0000A9   330 _CLKSEL	=	0x00a9
                           0000AA   331 _EMI0CN	=	0x00aa
                           0000AB   332 _EMI0CF	=	0x00ab
                           0000AC   333 _RTC0ADR	=	0x00ac
                           0000AD   334 _RTC0DAT	=	0x00ad
                           0000AE   335 _RTC0KEY	=	0x00ae
                           0000AF   336 _EMI0TC	=	0x00af
                           0000AF   337 _ONESHOT	=	0x00af
                           0000B0   338 _SPI1CN	=	0x00b0
                           0000B1   339 _OSCXCN	=	0x00b1
                           0000B2   340 _OSCICN	=	0x00b2
                           0000B3   341 _OSCICL	=	0x00b3
                           0000B5   342 _PMU0CF	=	0x00b5
                           0000B6   343 _FLSCL	=	0x00b6
                           0000B7   344 _FLKEY	=	0x00b7
                           0000B8   345 _IP	=	0x00b8
                           0000B9   346 _IREF0CN	=	0x00b9
                           0000BA   347 _ADC0AC	=	0x00ba
                           0000BA   348 _ADC0PWR	=	0x00ba
                           0000BB   349 _ADC0MX	=	0x00bb
                           0000BC   350 _ADC0CF	=	0x00bc
                           0000BD   351 _ADC0TK	=	0x00bd
                           0000BD   352 _ADC0L	=	0x00bd
                           0000BE   353 _ADC0H	=	0x00be
                           0000BF   354 _P1MASK	=	0x00bf
                           0000C0   355 _SMB0CN	=	0x00c0
                           0000C1   356 _SMB0CF	=	0x00c1
                           0000C2   357 _SMB0DAT	=	0x00c2
                           0000C3   358 _ADC0GTL	=	0x00c3
                           0000C4   359 _ADC0GTH	=	0x00c4
                           0000C5   360 _ADC0LTL	=	0x00c5
                           0000C6   361 _ADC0LTH	=	0x00c6
                           0000C7   362 _P0MASK	=	0x00c7
                           0000C8   363 _TMR2CN	=	0x00c8
                           0000C9   364 _REG0CN	=	0x00c9
                           0000CA   365 _TMR2RLL	=	0x00ca
                           0000CB   366 _TMR2RLH	=	0x00cb
                           0000CC   367 _TMR2L	=	0x00cc
                           0000CD   368 _TMR2H	=	0x00cd
                           0000CE   369 _PCA0CPM5	=	0x00ce
                           0000CF   370 _P1MAT	=	0x00cf
                           0000D0   371 _PSW	=	0x00d0
                           0000D1   372 _REF0CN	=	0x00d1
                           0000D2   373 _PCA0CPL5	=	0x00d2
                           0000D3   374 _PCA0CPH5	=	0x00d3
                           0000D4   375 _P0SKIP	=	0x00d4
                           0000D5   376 _P1SKIP	=	0x00d5
                           0000D6   377 _P2SKIP	=	0x00d6
                           0000D7   378 _P0MAT	=	0x00d7
                           0000D8   379 _PCA0CN	=	0x00d8
                           0000D9   380 _PCA0MD	=	0x00d9
                           0000DA   381 _PCA0CPM0	=	0x00da
                           0000DB   382 _PCA0CPM1	=	0x00db
                           0000DC   383 _PCA0CPM2	=	0x00dc
                           0000DD   384 _PCA0CPM3	=	0x00dd
                           0000DE   385 _PCA0CPM4	=	0x00de
                           0000DF   386 _PCA0PWM	=	0x00df
                           0000E0   387 _ACC	=	0x00e0
                           0000E1   388 _XBR0	=	0x00e1
                           0000E2   389 _XBR1	=	0x00e2
                           0000E3   390 _XBR2	=	0x00e3
                           0000E4   391 _IT01CF	=	0x00e4
                           0000E5   392 _FLWR	=	0x00e5
                           0000E6   393 _EIE1	=	0x00e6
                           0000E7   394 _EIE2	=	0x00e7
                           0000E8   395 _ADC0CN	=	0x00e8
                           0000E9   396 _PCA0CPL1	=	0x00e9
                           0000EA   397 _PCA0CPH1	=	0x00ea
                           0000EB   398 _PCA0CPL2	=	0x00eb
                           0000EC   399 _PCA0CPH2	=	0x00ec
                           0000ED   400 _PCA0CPL3	=	0x00ed
                           0000EE   401 _PCA0CPH3	=	0x00ee
                           0000EF   402 _RSTSRC	=	0x00ef
                           0000F0   403 _B	=	0x00f0
                           0000F1   404 _P0MDIN	=	0x00f1
                           0000F2   405 _P1MDIN	=	0x00f2
                           0000F3   406 _P2MDIN	=	0x00f3
                           0000F4   407 _SMB0ADR	=	0x00f4
                           0000F5   408 _SMB0ADM	=	0x00f5
                           0000F6   409 _EIP1	=	0x00f6
                           0000F7   410 _EIP2	=	0x00f7
                           0000F8   411 _SPI0CN	=	0x00f8
                           0000F9   412 _PCA0L	=	0x00f9
                           0000FA   413 _PCA0H	=	0x00fa
                           0000FB   414 _PCA0CPL0	=	0x00fb
                           0000FC   415 _PCA0CPH0	=	0x00fc
                           0000FD   416 _PCA0CPL4	=	0x00fd
                           0000FE   417 _PCA0CPH4	=	0x00fe
                           0000FF   418 _VDM0CN	=	0x00ff
                           008382   419 _DP	=	0x8382
                           008685   420 _TOFF	=	0x8685
                           009392   421 _TMR3RL	=	0x9392
                           009594   422 _TMR3	=	0x9594
                           00BEBD   423 _ADC0	=	0xbebd
                           00C4C3   424 _ADC0GT	=	0xc4c3
                           00C6C5   425 _ADC0LT	=	0xc6c5
                           00CBCA   426 _TMR2RL	=	0xcbca
                           00CDCC   427 _TMR2	=	0xcdcc
                           00D3D2   428 _PCA0CP5	=	0xd3d2
                           00EAE9   429 _PCA0CP1	=	0xeae9
                           00ECEB   430 _PCA0CP2	=	0xeceb
                           00EEED   431 _PCA0CP3	=	0xeeed
                           00FAF9   432 _PCA0	=	0xfaf9
                           00FCFB   433 _PCA0CP0	=	0xfcfb
                           00FEFD   434 _PCA0CP4	=	0xfefd
                                    435 ;--------------------------------------------------------
                                    436 ; special function bits
                                    437 ;--------------------------------------------------------
                                    438 	.area RSEG    (ABS,DATA)
      000000                        439 	.org 0x0000
                           00008F   440 _TF1	=	0x008f
                           00008E   441 _TR1	=	0x008e
                           00008D   442 _TF0	=	0x008d
                           00008C   443 _TR0	=	0x008c
                           00008B   444 _IE1	=	0x008b
                           00008A   445 _IT1	=	0x008a
                           000089   446 _IE0	=	0x0089
                           000088   447 _IT0	=	0x0088
                           000096   448 _CRC0SEL	=	0x0096
                           000095   449 _CRC0INIT	=	0x0095
                           000094   450 _CRC0VAL	=	0x0094
                           00009F   451 _S0MODE	=	0x009f
                           00009D   452 _MCE0	=	0x009d
                           00009C   453 _REN0	=	0x009c
                           00009B   454 _TB80	=	0x009b
                           00009A   455 _RB80	=	0x009a
                           000099   456 _TI0	=	0x0099
                           000098   457 _RI0	=	0x0098
                           0000AF   458 _EA	=	0x00af
                           0000AE   459 _ESPI0	=	0x00ae
                           0000AD   460 _ET2	=	0x00ad
                           0000AC   461 _ES0	=	0x00ac
                           0000AB   462 _ET1	=	0x00ab
                           0000AA   463 _EX1	=	0x00aa
                           0000A9   464 _ET0	=	0x00a9
                           0000A8   465 _EX0	=	0x00a8
                           0000B7   466 _SPIF1	=	0x00b7
                           0000B6   467 _WCOL1	=	0x00b6
                           0000B5   468 _MODF1	=	0x00b5
                           0000B4   469 _RXOVRN1	=	0x00b4
                           0000B3   470 _NSS1MD1	=	0x00b3
                           0000B2   471 _NSS1MD0	=	0x00b2
                           0000B1   472 _TXBMT1	=	0x00b1
                           0000B0   473 _SPI1EN	=	0x00b0
                           0000BE   474 _PSPI0	=	0x00be
                           0000BD   475 _PT2	=	0x00bd
                           0000BC   476 _PS0	=	0x00bc
                           0000BB   477 _PT1	=	0x00bb
                           0000BA   478 _PX1	=	0x00ba
                           0000B9   479 _PT0	=	0x00b9
                           0000B8   480 _PX0	=	0x00b8
                           0000C7   481 _MASTER	=	0x00c7
                           0000C6   482 _TXMODE	=	0x00c6
                           0000C5   483 _STA	=	0x00c5
                           0000C4   484 _STO	=	0x00c4
                           0000C3   485 _ACKRQ	=	0x00c3
                           0000C2   486 _ARBLOST	=	0x00c2
                           0000C1   487 _ACK	=	0x00c1
                           0000C0   488 _SI	=	0x00c0
                           0000CF   489 _TF2H	=	0x00cf
                           0000CE   490 _TF2L	=	0x00ce
                           0000CD   491 _TF2LEN	=	0x00cd
                           0000CC   492 _TF2CEN	=	0x00cc
                           0000CB   493 _T2SPLIT	=	0x00cb
                           0000CA   494 _TR2	=	0x00ca
                           0000C9   495 _T2RCLK	=	0x00c9
                           0000C8   496 _T2XCLK	=	0x00c8
                           0000D7   497 _CY	=	0x00d7
                           0000D6   498 _AC	=	0x00d6
                           0000D5   499 _F0	=	0x00d5
                           0000D4   500 _RS1	=	0x00d4
                           0000D3   501 _RS0	=	0x00d3
                           0000D2   502 _OV	=	0x00d2
                           0000D1   503 _F1	=	0x00d1
                           0000D0   504 _P	=	0x00d0
                           0000DF   505 _CF	=	0x00df
                           0000DE   506 _CR	=	0x00de
                           0000DD   507 _CCF5	=	0x00dd
                           0000DC   508 _CCF4	=	0x00dc
                           0000DB   509 _CCF3	=	0x00db
                           0000DA   510 _CCF2	=	0x00da
                           0000D9   511 _CCF1	=	0x00d9
                           0000D8   512 _CCF0	=	0x00d8
                           0000EF   513 _AD0EN	=	0x00ef
                           0000EE   514 _BURSTEN	=	0x00ee
                           0000ED   515 _AD0INT	=	0x00ed
                           0000EC   516 _AD0BUSY	=	0x00ec
                           0000EB   517 _AD0WINT	=	0x00eb
                           0000EA   518 _AD0CM2	=	0x00ea
                           0000E9   519 _AD0CM1	=	0x00e9
                           0000E8   520 _AD0CM0	=	0x00e8
                           0000FF   521 _SPIF0	=	0x00ff
                           0000FE   522 _WCOL0	=	0x00fe
                           0000FD   523 _MODF0	=	0x00fd
                           0000FC   524 _RXOVRN0	=	0x00fc
                           0000FB   525 _NSS0MD1	=	0x00fb
                           0000FA   526 _NSS0MD0	=	0x00fa
                           0000F9   527 _TXBMT0	=	0x00f9
                           0000F8   528 _SPI0EN	=	0x00f8
                           000096   529 _LED_RED	=	0x0096
                           000095   530 _LED_GREEN	=	0x0095
                           000082   531 _PIN_CONFIG	=	0x0082
                           000083   532 _PIN_ENABLE	=	0x0083
                           000087   533 _IRQ	=	0x0087
                           000094   534 _NSS1	=	0x0094
                           0000A6   535 _SDN	=	0x00a6
                                    536 ;--------------------------------------------------------
                                    537 ; overlayable register banks
                                    538 ;--------------------------------------------------------
                                    539 	.area REG_BANK_0	(REL,OVR,DATA)
      000000                        540 	.ds 8
                                    541 ;--------------------------------------------------------
                                    542 ; internal ram data
                                    543 ;--------------------------------------------------------
                                    544 	.area DSEG    (DATA)
      000000                        545 _radix:
      000000                        546 	.ds 1
      000001                        547 _str:
      000001                        548 	.ds 3
                                    549 ;--------------------------------------------------------
                                    550 ; overlayable items in internal ram 
                                    551 ;--------------------------------------------------------
                                    552 ;--------------------------------------------------------
                                    553 ; indirectly addressable internal ram data
                                    554 ;--------------------------------------------------------
                                    555 	.area ISEG    (DATA)
      000000                        556 _vprintfl_buffer_4_147:
      000000                        557 	.ds 12
                                    558 ;--------------------------------------------------------
                                    559 ; absolute internal ram data
                                    560 ;--------------------------------------------------------
                                    561 	.area IABS    (ABS,DATA)
                                    562 	.area IABS    (ABS,DATA)
                                    563 ;--------------------------------------------------------
                                    564 ; bit data
                                    565 ;--------------------------------------------------------
                                    566 	.area BSEG    (BIT)
      000000                        567 _long_flag:
      000000                        568 	.ds 1
      000001                        569 _string_flag:
      000001                        570 	.ds 1
      000002                        571 _char_flag:
      000002                        572 	.ds 1
      000003                        573 _unsigned_flag:
      000003                        574 	.ds 1
      000004                        575 _capture:
      000004                        576 	.ds 1
                                    577 ;--------------------------------------------------------
                                    578 ; paged external ram data
                                    579 ;--------------------------------------------------------
                                    580 	.area PSEG    (PAG,XDATA)
      000000                        581 _val:
      000000                        582 	.ds 4
      000004                        583 _capture_buffer_size:
      000004                        584 	.ds 1
      000005                        585 _captured_size:
      000005                        586 	.ds 1
                                    587 ;--------------------------------------------------------
                                    588 ; external ram data
                                    589 ;--------------------------------------------------------
                                    590 	.area XSEG    (XDATA)
      000000                        591 _capture_buffer:
      000000                        592 	.ds 2
      000002                        593 _printf_start_capture_PARM_2:
      000002                        594 	.ds 1
      000003                        595 _printf_start_capture_buf_1_128:
      000003                        596 	.ds 2
                                    597 ;--------------------------------------------------------
                                    598 ; absolute external ram data
                                    599 ;--------------------------------------------------------
                                    600 	.area XABS    (ABS,XDATA)
                                    601 ;--------------------------------------------------------
                                    602 ; external initialized ram data
                                    603 ;--------------------------------------------------------
                                    604 	.area XISEG   (XDATA)
                                    605 	.area HOME    (CODE)
                                    606 	.area GSINIT0 (CODE)
                                    607 	.area GSINIT1 (CODE)
                                    608 	.area GSINIT2 (CODE)
                                    609 	.area GSINIT3 (CODE)
                                    610 	.area GSINIT4 (CODE)
                                    611 	.area GSINIT5 (CODE)
                                    612 	.area GSINIT  (CODE)
                                    613 	.area GSFINAL (CODE)
                                    614 	.area CSEG    (CODE)
                                    615 ;--------------------------------------------------------
                                    616 ; global & static initialisations
                                    617 ;--------------------------------------------------------
                                    618 	.area HOME    (CODE)
                                    619 	.area GSINIT  (CODE)
                                    620 	.area GSFINAL (CODE)
                                    621 	.area GSINIT  (CODE)
                                    622 ;	radio/printfl.c:50: static __bit long_flag = 0;
      000000 C2*00            [12]  623 	clr	_long_flag
                                    624 ;	radio/printfl.c:51: static __bit string_flag = 0;
      000002 C2*01            [12]  625 	clr	_string_flag
                                    626 ;	radio/printfl.c:52: static __bit char_flag = 0;
      000004 C2*02            [12]  627 	clr	_char_flag
                                    628 ;	radio/printfl.c:53: static __bit unsigned_flag = 0;
      000006 C2*03            [12]  629 	clr	_unsigned_flag
                                    630 ;--------------------------------------------------------
                                    631 ; Home
                                    632 ;--------------------------------------------------------
                                    633 	.area HOME    (CODE)
                                    634 	.area HOME    (CODE)
                                    635 ;--------------------------------------------------------
                                    636 ; code
                                    637 ;--------------------------------------------------------
                                    638 	.area CSEG    (CODE)
                                    639 ;------------------------------------------------------------
                                    640 ;Allocation info for local variables in function 'output_char'
                                    641 ;------------------------------------------------------------
                                    642 ;c                         Allocated to registers r7 
                                    643 ;------------------------------------------------------------
                                    644 ;	radio/printfl.c:65: output_char(register char c)
                                    645 ;	-----------------------------------------
                                    646 ;	 function output_char
                                    647 ;	-----------------------------------------
      000000                        648 _output_char:
                           000007   649 	ar7 = 0x07
                           000006   650 	ar6 = 0x06
                           000005   651 	ar5 = 0x05
                           000004   652 	ar4 = 0x04
                           000003   653 	ar3 = 0x03
                           000002   654 	ar2 = 0x02
                           000001   655 	ar1 = 0x01
                           000000   656 	ar0 = 0x00
      000000 AF 82            [24]  657 	mov	r7,dpl
                                    658 ;	radio/printfl.c:67: if (!capture) {
      000002 20*04 05         [24]  659 	jb	_capture,00102$
                                    660 ;	radio/printfl.c:68: putchar(c);
      000005 8F 82            [24]  661 	mov	dpl,r7
                                    662 ;	radio/printfl.c:69: return;
      000007 02r00r00         [24]  663 	ljmp	_putchar
      00000A                        664 00102$:
                                    665 ;	radio/printfl.c:71: if (captured_size < capture_buffer_size) {
      00000A 78r05            [12]  666 	mov	r0,#_captured_size
      00000C 79r04            [12]  667 	mov	r1,#_capture_buffer_size
      00000E C3               [12]  668 	clr	c
      00000F E3               [24]  669 	movx	a,@r1
      000010 F5 F0            [12]  670 	mov	b,a
      000012 E2               [24]  671 	movx	a,@r0
      000013 95 F0            [12]  672 	subb	a,b
      000015 50 1A            [24]  673 	jnc	00105$
                                    674 ;	radio/printfl.c:72: capture_buffer[captured_size++] = c;
      000017 78r05            [12]  675 	mov	r0,#_captured_size
      000019 E2               [24]  676 	movx	a,@r0
      00001A FE               [12]  677 	mov	r6,a
      00001B 78r05            [12]  678 	mov	r0,#_captured_size
      00001D 04               [12]  679 	inc	a
      00001E F2               [24]  680 	movx	@r0,a
      00001F 90r00r00         [24]  681 	mov	dptr,#_capture_buffer
      000022 E0               [24]  682 	movx	a,@dptr
      000023 FC               [12]  683 	mov	r4,a
      000024 A3               [24]  684 	inc	dptr
      000025 E0               [24]  685 	movx	a,@dptr
      000026 FD               [12]  686 	mov	r5,a
      000027 EE               [12]  687 	mov	a,r6
      000028 2C               [12]  688 	add	a,r4
      000029 F5 82            [12]  689 	mov	dpl,a
      00002B E4               [12]  690 	clr	a
      00002C 3D               [12]  691 	addc	a,r5
      00002D F5 83            [12]  692 	mov	dph,a
      00002F EF               [12]  693 	mov	a,r7
      000030 F0               [24]  694 	movx	@dptr,a
      000031                        695 00105$:
      000031 22               [24]  696 	ret
                                    697 ;------------------------------------------------------------
                                    698 ;Allocation info for local variables in function 'printf_start_capture'
                                    699 ;------------------------------------------------------------
                                    700 ;size                      Allocated with name '_printf_start_capture_PARM_2'
                                    701 ;buf                       Allocated with name '_printf_start_capture_buf_1_128'
                                    702 ;------------------------------------------------------------
                                    703 ;	radio/printfl.c:78: printf_start_capture(__xdata uint8_t *buf, uint8_t size)
                                    704 ;	-----------------------------------------
                                    705 ;	 function printf_start_capture
                                    706 ;	-----------------------------------------
      000032                        707 _printf_start_capture:
      000032 AF 83            [24]  708 	mov	r7,dph
      000034 E5 82            [12]  709 	mov	a,dpl
      000036 90r00r03         [24]  710 	mov	dptr,#_printf_start_capture_buf_1_128
      000039 F0               [24]  711 	movx	@dptr,a
      00003A EF               [12]  712 	mov	a,r7
      00003B A3               [24]  713 	inc	dptr
      00003C F0               [24]  714 	movx	@dptr,a
                                    715 ;	radio/printfl.c:80: capture_buffer = buf;
      00003D 90r00r03         [24]  716 	mov	dptr,#_printf_start_capture_buf_1_128
      000040 E0               [24]  717 	movx	a,@dptr
      000041 FE               [12]  718 	mov	r6,a
      000042 A3               [24]  719 	inc	dptr
      000043 E0               [24]  720 	movx	a,@dptr
      000044 FF               [12]  721 	mov	r7,a
      000045 90r00r00         [24]  722 	mov	dptr,#_capture_buffer
      000048 EE               [12]  723 	mov	a,r6
      000049 F0               [24]  724 	movx	@dptr,a
      00004A EF               [12]  725 	mov	a,r7
      00004B A3               [24]  726 	inc	dptr
      00004C F0               [24]  727 	movx	@dptr,a
                                    728 ;	radio/printfl.c:81: captured_size = 0;
      00004D 78r05            [12]  729 	mov	r0,#_captured_size
      00004F E4               [12]  730 	clr	a
      000050 F2               [24]  731 	movx	@r0,a
                                    732 ;	radio/printfl.c:82: capture_buffer_size = size;
      000051 90r00r02         [24]  733 	mov	dptr,#_printf_start_capture_PARM_2
      000054 E0               [24]  734 	movx	a,@dptr
      000055 78r04            [12]  735 	mov	r0,#_capture_buffer_size
      000057 F2               [24]  736 	movx	@r0,a
                                    737 ;	radio/printfl.c:83: capture = true;
      000058 D2*04            [12]  738 	setb	_capture
      00005A 22               [24]  739 	ret
                                    740 ;------------------------------------------------------------
                                    741 ;Allocation info for local variables in function 'printf_end_capture'
                                    742 ;------------------------------------------------------------
                                    743 ;	radio/printfl.c:88: printf_end_capture(void)
                                    744 ;	-----------------------------------------
                                    745 ;	 function printf_end_capture
                                    746 ;	-----------------------------------------
      00005B                        747 _printf_end_capture:
                                    748 ;	radio/printfl.c:90: capture = false;
      00005B C2*04            [12]  749 	clr	_capture
                                    750 ;	radio/printfl.c:91: return captured_size;
      00005D 78r05            [12]  751 	mov	r0,#_captured_size
      00005F E2               [24]  752 	movx	a,@r0
      000060 F5 82            [12]  753 	mov	dpl,a
      000062 22               [24]  754 	ret
                                    755 ;------------------------------------------------------------
                                    756 ;Allocation info for local variables in function 'vprintfl'
                                    757 ;------------------------------------------------------------
                                    758 ;ap                        Allocated to stack - sp -2
                                    759 ;fmt                       Allocated to registers r5 r6 r7 
                                    760 ;stri                      Allocated to registers 
                                    761 ;buffer                    Allocated with name '_vprintfl_buffer_4_147'
                                    762 ;------------------------------------------------------------
                                    763 ;	radio/printfl.c:95: vprintfl(const char * fmt, va_list ap) __reentrant
                                    764 ;	-----------------------------------------
                                    765 ;	 function vprintfl
                                    766 ;	-----------------------------------------
      000063                        767 _vprintfl:
      000063 AD 82            [24]  768 	mov	r5,dpl
      000065 AE 83            [24]  769 	mov	r6,dph
      000067 AF F0            [24]  770 	mov	r7,b
      000069                        771 00146$:
                                    772 ;	radio/printfl.c:98: for (; *fmt; fmt++) {
      000069 8D 82            [24]  773 	mov	dpl,r5
      00006B 8E 83            [24]  774 	mov	dph,r6
      00006D 8F F0            [24]  775 	mov	b,r7
      00006F 12r00r00         [24]  776 	lcall	__gptrget
      000072 FC               [12]  777 	mov	r4,a
      000073 70 01            [24]  778 	jnz	00219$
      000075 22               [24]  779 	ret
      000076                        780 00219$:
                                    781 ;	radio/printfl.c:99: if (*fmt == '%') {
      000076 BC 25 02         [24]  782 	cjne	r4,#0x25,00220$
      000079 80 03            [24]  783 	sjmp	00221$
      00007B                        784 00220$:
      00007B 02r02rED         [24]  785 	ljmp	00141$
      00007E                        786 00221$:
                                    787 ;	radio/printfl.c:100: long_flag = string_flag = char_flag = unsigned_flag = 0;
      00007E C2*03            [12]  788 	clr	_unsigned_flag
      000080 C2*02            [12]  789 	clr	_char_flag
      000082 C2*01            [12]  790 	clr	_string_flag
      000084 C2*00            [12]  791 	clr	_long_flag
                                    792 ;	radio/printfl.c:101: fmt++;
      000086 0D               [12]  793 	inc	r5
      000087 BD 00 01         [24]  794 	cjne	r5,#0x00,00222$
      00008A 0E               [12]  795 	inc	r6
      00008B                        796 00222$:
                                    797 ;	radio/printfl.c:102: switch (*fmt) {
      00008B 8D 82            [24]  798 	mov	dpl,r5
      00008D 8E 83            [24]  799 	mov	dph,r6
      00008F 8F F0            [24]  800 	mov	b,r7
      000091 12r00r00         [24]  801 	lcall	__gptrget
      000094 FB               [12]  802 	mov	r3,a
      000095 BB 68 02         [24]  803 	cjne	r3,#0x68,00223$
      000098 80 0C            [24]  804 	sjmp	00102$
      00009A                        805 00223$:
      00009A BB 6C 10         [24]  806 	cjne	r3,#0x6C,00103$
                                    807 ;	radio/printfl.c:104: long_flag = 1;
      00009D D2*00            [12]  808 	setb	_long_flag
                                    809 ;	radio/printfl.c:105: fmt++;
      00009F 0D               [12]  810 	inc	r5
                                    811 ;	radio/printfl.c:106: break;
                                    812 ;	radio/printfl.c:107: case 'h':
      0000A0 BD 00 0A         [24]  813 	cjne	r5,#0x00,00103$
      0000A3 0E               [12]  814 	inc	r6
      0000A4 80 07            [24]  815 	sjmp	00103$
      0000A6                        816 00102$:
                                    817 ;	radio/printfl.c:108: char_flag = 1;
      0000A6 D2*02            [12]  818 	setb	_char_flag
                                    819 ;	radio/printfl.c:109: fmt++;
      0000A8 0D               [12]  820 	inc	r5
      0000A9 BD 00 01         [24]  821 	cjne	r5,#0x00,00227$
      0000AC 0E               [12]  822 	inc	r6
      0000AD                        823 00227$:
                                    824 ;	radio/printfl.c:110: }
      0000AD                        825 00103$:
                                    826 ;	radio/printfl.c:112: switch (*fmt) {
      0000AD 8D 82            [24]  827 	mov	dpl,r5
      0000AF 8E 83            [24]  828 	mov	dph,r6
      0000B1 8F F0            [24]  829 	mov	b,r7
      0000B3 12r00r00         [24]  830 	lcall	__gptrget
      0000B6 FB               [12]  831 	mov	r3,a
      0000B7 BB 63 02         [24]  832 	cjne	r3,#0x63,00228$
      0000BA 80 30            [24]  833 	sjmp	00108$
      0000BC                        834 00228$:
      0000BC BB 64 02         [24]  835 	cjne	r3,#0x64,00229$
      0000BF 80 18            [24]  836 	sjmp	00105$
      0000C1                        837 00229$:
      0000C1 BB 6F 02         [24]  838 	cjne	r3,#0x6F,00230$
      0000C4 80 2B            [24]  839 	sjmp	00109$
      0000C6                        840 00230$:
      0000C6 BB 73 02         [24]  841 	cjne	r3,#0x73,00231$
      0000C9 80 0A            [24]  842 	sjmp	00104$
      0000CB                        843 00231$:
      0000CB BB 75 02         [24]  844 	cjne	r3,#0x75,00232$
      0000CE 80 0E            [24]  845 	sjmp	00106$
      0000D0                        846 00232$:
                                    847 ;	radio/printfl.c:113: case 's':
      0000D0 BB 78 23         [24]  848 	cjne	r3,#0x78,00110$
      0000D3 80 10            [24]  849 	sjmp	00107$
      0000D5                        850 00104$:
                                    851 ;	radio/printfl.c:114: string_flag = 1;
      0000D5 D2*01            [12]  852 	setb	_string_flag
                                    853 ;	radio/printfl.c:115: break;
                                    854 ;	radio/printfl.c:116: case 'd':
      0000D7 80 1D            [24]  855 	sjmp	00110$
      0000D9                        856 00105$:
                                    857 ;	radio/printfl.c:117: radix = 10;
      0000D9 75*00 0A         [24]  858 	mov	_radix,#0x0A
                                    859 ;	radio/printfl.c:118: break;
                                    860 ;	radio/printfl.c:119: case 'u':
      0000DC 80 18            [24]  861 	sjmp	00110$
      0000DE                        862 00106$:
                                    863 ;	radio/printfl.c:120: radix = 10;
      0000DE 75*00 0A         [24]  864 	mov	_radix,#0x0A
                                    865 ;	radio/printfl.c:121: unsigned_flag = 1;
      0000E1 D2*03            [12]  866 	setb	_unsigned_flag
                                    867 ;	radio/printfl.c:122: break;
                                    868 ;	radio/printfl.c:123: case 'x':
      0000E3 80 11            [24]  869 	sjmp	00110$
      0000E5                        870 00107$:
                                    871 ;	radio/printfl.c:124: radix = 16;
      0000E5 75*00 10         [24]  872 	mov	_radix,#0x10
                                    873 ;	radio/printfl.c:125: unsigned_flag = 1;
      0000E8 D2*03            [12]  874 	setb	_unsigned_flag
                                    875 ;	radio/printfl.c:126: break;
                                    876 ;	radio/printfl.c:127: case 'c':
      0000EA 80 0A            [24]  877 	sjmp	00110$
      0000EC                        878 00108$:
                                    879 ;	radio/printfl.c:128: radix = 0;
      0000EC 75*00 00         [24]  880 	mov	_radix,#0x00
                                    881 ;	radio/printfl.c:129: break;
                                    882 ;	radio/printfl.c:130: case 'o':
      0000EF 80 05            [24]  883 	sjmp	00110$
      0000F1                        884 00109$:
                                    885 ;	radio/printfl.c:131: radix = 8;
      0000F1 75*00 08         [24]  886 	mov	_radix,#0x08
                                    887 ;	radio/printfl.c:132: unsigned_flag = 1;
      0000F4 D2*03            [12]  888 	setb	_unsigned_flag
                                    889 ;	radio/printfl.c:134: }
      0000F6                        890 00110$:
                                    891 ;	radio/printfl.c:136: if (string_flag) {
      0000F6 30*01 71         [24]  892 	jnb	_string_flag,00115$
                                    893 ;	radio/printfl.c:137: str = va_arg(ap, char *);
      0000F9 A8 81            [24]  894 	mov	r0,sp
      0000FB 18               [12]  895 	dec	r0
      0000FC 18               [12]  896 	dec	r0
      0000FD E6               [12]  897 	mov	a,@r0
      0000FE 24 FD            [12]  898 	add	a,#0xFD
      000100 FB               [12]  899 	mov	r3,a
      000101 A8 81            [24]  900 	mov	r0,sp
      000103 18               [12]  901 	dec	r0
      000104 18               [12]  902 	dec	r0
      000105 A6 03            [24]  903 	mov	@r0,ar3
      000107 8B 01            [24]  904 	mov	ar1,r3
      000109 87*01            [24]  905 	mov	_str,@r1
      00010B 09               [12]  906 	inc	r1
      00010C 87*02            [24]  907 	mov	(_str + 1),@r1
      00010E 09               [12]  908 	inc	r1
      00010F 87*03            [24]  909 	mov	(_str + 2),@r1
      000111 19               [12]  910 	dec	r1
      000112 19               [12]  911 	dec	r1
                                    912 ;	radio/printfl.c:138: while (*str)
      000113                        913 00111$:
      000113 C0 05            [24]  914 	push	ar5
      000115 C0 06            [24]  915 	push	ar6
      000117 C0 07            [24]  916 	push	ar7
      000119 AA*01            [24]  917 	mov	r2,_str
      00011B AB*02            [24]  918 	mov	r3,(_str + 1)
      00011D AF*03            [24]  919 	mov	r7,(_str + 2)
      00011F 8A 82            [24]  920 	mov	dpl,r2
      000121 8B 83            [24]  921 	mov	dph,r3
      000123 8F F0            [24]  922 	mov	b,r7
      000125 12r00r00         [24]  923 	lcall	__gptrget
      000128 D0 07            [24]  924 	pop	ar7
      00012A D0 06            [24]  925 	pop	ar6
      00012C D0 05            [24]  926 	pop	ar5
      00012E 70 03            [24]  927 	jnz	00235$
      000130 02r02rFE         [24]  928 	ljmp	00143$
      000133                        929 00235$:
                                    930 ;	radio/printfl.c:139: output_char(*str++);
      000133 C0 05            [24]  931 	push	ar5
      000135 C0 06            [24]  932 	push	ar6
      000137 C0 07            [24]  933 	push	ar7
      000139 AA*01            [24]  934 	mov	r2,_str
      00013B AB*02            [24]  935 	mov	r3,(_str + 1)
      00013D AF*03            [24]  936 	mov	r7,(_str + 2)
      00013F 8A 82            [24]  937 	mov	dpl,r2
      000141 8B 83            [24]  938 	mov	dph,r3
      000143 8F F0            [24]  939 	mov	b,r7
      000145 12r00r00         [24]  940 	lcall	__gptrget
      000148 FA               [12]  941 	mov	r2,a
      000149 05*01            [12]  942 	inc	_str
      00014B E4               [12]  943 	clr	a
      00014C B5*01 02         [24]  944 	cjne	a,_str,00236$
      00014F 05*02            [12]  945 	inc	(_str + 1)
      000151                        946 00236$:
      000151 8A 82            [24]  947 	mov	dpl,r2
      000153 C0 07            [24]  948 	push	ar7
      000155 C0 06            [24]  949 	push	ar6
      000157 C0 05            [24]  950 	push	ar5
      000159 12r00r00         [24]  951 	lcall	_output_char
      00015C D0 05            [24]  952 	pop	ar5
      00015E D0 06            [24]  953 	pop	ar6
      000160 D0 07            [24]  954 	pop	ar7
      000162 D0 07            [24]  955 	pop	ar7
      000164 D0 06            [24]  956 	pop	ar6
      000166 D0 05            [24]  957 	pop	ar5
                                    958 ;	radio/printfl.c:140: continue;
      000168 80 A9            [24]  959 	sjmp	00111$
      00016A                        960 00115$:
                                    961 ;	radio/printfl.c:143: if (unsigned_flag) {
      00016A 30*03 6D         [24]  962 	jnb	_unsigned_flag,00129$
                                    963 ;	radio/printfl.c:144: if (long_flag) {
      00016D 30*00 26         [24]  964 	jnb	_long_flag,00120$
                                    965 ;	radio/printfl.c:145: val = va_arg(ap,unsigned long);
      000170 A8 81            [24]  966 	mov	r0,sp
      000172 18               [12]  967 	dec	r0
      000173 18               [12]  968 	dec	r0
      000174 E6               [12]  969 	mov	a,@r0
      000175 24 FC            [12]  970 	add	a,#0xFC
      000177 FB               [12]  971 	mov	r3,a
      000178 A8 81            [24]  972 	mov	r0,sp
      00017A 18               [12]  973 	dec	r0
      00017B 18               [12]  974 	dec	r0
      00017C A6 03            [24]  975 	mov	@r0,ar3
      00017E 8B 01            [24]  976 	mov	ar1,r3
      000180 78r00            [12]  977 	mov	r0,#_val
      000182 E7               [12]  978 	mov	a,@r1
      000183 F2               [24]  979 	movx	@r0,a
      000184 09               [12]  980 	inc	r1
      000185 E7               [12]  981 	mov	a,@r1
      000186 08               [12]  982 	inc	r0
      000187 F2               [24]  983 	movx	@r0,a
      000188 09               [12]  984 	inc	r1
      000189 E7               [12]  985 	mov	a,@r1
      00018A 08               [12]  986 	inc	r0
      00018B F2               [24]  987 	movx	@r0,a
      00018C 09               [12]  988 	inc	r1
      00018D E7               [12]  989 	mov	a,@r1
      00018E 08               [12]  990 	inc	r0
      00018F F2               [24]  991 	movx	@r0,a
      000190 19               [12]  992 	dec	r1
      000191 19               [12]  993 	dec	r1
      000192 19               [12]  994 	dec	r1
      000193 02r02r4B         [24]  995 	ljmp	00130$
      000196                        996 00120$:
                                    997 ;	radio/printfl.c:146: } else if (char_flag) {
      000196 30*02 1D         [24]  998 	jnb	_char_flag,00117$
                                    999 ;	radio/printfl.c:147: val = va_arg(ap,unsigned char);
      000199 A8 81            [24] 1000 	mov	r0,sp
      00019B 18               [12] 1001 	dec	r0
      00019C 18               [12] 1002 	dec	r0
      00019D E6               [12] 1003 	mov	a,@r0
      00019E 14               [12] 1004 	dec	a
      00019F F9               [12] 1005 	mov	r1,a
      0001A0 A8 81            [24] 1006 	mov	r0,sp
      0001A2 18               [12] 1007 	dec	r0
      0001A3 18               [12] 1008 	dec	r0
      0001A4 A6 01            [24] 1009 	mov	@r0,ar1
      0001A6 87 03            [24] 1010 	mov	ar3,@r1
      0001A8 78r00            [12] 1011 	mov	r0,#_val
      0001AA EB               [12] 1012 	mov	a,r3
      0001AB F2               [24] 1013 	movx	@r0,a
      0001AC 08               [12] 1014 	inc	r0
      0001AD E4               [12] 1015 	clr	a
      0001AE F2               [24] 1016 	movx	@r0,a
      0001AF 08               [12] 1017 	inc	r0
      0001B0 F2               [24] 1018 	movx	@r0,a
      0001B1 08               [12] 1019 	inc	r0
      0001B2 F2               [24] 1020 	movx	@r0,a
      0001B3 02r02r4B         [24] 1021 	ljmp	00130$
      0001B6                       1022 00117$:
                                   1023 ;	radio/printfl.c:149: val = va_arg(ap,unsigned int);
      0001B6 A8 81            [24] 1024 	mov	r0,sp
      0001B8 18               [12] 1025 	dec	r0
      0001B9 18               [12] 1026 	dec	r0
      0001BA E6               [12] 1027 	mov	a,@r0
      0001BB 24 FE            [12] 1028 	add	a,#0xFE
      0001BD FB               [12] 1029 	mov	r3,a
      0001BE A8 81            [24] 1030 	mov	r0,sp
      0001C0 18               [12] 1031 	dec	r0
      0001C1 18               [12] 1032 	dec	r0
      0001C2 A6 03            [24] 1033 	mov	@r0,ar3
      0001C4 8B 01            [24] 1034 	mov	ar1,r3
      0001C6 87 02            [24] 1035 	mov	ar2,@r1
      0001C8 09               [12] 1036 	inc	r1
      0001C9 87 03            [24] 1037 	mov	ar3,@r1
      0001CB 19               [12] 1038 	dec	r1
      0001CC 78r00            [12] 1039 	mov	r0,#_val
      0001CE EA               [12] 1040 	mov	a,r2
      0001CF F2               [24] 1041 	movx	@r0,a
      0001D0 08               [12] 1042 	inc	r0
      0001D1 EB               [12] 1043 	mov	a,r3
      0001D2 F2               [24] 1044 	movx	@r0,a
      0001D3 08               [12] 1045 	inc	r0
      0001D4 E4               [12] 1046 	clr	a
      0001D5 F2               [24] 1047 	movx	@r0,a
      0001D6 08               [12] 1048 	inc	r0
      0001D7 F2               [24] 1049 	movx	@r0,a
      0001D8 80 71            [24] 1050 	sjmp	00130$
      0001DA                       1051 00129$:
                                   1052 ;	radio/printfl.c:152: if (long_flag) {
      0001DA 30*00 25         [24] 1053 	jnb	_long_flag,00126$
                                   1054 ;	radio/printfl.c:153: val = va_arg(ap,long);
      0001DD A8 81            [24] 1055 	mov	r0,sp
      0001DF 18               [12] 1056 	dec	r0
      0001E0 18               [12] 1057 	dec	r0
      0001E1 E6               [12] 1058 	mov	a,@r0
      0001E2 24 FC            [12] 1059 	add	a,#0xFC
      0001E4 FB               [12] 1060 	mov	r3,a
      0001E5 A8 81            [24] 1061 	mov	r0,sp
      0001E7 18               [12] 1062 	dec	r0
      0001E8 18               [12] 1063 	dec	r0
      0001E9 A6 03            [24] 1064 	mov	@r0,ar3
      0001EB 8B 01            [24] 1065 	mov	ar1,r3
      0001ED 78r00            [12] 1066 	mov	r0,#_val
      0001EF E7               [12] 1067 	mov	a,@r1
      0001F0 F2               [24] 1068 	movx	@r0,a
      0001F1 09               [12] 1069 	inc	r1
      0001F2 E7               [12] 1070 	mov	a,@r1
      0001F3 08               [12] 1071 	inc	r0
      0001F4 F2               [24] 1072 	movx	@r0,a
      0001F5 09               [12] 1073 	inc	r1
      0001F6 E7               [12] 1074 	mov	a,@r1
      0001F7 08               [12] 1075 	inc	r0
      0001F8 F2               [24] 1076 	movx	@r0,a
      0001F9 09               [12] 1077 	inc	r1
      0001FA E7               [12] 1078 	mov	a,@r1
      0001FB 08               [12] 1079 	inc	r0
      0001FC F2               [24] 1080 	movx	@r0,a
      0001FD 19               [12] 1081 	dec	r1
      0001FE 19               [12] 1082 	dec	r1
      0001FF 19               [12] 1083 	dec	r1
      000200 80 49            [24] 1084 	sjmp	00130$
      000202                       1085 00126$:
                                   1086 ;	radio/printfl.c:154: } else if (char_flag) {
      000202 30*02 21         [24] 1087 	jnb	_char_flag,00123$
                                   1088 ;	radio/printfl.c:155: val = va_arg(ap,char);
      000205 A8 81            [24] 1089 	mov	r0,sp
      000207 18               [12] 1090 	dec	r0
      000208 18               [12] 1091 	dec	r0
      000209 E6               [12] 1092 	mov	a,@r0
      00020A 14               [12] 1093 	dec	a
      00020B FB               [12] 1094 	mov	r3,a
      00020C A8 81            [24] 1095 	mov	r0,sp
      00020E 18               [12] 1096 	dec	r0
      00020F 18               [12] 1097 	dec	r0
      000210 A6 03            [24] 1098 	mov	@r0,ar3
      000212 8B 01            [24] 1099 	mov	ar1,r3
      000214 87 03            [24] 1100 	mov	ar3,@r1
      000216 78r00            [12] 1101 	mov	r0,#_val
      000218 EB               [12] 1102 	mov	a,r3
      000219 F2               [24] 1103 	movx	@r0,a
      00021A EB               [12] 1104 	mov	a,r3
      00021B 33               [12] 1105 	rlc	a
      00021C 95 E0            [12] 1106 	subb	a,acc
      00021E 08               [12] 1107 	inc	r0
      00021F F2               [24] 1108 	movx	@r0,a
      000220 08               [12] 1109 	inc	r0
      000221 F2               [24] 1110 	movx	@r0,a
      000222 08               [12] 1111 	inc	r0
      000223 F2               [24] 1112 	movx	@r0,a
      000224 80 25            [24] 1113 	sjmp	00130$
      000226                       1114 00123$:
                                   1115 ;	radio/printfl.c:157: val = va_arg(ap,int);
      000226 A8 81            [24] 1116 	mov	r0,sp
      000228 18               [12] 1117 	dec	r0
      000229 18               [12] 1118 	dec	r0
      00022A E6               [12] 1119 	mov	a,@r0
      00022B 24 FE            [12] 1120 	add	a,#0xFE
      00022D FB               [12] 1121 	mov	r3,a
      00022E A8 81            [24] 1122 	mov	r0,sp
      000230 18               [12] 1123 	dec	r0
      000231 18               [12] 1124 	dec	r0
      000232 A6 03            [24] 1125 	mov	@r0,ar3
      000234 8B 01            [24] 1126 	mov	ar1,r3
      000236 87 02            [24] 1127 	mov	ar2,@r1
      000238 09               [12] 1128 	inc	r1
      000239 87 03            [24] 1129 	mov	ar3,@r1
      00023B 19               [12] 1130 	dec	r1
      00023C 78r00            [12] 1131 	mov	r0,#_val
      00023E EA               [12] 1132 	mov	a,r2
      00023F F2               [24] 1133 	movx	@r0,a
      000240 08               [12] 1134 	inc	r0
      000241 EB               [12] 1135 	mov	a,r3
      000242 F2               [24] 1136 	movx	@r0,a
      000243 EB               [12] 1137 	mov	a,r3
      000244 33               [12] 1138 	rlc	a
      000245 95 E0            [12] 1139 	subb	a,acc
      000247 08               [12] 1140 	inc	r0
      000248 F2               [24] 1141 	movx	@r0,a
      000249 08               [12] 1142 	inc	r0
      00024A F2               [24] 1143 	movx	@r0,a
      00024B                       1144 00130$:
                                   1145 ;	radio/printfl.c:161: if (radix) {
      00024B E5*00            [12] 1146 	mov	a,_radix
      00024D 70 03            [24] 1147 	jnz	00242$
      00024F 02r02rD7         [24] 1148 	ljmp	00138$
      000252                       1149 00242$:
                                   1150 ;	radio/printfl.c:165: if (unsigned_flag) {
      000252 30*03 33         [24] 1151 	jnb	_unsigned_flag,00132$
                                   1152 ;	radio/printfl.c:166: _ultoa(val, buffer, radix);
      000255 90r00r00         [24] 1153 	mov	dptr,#__ultoa_PARM_2
      000258 74r00            [12] 1154 	mov	a,#_vprintfl_buffer_4_147
      00025A F0               [24] 1155 	movx	@dptr,a
      00025B E4               [12] 1156 	clr	a
      00025C A3               [24] 1157 	inc	dptr
      00025D F0               [24] 1158 	movx	@dptr,a
      00025E 74 40            [12] 1159 	mov	a,#0x40
      000260 A3               [24] 1160 	inc	dptr
      000261 F0               [24] 1161 	movx	@dptr,a
      000262 90r00r00         [24] 1162 	mov	dptr,#__ultoa_PARM_3
      000265 E5*00            [12] 1163 	mov	a,_radix
      000267 F0               [24] 1164 	movx	@dptr,a
      000268 78r00            [12] 1165 	mov	r0,#_val
      00026A E2               [24] 1166 	movx	a,@r0
      00026B F5 82            [12] 1167 	mov	dpl,a
      00026D 08               [12] 1168 	inc	r0
      00026E E2               [24] 1169 	movx	a,@r0
      00026F F5 83            [12] 1170 	mov	dph,a
      000271 08               [12] 1171 	inc	r0
      000272 E2               [24] 1172 	movx	a,@r0
      000273 F5 F0            [12] 1173 	mov	b,a
      000275 08               [12] 1174 	inc	r0
      000276 E2               [24] 1175 	movx	a,@r0
      000277 C0 07            [24] 1176 	push	ar7
      000279 C0 06            [24] 1177 	push	ar6
      00027B C0 05            [24] 1178 	push	ar5
      00027D 12r00r00         [24] 1179 	lcall	__ultoa
      000280 D0 05            [24] 1180 	pop	ar5
      000282 D0 06            [24] 1181 	pop	ar6
      000284 D0 07            [24] 1182 	pop	ar7
      000286 80 31            [24] 1183 	sjmp	00133$
      000288                       1184 00132$:
                                   1185 ;	radio/printfl.c:168: _ltoa(val, buffer, radix);
      000288 90r00r00         [24] 1186 	mov	dptr,#__ltoa_PARM_2
      00028B 74r00            [12] 1187 	mov	a,#_vprintfl_buffer_4_147
      00028D F0               [24] 1188 	movx	@dptr,a
      00028E E4               [12] 1189 	clr	a
      00028F A3               [24] 1190 	inc	dptr
      000290 F0               [24] 1191 	movx	@dptr,a
      000291 74 40            [12] 1192 	mov	a,#0x40
      000293 A3               [24] 1193 	inc	dptr
      000294 F0               [24] 1194 	movx	@dptr,a
      000295 90r00r00         [24] 1195 	mov	dptr,#__ltoa_PARM_3
      000298 E5*00            [12] 1196 	mov	a,_radix
      00029A F0               [24] 1197 	movx	@dptr,a
      00029B 78r00            [12] 1198 	mov	r0,#_val
      00029D E2               [24] 1199 	movx	a,@r0
      00029E F5 82            [12] 1200 	mov	dpl,a
      0002A0 08               [12] 1201 	inc	r0
      0002A1 E2               [24] 1202 	movx	a,@r0
      0002A2 F5 83            [12] 1203 	mov	dph,a
      0002A4 08               [12] 1204 	inc	r0
      0002A5 E2               [24] 1205 	movx	a,@r0
      0002A6 F5 F0            [12] 1206 	mov	b,a
      0002A8 08               [12] 1207 	inc	r0
      0002A9 E2               [24] 1208 	movx	a,@r0
      0002AA C0 07            [24] 1209 	push	ar7
      0002AC C0 06            [24] 1210 	push	ar6
      0002AE C0 05            [24] 1211 	push	ar5
      0002B0 12r00r00         [24] 1212 	lcall	__ltoa
      0002B3 D0 05            [24] 1213 	pop	ar5
      0002B5 D0 06            [24] 1214 	pop	ar6
      0002B7 D0 07            [24] 1215 	pop	ar7
      0002B9                       1216 00133$:
                                   1217 ;	radio/printfl.c:170: stri = buffer;
      0002B9 79r00            [12] 1218 	mov	r1,#_vprintfl_buffer_4_147
                                   1219 ;	radio/printfl.c:171: while (*stri) {
      0002BB                       1220 00134$:
      0002BB E7               [12] 1221 	mov	a,@r1
      0002BC FB               [12] 1222 	mov	r3,a
      0002BD 60 3F            [24] 1223 	jz	00143$
                                   1224 ;	radio/printfl.c:172: output_char(*stri);
      0002BF 8B 82            [24] 1225 	mov	dpl,r3
      0002C1 C0 07            [24] 1226 	push	ar7
      0002C3 C0 06            [24] 1227 	push	ar6
      0002C5 C0 05            [24] 1228 	push	ar5
      0002C7 C0 01            [24] 1229 	push	ar1
      0002C9 12r00r00         [24] 1230 	lcall	_output_char
      0002CC D0 01            [24] 1231 	pop	ar1
      0002CE D0 05            [24] 1232 	pop	ar5
      0002D0 D0 06            [24] 1233 	pop	ar6
      0002D2 D0 07            [24] 1234 	pop	ar7
                                   1235 ;	radio/printfl.c:173: stri++;
      0002D4 09               [12] 1236 	inc	r1
      0002D5 80 E4            [24] 1237 	sjmp	00134$
      0002D7                       1238 00138$:
                                   1239 ;	radio/printfl.c:176: output_char((char) val);
      0002D7 78r00            [12] 1240 	mov	r0,#_val
      0002D9 E2               [24] 1241 	movx	a,@r0
      0002DA F5 82            [12] 1242 	mov	dpl,a
      0002DC C0 07            [24] 1243 	push	ar7
      0002DE C0 06            [24] 1244 	push	ar6
      0002E0 C0 05            [24] 1245 	push	ar5
      0002E2 12r00r00         [24] 1246 	lcall	_output_char
      0002E5 D0 05            [24] 1247 	pop	ar5
      0002E7 D0 06            [24] 1248 	pop	ar6
      0002E9 D0 07            [24] 1249 	pop	ar7
      0002EB 80 11            [24] 1250 	sjmp	00143$
      0002ED                       1251 00141$:
                                   1252 ;	radio/printfl.c:180: output_char(*fmt);
      0002ED 8C 82            [24] 1253 	mov	dpl,r4
      0002EF C0 07            [24] 1254 	push	ar7
      0002F1 C0 06            [24] 1255 	push	ar6
      0002F3 C0 05            [24] 1256 	push	ar5
      0002F5 12r00r00         [24] 1257 	lcall	_output_char
      0002F8 D0 05            [24] 1258 	pop	ar5
      0002FA D0 06            [24] 1259 	pop	ar6
      0002FC D0 07            [24] 1260 	pop	ar7
      0002FE                       1261 00143$:
                                   1262 ;	radio/printfl.c:98: for (; *fmt; fmt++) {
      0002FE 0D               [12] 1263 	inc	r5
      0002FF BD 00 01         [24] 1264 	cjne	r5,#0x00,00245$
      000302 0E               [12] 1265 	inc	r6
      000303                       1266 00245$:
      000303 02r00r69         [24] 1267 	ljmp	00146$
                                   1268 ;------------------------------------------------------------
                                   1269 ;Allocation info for local variables in function 'printfl'
                                   1270 ;------------------------------------------------------------
                                   1271 ;fmt                       Allocated to stack - sp -4
                                   1272 ;ap                        Allocated to registers r7 
                                   1273 ;------------------------------------------------------------
                                   1274 ;	radio/printfl.c:186: printfl(const char *fmt, ...) __reentrant
                                   1275 ;	-----------------------------------------
                                   1276 ;	 function printfl
                                   1277 ;	-----------------------------------------
      000306                       1278 _printfl:
                                   1279 ;	radio/printfl.c:190: va_start(ap,fmt);
      000306 E5 81            [12] 1280 	mov	a,sp
      000308 24 FC            [12] 1281 	add	a,#0xFC
      00030A FF               [12] 1282 	mov	r7,a
                                   1283 ;	radio/printfl.c:191: vprintfl(fmt, ap);
      00030B C0 07            [24] 1284 	push	ar7
      00030D E5 81            [12] 1285 	mov	a,sp
      00030F 24 FB            [12] 1286 	add	a,#0xfb
      000311 F8               [12] 1287 	mov	r0,a
      000312 86 82            [24] 1288 	mov	dpl,@r0
      000314 08               [12] 1289 	inc	r0
      000315 86 83            [24] 1290 	mov	dph,@r0
      000317 08               [12] 1291 	inc	r0
      000318 86 F0            [24] 1292 	mov	b,@r0
      00031A 12r00r63         [24] 1293 	lcall	_vprintfl
      00031D 15 81            [12] 1294 	dec	sp
      00031F 22               [24] 1295 	ret
                                   1296 	.area CSEG    (CODE)
                                   1297 	.area CONST   (CODE)
                                   1298 	.area XINIT   (CODE)
                                   1299 	.area CABS    (ABS,CODE)
