                                      1 ;--------------------------------------------------------
                                      2 ; File Created by SDCC : free open source ANSI-C Compiler
                                      3 ; Version 3.5.0 #9253 (Sep  7 2022) (Linux)
                                      4 ; This file was generated Wed Sep  7 10:05:04 2022
                                      5 ;--------------------------------------------------------
                                      6 	.module printfl
                                      7 	.optsdcc -mmcs51 --model-large
                                      8 	
                                      9 ;--------------------------------------------------------
                                     10 ; Public variables in this module
                                     11 ;--------------------------------------------------------
                                     12 	.globl __ltoa
                                     13 	.globl __ultoa
                                     14 	.globl _putchar
                                     15 	.globl _NSS1
                                     16 	.globl _IRQ
                                     17 	.globl _PA_ENABLE
                                     18 	.globl _PIN_ENABLE
                                     19 	.globl _PIN_CONFIG
                                     20 	.globl _LED_GREEN
                                     21 	.globl _LED_RED
                                     22 	.globl _SPI1EN
                                     23 	.globl _TXBMT1
                                     24 	.globl _NSS1MD0
                                     25 	.globl _NSS1MD1
                                     26 	.globl _RXOVRN1
                                     27 	.globl _MODF1
                                     28 	.globl _WCOL1
                                     29 	.globl _SPIF1
                                     30 	.globl _SPI0EN
                                     31 	.globl _TXBMT0
                                     32 	.globl _NSS0MD0
                                     33 	.globl _NSS0MD1
                                     34 	.globl _RXOVRN0
                                     35 	.globl _MODF0
                                     36 	.globl _WCOL0
                                     37 	.globl _SPIF0
                                     38 	.globl _AD0CM0
                                     39 	.globl _AD0CM1
                                     40 	.globl _AD0CM2
                                     41 	.globl _AD0WINT
                                     42 	.globl _AD0BUSY
                                     43 	.globl _AD0INT
                                     44 	.globl _BURSTEN
                                     45 	.globl _AD0EN
                                     46 	.globl _CCF0
                                     47 	.globl _CCF1
                                     48 	.globl _CCF2
                                     49 	.globl _CCF3
                                     50 	.globl _CCF4
                                     51 	.globl _CCF5
                                     52 	.globl _CR
                                     53 	.globl _CF
                                     54 	.globl _P
                                     55 	.globl _F1
                                     56 	.globl _OV
                                     57 	.globl _RS0
                                     58 	.globl _RS1
                                     59 	.globl _F0
                                     60 	.globl _AC
                                     61 	.globl _CY
                                     62 	.globl _T2XCLK
                                     63 	.globl _T2RCLK
                                     64 	.globl _TR2
                                     65 	.globl _T2SPLIT
                                     66 	.globl _TF2CEN
                                     67 	.globl _TF2LEN
                                     68 	.globl _TF2L
                                     69 	.globl _TF2H
                                     70 	.globl _SI
                                     71 	.globl _ACK
                                     72 	.globl _ARBLOST
                                     73 	.globl _ACKRQ
                                     74 	.globl _STO
                                     75 	.globl _STA
                                     76 	.globl _TXMODE
                                     77 	.globl _MASTER
                                     78 	.globl _PX0
                                     79 	.globl _PT0
                                     80 	.globl _PX1
                                     81 	.globl _PT1
                                     82 	.globl _PS0
                                     83 	.globl _PT2
                                     84 	.globl _PSPI0
                                     85 	.globl _EX0
                                     86 	.globl _ET0
                                     87 	.globl _EX1
                                     88 	.globl _ET1
                                     89 	.globl _ES0
                                     90 	.globl _ET2
                                     91 	.globl _ESPI0
                                     92 	.globl _EA
                                     93 	.globl _RI0
                                     94 	.globl _TI0
                                     95 	.globl _RB80
                                     96 	.globl _TB80
                                     97 	.globl _REN0
                                     98 	.globl _MCE0
                                     99 	.globl _S0MODE
                                    100 	.globl _IT0
                                    101 	.globl _IE0
                                    102 	.globl _IT1
                                    103 	.globl _IE1
                                    104 	.globl _TR0
                                    105 	.globl _TF0
                                    106 	.globl _TR1
                                    107 	.globl _TF1
                                    108 	.globl __XPAGE
                                    109 	.globl _PCA0CP4
                                    110 	.globl _PCA0CP0
                                    111 	.globl _PCA0
                                    112 	.globl _PCA0CP3
                                    113 	.globl _PCA0CP2
                                    114 	.globl _PCA0CP1
                                    115 	.globl _PCA0CP5
                                    116 	.globl _TMR2
                                    117 	.globl _TMR2RL
                                    118 	.globl _ADC0LT
                                    119 	.globl _ADC0GT
                                    120 	.globl _ADC0
                                    121 	.globl _TMR3
                                    122 	.globl _TMR3RL
                                    123 	.globl _TOFF
                                    124 	.globl _DP
                                    125 	.globl _PCLKEN
                                    126 	.globl _CLKMODE
                                    127 	.globl _P7MDOUT
                                    128 	.globl _P6MDOUT
                                    129 	.globl _P5MDOUT
                                    130 	.globl _P4MDOUT
                                    131 	.globl _PCLKACT
                                    132 	.globl _P6MDIN
                                    133 	.globl _P5MDIN
                                    134 	.globl _P4MDIN
                                    135 	.globl _P3MDIN
                                    136 	.globl _DEVICEID
                                    137 	.globl _REVID
                                    138 	.globl _HWID
                                    139 	.globl _P7
                                    140 	.globl _P6
                                    141 	.globl _P5
                                    142 	.globl _P4
                                    143 	.globl _TOFFH
                                    144 	.globl _TOFFL
                                    145 	.globl _ADC0TK
                                    146 	.globl _ADC0PWR
                                    147 	.globl _IREF0CF
                                    148 	.globl _FLSCL
                                    149 	.globl _OSCICL
                                    150 	.globl _OSCIFL
                                    151 	.globl _P3MDOUT
                                    152 	.globl _LCD0BUFCF
                                    153 	.globl _P7DRV
                                    154 	.globl _P6DRV
                                    155 	.globl _P2DRV
                                    156 	.globl _P1DRV
                                    157 	.globl _P0DRV
                                    158 	.globl _P5DRV
                                    159 	.globl _P4DRV
                                    160 	.globl _P3DRV
                                    161 	.globl _LCD0BUFCN
                                    162 	.globl _CRC0CNT
                                    163 	.globl _CRC0AUTO
                                    164 	.globl _CRC0FLIP
                                    165 	.globl _CRC0IN
                                    166 	.globl _CRC0CN
                                    167 	.globl _CRC0DAT
                                    168 	.globl _SFRPGCN
                                    169 	.globl _DC0RDY
                                    170 	.globl _PC0INT1
                                    171 	.globl _PC0INT0
                                    172 	.globl _PC0DCH
                                    173 	.globl _PC0DCL
                                    174 	.globl _SPI1CN
                                    175 	.globl _AES0YOUT
                                    176 	.globl _PC0HIST
                                    177 	.globl _PC0CMP1H
                                    178 	.globl _PC0CMP1M
                                    179 	.globl _PC0CMP1L
                                    180 	.globl _AES0KBA
                                    181 	.globl _AES0DBA
                                    182 	.globl _AES0KIN
                                    183 	.globl _AES0XIN
                                    184 	.globl _AES0BIN
                                    185 	.globl _AES0DCFG
                                    186 	.globl _AES0BCFG
                                    187 	.globl _PC0TH
                                    188 	.globl _PC0CMP0H
                                    189 	.globl _PC0CMP0M
                                    190 	.globl _PC0CMP0L
                                    191 	.globl _PC0CTR1H
                                    192 	.globl _PC0CTR1M
                                    193 	.globl _PC0CTR1L
                                    194 	.globl _PC0CTR0H
                                    195 	.globl _PC0CTR0M
                                    196 	.globl _PC0CTR0L
                                    197 	.globl _PC0MD
                                    198 	.globl _PC0PCF
                                    199 	.globl _DMA0NMD
                                    200 	.globl _DMA0BUSY
                                    201 	.globl _DMA0MINT
                                    202 	.globl _DMA0INT
                                    203 	.globl _DMA0EN
                                    204 	.globl _DMA0SEL
                                    205 	.globl _DMA0NSZH
                                    206 	.globl _DMA0NSZL
                                    207 	.globl _DMA0NAOH
                                    208 	.globl _DMA0NAOL
                                    209 	.globl _DMA0NBAH
                                    210 	.globl _DMA0NBAL
                                    211 	.globl _DMA0NCF
                                    212 	.globl _VREGINSDH
                                    213 	.globl _VREGINSDL
                                    214 	.globl _ENC0CN
                                    215 	.globl _ENC0H
                                    216 	.globl _ENC0M
                                    217 	.globl _ENC0L
                                    218 	.globl _PC0STAT
                                    219 	.globl _CRC1CN
                                    220 	.globl _CRC1POLH
                                    221 	.globl _CRC1POLL
                                    222 	.globl _CRC1OUTH
                                    223 	.globl _CRC1OUTL
                                    224 	.globl _CRC1IN
                                    225 	.globl _LCD0BUFMD
                                    226 	.globl _LCD0CHPCN
                                    227 	.globl _DC0MD
                                    228 	.globl _DC0CF
                                    229 	.globl _DC0CN
                                    230 	.globl _LCD0VBMCF
                                    231 	.globl _LCD0CHPMD
                                    232 	.globl _LCD0CHPCF
                                    233 	.globl _LCD0MSCF
                                    234 	.globl _LCD0MSCN
                                    235 	.globl _LCD0CLKDIVH
                                    236 	.globl _LCD0CLKDIVL
                                    237 	.globl _LCD0VBMCN
                                    238 	.globl _LCD0CF
                                    239 	.globl _LCD0PWR
                                    240 	.globl _SPI1DAT
                                    241 	.globl _SPI1CKR
                                    242 	.globl _SPI1CFG
                                    243 	.globl _LCD0TOGR
                                    244 	.globl _LCD0BLINK
                                    245 	.globl _LCD0CN
                                    246 	.globl _LCD0CNTRST
                                    247 	.globl _LCD0DF
                                    248 	.globl _LCD0DE
                                    249 	.globl _LCD0DD
                                    250 	.globl _LCD0DC
                                    251 	.globl _LCD0DB
                                    252 	.globl _LCD0DA
                                    253 	.globl _LCD0D9
                                    254 	.globl _LCD0D8
                                    255 	.globl _LCD0D7
                                    256 	.globl _LCD0D6
                                    257 	.globl _LCD0D5
                                    258 	.globl _LCD0D4
                                    259 	.globl _LCD0D3
                                    260 	.globl _LCD0D2
                                    261 	.globl _LCD0D1
                                    262 	.globl _LCD0D0
                                    263 	.globl _VDM0CN
                                    264 	.globl _PCA0CPH4
                                    265 	.globl _PCA0CPL4
                                    266 	.globl _PCA0CPH0
                                    267 	.globl _PCA0CPL0
                                    268 	.globl _PCA0H
                                    269 	.globl _PCA0L
                                    270 	.globl _SPI0CN
                                    271 	.globl _EIP2
                                    272 	.globl _EIP1
                                    273 	.globl _SMB0ADM
                                    274 	.globl _SMB0ADR
                                    275 	.globl _P2MDIN
                                    276 	.globl _P1MDIN
                                    277 	.globl _P0MDIN
                                    278 	.globl _B
                                    279 	.globl _RSTSRC
                                    280 	.globl _PCA0CPH3
                                    281 	.globl _PCA0CPL3
                                    282 	.globl _PCA0CPH2
                                    283 	.globl _PCA0CPL2
                                    284 	.globl _PCA0CPH1
                                    285 	.globl _PCA0CPL1
                                    286 	.globl _ADC0CN
                                    287 	.globl _EIE2
                                    288 	.globl _EIE1
                                    289 	.globl _FLWR
                                    290 	.globl _IT01CF
                                    291 	.globl _XBR2
                                    292 	.globl _XBR1
                                    293 	.globl _XBR0
                                    294 	.globl _ACC
                                    295 	.globl _PCA0PWM
                                    296 	.globl _PCA0CPM4
                                    297 	.globl _PCA0CPM3
                                    298 	.globl _PCA0CPM2
                                    299 	.globl _PCA0CPM1
                                    300 	.globl _PCA0CPM0
                                    301 	.globl _PCA0MD
                                    302 	.globl _PCA0CN
                                    303 	.globl _P0MAT
                                    304 	.globl _P2SKIP
                                    305 	.globl _P1SKIP
                                    306 	.globl _P0SKIP
                                    307 	.globl _PCA0CPH5
                                    308 	.globl _PCA0CPL5
                                    309 	.globl _REF0CN
                                    310 	.globl _PSW
                                    311 	.globl _P1MAT
                                    312 	.globl _PCA0CPM5
                                    313 	.globl _TMR2H
                                    314 	.globl _TMR2L
                                    315 	.globl _TMR2RLH
                                    316 	.globl _TMR2RLL
                                    317 	.globl _REG0CN
                                    318 	.globl _TMR2CN
                                    319 	.globl _P0MASK
                                    320 	.globl _ADC0LTH
                                    321 	.globl _ADC0LTL
                                    322 	.globl _ADC0GTH
                                    323 	.globl _ADC0GTL
                                    324 	.globl _SMB0DAT
                                    325 	.globl _SMB0CF
                                    326 	.globl _SMB0CN
                                    327 	.globl _P1MASK
                                    328 	.globl _ADC0H
                                    329 	.globl _ADC0L
                                    330 	.globl _ADC0CF
                                    331 	.globl _ADC0MX
                                    332 	.globl _ADC0AC
                                    333 	.globl _IREF0CN
                                    334 	.globl _IP
                                    335 	.globl _FLKEY
                                    336 	.globl _PMU0FL
                                    337 	.globl _PMU0CF
                                    338 	.globl _PMU0MD
                                    339 	.globl _OSCICN
                                    340 	.globl _OSCXCN
                                    341 	.globl _P3
                                    342 	.globl _EMI0TC
                                    343 	.globl _RTC0KEY
                                    344 	.globl _RTC0DAT
                                    345 	.globl _RTC0ADR
                                    346 	.globl _EMI0CF
                                    347 	.globl _EMI0CN
                                    348 	.globl _CLKSEL
                                    349 	.globl _IE
                                    350 	.globl _SFRPAGE
                                    351 	.globl _P2MDOUT
                                    352 	.globl _P1MDOUT
                                    353 	.globl _P0MDOUT
                                    354 	.globl _SPI0DAT
                                    355 	.globl _SPI0CKR
                                    356 	.globl _SPI0CFG
                                    357 	.globl _P2
                                    358 	.globl _CPT0MX
                                    359 	.globl _CPT1MX
                                    360 	.globl _CPT0MD
                                    361 	.globl _CPT1MD
                                    362 	.globl _CPT0CN
                                    363 	.globl _CPT1CN
                                    364 	.globl _SBUF0
                                    365 	.globl _SCON0
                                    366 	.globl _TMR3H
                                    367 	.globl _TMR3L
                                    368 	.globl _TMR3RLH
                                    369 	.globl _TMR3RLL
                                    370 	.globl _TMR3CN
                                    371 	.globl _P1
                                    372 	.globl _PSCTL
                                    373 	.globl _CKCON
                                    374 	.globl _TH1
                                    375 	.globl _TH0
                                    376 	.globl _TL1
                                    377 	.globl _TL0
                                    378 	.globl _TMOD
                                    379 	.globl _TCON
                                    380 	.globl _PCON
                                    381 	.globl _SFRLAST
                                    382 	.globl _SFRNEXT
                                    383 	.globl _PSBANK
                                    384 	.globl _DPH
                                    385 	.globl _DPL
                                    386 	.globl _SP
                                    387 	.globl _P0
                                    388 	.globl _printf_start_capture_PARM_2
                                    389 	.globl _printf_start_capture
                                    390 	.globl _printf_end_capture
                                    391 	.globl _vprintfl
                                    392 	.globl _printfl
                                    393 ;--------------------------------------------------------
                                    394 ; special function registers
                                    395 ;--------------------------------------------------------
                                    396 	.area RSEG    (ABS,DATA)
      000000                        397 	.org 0x0000
                           000080   398 _P0	=	0x0080
                           000081   399 _SP	=	0x0081
                           000082   400 _DPL	=	0x0082
                           000083   401 _DPH	=	0x0083
                           000084   402 _PSBANK	=	0x0084
                           000085   403 _SFRNEXT	=	0x0085
                           000086   404 _SFRLAST	=	0x0086
                           000087   405 _PCON	=	0x0087
                           000088   406 _TCON	=	0x0088
                           000089   407 _TMOD	=	0x0089
                           00008A   408 _TL0	=	0x008a
                           00008B   409 _TL1	=	0x008b
                           00008C   410 _TH0	=	0x008c
                           00008D   411 _TH1	=	0x008d
                           00008E   412 _CKCON	=	0x008e
                           00008F   413 _PSCTL	=	0x008f
                           000090   414 _P1	=	0x0090
                           000091   415 _TMR3CN	=	0x0091
                           000092   416 _TMR3RLL	=	0x0092
                           000093   417 _TMR3RLH	=	0x0093
                           000094   418 _TMR3L	=	0x0094
                           000095   419 _TMR3H	=	0x0095
                           000098   420 _SCON0	=	0x0098
                           000099   421 _SBUF0	=	0x0099
                           00009A   422 _CPT1CN	=	0x009a
                           00009B   423 _CPT0CN	=	0x009b
                           00009C   424 _CPT1MD	=	0x009c
                           00009D   425 _CPT0MD	=	0x009d
                           00009E   426 _CPT1MX	=	0x009e
                           00009F   427 _CPT0MX	=	0x009f
                           0000A0   428 _P2	=	0x00a0
                           0000A1   429 _SPI0CFG	=	0x00a1
                           0000A2   430 _SPI0CKR	=	0x00a2
                           0000A3   431 _SPI0DAT	=	0x00a3
                           0000A4   432 _P0MDOUT	=	0x00a4
                           0000A5   433 _P1MDOUT	=	0x00a5
                           0000A6   434 _P2MDOUT	=	0x00a6
                           0000A7   435 _SFRPAGE	=	0x00a7
                           0000A8   436 _IE	=	0x00a8
                           0000A9   437 _CLKSEL	=	0x00a9
                           0000AA   438 _EMI0CN	=	0x00aa
                           0000AB   439 _EMI0CF	=	0x00ab
                           0000AC   440 _RTC0ADR	=	0x00ac
                           0000AD   441 _RTC0DAT	=	0x00ad
                           0000AE   442 _RTC0KEY	=	0x00ae
                           0000AF   443 _EMI0TC	=	0x00af
                           0000B0   444 _P3	=	0x00b0
                           0000B1   445 _OSCXCN	=	0x00b1
                           0000B2   446 _OSCICN	=	0x00b2
                           0000B3   447 _PMU0MD	=	0x00b3
                           0000B5   448 _PMU0CF	=	0x00b5
                           0000B6   449 _PMU0FL	=	0x00b6
                           0000B7   450 _FLKEY	=	0x00b7
                           0000B8   451 _IP	=	0x00b8
                           0000B9   452 _IREF0CN	=	0x00b9
                           0000BA   453 _ADC0AC	=	0x00ba
                           0000BB   454 _ADC0MX	=	0x00bb
                           0000BC   455 _ADC0CF	=	0x00bc
                           0000BD   456 _ADC0L	=	0x00bd
                           0000BE   457 _ADC0H	=	0x00be
                           0000BF   458 _P1MASK	=	0x00bf
                           0000C0   459 _SMB0CN	=	0x00c0
                           0000C1   460 _SMB0CF	=	0x00c1
                           0000C2   461 _SMB0DAT	=	0x00c2
                           0000C3   462 _ADC0GTL	=	0x00c3
                           0000C4   463 _ADC0GTH	=	0x00c4
                           0000C5   464 _ADC0LTL	=	0x00c5
                           0000C6   465 _ADC0LTH	=	0x00c6
                           0000C7   466 _P0MASK	=	0x00c7
                           0000C8   467 _TMR2CN	=	0x00c8
                           0000C9   468 _REG0CN	=	0x00c9
                           0000CA   469 _TMR2RLL	=	0x00ca
                           0000CB   470 _TMR2RLH	=	0x00cb
                           0000CC   471 _TMR2L	=	0x00cc
                           0000CD   472 _TMR2H	=	0x00cd
                           0000CE   473 _PCA0CPM5	=	0x00ce
                           0000CF   474 _P1MAT	=	0x00cf
                           0000D0   475 _PSW	=	0x00d0
                           0000D1   476 _REF0CN	=	0x00d1
                           0000D2   477 _PCA0CPL5	=	0x00d2
                           0000D3   478 _PCA0CPH5	=	0x00d3
                           0000D4   479 _P0SKIP	=	0x00d4
                           0000D5   480 _P1SKIP	=	0x00d5
                           0000D6   481 _P2SKIP	=	0x00d6
                           0000D7   482 _P0MAT	=	0x00d7
                           0000D8   483 _PCA0CN	=	0x00d8
                           0000D9   484 _PCA0MD	=	0x00d9
                           0000DA   485 _PCA0CPM0	=	0x00da
                           0000DB   486 _PCA0CPM1	=	0x00db
                           0000DC   487 _PCA0CPM2	=	0x00dc
                           0000DD   488 _PCA0CPM3	=	0x00dd
                           0000DE   489 _PCA0CPM4	=	0x00de
                           0000DF   490 _PCA0PWM	=	0x00df
                           0000E0   491 _ACC	=	0x00e0
                           0000E1   492 _XBR0	=	0x00e1
                           0000E2   493 _XBR1	=	0x00e2
                           0000E3   494 _XBR2	=	0x00e3
                           0000E4   495 _IT01CF	=	0x00e4
                           0000E5   496 _FLWR	=	0x00e5
                           0000E6   497 _EIE1	=	0x00e6
                           0000E7   498 _EIE2	=	0x00e7
                           0000E8   499 _ADC0CN	=	0x00e8
                           0000E9   500 _PCA0CPL1	=	0x00e9
                           0000EA   501 _PCA0CPH1	=	0x00ea
                           0000EB   502 _PCA0CPL2	=	0x00eb
                           0000EC   503 _PCA0CPH2	=	0x00ec
                           0000ED   504 _PCA0CPL3	=	0x00ed
                           0000EE   505 _PCA0CPH3	=	0x00ee
                           0000EF   506 _RSTSRC	=	0x00ef
                           0000F0   507 _B	=	0x00f0
                           0000F1   508 _P0MDIN	=	0x00f1
                           0000F2   509 _P1MDIN	=	0x00f2
                           0000F3   510 _P2MDIN	=	0x00f3
                           0000F4   511 _SMB0ADR	=	0x00f4
                           0000F5   512 _SMB0ADM	=	0x00f5
                           0000F6   513 _EIP1	=	0x00f6
                           0000F7   514 _EIP2	=	0x00f7
                           0000F8   515 _SPI0CN	=	0x00f8
                           0000F9   516 _PCA0L	=	0x00f9
                           0000FA   517 _PCA0H	=	0x00fa
                           0000FB   518 _PCA0CPL0	=	0x00fb
                           0000FC   519 _PCA0CPH0	=	0x00fc
                           0000FD   520 _PCA0CPL4	=	0x00fd
                           0000FE   521 _PCA0CPH4	=	0x00fe
                           0000FF   522 _VDM0CN	=	0x00ff
                           000089   523 _LCD0D0	=	0x0089
                           00008A   524 _LCD0D1	=	0x008a
                           00008B   525 _LCD0D2	=	0x008b
                           00008C   526 _LCD0D3	=	0x008c
                           00008D   527 _LCD0D4	=	0x008d
                           00008E   528 _LCD0D5	=	0x008e
                           000091   529 _LCD0D6	=	0x0091
                           000092   530 _LCD0D7	=	0x0092
                           000093   531 _LCD0D8	=	0x0093
                           000094   532 _LCD0D9	=	0x0094
                           000095   533 _LCD0DA	=	0x0095
                           000096   534 _LCD0DB	=	0x0096
                           000097   535 _LCD0DC	=	0x0097
                           000099   536 _LCD0DD	=	0x0099
                           00009A   537 _LCD0DE	=	0x009a
                           00009B   538 _LCD0DF	=	0x009b
                           00009C   539 _LCD0CNTRST	=	0x009c
                           00009D   540 _LCD0CN	=	0x009d
                           00009E   541 _LCD0BLINK	=	0x009e
                           00009F   542 _LCD0TOGR	=	0x009f
                           0000A1   543 _SPI1CFG	=	0x00a1
                           0000A2   544 _SPI1CKR	=	0x00a2
                           0000A3   545 _SPI1DAT	=	0x00a3
                           0000A4   546 _LCD0PWR	=	0x00a4
                           0000A5   547 _LCD0CF	=	0x00a5
                           0000A6   548 _LCD0VBMCN	=	0x00a6
                           0000A9   549 _LCD0CLKDIVL	=	0x00a9
                           0000AA   550 _LCD0CLKDIVH	=	0x00aa
                           0000AB   551 _LCD0MSCN	=	0x00ab
                           0000AC   552 _LCD0MSCF	=	0x00ac
                           0000AD   553 _LCD0CHPCF	=	0x00ad
                           0000AE   554 _LCD0CHPMD	=	0x00ae
                           0000AF   555 _LCD0VBMCF	=	0x00af
                           0000B1   556 _DC0CN	=	0x00b1
                           0000B2   557 _DC0CF	=	0x00b2
                           0000B3   558 _DC0MD	=	0x00b3
                           0000B5   559 _LCD0CHPCN	=	0x00b5
                           0000B6   560 _LCD0BUFMD	=	0x00b6
                           0000B9   561 _CRC1IN	=	0x00b9
                           0000BA   562 _CRC1OUTL	=	0x00ba
                           0000BB   563 _CRC1OUTH	=	0x00bb
                           0000BC   564 _CRC1POLL	=	0x00bc
                           0000BD   565 _CRC1POLH	=	0x00bd
                           0000BE   566 _CRC1CN	=	0x00be
                           0000C1   567 _PC0STAT	=	0x00c1
                           0000C2   568 _ENC0L	=	0x00c2
                           0000C3   569 _ENC0M	=	0x00c3
                           0000C4   570 _ENC0H	=	0x00c4
                           0000C5   571 _ENC0CN	=	0x00c5
                           0000C6   572 _VREGINSDL	=	0x00c6
                           0000C7   573 _VREGINSDH	=	0x00c7
                           0000C9   574 _DMA0NCF	=	0x00c9
                           0000CA   575 _DMA0NBAL	=	0x00ca
                           0000CB   576 _DMA0NBAH	=	0x00cb
                           0000CC   577 _DMA0NAOL	=	0x00cc
                           0000CD   578 _DMA0NAOH	=	0x00cd
                           0000CE   579 _DMA0NSZL	=	0x00ce
                           0000CF   580 _DMA0NSZH	=	0x00cf
                           0000D1   581 _DMA0SEL	=	0x00d1
                           0000D2   582 _DMA0EN	=	0x00d2
                           0000D3   583 _DMA0INT	=	0x00d3
                           0000D4   584 _DMA0MINT	=	0x00d4
                           0000D5   585 _DMA0BUSY	=	0x00d5
                           0000D6   586 _DMA0NMD	=	0x00d6
                           0000D7   587 _PC0PCF	=	0x00d7
                           0000D9   588 _PC0MD	=	0x00d9
                           0000DA   589 _PC0CTR0L	=	0x00da
                           0000DB   590 _PC0CTR0M	=	0x00db
                           0000DC   591 _PC0CTR0H	=	0x00dc
                           0000DD   592 _PC0CTR1L	=	0x00dd
                           0000DE   593 _PC0CTR1M	=	0x00de
                           0000DF   594 _PC0CTR1H	=	0x00df
                           0000E1   595 _PC0CMP0L	=	0x00e1
                           0000E2   596 _PC0CMP0M	=	0x00e2
                           0000E3   597 _PC0CMP0H	=	0x00e3
                           0000E4   598 _PC0TH	=	0x00e4
                           0000E9   599 _AES0BCFG	=	0x00e9
                           0000EA   600 _AES0DCFG	=	0x00ea
                           0000EB   601 _AES0BIN	=	0x00eb
                           0000EC   602 _AES0XIN	=	0x00ec
                           0000ED   603 _AES0KIN	=	0x00ed
                           0000EE   604 _AES0DBA	=	0x00ee
                           0000EF   605 _AES0KBA	=	0x00ef
                           0000F1   606 _PC0CMP1L	=	0x00f1
                           0000F2   607 _PC0CMP1M	=	0x00f2
                           0000F3   608 _PC0CMP1H	=	0x00f3
                           0000F4   609 _PC0HIST	=	0x00f4
                           0000F5   610 _AES0YOUT	=	0x00f5
                           0000F8   611 _SPI1CN	=	0x00f8
                           0000F9   612 _PC0DCL	=	0x00f9
                           0000FA   613 _PC0DCH	=	0x00fa
                           0000FB   614 _PC0INT0	=	0x00fb
                           0000FC   615 _PC0INT1	=	0x00fc
                           0000FD   616 _DC0RDY	=	0x00fd
                           00008E   617 _SFRPGCN	=	0x008e
                           000091   618 _CRC0DAT	=	0x0091
                           000092   619 _CRC0CN	=	0x0092
                           000093   620 _CRC0IN	=	0x0093
                           000094   621 _CRC0FLIP	=	0x0094
                           000096   622 _CRC0AUTO	=	0x0096
                           000097   623 _CRC0CNT	=	0x0097
                           00009C   624 _LCD0BUFCN	=	0x009c
                           0000A1   625 _P3DRV	=	0x00a1
                           0000A2   626 _P4DRV	=	0x00a2
                           0000A3   627 _P5DRV	=	0x00a3
                           0000A4   628 _P0DRV	=	0x00a4
                           0000A5   629 _P1DRV	=	0x00a5
                           0000A6   630 _P2DRV	=	0x00a6
                           0000AA   631 _P6DRV	=	0x00aa
                           0000AB   632 _P7DRV	=	0x00ab
                           0000AC   633 _LCD0BUFCF	=	0x00ac
                           0000B1   634 _P3MDOUT	=	0x00b1
                           0000B2   635 _OSCIFL	=	0x00b2
                           0000B3   636 _OSCICL	=	0x00b3
                           0000B6   637 _FLSCL	=	0x00b6
                           0000B9   638 _IREF0CF	=	0x00b9
                           0000BB   639 _ADC0PWR	=	0x00bb
                           0000BC   640 _ADC0TK	=	0x00bc
                           0000BD   641 _TOFFL	=	0x00bd
                           0000BE   642 _TOFFH	=	0x00be
                           0000D9   643 _P4	=	0x00d9
                           0000DA   644 _P5	=	0x00da
                           0000DB   645 _P6	=	0x00db
                           0000DC   646 _P7	=	0x00dc
                           0000E9   647 _HWID	=	0x00e9
                           0000EA   648 _REVID	=	0x00ea
                           0000EB   649 _DEVICEID	=	0x00eb
                           0000F1   650 _P3MDIN	=	0x00f1
                           0000F2   651 _P4MDIN	=	0x00f2
                           0000F3   652 _P5MDIN	=	0x00f3
                           0000F4   653 _P6MDIN	=	0x00f4
                           0000F5   654 _PCLKACT	=	0x00f5
                           0000F9   655 _P4MDOUT	=	0x00f9
                           0000FA   656 _P5MDOUT	=	0x00fa
                           0000FB   657 _P6MDOUT	=	0x00fb
                           0000FC   658 _P7MDOUT	=	0x00fc
                           0000FD   659 _CLKMODE	=	0x00fd
                           0000FE   660 _PCLKEN	=	0x00fe
                           008382   661 _DP	=	0x8382
                           008685   662 _TOFF	=	0x8685
                           009392   663 _TMR3RL	=	0x9392
                           009594   664 _TMR3	=	0x9594
                           00BEBD   665 _ADC0	=	0xbebd
                           00C4C3   666 _ADC0GT	=	0xc4c3
                           00C6C5   667 _ADC0LT	=	0xc6c5
                           00CBCA   668 _TMR2RL	=	0xcbca
                           00CDCC   669 _TMR2	=	0xcdcc
                           00D3D2   670 _PCA0CP5	=	0xd3d2
                           00EAE9   671 _PCA0CP1	=	0xeae9
                           00ECEB   672 _PCA0CP2	=	0xeceb
                           00EEED   673 _PCA0CP3	=	0xeeed
                           00FAF9   674 _PCA0	=	0xfaf9
                           00FCFB   675 _PCA0CP0	=	0xfcfb
                           00FEFD   676 _PCA0CP4	=	0xfefd
                           0000AA   677 __XPAGE	=	0x00aa
                                    678 ;--------------------------------------------------------
                                    679 ; special function bits
                                    680 ;--------------------------------------------------------
                                    681 	.area RSEG    (ABS,DATA)
      000000                        682 	.org 0x0000
                           00008F   683 _TF1	=	0x008f
                           00008E   684 _TR1	=	0x008e
                           00008D   685 _TF0	=	0x008d
                           00008C   686 _TR0	=	0x008c
                           00008B   687 _IE1	=	0x008b
                           00008A   688 _IT1	=	0x008a
                           000089   689 _IE0	=	0x0089
                           000088   690 _IT0	=	0x0088
                           00009F   691 _S0MODE	=	0x009f
                           00009D   692 _MCE0	=	0x009d
                           00009C   693 _REN0	=	0x009c
                           00009B   694 _TB80	=	0x009b
                           00009A   695 _RB80	=	0x009a
                           000099   696 _TI0	=	0x0099
                           000098   697 _RI0	=	0x0098
                           0000AF   698 _EA	=	0x00af
                           0000AE   699 _ESPI0	=	0x00ae
                           0000AD   700 _ET2	=	0x00ad
                           0000AC   701 _ES0	=	0x00ac
                           0000AB   702 _ET1	=	0x00ab
                           0000AA   703 _EX1	=	0x00aa
                           0000A9   704 _ET0	=	0x00a9
                           0000A8   705 _EX0	=	0x00a8
                           0000BE   706 _PSPI0	=	0x00be
                           0000BD   707 _PT2	=	0x00bd
                           0000BC   708 _PS0	=	0x00bc
                           0000BB   709 _PT1	=	0x00bb
                           0000BA   710 _PX1	=	0x00ba
                           0000B9   711 _PT0	=	0x00b9
                           0000B8   712 _PX0	=	0x00b8
                           0000C7   713 _MASTER	=	0x00c7
                           0000C6   714 _TXMODE	=	0x00c6
                           0000C5   715 _STA	=	0x00c5
                           0000C4   716 _STO	=	0x00c4
                           0000C3   717 _ACKRQ	=	0x00c3
                           0000C2   718 _ARBLOST	=	0x00c2
                           0000C1   719 _ACK	=	0x00c1
                           0000C0   720 _SI	=	0x00c0
                           0000CF   721 _TF2H	=	0x00cf
                           0000CE   722 _TF2L	=	0x00ce
                           0000CD   723 _TF2LEN	=	0x00cd
                           0000CC   724 _TF2CEN	=	0x00cc
                           0000CB   725 _T2SPLIT	=	0x00cb
                           0000CA   726 _TR2	=	0x00ca
                           0000C9   727 _T2RCLK	=	0x00c9
                           0000C8   728 _T2XCLK	=	0x00c8
                           0000D7   729 _CY	=	0x00d7
                           0000D6   730 _AC	=	0x00d6
                           0000D5   731 _F0	=	0x00d5
                           0000D4   732 _RS1	=	0x00d4
                           0000D3   733 _RS0	=	0x00d3
                           0000D2   734 _OV	=	0x00d2
                           0000D1   735 _F1	=	0x00d1
                           0000D0   736 _P	=	0x00d0
                           0000DF   737 _CF	=	0x00df
                           0000DE   738 _CR	=	0x00de
                           0000DD   739 _CCF5	=	0x00dd
                           0000DC   740 _CCF4	=	0x00dc
                           0000DB   741 _CCF3	=	0x00db
                           0000DA   742 _CCF2	=	0x00da
                           0000D9   743 _CCF1	=	0x00d9
                           0000D8   744 _CCF0	=	0x00d8
                           0000EF   745 _AD0EN	=	0x00ef
                           0000EE   746 _BURSTEN	=	0x00ee
                           0000ED   747 _AD0INT	=	0x00ed
                           0000EC   748 _AD0BUSY	=	0x00ec
                           0000EB   749 _AD0WINT	=	0x00eb
                           0000EA   750 _AD0CM2	=	0x00ea
                           0000E9   751 _AD0CM1	=	0x00e9
                           0000E8   752 _AD0CM0	=	0x00e8
                           0000FF   753 _SPIF0	=	0x00ff
                           0000FE   754 _WCOL0	=	0x00fe
                           0000FD   755 _MODF0	=	0x00fd
                           0000FC   756 _RXOVRN0	=	0x00fc
                           0000FB   757 _NSS0MD1	=	0x00fb
                           0000FA   758 _NSS0MD0	=	0x00fa
                           0000F9   759 _TXBMT0	=	0x00f9
                           0000F8   760 _SPI0EN	=	0x00f8
                           0000FF   761 _SPIF1	=	0x00ff
                           0000FE   762 _WCOL1	=	0x00fe
                           0000FD   763 _MODF1	=	0x00fd
                           0000FC   764 _RXOVRN1	=	0x00fc
                           0000FB   765 _NSS1MD1	=	0x00fb
                           0000FA   766 _NSS1MD0	=	0x00fa
                           0000F9   767 _TXBMT1	=	0x00f9
                           0000F8   768 _SPI1EN	=	0x00f8
                           0000B6   769 _LED_RED	=	0x00b6
                           0000B7   770 _LED_GREEN	=	0x00b7
                           000082   771 _PIN_CONFIG	=	0x0082
                           000083   772 _PIN_ENABLE	=	0x0083
                           0000A5   773 _PA_ENABLE	=	0x00a5
                           000081   774 _IRQ	=	0x0081
                           0000A3   775 _NSS1	=	0x00a3
                                    776 ;--------------------------------------------------------
                                    777 ; overlayable register banks
                                    778 ;--------------------------------------------------------
                                    779 	.area REG_BANK_0	(REL,OVR,DATA)
      000000                        780 	.ds 8
                                    781 ;--------------------------------------------------------
                                    782 ; internal ram data
                                    783 ;--------------------------------------------------------
                                    784 	.area DSEG    (DATA)
      000000                        785 _radix:
      000000                        786 	.ds 1
      000001                        787 _str:
      000001                        788 	.ds 3
                                    789 ;--------------------------------------------------------
                                    790 ; overlayable items in internal ram 
                                    791 ;--------------------------------------------------------
                                    792 ;--------------------------------------------------------
                                    793 ; indirectly addressable internal ram data
                                    794 ;--------------------------------------------------------
                                    795 	.area ISEG    (DATA)
      000000                        796 _vprintfl_buffer_4_156:
      000000                        797 	.ds 12
                                    798 ;--------------------------------------------------------
                                    799 ; absolute internal ram data
                                    800 ;--------------------------------------------------------
                                    801 	.area IABS    (ABS,DATA)
                                    802 	.area IABS    (ABS,DATA)
                                    803 ;--------------------------------------------------------
                                    804 ; bit data
                                    805 ;--------------------------------------------------------
                                    806 	.area BSEG    (BIT)
      000000                        807 _long_flag:
      000000                        808 	.ds 1
      000001                        809 _string_flag:
      000001                        810 	.ds 1
      000002                        811 _char_flag:
      000002                        812 	.ds 1
      000003                        813 _unsigned_flag:
      000003                        814 	.ds 1
      000004                        815 _capture:
      000004                        816 	.ds 1
                                    817 ;--------------------------------------------------------
                                    818 ; paged external ram data
                                    819 ;--------------------------------------------------------
                                    820 	.area PSEG    (PAG,XDATA)
      000000                        821 _val:
      000000                        822 	.ds 4
      000004                        823 _capture_buffer_size:
      000004                        824 	.ds 1
      000005                        825 _captured_size:
      000005                        826 	.ds 1
                                    827 ;--------------------------------------------------------
                                    828 ; external ram data
                                    829 ;--------------------------------------------------------
                                    830 	.area XSEG    (XDATA)
      000000                        831 _capture_buffer:
      000000                        832 	.ds 2
      000002                        833 _printf_start_capture_PARM_2:
      000002                        834 	.ds 1
      000003                        835 _printf_start_capture_buf_1_137:
      000003                        836 	.ds 2
                                    837 ;--------------------------------------------------------
                                    838 ; absolute external ram data
                                    839 ;--------------------------------------------------------
                                    840 	.area XABS    (ABS,XDATA)
                                    841 ;--------------------------------------------------------
                                    842 ; external initialized ram data
                                    843 ;--------------------------------------------------------
                                    844 	.area XISEG   (XDATA)
                                    845 	.area HOME    (CODE)
                                    846 	.area GSINIT0 (CODE)
                                    847 	.area GSINIT1 (CODE)
                                    848 	.area GSINIT2 (CODE)
                                    849 	.area GSINIT3 (CODE)
                                    850 	.area GSINIT4 (CODE)
                                    851 	.area GSINIT5 (CODE)
                                    852 	.area GSINIT  (CODE)
                                    853 	.area GSFINAL (CODE)
                                    854 	.area CSEG    (CODE)
                                    855 ;--------------------------------------------------------
                                    856 ; global & static initialisations
                                    857 ;--------------------------------------------------------
                                    858 	.area HOME    (CODE)
                                    859 	.area GSINIT  (CODE)
                                    860 	.area GSFINAL (CODE)
                                    861 	.area GSINIT  (CODE)
                                    862 ;	radio/printfl.c:50: static __bit long_flag = 0;
      000000 C2*00            [12]  863 	clr	_long_flag
                                    864 ;	radio/printfl.c:51: static __bit string_flag = 0;
      000002 C2*01            [12]  865 	clr	_string_flag
                                    866 ;	radio/printfl.c:52: static __bit char_flag = 0;
      000004 C2*02            [12]  867 	clr	_char_flag
                                    868 ;	radio/printfl.c:53: static __bit unsigned_flag = 0;
      000006 C2*03            [12]  869 	clr	_unsigned_flag
                                    870 ;--------------------------------------------------------
                                    871 ; Home
                                    872 ;--------------------------------------------------------
                                    873 	.area HOME    (CODE)
                                    874 	.area HOME    (CODE)
                                    875 ;--------------------------------------------------------
                                    876 ; code
                                    877 ;--------------------------------------------------------
                                    878 	.area CSEG    (CODE)
                                    879 ;------------------------------------------------------------
                                    880 ;Allocation info for local variables in function 'output_char'
                                    881 ;------------------------------------------------------------
                                    882 ;c                         Allocated to registers r7 
                                    883 ;------------------------------------------------------------
                                    884 ;	radio/printfl.c:65: output_char(register char c)
                                    885 ;	-----------------------------------------
                                    886 ;	 function output_char
                                    887 ;	-----------------------------------------
      000000                        888 _output_char:
                           000007   889 	ar7 = 0x07
                           000006   890 	ar6 = 0x06
                           000005   891 	ar5 = 0x05
                           000004   892 	ar4 = 0x04
                           000003   893 	ar3 = 0x03
                           000002   894 	ar2 = 0x02
                           000001   895 	ar1 = 0x01
                           000000   896 	ar0 = 0x00
      000000 AF 82            [24]  897 	mov	r7,dpl
                                    898 ;	radio/printfl.c:67: if (!capture) {
      000002 20*04 05         [24]  899 	jb	_capture,00102$
                                    900 ;	radio/printfl.c:68: putchar(c);
      000005 8F 82            [24]  901 	mov	dpl,r7
                                    902 ;	radio/printfl.c:69: return;
      000007 02r00r00         [24]  903 	ljmp	_putchar
      00000A                        904 00102$:
                                    905 ;	radio/printfl.c:71: if (captured_size < capture_buffer_size) {
      00000A 78r05            [12]  906 	mov	r0,#_captured_size
      00000C 79r04            [12]  907 	mov	r1,#_capture_buffer_size
      00000E C3               [12]  908 	clr	c
      00000F E3               [24]  909 	movx	a,@r1
      000010 F5 F0            [12]  910 	mov	b,a
      000012 E2               [24]  911 	movx	a,@r0
      000013 95 F0            [12]  912 	subb	a,b
      000015 50 1A            [24]  913 	jnc	00105$
                                    914 ;	radio/printfl.c:72: capture_buffer[captured_size++] = c;
      000017 78r05            [12]  915 	mov	r0,#_captured_size
      000019 E2               [24]  916 	movx	a,@r0
      00001A FE               [12]  917 	mov	r6,a
      00001B 78r05            [12]  918 	mov	r0,#_captured_size
      00001D 04               [12]  919 	inc	a
      00001E F2               [24]  920 	movx	@r0,a
      00001F 90r00r00         [24]  921 	mov	dptr,#_capture_buffer
      000022 E0               [24]  922 	movx	a,@dptr
      000023 FC               [12]  923 	mov	r4,a
      000024 A3               [24]  924 	inc	dptr
      000025 E0               [24]  925 	movx	a,@dptr
      000026 FD               [12]  926 	mov	r5,a
      000027 EE               [12]  927 	mov	a,r6
      000028 2C               [12]  928 	add	a,r4
      000029 F5 82            [12]  929 	mov	dpl,a
      00002B E4               [12]  930 	clr	a
      00002C 3D               [12]  931 	addc	a,r5
      00002D F5 83            [12]  932 	mov	dph,a
      00002F EF               [12]  933 	mov	a,r7
      000030 F0               [24]  934 	movx	@dptr,a
      000031                        935 00105$:
      000031 22               [24]  936 	ret
                                    937 ;------------------------------------------------------------
                                    938 ;Allocation info for local variables in function 'printf_start_capture'
                                    939 ;------------------------------------------------------------
                                    940 ;size                      Allocated with name '_printf_start_capture_PARM_2'
                                    941 ;buf                       Allocated with name '_printf_start_capture_buf_1_137'
                                    942 ;------------------------------------------------------------
                                    943 ;	radio/printfl.c:78: printf_start_capture(__xdata uint8_t *buf, uint8_t size)
                                    944 ;	-----------------------------------------
                                    945 ;	 function printf_start_capture
                                    946 ;	-----------------------------------------
      000032                        947 _printf_start_capture:
      000032 AF 83            [24]  948 	mov	r7,dph
      000034 E5 82            [12]  949 	mov	a,dpl
      000036 90r00r03         [24]  950 	mov	dptr,#_printf_start_capture_buf_1_137
      000039 F0               [24]  951 	movx	@dptr,a
      00003A EF               [12]  952 	mov	a,r7
      00003B A3               [24]  953 	inc	dptr
      00003C F0               [24]  954 	movx	@dptr,a
                                    955 ;	radio/printfl.c:80: capture_buffer = buf;
      00003D 90r00r03         [24]  956 	mov	dptr,#_printf_start_capture_buf_1_137
      000040 E0               [24]  957 	movx	a,@dptr
      000041 FE               [12]  958 	mov	r6,a
      000042 A3               [24]  959 	inc	dptr
      000043 E0               [24]  960 	movx	a,@dptr
      000044 FF               [12]  961 	mov	r7,a
      000045 90r00r00         [24]  962 	mov	dptr,#_capture_buffer
      000048 EE               [12]  963 	mov	a,r6
      000049 F0               [24]  964 	movx	@dptr,a
      00004A EF               [12]  965 	mov	a,r7
      00004B A3               [24]  966 	inc	dptr
      00004C F0               [24]  967 	movx	@dptr,a
                                    968 ;	radio/printfl.c:81: captured_size = 0;
      00004D 78r05            [12]  969 	mov	r0,#_captured_size
      00004F E4               [12]  970 	clr	a
      000050 F2               [24]  971 	movx	@r0,a
                                    972 ;	radio/printfl.c:82: capture_buffer_size = size;
      000051 90r00r02         [24]  973 	mov	dptr,#_printf_start_capture_PARM_2
      000054 E0               [24]  974 	movx	a,@dptr
      000055 78r04            [12]  975 	mov	r0,#_capture_buffer_size
      000057 F2               [24]  976 	movx	@r0,a
                                    977 ;	radio/printfl.c:83: capture = true;
      000058 D2*04            [12]  978 	setb	_capture
      00005A 22               [24]  979 	ret
                                    980 ;------------------------------------------------------------
                                    981 ;Allocation info for local variables in function 'printf_end_capture'
                                    982 ;------------------------------------------------------------
                                    983 ;	radio/printfl.c:88: printf_end_capture(void)
                                    984 ;	-----------------------------------------
                                    985 ;	 function printf_end_capture
                                    986 ;	-----------------------------------------
      00005B                        987 _printf_end_capture:
                                    988 ;	radio/printfl.c:90: capture = false;
      00005B C2*04            [12]  989 	clr	_capture
                                    990 ;	radio/printfl.c:91: return captured_size;
      00005D 78r05            [12]  991 	mov	r0,#_captured_size
      00005F E2               [24]  992 	movx	a,@r0
      000060 F5 82            [12]  993 	mov	dpl,a
      000062 22               [24]  994 	ret
                                    995 ;------------------------------------------------------------
                                    996 ;Allocation info for local variables in function 'vprintfl'
                                    997 ;------------------------------------------------------------
                                    998 ;ap                        Allocated to stack - sp -2
                                    999 ;fmt                       Allocated to registers r5 r6 r7 
                                   1000 ;stri                      Allocated to registers 
                                   1001 ;buffer                    Allocated with name '_vprintfl_buffer_4_156'
                                   1002 ;------------------------------------------------------------
                                   1003 ;	radio/printfl.c:95: vprintfl(const char * fmt, va_list ap) __reentrant
                                   1004 ;	-----------------------------------------
                                   1005 ;	 function vprintfl
                                   1006 ;	-----------------------------------------
      000063                       1007 _vprintfl:
      000063 AD 82            [24] 1008 	mov	r5,dpl
      000065 AE 83            [24] 1009 	mov	r6,dph
      000067 AF F0            [24] 1010 	mov	r7,b
      000069                       1011 00146$:
                                   1012 ;	radio/printfl.c:98: for (; *fmt; fmt++) {
      000069 8D 82            [24] 1013 	mov	dpl,r5
      00006B 8E 83            [24] 1014 	mov	dph,r6
      00006D 8F F0            [24] 1015 	mov	b,r7
      00006F 12r00r00         [24] 1016 	lcall	__gptrget
      000072 FC               [12] 1017 	mov	r4,a
      000073 70 01            [24] 1018 	jnz	00219$
      000075 22               [24] 1019 	ret
      000076                       1020 00219$:
                                   1021 ;	radio/printfl.c:99: if (*fmt == '%') {
      000076 BC 25 02         [24] 1022 	cjne	r4,#0x25,00220$
      000079 80 03            [24] 1023 	sjmp	00221$
      00007B                       1024 00220$:
      00007B 02r02rED         [24] 1025 	ljmp	00141$
      00007E                       1026 00221$:
                                   1027 ;	radio/printfl.c:100: long_flag = string_flag = char_flag = unsigned_flag = 0;
      00007E C2*03            [12] 1028 	clr	_unsigned_flag
      000080 C2*02            [12] 1029 	clr	_char_flag
      000082 C2*01            [12] 1030 	clr	_string_flag
      000084 C2*00            [12] 1031 	clr	_long_flag
                                   1032 ;	radio/printfl.c:101: fmt++;
      000086 0D               [12] 1033 	inc	r5
      000087 BD 00 01         [24] 1034 	cjne	r5,#0x00,00222$
      00008A 0E               [12] 1035 	inc	r6
      00008B                       1036 00222$:
                                   1037 ;	radio/printfl.c:102: switch (*fmt) {
      00008B 8D 82            [24] 1038 	mov	dpl,r5
      00008D 8E 83            [24] 1039 	mov	dph,r6
      00008F 8F F0            [24] 1040 	mov	b,r7
      000091 12r00r00         [24] 1041 	lcall	__gptrget
      000094 FB               [12] 1042 	mov	r3,a
      000095 BB 68 02         [24] 1043 	cjne	r3,#0x68,00223$
      000098 80 0C            [24] 1044 	sjmp	00102$
      00009A                       1045 00223$:
      00009A BB 6C 10         [24] 1046 	cjne	r3,#0x6C,00103$
                                   1047 ;	radio/printfl.c:104: long_flag = 1;
      00009D D2*00            [12] 1048 	setb	_long_flag
                                   1049 ;	radio/printfl.c:105: fmt++;
      00009F 0D               [12] 1050 	inc	r5
                                   1051 ;	radio/printfl.c:106: break;
                                   1052 ;	radio/printfl.c:107: case 'h':
      0000A0 BD 00 0A         [24] 1053 	cjne	r5,#0x00,00103$
      0000A3 0E               [12] 1054 	inc	r6
      0000A4 80 07            [24] 1055 	sjmp	00103$
      0000A6                       1056 00102$:
                                   1057 ;	radio/printfl.c:108: char_flag = 1;
      0000A6 D2*02            [12] 1058 	setb	_char_flag
                                   1059 ;	radio/printfl.c:109: fmt++;
      0000A8 0D               [12] 1060 	inc	r5
      0000A9 BD 00 01         [24] 1061 	cjne	r5,#0x00,00227$
      0000AC 0E               [12] 1062 	inc	r6
      0000AD                       1063 00227$:
                                   1064 ;	radio/printfl.c:110: }
      0000AD                       1065 00103$:
                                   1066 ;	radio/printfl.c:112: switch (*fmt) {
      0000AD 8D 82            [24] 1067 	mov	dpl,r5
      0000AF 8E 83            [24] 1068 	mov	dph,r6
      0000B1 8F F0            [24] 1069 	mov	b,r7
      0000B3 12r00r00         [24] 1070 	lcall	__gptrget
      0000B6 FB               [12] 1071 	mov	r3,a
      0000B7 BB 63 02         [24] 1072 	cjne	r3,#0x63,00228$
      0000BA 80 30            [24] 1073 	sjmp	00108$
      0000BC                       1074 00228$:
      0000BC BB 64 02         [24] 1075 	cjne	r3,#0x64,00229$
      0000BF 80 18            [24] 1076 	sjmp	00105$
      0000C1                       1077 00229$:
      0000C1 BB 6F 02         [24] 1078 	cjne	r3,#0x6F,00230$
      0000C4 80 2B            [24] 1079 	sjmp	00109$
      0000C6                       1080 00230$:
      0000C6 BB 73 02         [24] 1081 	cjne	r3,#0x73,00231$
      0000C9 80 0A            [24] 1082 	sjmp	00104$
      0000CB                       1083 00231$:
      0000CB BB 75 02         [24] 1084 	cjne	r3,#0x75,00232$
      0000CE 80 0E            [24] 1085 	sjmp	00106$
      0000D0                       1086 00232$:
                                   1087 ;	radio/printfl.c:113: case 's':
      0000D0 BB 78 23         [24] 1088 	cjne	r3,#0x78,00110$
      0000D3 80 10            [24] 1089 	sjmp	00107$
      0000D5                       1090 00104$:
                                   1091 ;	radio/printfl.c:114: string_flag = 1;
      0000D5 D2*01            [12] 1092 	setb	_string_flag
                                   1093 ;	radio/printfl.c:115: break;
                                   1094 ;	radio/printfl.c:116: case 'd':
      0000D7 80 1D            [24] 1095 	sjmp	00110$
      0000D9                       1096 00105$:
                                   1097 ;	radio/printfl.c:117: radix = 10;
      0000D9 75*00 0A         [24] 1098 	mov	_radix,#0x0A
                                   1099 ;	radio/printfl.c:118: break;
                                   1100 ;	radio/printfl.c:119: case 'u':
      0000DC 80 18            [24] 1101 	sjmp	00110$
      0000DE                       1102 00106$:
                                   1103 ;	radio/printfl.c:120: radix = 10;
      0000DE 75*00 0A         [24] 1104 	mov	_radix,#0x0A
                                   1105 ;	radio/printfl.c:121: unsigned_flag = 1;
      0000E1 D2*03            [12] 1106 	setb	_unsigned_flag
                                   1107 ;	radio/printfl.c:122: break;
                                   1108 ;	radio/printfl.c:123: case 'x':
      0000E3 80 11            [24] 1109 	sjmp	00110$
      0000E5                       1110 00107$:
                                   1111 ;	radio/printfl.c:124: radix = 16;
      0000E5 75*00 10         [24] 1112 	mov	_radix,#0x10
                                   1113 ;	radio/printfl.c:125: unsigned_flag = 1;
      0000E8 D2*03            [12] 1114 	setb	_unsigned_flag
                                   1115 ;	radio/printfl.c:126: break;
                                   1116 ;	radio/printfl.c:127: case 'c':
      0000EA 80 0A            [24] 1117 	sjmp	00110$
      0000EC                       1118 00108$:
                                   1119 ;	radio/printfl.c:128: radix = 0;
      0000EC 75*00 00         [24] 1120 	mov	_radix,#0x00
                                   1121 ;	radio/printfl.c:129: break;
                                   1122 ;	radio/printfl.c:130: case 'o':
      0000EF 80 05            [24] 1123 	sjmp	00110$
      0000F1                       1124 00109$:
                                   1125 ;	radio/printfl.c:131: radix = 8;
      0000F1 75*00 08         [24] 1126 	mov	_radix,#0x08
                                   1127 ;	radio/printfl.c:132: unsigned_flag = 1;
      0000F4 D2*03            [12] 1128 	setb	_unsigned_flag
                                   1129 ;	radio/printfl.c:134: }
      0000F6                       1130 00110$:
                                   1131 ;	radio/printfl.c:136: if (string_flag) {
      0000F6 30*01 71         [24] 1132 	jnb	_string_flag,00115$
                                   1133 ;	radio/printfl.c:137: str = va_arg(ap, char *);
      0000F9 A8 81            [24] 1134 	mov	r0,sp
      0000FB 18               [12] 1135 	dec	r0
      0000FC 18               [12] 1136 	dec	r0
      0000FD E6               [12] 1137 	mov	a,@r0
      0000FE 24 FD            [12] 1138 	add	a,#0xFD
      000100 FB               [12] 1139 	mov	r3,a
      000101 A8 81            [24] 1140 	mov	r0,sp
      000103 18               [12] 1141 	dec	r0
      000104 18               [12] 1142 	dec	r0
      000105 A6 03            [24] 1143 	mov	@r0,ar3
      000107 8B 01            [24] 1144 	mov	ar1,r3
      000109 87*01            [24] 1145 	mov	_str,@r1
      00010B 09               [12] 1146 	inc	r1
      00010C 87*02            [24] 1147 	mov	(_str + 1),@r1
      00010E 09               [12] 1148 	inc	r1
      00010F 87*03            [24] 1149 	mov	(_str + 2),@r1
      000111 19               [12] 1150 	dec	r1
      000112 19               [12] 1151 	dec	r1
                                   1152 ;	radio/printfl.c:138: while (*str)
      000113                       1153 00111$:
      000113 C0 05            [24] 1154 	push	ar5
      000115 C0 06            [24] 1155 	push	ar6
      000117 C0 07            [24] 1156 	push	ar7
      000119 AA*01            [24] 1157 	mov	r2,_str
      00011B AB*02            [24] 1158 	mov	r3,(_str + 1)
      00011D AF*03            [24] 1159 	mov	r7,(_str + 2)
      00011F 8A 82            [24] 1160 	mov	dpl,r2
      000121 8B 83            [24] 1161 	mov	dph,r3
      000123 8F F0            [24] 1162 	mov	b,r7
      000125 12r00r00         [24] 1163 	lcall	__gptrget
      000128 D0 07            [24] 1164 	pop	ar7
      00012A D0 06            [24] 1165 	pop	ar6
      00012C D0 05            [24] 1166 	pop	ar5
      00012E 70 03            [24] 1167 	jnz	00235$
      000130 02r02rFE         [24] 1168 	ljmp	00143$
      000133                       1169 00235$:
                                   1170 ;	radio/printfl.c:139: output_char(*str++);
      000133 C0 05            [24] 1171 	push	ar5
      000135 C0 06            [24] 1172 	push	ar6
      000137 C0 07            [24] 1173 	push	ar7
      000139 AA*01            [24] 1174 	mov	r2,_str
      00013B AB*02            [24] 1175 	mov	r3,(_str + 1)
      00013D AF*03            [24] 1176 	mov	r7,(_str + 2)
      00013F 8A 82            [24] 1177 	mov	dpl,r2
      000141 8B 83            [24] 1178 	mov	dph,r3
      000143 8F F0            [24] 1179 	mov	b,r7
      000145 12r00r00         [24] 1180 	lcall	__gptrget
      000148 FA               [12] 1181 	mov	r2,a
      000149 05*01            [12] 1182 	inc	_str
      00014B E4               [12] 1183 	clr	a
      00014C B5*01 02         [24] 1184 	cjne	a,_str,00236$
      00014F 05*02            [12] 1185 	inc	(_str + 1)
      000151                       1186 00236$:
      000151 8A 82            [24] 1187 	mov	dpl,r2
      000153 C0 07            [24] 1188 	push	ar7
      000155 C0 06            [24] 1189 	push	ar6
      000157 C0 05            [24] 1190 	push	ar5
      000159 12r00r00         [24] 1191 	lcall	_output_char
      00015C D0 05            [24] 1192 	pop	ar5
      00015E D0 06            [24] 1193 	pop	ar6
      000160 D0 07            [24] 1194 	pop	ar7
      000162 D0 07            [24] 1195 	pop	ar7
      000164 D0 06            [24] 1196 	pop	ar6
      000166 D0 05            [24] 1197 	pop	ar5
                                   1198 ;	radio/printfl.c:140: continue;
      000168 80 A9            [24] 1199 	sjmp	00111$
      00016A                       1200 00115$:
                                   1201 ;	radio/printfl.c:143: if (unsigned_flag) {
      00016A 30*03 6D         [24] 1202 	jnb	_unsigned_flag,00129$
                                   1203 ;	radio/printfl.c:144: if (long_flag) {
      00016D 30*00 26         [24] 1204 	jnb	_long_flag,00120$
                                   1205 ;	radio/printfl.c:145: val = va_arg(ap,unsigned long);
      000170 A8 81            [24] 1206 	mov	r0,sp
      000172 18               [12] 1207 	dec	r0
      000173 18               [12] 1208 	dec	r0
      000174 E6               [12] 1209 	mov	a,@r0
      000175 24 FC            [12] 1210 	add	a,#0xFC
      000177 FB               [12] 1211 	mov	r3,a
      000178 A8 81            [24] 1212 	mov	r0,sp
      00017A 18               [12] 1213 	dec	r0
      00017B 18               [12] 1214 	dec	r0
      00017C A6 03            [24] 1215 	mov	@r0,ar3
      00017E 8B 01            [24] 1216 	mov	ar1,r3
      000180 78r00            [12] 1217 	mov	r0,#_val
      000182 E7               [12] 1218 	mov	a,@r1
      000183 F2               [24] 1219 	movx	@r0,a
      000184 09               [12] 1220 	inc	r1
      000185 E7               [12] 1221 	mov	a,@r1
      000186 08               [12] 1222 	inc	r0
      000187 F2               [24] 1223 	movx	@r0,a
      000188 09               [12] 1224 	inc	r1
      000189 E7               [12] 1225 	mov	a,@r1
      00018A 08               [12] 1226 	inc	r0
      00018B F2               [24] 1227 	movx	@r0,a
      00018C 09               [12] 1228 	inc	r1
      00018D E7               [12] 1229 	mov	a,@r1
      00018E 08               [12] 1230 	inc	r0
      00018F F2               [24] 1231 	movx	@r0,a
      000190 19               [12] 1232 	dec	r1
      000191 19               [12] 1233 	dec	r1
      000192 19               [12] 1234 	dec	r1
      000193 02r02r4B         [24] 1235 	ljmp	00130$
      000196                       1236 00120$:
                                   1237 ;	radio/printfl.c:146: } else if (char_flag) {
      000196 30*02 1D         [24] 1238 	jnb	_char_flag,00117$
                                   1239 ;	radio/printfl.c:147: val = va_arg(ap,unsigned char);
      000199 A8 81            [24] 1240 	mov	r0,sp
      00019B 18               [12] 1241 	dec	r0
      00019C 18               [12] 1242 	dec	r0
      00019D E6               [12] 1243 	mov	a,@r0
      00019E 14               [12] 1244 	dec	a
      00019F F9               [12] 1245 	mov	r1,a
      0001A0 A8 81            [24] 1246 	mov	r0,sp
      0001A2 18               [12] 1247 	dec	r0
      0001A3 18               [12] 1248 	dec	r0
      0001A4 A6 01            [24] 1249 	mov	@r0,ar1
      0001A6 87 03            [24] 1250 	mov	ar3,@r1
      0001A8 78r00            [12] 1251 	mov	r0,#_val
      0001AA EB               [12] 1252 	mov	a,r3
      0001AB F2               [24] 1253 	movx	@r0,a
      0001AC 08               [12] 1254 	inc	r0
      0001AD E4               [12] 1255 	clr	a
      0001AE F2               [24] 1256 	movx	@r0,a
      0001AF 08               [12] 1257 	inc	r0
      0001B0 F2               [24] 1258 	movx	@r0,a
      0001B1 08               [12] 1259 	inc	r0
      0001B2 F2               [24] 1260 	movx	@r0,a
      0001B3 02r02r4B         [24] 1261 	ljmp	00130$
      0001B6                       1262 00117$:
                                   1263 ;	radio/printfl.c:149: val = va_arg(ap,unsigned int);
      0001B6 A8 81            [24] 1264 	mov	r0,sp
      0001B8 18               [12] 1265 	dec	r0
      0001B9 18               [12] 1266 	dec	r0
      0001BA E6               [12] 1267 	mov	a,@r0
      0001BB 24 FE            [12] 1268 	add	a,#0xFE
      0001BD FB               [12] 1269 	mov	r3,a
      0001BE A8 81            [24] 1270 	mov	r0,sp
      0001C0 18               [12] 1271 	dec	r0
      0001C1 18               [12] 1272 	dec	r0
      0001C2 A6 03            [24] 1273 	mov	@r0,ar3
      0001C4 8B 01            [24] 1274 	mov	ar1,r3
      0001C6 87 02            [24] 1275 	mov	ar2,@r1
      0001C8 09               [12] 1276 	inc	r1
      0001C9 87 03            [24] 1277 	mov	ar3,@r1
      0001CB 19               [12] 1278 	dec	r1
      0001CC 78r00            [12] 1279 	mov	r0,#_val
      0001CE EA               [12] 1280 	mov	a,r2
      0001CF F2               [24] 1281 	movx	@r0,a
      0001D0 08               [12] 1282 	inc	r0
      0001D1 EB               [12] 1283 	mov	a,r3
      0001D2 F2               [24] 1284 	movx	@r0,a
      0001D3 08               [12] 1285 	inc	r0
      0001D4 E4               [12] 1286 	clr	a
      0001D5 F2               [24] 1287 	movx	@r0,a
      0001D6 08               [12] 1288 	inc	r0
      0001D7 F2               [24] 1289 	movx	@r0,a
      0001D8 80 71            [24] 1290 	sjmp	00130$
      0001DA                       1291 00129$:
                                   1292 ;	radio/printfl.c:152: if (long_flag) {
      0001DA 30*00 25         [24] 1293 	jnb	_long_flag,00126$
                                   1294 ;	radio/printfl.c:153: val = va_arg(ap,long);
      0001DD A8 81            [24] 1295 	mov	r0,sp
      0001DF 18               [12] 1296 	dec	r0
      0001E0 18               [12] 1297 	dec	r0
      0001E1 E6               [12] 1298 	mov	a,@r0
      0001E2 24 FC            [12] 1299 	add	a,#0xFC
      0001E4 FB               [12] 1300 	mov	r3,a
      0001E5 A8 81            [24] 1301 	mov	r0,sp
      0001E7 18               [12] 1302 	dec	r0
      0001E8 18               [12] 1303 	dec	r0
      0001E9 A6 03            [24] 1304 	mov	@r0,ar3
      0001EB 8B 01            [24] 1305 	mov	ar1,r3
      0001ED 78r00            [12] 1306 	mov	r0,#_val
      0001EF E7               [12] 1307 	mov	a,@r1
      0001F0 F2               [24] 1308 	movx	@r0,a
      0001F1 09               [12] 1309 	inc	r1
      0001F2 E7               [12] 1310 	mov	a,@r1
      0001F3 08               [12] 1311 	inc	r0
      0001F4 F2               [24] 1312 	movx	@r0,a
      0001F5 09               [12] 1313 	inc	r1
      0001F6 E7               [12] 1314 	mov	a,@r1
      0001F7 08               [12] 1315 	inc	r0
      0001F8 F2               [24] 1316 	movx	@r0,a
      0001F9 09               [12] 1317 	inc	r1
      0001FA E7               [12] 1318 	mov	a,@r1
      0001FB 08               [12] 1319 	inc	r0
      0001FC F2               [24] 1320 	movx	@r0,a
      0001FD 19               [12] 1321 	dec	r1
      0001FE 19               [12] 1322 	dec	r1
      0001FF 19               [12] 1323 	dec	r1
      000200 80 49            [24] 1324 	sjmp	00130$
      000202                       1325 00126$:
                                   1326 ;	radio/printfl.c:154: } else if (char_flag) {
      000202 30*02 21         [24] 1327 	jnb	_char_flag,00123$
                                   1328 ;	radio/printfl.c:155: val = va_arg(ap,char);
      000205 A8 81            [24] 1329 	mov	r0,sp
      000207 18               [12] 1330 	dec	r0
      000208 18               [12] 1331 	dec	r0
      000209 E6               [12] 1332 	mov	a,@r0
      00020A 14               [12] 1333 	dec	a
      00020B FB               [12] 1334 	mov	r3,a
      00020C A8 81            [24] 1335 	mov	r0,sp
      00020E 18               [12] 1336 	dec	r0
      00020F 18               [12] 1337 	dec	r0
      000210 A6 03            [24] 1338 	mov	@r0,ar3
      000212 8B 01            [24] 1339 	mov	ar1,r3
      000214 87 03            [24] 1340 	mov	ar3,@r1
      000216 78r00            [12] 1341 	mov	r0,#_val
      000218 EB               [12] 1342 	mov	a,r3
      000219 F2               [24] 1343 	movx	@r0,a
      00021A EB               [12] 1344 	mov	a,r3
      00021B 33               [12] 1345 	rlc	a
      00021C 95 E0            [12] 1346 	subb	a,acc
      00021E 08               [12] 1347 	inc	r0
      00021F F2               [24] 1348 	movx	@r0,a
      000220 08               [12] 1349 	inc	r0
      000221 F2               [24] 1350 	movx	@r0,a
      000222 08               [12] 1351 	inc	r0
      000223 F2               [24] 1352 	movx	@r0,a
      000224 80 25            [24] 1353 	sjmp	00130$
      000226                       1354 00123$:
                                   1355 ;	radio/printfl.c:157: val = va_arg(ap,int);
      000226 A8 81            [24] 1356 	mov	r0,sp
      000228 18               [12] 1357 	dec	r0
      000229 18               [12] 1358 	dec	r0
      00022A E6               [12] 1359 	mov	a,@r0
      00022B 24 FE            [12] 1360 	add	a,#0xFE
      00022D FB               [12] 1361 	mov	r3,a
      00022E A8 81            [24] 1362 	mov	r0,sp
      000230 18               [12] 1363 	dec	r0
      000231 18               [12] 1364 	dec	r0
      000232 A6 03            [24] 1365 	mov	@r0,ar3
      000234 8B 01            [24] 1366 	mov	ar1,r3
      000236 87 02            [24] 1367 	mov	ar2,@r1
      000238 09               [12] 1368 	inc	r1
      000239 87 03            [24] 1369 	mov	ar3,@r1
      00023B 19               [12] 1370 	dec	r1
      00023C 78r00            [12] 1371 	mov	r0,#_val
      00023E EA               [12] 1372 	mov	a,r2
      00023F F2               [24] 1373 	movx	@r0,a
      000240 08               [12] 1374 	inc	r0
      000241 EB               [12] 1375 	mov	a,r3
      000242 F2               [24] 1376 	movx	@r0,a
      000243 EB               [12] 1377 	mov	a,r3
      000244 33               [12] 1378 	rlc	a
      000245 95 E0            [12] 1379 	subb	a,acc
      000247 08               [12] 1380 	inc	r0
      000248 F2               [24] 1381 	movx	@r0,a
      000249 08               [12] 1382 	inc	r0
      00024A F2               [24] 1383 	movx	@r0,a
      00024B                       1384 00130$:
                                   1385 ;	radio/printfl.c:161: if (radix) {
      00024B E5*00            [12] 1386 	mov	a,_radix
      00024D 70 03            [24] 1387 	jnz	00242$
      00024F 02r02rD7         [24] 1388 	ljmp	00138$
      000252                       1389 00242$:
                                   1390 ;	radio/printfl.c:165: if (unsigned_flag) {
      000252 30*03 33         [24] 1391 	jnb	_unsigned_flag,00132$
                                   1392 ;	radio/printfl.c:166: _ultoa(val, buffer, radix);
      000255 90r00r00         [24] 1393 	mov	dptr,#__ultoa_PARM_2
      000258 74r00            [12] 1394 	mov	a,#_vprintfl_buffer_4_156
      00025A F0               [24] 1395 	movx	@dptr,a
      00025B E4               [12] 1396 	clr	a
      00025C A3               [24] 1397 	inc	dptr
      00025D F0               [24] 1398 	movx	@dptr,a
      00025E 74 40            [12] 1399 	mov	a,#0x40
      000260 A3               [24] 1400 	inc	dptr
      000261 F0               [24] 1401 	movx	@dptr,a
      000262 90r00r00         [24] 1402 	mov	dptr,#__ultoa_PARM_3
      000265 E5*00            [12] 1403 	mov	a,_radix
      000267 F0               [24] 1404 	movx	@dptr,a
      000268 78r00            [12] 1405 	mov	r0,#_val
      00026A E2               [24] 1406 	movx	a,@r0
      00026B F5 82            [12] 1407 	mov	dpl,a
      00026D 08               [12] 1408 	inc	r0
      00026E E2               [24] 1409 	movx	a,@r0
      00026F F5 83            [12] 1410 	mov	dph,a
      000271 08               [12] 1411 	inc	r0
      000272 E2               [24] 1412 	movx	a,@r0
      000273 F5 F0            [12] 1413 	mov	b,a
      000275 08               [12] 1414 	inc	r0
      000276 E2               [24] 1415 	movx	a,@r0
      000277 C0 07            [24] 1416 	push	ar7
      000279 C0 06            [24] 1417 	push	ar6
      00027B C0 05            [24] 1418 	push	ar5
      00027D 12r00r00         [24] 1419 	lcall	__ultoa
      000280 D0 05            [24] 1420 	pop	ar5
      000282 D0 06            [24] 1421 	pop	ar6
      000284 D0 07            [24] 1422 	pop	ar7
      000286 80 31            [24] 1423 	sjmp	00133$
      000288                       1424 00132$:
                                   1425 ;	radio/printfl.c:168: _ltoa(val, buffer, radix);
      000288 90r00r00         [24] 1426 	mov	dptr,#__ltoa_PARM_2
      00028B 74r00            [12] 1427 	mov	a,#_vprintfl_buffer_4_156
      00028D F0               [24] 1428 	movx	@dptr,a
      00028E E4               [12] 1429 	clr	a
      00028F A3               [24] 1430 	inc	dptr
      000290 F0               [24] 1431 	movx	@dptr,a
      000291 74 40            [12] 1432 	mov	a,#0x40
      000293 A3               [24] 1433 	inc	dptr
      000294 F0               [24] 1434 	movx	@dptr,a
      000295 90r00r00         [24] 1435 	mov	dptr,#__ltoa_PARM_3
      000298 E5*00            [12] 1436 	mov	a,_radix
      00029A F0               [24] 1437 	movx	@dptr,a
      00029B 78r00            [12] 1438 	mov	r0,#_val
      00029D E2               [24] 1439 	movx	a,@r0
      00029E F5 82            [12] 1440 	mov	dpl,a
      0002A0 08               [12] 1441 	inc	r0
      0002A1 E2               [24] 1442 	movx	a,@r0
      0002A2 F5 83            [12] 1443 	mov	dph,a
      0002A4 08               [12] 1444 	inc	r0
      0002A5 E2               [24] 1445 	movx	a,@r0
      0002A6 F5 F0            [12] 1446 	mov	b,a
      0002A8 08               [12] 1447 	inc	r0
      0002A9 E2               [24] 1448 	movx	a,@r0
      0002AA C0 07            [24] 1449 	push	ar7
      0002AC C0 06            [24] 1450 	push	ar6
      0002AE C0 05            [24] 1451 	push	ar5
      0002B0 12r00r00         [24] 1452 	lcall	__ltoa
      0002B3 D0 05            [24] 1453 	pop	ar5
      0002B5 D0 06            [24] 1454 	pop	ar6
      0002B7 D0 07            [24] 1455 	pop	ar7
      0002B9                       1456 00133$:
                                   1457 ;	radio/printfl.c:170: stri = buffer;
      0002B9 79r00            [12] 1458 	mov	r1,#_vprintfl_buffer_4_156
                                   1459 ;	radio/printfl.c:171: while (*stri) {
      0002BB                       1460 00134$:
      0002BB E7               [12] 1461 	mov	a,@r1
      0002BC FB               [12] 1462 	mov	r3,a
      0002BD 60 3F            [24] 1463 	jz	00143$
                                   1464 ;	radio/printfl.c:172: output_char(*stri);
      0002BF 8B 82            [24] 1465 	mov	dpl,r3
      0002C1 C0 07            [24] 1466 	push	ar7
      0002C3 C0 06            [24] 1467 	push	ar6
      0002C5 C0 05            [24] 1468 	push	ar5
      0002C7 C0 01            [24] 1469 	push	ar1
      0002C9 12r00r00         [24] 1470 	lcall	_output_char
      0002CC D0 01            [24] 1471 	pop	ar1
      0002CE D0 05            [24] 1472 	pop	ar5
      0002D0 D0 06            [24] 1473 	pop	ar6
      0002D2 D0 07            [24] 1474 	pop	ar7
                                   1475 ;	radio/printfl.c:173: stri++;
      0002D4 09               [12] 1476 	inc	r1
      0002D5 80 E4            [24] 1477 	sjmp	00134$
      0002D7                       1478 00138$:
                                   1479 ;	radio/printfl.c:176: output_char((char) val);
      0002D7 78r00            [12] 1480 	mov	r0,#_val
      0002D9 E2               [24] 1481 	movx	a,@r0
      0002DA F5 82            [12] 1482 	mov	dpl,a
      0002DC C0 07            [24] 1483 	push	ar7
      0002DE C0 06            [24] 1484 	push	ar6
      0002E0 C0 05            [24] 1485 	push	ar5
      0002E2 12r00r00         [24] 1486 	lcall	_output_char
      0002E5 D0 05            [24] 1487 	pop	ar5
      0002E7 D0 06            [24] 1488 	pop	ar6
      0002E9 D0 07            [24] 1489 	pop	ar7
      0002EB 80 11            [24] 1490 	sjmp	00143$
      0002ED                       1491 00141$:
                                   1492 ;	radio/printfl.c:180: output_char(*fmt);
      0002ED 8C 82            [24] 1493 	mov	dpl,r4
      0002EF C0 07            [24] 1494 	push	ar7
      0002F1 C0 06            [24] 1495 	push	ar6
      0002F3 C0 05            [24] 1496 	push	ar5
      0002F5 12r00r00         [24] 1497 	lcall	_output_char
      0002F8 D0 05            [24] 1498 	pop	ar5
      0002FA D0 06            [24] 1499 	pop	ar6
      0002FC D0 07            [24] 1500 	pop	ar7
      0002FE                       1501 00143$:
                                   1502 ;	radio/printfl.c:98: for (; *fmt; fmt++) {
      0002FE 0D               [12] 1503 	inc	r5
      0002FF BD 00 01         [24] 1504 	cjne	r5,#0x00,00245$
      000302 0E               [12] 1505 	inc	r6
      000303                       1506 00245$:
      000303 02r00r69         [24] 1507 	ljmp	00146$
                                   1508 ;------------------------------------------------------------
                                   1509 ;Allocation info for local variables in function 'printfl'
                                   1510 ;------------------------------------------------------------
                                   1511 ;fmt                       Allocated to stack - sp -4
                                   1512 ;ap                        Allocated to registers r7 
                                   1513 ;------------------------------------------------------------
                                   1514 ;	radio/printfl.c:186: printfl(const char *fmt, ...) __reentrant
                                   1515 ;	-----------------------------------------
                                   1516 ;	 function printfl
                                   1517 ;	-----------------------------------------
      000306                       1518 _printfl:
                                   1519 ;	radio/printfl.c:190: va_start(ap,fmt);
      000306 E5 81            [12] 1520 	mov	a,sp
      000308 24 FC            [12] 1521 	add	a,#0xFC
      00030A FF               [12] 1522 	mov	r7,a
                                   1523 ;	radio/printfl.c:191: vprintfl(fmt, ap);
      00030B C0 07            [24] 1524 	push	ar7
      00030D E5 81            [12] 1525 	mov	a,sp
      00030F 24 FB            [12] 1526 	add	a,#0xfb
      000311 F8               [12] 1527 	mov	r0,a
      000312 86 82            [24] 1528 	mov	dpl,@r0
      000314 08               [12] 1529 	inc	r0
      000315 86 83            [24] 1530 	mov	dph,@r0
      000317 08               [12] 1531 	inc	r0
      000318 86 F0            [24] 1532 	mov	b,@r0
      00031A 12r00r63         [24] 1533 	lcall	_vprintfl
      00031D 15 81            [12] 1534 	dec	sp
      00031F 22               [24] 1535 	ret
                                   1536 	.area CSEG    (CODE)
                                   1537 	.area CONST   (CODE)
                                   1538 	.area XINIT   (CODE)
                                   1539 	.area CABS    (ABS,CODE)
