                                      1 ;--------------------------------------------------------
                                      2 ; File Created by SDCC : free open source ANSI-C Compiler
                                      3 ; Version 3.5.0 #9253 (Sep  7 2022) (Linux)
                                      4 ; This file was generated Wed Sep  7 10:05:11 2022
                                      5 ;--------------------------------------------------------
                                      6 	.module pins_user
                                      7 	.optsdcc -mmcs51 --model-large
                                      8 	
                                      9 ;--------------------------------------------------------
                                     10 ; Public variables in this module
                                     11 ;--------------------------------------------------------
                                     12 	.globl _NSS1
                                     13 	.globl _IRQ
                                     14 	.globl _PA_ENABLE
                                     15 	.globl _PIN_ENABLE
                                     16 	.globl _PIN_CONFIG
                                     17 	.globl _LED_GREEN
                                     18 	.globl _LED_RED
                                     19 	.globl _SPI1EN
                                     20 	.globl _TXBMT1
                                     21 	.globl _NSS1MD0
                                     22 	.globl _NSS1MD1
                                     23 	.globl _RXOVRN1
                                     24 	.globl _MODF1
                                     25 	.globl _WCOL1
                                     26 	.globl _SPIF1
                                     27 	.globl _SPI0EN
                                     28 	.globl _TXBMT0
                                     29 	.globl _NSS0MD0
                                     30 	.globl _NSS0MD1
                                     31 	.globl _RXOVRN0
                                     32 	.globl _MODF0
                                     33 	.globl _WCOL0
                                     34 	.globl _SPIF0
                                     35 	.globl _AD0CM0
                                     36 	.globl _AD0CM1
                                     37 	.globl _AD0CM2
                                     38 	.globl _AD0WINT
                                     39 	.globl _AD0BUSY
                                     40 	.globl _AD0INT
                                     41 	.globl _BURSTEN
                                     42 	.globl _AD0EN
                                     43 	.globl _CCF0
                                     44 	.globl _CCF1
                                     45 	.globl _CCF2
                                     46 	.globl _CCF3
                                     47 	.globl _CCF4
                                     48 	.globl _CCF5
                                     49 	.globl _CR
                                     50 	.globl _CF
                                     51 	.globl _P
                                     52 	.globl _F1
                                     53 	.globl _OV
                                     54 	.globl _RS0
                                     55 	.globl _RS1
                                     56 	.globl _F0
                                     57 	.globl _AC
                                     58 	.globl _CY
                                     59 	.globl _T2XCLK
                                     60 	.globl _T2RCLK
                                     61 	.globl _TR2
                                     62 	.globl _T2SPLIT
                                     63 	.globl _TF2CEN
                                     64 	.globl _TF2LEN
                                     65 	.globl _TF2L
                                     66 	.globl _TF2H
                                     67 	.globl _SI
                                     68 	.globl _ACK
                                     69 	.globl _ARBLOST
                                     70 	.globl _ACKRQ
                                     71 	.globl _STO
                                     72 	.globl _STA
                                     73 	.globl _TXMODE
                                     74 	.globl _MASTER
                                     75 	.globl _PX0
                                     76 	.globl _PT0
                                     77 	.globl _PX1
                                     78 	.globl _PT1
                                     79 	.globl _PS0
                                     80 	.globl _PT2
                                     81 	.globl _PSPI0
                                     82 	.globl _EX0
                                     83 	.globl _ET0
                                     84 	.globl _EX1
                                     85 	.globl _ET1
                                     86 	.globl _ES0
                                     87 	.globl _ET2
                                     88 	.globl _ESPI0
                                     89 	.globl _EA
                                     90 	.globl _RI0
                                     91 	.globl _TI0
                                     92 	.globl _RB80
                                     93 	.globl _TB80
                                     94 	.globl _REN0
                                     95 	.globl _MCE0
                                     96 	.globl _S0MODE
                                     97 	.globl _IT0
                                     98 	.globl _IE0
                                     99 	.globl _IT1
                                    100 	.globl _IE1
                                    101 	.globl _TR0
                                    102 	.globl _TF0
                                    103 	.globl _TR1
                                    104 	.globl _TF1
                                    105 	.globl __XPAGE
                                    106 	.globl _PCA0CP4
                                    107 	.globl _PCA0CP0
                                    108 	.globl _PCA0
                                    109 	.globl _PCA0CP3
                                    110 	.globl _PCA0CP2
                                    111 	.globl _PCA0CP1
                                    112 	.globl _PCA0CP5
                                    113 	.globl _TMR2
                                    114 	.globl _TMR2RL
                                    115 	.globl _ADC0LT
                                    116 	.globl _ADC0GT
                                    117 	.globl _ADC0
                                    118 	.globl _TMR3
                                    119 	.globl _TMR3RL
                                    120 	.globl _TOFF
                                    121 	.globl _DP
                                    122 	.globl _PCLKEN
                                    123 	.globl _CLKMODE
                                    124 	.globl _P7MDOUT
                                    125 	.globl _P6MDOUT
                                    126 	.globl _P5MDOUT
                                    127 	.globl _P4MDOUT
                                    128 	.globl _PCLKACT
                                    129 	.globl _P6MDIN
                                    130 	.globl _P5MDIN
                                    131 	.globl _P4MDIN
                                    132 	.globl _P3MDIN
                                    133 	.globl _DEVICEID
                                    134 	.globl _REVID
                                    135 	.globl _HWID
                                    136 	.globl _P7
                                    137 	.globl _P6
                                    138 	.globl _P5
                                    139 	.globl _P4
                                    140 	.globl _TOFFH
                                    141 	.globl _TOFFL
                                    142 	.globl _ADC0TK
                                    143 	.globl _ADC0PWR
                                    144 	.globl _IREF0CF
                                    145 	.globl _FLSCL
                                    146 	.globl _OSCICL
                                    147 	.globl _OSCIFL
                                    148 	.globl _P3MDOUT
                                    149 	.globl _LCD0BUFCF
                                    150 	.globl _P7DRV
                                    151 	.globl _P6DRV
                                    152 	.globl _P2DRV
                                    153 	.globl _P1DRV
                                    154 	.globl _P0DRV
                                    155 	.globl _P5DRV
                                    156 	.globl _P4DRV
                                    157 	.globl _P3DRV
                                    158 	.globl _LCD0BUFCN
                                    159 	.globl _CRC0CNT
                                    160 	.globl _CRC0AUTO
                                    161 	.globl _CRC0FLIP
                                    162 	.globl _CRC0IN
                                    163 	.globl _CRC0CN
                                    164 	.globl _CRC0DAT
                                    165 	.globl _SFRPGCN
                                    166 	.globl _DC0RDY
                                    167 	.globl _PC0INT1
                                    168 	.globl _PC0INT0
                                    169 	.globl _PC0DCH
                                    170 	.globl _PC0DCL
                                    171 	.globl _SPI1CN
                                    172 	.globl _AES0YOUT
                                    173 	.globl _PC0HIST
                                    174 	.globl _PC0CMP1H
                                    175 	.globl _PC0CMP1M
                                    176 	.globl _PC0CMP1L
                                    177 	.globl _AES0KBA
                                    178 	.globl _AES0DBA
                                    179 	.globl _AES0KIN
                                    180 	.globl _AES0XIN
                                    181 	.globl _AES0BIN
                                    182 	.globl _AES0DCFG
                                    183 	.globl _AES0BCFG
                                    184 	.globl _PC0TH
                                    185 	.globl _PC0CMP0H
                                    186 	.globl _PC0CMP0M
                                    187 	.globl _PC0CMP0L
                                    188 	.globl _PC0CTR1H
                                    189 	.globl _PC0CTR1M
                                    190 	.globl _PC0CTR1L
                                    191 	.globl _PC0CTR0H
                                    192 	.globl _PC0CTR0M
                                    193 	.globl _PC0CTR0L
                                    194 	.globl _PC0MD
                                    195 	.globl _PC0PCF
                                    196 	.globl _DMA0NMD
                                    197 	.globl _DMA0BUSY
                                    198 	.globl _DMA0MINT
                                    199 	.globl _DMA0INT
                                    200 	.globl _DMA0EN
                                    201 	.globl _DMA0SEL
                                    202 	.globl _DMA0NSZH
                                    203 	.globl _DMA0NSZL
                                    204 	.globl _DMA0NAOH
                                    205 	.globl _DMA0NAOL
                                    206 	.globl _DMA0NBAH
                                    207 	.globl _DMA0NBAL
                                    208 	.globl _DMA0NCF
                                    209 	.globl _VREGINSDH
                                    210 	.globl _VREGINSDL
                                    211 	.globl _ENC0CN
                                    212 	.globl _ENC0H
                                    213 	.globl _ENC0M
                                    214 	.globl _ENC0L
                                    215 	.globl _PC0STAT
                                    216 	.globl _CRC1CN
                                    217 	.globl _CRC1POLH
                                    218 	.globl _CRC1POLL
                                    219 	.globl _CRC1OUTH
                                    220 	.globl _CRC1OUTL
                                    221 	.globl _CRC1IN
                                    222 	.globl _LCD0BUFMD
                                    223 	.globl _LCD0CHPCN
                                    224 	.globl _DC0MD
                                    225 	.globl _DC0CF
                                    226 	.globl _DC0CN
                                    227 	.globl _LCD0VBMCF
                                    228 	.globl _LCD0CHPMD
                                    229 	.globl _LCD0CHPCF
                                    230 	.globl _LCD0MSCF
                                    231 	.globl _LCD0MSCN
                                    232 	.globl _LCD0CLKDIVH
                                    233 	.globl _LCD0CLKDIVL
                                    234 	.globl _LCD0VBMCN
                                    235 	.globl _LCD0CF
                                    236 	.globl _LCD0PWR
                                    237 	.globl _SPI1DAT
                                    238 	.globl _SPI1CKR
                                    239 	.globl _SPI1CFG
                                    240 	.globl _LCD0TOGR
                                    241 	.globl _LCD0BLINK
                                    242 	.globl _LCD0CN
                                    243 	.globl _LCD0CNTRST
                                    244 	.globl _LCD0DF
                                    245 	.globl _LCD0DE
                                    246 	.globl _LCD0DD
                                    247 	.globl _LCD0DC
                                    248 	.globl _LCD0DB
                                    249 	.globl _LCD0DA
                                    250 	.globl _LCD0D9
                                    251 	.globl _LCD0D8
                                    252 	.globl _LCD0D7
                                    253 	.globl _LCD0D6
                                    254 	.globl _LCD0D5
                                    255 	.globl _LCD0D4
                                    256 	.globl _LCD0D3
                                    257 	.globl _LCD0D2
                                    258 	.globl _LCD0D1
                                    259 	.globl _LCD0D0
                                    260 	.globl _VDM0CN
                                    261 	.globl _PCA0CPH4
                                    262 	.globl _PCA0CPL4
                                    263 	.globl _PCA0CPH0
                                    264 	.globl _PCA0CPL0
                                    265 	.globl _PCA0H
                                    266 	.globl _PCA0L
                                    267 	.globl _SPI0CN
                                    268 	.globl _EIP2
                                    269 	.globl _EIP1
                                    270 	.globl _SMB0ADM
                                    271 	.globl _SMB0ADR
                                    272 	.globl _P2MDIN
                                    273 	.globl _P1MDIN
                                    274 	.globl _P0MDIN
                                    275 	.globl _B
                                    276 	.globl _RSTSRC
                                    277 	.globl _PCA0CPH3
                                    278 	.globl _PCA0CPL3
                                    279 	.globl _PCA0CPH2
                                    280 	.globl _PCA0CPL2
                                    281 	.globl _PCA0CPH1
                                    282 	.globl _PCA0CPL1
                                    283 	.globl _ADC0CN
                                    284 	.globl _EIE2
                                    285 	.globl _EIE1
                                    286 	.globl _FLWR
                                    287 	.globl _IT01CF
                                    288 	.globl _XBR2
                                    289 	.globl _XBR1
                                    290 	.globl _XBR0
                                    291 	.globl _ACC
                                    292 	.globl _PCA0PWM
                                    293 	.globl _PCA0CPM4
                                    294 	.globl _PCA0CPM3
                                    295 	.globl _PCA0CPM2
                                    296 	.globl _PCA0CPM1
                                    297 	.globl _PCA0CPM0
                                    298 	.globl _PCA0MD
                                    299 	.globl _PCA0CN
                                    300 	.globl _P0MAT
                                    301 	.globl _P2SKIP
                                    302 	.globl _P1SKIP
                                    303 	.globl _P0SKIP
                                    304 	.globl _PCA0CPH5
                                    305 	.globl _PCA0CPL5
                                    306 	.globl _REF0CN
                                    307 	.globl _PSW
                                    308 	.globl _P1MAT
                                    309 	.globl _PCA0CPM5
                                    310 	.globl _TMR2H
                                    311 	.globl _TMR2L
                                    312 	.globl _TMR2RLH
                                    313 	.globl _TMR2RLL
                                    314 	.globl _REG0CN
                                    315 	.globl _TMR2CN
                                    316 	.globl _P0MASK
                                    317 	.globl _ADC0LTH
                                    318 	.globl _ADC0LTL
                                    319 	.globl _ADC0GTH
                                    320 	.globl _ADC0GTL
                                    321 	.globl _SMB0DAT
                                    322 	.globl _SMB0CF
                                    323 	.globl _SMB0CN
                                    324 	.globl _P1MASK
                                    325 	.globl _ADC0H
                                    326 	.globl _ADC0L
                                    327 	.globl _ADC0CF
                                    328 	.globl _ADC0MX
                                    329 	.globl _ADC0AC
                                    330 	.globl _IREF0CN
                                    331 	.globl _IP
                                    332 	.globl _FLKEY
                                    333 	.globl _PMU0FL
                                    334 	.globl _PMU0CF
                                    335 	.globl _PMU0MD
                                    336 	.globl _OSCICN
                                    337 	.globl _OSCXCN
                                    338 	.globl _P3
                                    339 	.globl _EMI0TC
                                    340 	.globl _RTC0KEY
                                    341 	.globl _RTC0DAT
                                    342 	.globl _RTC0ADR
                                    343 	.globl _EMI0CF
                                    344 	.globl _EMI0CN
                                    345 	.globl _CLKSEL
                                    346 	.globl _IE
                                    347 	.globl _SFRPAGE
                                    348 	.globl _P2MDOUT
                                    349 	.globl _P1MDOUT
                                    350 	.globl _P0MDOUT
                                    351 	.globl _SPI0DAT
                                    352 	.globl _SPI0CKR
                                    353 	.globl _SPI0CFG
                                    354 	.globl _P2
                                    355 	.globl _CPT0MX
                                    356 	.globl _CPT1MX
                                    357 	.globl _CPT0MD
                                    358 	.globl _CPT1MD
                                    359 	.globl _CPT0CN
                                    360 	.globl _CPT1CN
                                    361 	.globl _SBUF0
                                    362 	.globl _SCON0
                                    363 	.globl _TMR3H
                                    364 	.globl _TMR3L
                                    365 	.globl _TMR3RLH
                                    366 	.globl _TMR3RLL
                                    367 	.globl _TMR3CN
                                    368 	.globl _P1
                                    369 	.globl _PSCTL
                                    370 	.globl _CKCON
                                    371 	.globl _TH1
                                    372 	.globl _TH0
                                    373 	.globl _TL1
                                    374 	.globl _TL0
                                    375 	.globl _TMOD
                                    376 	.globl _TCON
                                    377 	.globl _PCON
                                    378 	.globl _SFRLAST
                                    379 	.globl _SFRNEXT
                                    380 	.globl _PSBANK
                                    381 	.globl _DPH
                                    382 	.globl _DPL
                                    383 	.globl _SP
                                    384 	.globl _P0
                                    385 ;--------------------------------------------------------
                                    386 ; special function registers
                                    387 ;--------------------------------------------------------
                                    388 	.area RSEG    (ABS,DATA)
      000000                        389 	.org 0x0000
                           000080   390 _P0	=	0x0080
                           000081   391 _SP	=	0x0081
                           000082   392 _DPL	=	0x0082
                           000083   393 _DPH	=	0x0083
                           000084   394 _PSBANK	=	0x0084
                           000085   395 _SFRNEXT	=	0x0085
                           000086   396 _SFRLAST	=	0x0086
                           000087   397 _PCON	=	0x0087
                           000088   398 _TCON	=	0x0088
                           000089   399 _TMOD	=	0x0089
                           00008A   400 _TL0	=	0x008a
                           00008B   401 _TL1	=	0x008b
                           00008C   402 _TH0	=	0x008c
                           00008D   403 _TH1	=	0x008d
                           00008E   404 _CKCON	=	0x008e
                           00008F   405 _PSCTL	=	0x008f
                           000090   406 _P1	=	0x0090
                           000091   407 _TMR3CN	=	0x0091
                           000092   408 _TMR3RLL	=	0x0092
                           000093   409 _TMR3RLH	=	0x0093
                           000094   410 _TMR3L	=	0x0094
                           000095   411 _TMR3H	=	0x0095
                           000098   412 _SCON0	=	0x0098
                           000099   413 _SBUF0	=	0x0099
                           00009A   414 _CPT1CN	=	0x009a
                           00009B   415 _CPT0CN	=	0x009b
                           00009C   416 _CPT1MD	=	0x009c
                           00009D   417 _CPT0MD	=	0x009d
                           00009E   418 _CPT1MX	=	0x009e
                           00009F   419 _CPT0MX	=	0x009f
                           0000A0   420 _P2	=	0x00a0
                           0000A1   421 _SPI0CFG	=	0x00a1
                           0000A2   422 _SPI0CKR	=	0x00a2
                           0000A3   423 _SPI0DAT	=	0x00a3
                           0000A4   424 _P0MDOUT	=	0x00a4
                           0000A5   425 _P1MDOUT	=	0x00a5
                           0000A6   426 _P2MDOUT	=	0x00a6
                           0000A7   427 _SFRPAGE	=	0x00a7
                           0000A8   428 _IE	=	0x00a8
                           0000A9   429 _CLKSEL	=	0x00a9
                           0000AA   430 _EMI0CN	=	0x00aa
                           0000AB   431 _EMI0CF	=	0x00ab
                           0000AC   432 _RTC0ADR	=	0x00ac
                           0000AD   433 _RTC0DAT	=	0x00ad
                           0000AE   434 _RTC0KEY	=	0x00ae
                           0000AF   435 _EMI0TC	=	0x00af
                           0000B0   436 _P3	=	0x00b0
                           0000B1   437 _OSCXCN	=	0x00b1
                           0000B2   438 _OSCICN	=	0x00b2
                           0000B3   439 _PMU0MD	=	0x00b3
                           0000B5   440 _PMU0CF	=	0x00b5
                           0000B6   441 _PMU0FL	=	0x00b6
                           0000B7   442 _FLKEY	=	0x00b7
                           0000B8   443 _IP	=	0x00b8
                           0000B9   444 _IREF0CN	=	0x00b9
                           0000BA   445 _ADC0AC	=	0x00ba
                           0000BB   446 _ADC0MX	=	0x00bb
                           0000BC   447 _ADC0CF	=	0x00bc
                           0000BD   448 _ADC0L	=	0x00bd
                           0000BE   449 _ADC0H	=	0x00be
                           0000BF   450 _P1MASK	=	0x00bf
                           0000C0   451 _SMB0CN	=	0x00c0
                           0000C1   452 _SMB0CF	=	0x00c1
                           0000C2   453 _SMB0DAT	=	0x00c2
                           0000C3   454 _ADC0GTL	=	0x00c3
                           0000C4   455 _ADC0GTH	=	0x00c4
                           0000C5   456 _ADC0LTL	=	0x00c5
                           0000C6   457 _ADC0LTH	=	0x00c6
                           0000C7   458 _P0MASK	=	0x00c7
                           0000C8   459 _TMR2CN	=	0x00c8
                           0000C9   460 _REG0CN	=	0x00c9
                           0000CA   461 _TMR2RLL	=	0x00ca
                           0000CB   462 _TMR2RLH	=	0x00cb
                           0000CC   463 _TMR2L	=	0x00cc
                           0000CD   464 _TMR2H	=	0x00cd
                           0000CE   465 _PCA0CPM5	=	0x00ce
                           0000CF   466 _P1MAT	=	0x00cf
                           0000D0   467 _PSW	=	0x00d0
                           0000D1   468 _REF0CN	=	0x00d1
                           0000D2   469 _PCA0CPL5	=	0x00d2
                           0000D3   470 _PCA0CPH5	=	0x00d3
                           0000D4   471 _P0SKIP	=	0x00d4
                           0000D5   472 _P1SKIP	=	0x00d5
                           0000D6   473 _P2SKIP	=	0x00d6
                           0000D7   474 _P0MAT	=	0x00d7
                           0000D8   475 _PCA0CN	=	0x00d8
                           0000D9   476 _PCA0MD	=	0x00d9
                           0000DA   477 _PCA0CPM0	=	0x00da
                           0000DB   478 _PCA0CPM1	=	0x00db
                           0000DC   479 _PCA0CPM2	=	0x00dc
                           0000DD   480 _PCA0CPM3	=	0x00dd
                           0000DE   481 _PCA0CPM4	=	0x00de
                           0000DF   482 _PCA0PWM	=	0x00df
                           0000E0   483 _ACC	=	0x00e0
                           0000E1   484 _XBR0	=	0x00e1
                           0000E2   485 _XBR1	=	0x00e2
                           0000E3   486 _XBR2	=	0x00e3
                           0000E4   487 _IT01CF	=	0x00e4
                           0000E5   488 _FLWR	=	0x00e5
                           0000E6   489 _EIE1	=	0x00e6
                           0000E7   490 _EIE2	=	0x00e7
                           0000E8   491 _ADC0CN	=	0x00e8
                           0000E9   492 _PCA0CPL1	=	0x00e9
                           0000EA   493 _PCA0CPH1	=	0x00ea
                           0000EB   494 _PCA0CPL2	=	0x00eb
                           0000EC   495 _PCA0CPH2	=	0x00ec
                           0000ED   496 _PCA0CPL3	=	0x00ed
                           0000EE   497 _PCA0CPH3	=	0x00ee
                           0000EF   498 _RSTSRC	=	0x00ef
                           0000F0   499 _B	=	0x00f0
                           0000F1   500 _P0MDIN	=	0x00f1
                           0000F2   501 _P1MDIN	=	0x00f2
                           0000F3   502 _P2MDIN	=	0x00f3
                           0000F4   503 _SMB0ADR	=	0x00f4
                           0000F5   504 _SMB0ADM	=	0x00f5
                           0000F6   505 _EIP1	=	0x00f6
                           0000F7   506 _EIP2	=	0x00f7
                           0000F8   507 _SPI0CN	=	0x00f8
                           0000F9   508 _PCA0L	=	0x00f9
                           0000FA   509 _PCA0H	=	0x00fa
                           0000FB   510 _PCA0CPL0	=	0x00fb
                           0000FC   511 _PCA0CPH0	=	0x00fc
                           0000FD   512 _PCA0CPL4	=	0x00fd
                           0000FE   513 _PCA0CPH4	=	0x00fe
                           0000FF   514 _VDM0CN	=	0x00ff
                           000089   515 _LCD0D0	=	0x0089
                           00008A   516 _LCD0D1	=	0x008a
                           00008B   517 _LCD0D2	=	0x008b
                           00008C   518 _LCD0D3	=	0x008c
                           00008D   519 _LCD0D4	=	0x008d
                           00008E   520 _LCD0D5	=	0x008e
                           000091   521 _LCD0D6	=	0x0091
                           000092   522 _LCD0D7	=	0x0092
                           000093   523 _LCD0D8	=	0x0093
                           000094   524 _LCD0D9	=	0x0094
                           000095   525 _LCD0DA	=	0x0095
                           000096   526 _LCD0DB	=	0x0096
                           000097   527 _LCD0DC	=	0x0097
                           000099   528 _LCD0DD	=	0x0099
                           00009A   529 _LCD0DE	=	0x009a
                           00009B   530 _LCD0DF	=	0x009b
                           00009C   531 _LCD0CNTRST	=	0x009c
                           00009D   532 _LCD0CN	=	0x009d
                           00009E   533 _LCD0BLINK	=	0x009e
                           00009F   534 _LCD0TOGR	=	0x009f
                           0000A1   535 _SPI1CFG	=	0x00a1
                           0000A2   536 _SPI1CKR	=	0x00a2
                           0000A3   537 _SPI1DAT	=	0x00a3
                           0000A4   538 _LCD0PWR	=	0x00a4
                           0000A5   539 _LCD0CF	=	0x00a5
                           0000A6   540 _LCD0VBMCN	=	0x00a6
                           0000A9   541 _LCD0CLKDIVL	=	0x00a9
                           0000AA   542 _LCD0CLKDIVH	=	0x00aa
                           0000AB   543 _LCD0MSCN	=	0x00ab
                           0000AC   544 _LCD0MSCF	=	0x00ac
                           0000AD   545 _LCD0CHPCF	=	0x00ad
                           0000AE   546 _LCD0CHPMD	=	0x00ae
                           0000AF   547 _LCD0VBMCF	=	0x00af
                           0000B1   548 _DC0CN	=	0x00b1
                           0000B2   549 _DC0CF	=	0x00b2
                           0000B3   550 _DC0MD	=	0x00b3
                           0000B5   551 _LCD0CHPCN	=	0x00b5
                           0000B6   552 _LCD0BUFMD	=	0x00b6
                           0000B9   553 _CRC1IN	=	0x00b9
                           0000BA   554 _CRC1OUTL	=	0x00ba
                           0000BB   555 _CRC1OUTH	=	0x00bb
                           0000BC   556 _CRC1POLL	=	0x00bc
                           0000BD   557 _CRC1POLH	=	0x00bd
                           0000BE   558 _CRC1CN	=	0x00be
                           0000C1   559 _PC0STAT	=	0x00c1
                           0000C2   560 _ENC0L	=	0x00c2
                           0000C3   561 _ENC0M	=	0x00c3
                           0000C4   562 _ENC0H	=	0x00c4
                           0000C5   563 _ENC0CN	=	0x00c5
                           0000C6   564 _VREGINSDL	=	0x00c6
                           0000C7   565 _VREGINSDH	=	0x00c7
                           0000C9   566 _DMA0NCF	=	0x00c9
                           0000CA   567 _DMA0NBAL	=	0x00ca
                           0000CB   568 _DMA0NBAH	=	0x00cb
                           0000CC   569 _DMA0NAOL	=	0x00cc
                           0000CD   570 _DMA0NAOH	=	0x00cd
                           0000CE   571 _DMA0NSZL	=	0x00ce
                           0000CF   572 _DMA0NSZH	=	0x00cf
                           0000D1   573 _DMA0SEL	=	0x00d1
                           0000D2   574 _DMA0EN	=	0x00d2
                           0000D3   575 _DMA0INT	=	0x00d3
                           0000D4   576 _DMA0MINT	=	0x00d4
                           0000D5   577 _DMA0BUSY	=	0x00d5
                           0000D6   578 _DMA0NMD	=	0x00d6
                           0000D7   579 _PC0PCF	=	0x00d7
                           0000D9   580 _PC0MD	=	0x00d9
                           0000DA   581 _PC0CTR0L	=	0x00da
                           0000DB   582 _PC0CTR0M	=	0x00db
                           0000DC   583 _PC0CTR0H	=	0x00dc
                           0000DD   584 _PC0CTR1L	=	0x00dd
                           0000DE   585 _PC0CTR1M	=	0x00de
                           0000DF   586 _PC0CTR1H	=	0x00df
                           0000E1   587 _PC0CMP0L	=	0x00e1
                           0000E2   588 _PC0CMP0M	=	0x00e2
                           0000E3   589 _PC0CMP0H	=	0x00e3
                           0000E4   590 _PC0TH	=	0x00e4
                           0000E9   591 _AES0BCFG	=	0x00e9
                           0000EA   592 _AES0DCFG	=	0x00ea
                           0000EB   593 _AES0BIN	=	0x00eb
                           0000EC   594 _AES0XIN	=	0x00ec
                           0000ED   595 _AES0KIN	=	0x00ed
                           0000EE   596 _AES0DBA	=	0x00ee
                           0000EF   597 _AES0KBA	=	0x00ef
                           0000F1   598 _PC0CMP1L	=	0x00f1
                           0000F2   599 _PC0CMP1M	=	0x00f2
                           0000F3   600 _PC0CMP1H	=	0x00f3
                           0000F4   601 _PC0HIST	=	0x00f4
                           0000F5   602 _AES0YOUT	=	0x00f5
                           0000F8   603 _SPI1CN	=	0x00f8
                           0000F9   604 _PC0DCL	=	0x00f9
                           0000FA   605 _PC0DCH	=	0x00fa
                           0000FB   606 _PC0INT0	=	0x00fb
                           0000FC   607 _PC0INT1	=	0x00fc
                           0000FD   608 _DC0RDY	=	0x00fd
                           00008E   609 _SFRPGCN	=	0x008e
                           000091   610 _CRC0DAT	=	0x0091
                           000092   611 _CRC0CN	=	0x0092
                           000093   612 _CRC0IN	=	0x0093
                           000094   613 _CRC0FLIP	=	0x0094
                           000096   614 _CRC0AUTO	=	0x0096
                           000097   615 _CRC0CNT	=	0x0097
                           00009C   616 _LCD0BUFCN	=	0x009c
                           0000A1   617 _P3DRV	=	0x00a1
                           0000A2   618 _P4DRV	=	0x00a2
                           0000A3   619 _P5DRV	=	0x00a3
                           0000A4   620 _P0DRV	=	0x00a4
                           0000A5   621 _P1DRV	=	0x00a5
                           0000A6   622 _P2DRV	=	0x00a6
                           0000AA   623 _P6DRV	=	0x00aa
                           0000AB   624 _P7DRV	=	0x00ab
                           0000AC   625 _LCD0BUFCF	=	0x00ac
                           0000B1   626 _P3MDOUT	=	0x00b1
                           0000B2   627 _OSCIFL	=	0x00b2
                           0000B3   628 _OSCICL	=	0x00b3
                           0000B6   629 _FLSCL	=	0x00b6
                           0000B9   630 _IREF0CF	=	0x00b9
                           0000BB   631 _ADC0PWR	=	0x00bb
                           0000BC   632 _ADC0TK	=	0x00bc
                           0000BD   633 _TOFFL	=	0x00bd
                           0000BE   634 _TOFFH	=	0x00be
                           0000D9   635 _P4	=	0x00d9
                           0000DA   636 _P5	=	0x00da
                           0000DB   637 _P6	=	0x00db
                           0000DC   638 _P7	=	0x00dc
                           0000E9   639 _HWID	=	0x00e9
                           0000EA   640 _REVID	=	0x00ea
                           0000EB   641 _DEVICEID	=	0x00eb
                           0000F1   642 _P3MDIN	=	0x00f1
                           0000F2   643 _P4MDIN	=	0x00f2
                           0000F3   644 _P5MDIN	=	0x00f3
                           0000F4   645 _P6MDIN	=	0x00f4
                           0000F5   646 _PCLKACT	=	0x00f5
                           0000F9   647 _P4MDOUT	=	0x00f9
                           0000FA   648 _P5MDOUT	=	0x00fa
                           0000FB   649 _P6MDOUT	=	0x00fb
                           0000FC   650 _P7MDOUT	=	0x00fc
                           0000FD   651 _CLKMODE	=	0x00fd
                           0000FE   652 _PCLKEN	=	0x00fe
                           008382   653 _DP	=	0x8382
                           008685   654 _TOFF	=	0x8685
                           009392   655 _TMR3RL	=	0x9392
                           009594   656 _TMR3	=	0x9594
                           00BEBD   657 _ADC0	=	0xbebd
                           00C4C3   658 _ADC0GT	=	0xc4c3
                           00C6C5   659 _ADC0LT	=	0xc6c5
                           00CBCA   660 _TMR2RL	=	0xcbca
                           00CDCC   661 _TMR2	=	0xcdcc
                           00D3D2   662 _PCA0CP5	=	0xd3d2
                           00EAE9   663 _PCA0CP1	=	0xeae9
                           00ECEB   664 _PCA0CP2	=	0xeceb
                           00EEED   665 _PCA0CP3	=	0xeeed
                           00FAF9   666 _PCA0	=	0xfaf9
                           00FCFB   667 _PCA0CP0	=	0xfcfb
                           00FEFD   668 _PCA0CP4	=	0xfefd
                           0000AA   669 __XPAGE	=	0x00aa
                                    670 ;--------------------------------------------------------
                                    671 ; special function bits
                                    672 ;--------------------------------------------------------
                                    673 	.area RSEG    (ABS,DATA)
      000000                        674 	.org 0x0000
                           00008F   675 _TF1	=	0x008f
                           00008E   676 _TR1	=	0x008e
                           00008D   677 _TF0	=	0x008d
                           00008C   678 _TR0	=	0x008c
                           00008B   679 _IE1	=	0x008b
                           00008A   680 _IT1	=	0x008a
                           000089   681 _IE0	=	0x0089
                           000088   682 _IT0	=	0x0088
                           00009F   683 _S0MODE	=	0x009f
                           00009D   684 _MCE0	=	0x009d
                           00009C   685 _REN0	=	0x009c
                           00009B   686 _TB80	=	0x009b
                           00009A   687 _RB80	=	0x009a
                           000099   688 _TI0	=	0x0099
                           000098   689 _RI0	=	0x0098
                           0000AF   690 _EA	=	0x00af
                           0000AE   691 _ESPI0	=	0x00ae
                           0000AD   692 _ET2	=	0x00ad
                           0000AC   693 _ES0	=	0x00ac
                           0000AB   694 _ET1	=	0x00ab
                           0000AA   695 _EX1	=	0x00aa
                           0000A9   696 _ET0	=	0x00a9
                           0000A8   697 _EX0	=	0x00a8
                           0000BE   698 _PSPI0	=	0x00be
                           0000BD   699 _PT2	=	0x00bd
                           0000BC   700 _PS0	=	0x00bc
                           0000BB   701 _PT1	=	0x00bb
                           0000BA   702 _PX1	=	0x00ba
                           0000B9   703 _PT0	=	0x00b9
                           0000B8   704 _PX0	=	0x00b8
                           0000C7   705 _MASTER	=	0x00c7
                           0000C6   706 _TXMODE	=	0x00c6
                           0000C5   707 _STA	=	0x00c5
                           0000C4   708 _STO	=	0x00c4
                           0000C3   709 _ACKRQ	=	0x00c3
                           0000C2   710 _ARBLOST	=	0x00c2
                           0000C1   711 _ACK	=	0x00c1
                           0000C0   712 _SI	=	0x00c0
                           0000CF   713 _TF2H	=	0x00cf
                           0000CE   714 _TF2L	=	0x00ce
                           0000CD   715 _TF2LEN	=	0x00cd
                           0000CC   716 _TF2CEN	=	0x00cc
                           0000CB   717 _T2SPLIT	=	0x00cb
                           0000CA   718 _TR2	=	0x00ca
                           0000C9   719 _T2RCLK	=	0x00c9
                           0000C8   720 _T2XCLK	=	0x00c8
                           0000D7   721 _CY	=	0x00d7
                           0000D6   722 _AC	=	0x00d6
                           0000D5   723 _F0	=	0x00d5
                           0000D4   724 _RS1	=	0x00d4
                           0000D3   725 _RS0	=	0x00d3
                           0000D2   726 _OV	=	0x00d2
                           0000D1   727 _F1	=	0x00d1
                           0000D0   728 _P	=	0x00d0
                           0000DF   729 _CF	=	0x00df
                           0000DE   730 _CR	=	0x00de
                           0000DD   731 _CCF5	=	0x00dd
                           0000DC   732 _CCF4	=	0x00dc
                           0000DB   733 _CCF3	=	0x00db
                           0000DA   734 _CCF2	=	0x00da
                           0000D9   735 _CCF1	=	0x00d9
                           0000D8   736 _CCF0	=	0x00d8
                           0000EF   737 _AD0EN	=	0x00ef
                           0000EE   738 _BURSTEN	=	0x00ee
                           0000ED   739 _AD0INT	=	0x00ed
                           0000EC   740 _AD0BUSY	=	0x00ec
                           0000EB   741 _AD0WINT	=	0x00eb
                           0000EA   742 _AD0CM2	=	0x00ea
                           0000E9   743 _AD0CM1	=	0x00e9
                           0000E8   744 _AD0CM0	=	0x00e8
                           0000FF   745 _SPIF0	=	0x00ff
                           0000FE   746 _WCOL0	=	0x00fe
                           0000FD   747 _MODF0	=	0x00fd
                           0000FC   748 _RXOVRN0	=	0x00fc
                           0000FB   749 _NSS0MD1	=	0x00fb
                           0000FA   750 _NSS0MD0	=	0x00fa
                           0000F9   751 _TXBMT0	=	0x00f9
                           0000F8   752 _SPI0EN	=	0x00f8
                           0000FF   753 _SPIF1	=	0x00ff
                           0000FE   754 _WCOL1	=	0x00fe
                           0000FD   755 _MODF1	=	0x00fd
                           0000FC   756 _RXOVRN1	=	0x00fc
                           0000FB   757 _NSS1MD1	=	0x00fb
                           0000FA   758 _NSS1MD0	=	0x00fa
                           0000F9   759 _TXBMT1	=	0x00f9
                           0000F8   760 _SPI1EN	=	0x00f8
                           0000B6   761 _LED_RED	=	0x00b6
                           0000B7   762 _LED_GREEN	=	0x00b7
                           000082   763 _PIN_CONFIG	=	0x0082
                           000083   764 _PIN_ENABLE	=	0x0083
                           0000A5   765 _PA_ENABLE	=	0x00a5
                           000081   766 _IRQ	=	0x0081
                           0000A3   767 _NSS1	=	0x00a3
                                    768 ;--------------------------------------------------------
                                    769 ; overlayable register banks
                                    770 ;--------------------------------------------------------
                                    771 	.area REG_BANK_0	(REL,OVR,DATA)
      000000                        772 	.ds 8
                                    773 ;--------------------------------------------------------
                                    774 ; internal ram data
                                    775 ;--------------------------------------------------------
                                    776 	.area DSEG    (DATA)
                                    777 ;--------------------------------------------------------
                                    778 ; overlayable items in internal ram 
                                    779 ;--------------------------------------------------------
                                    780 ;--------------------------------------------------------
                                    781 ; indirectly addressable internal ram data
                                    782 ;--------------------------------------------------------
                                    783 	.area ISEG    (DATA)
                                    784 ;--------------------------------------------------------
                                    785 ; absolute internal ram data
                                    786 ;--------------------------------------------------------
                                    787 	.area IABS    (ABS,DATA)
                                    788 	.area IABS    (ABS,DATA)
                                    789 ;--------------------------------------------------------
                                    790 ; bit data
                                    791 ;--------------------------------------------------------
                                    792 	.area BSEG    (BIT)
                                    793 ;--------------------------------------------------------
                                    794 ; paged external ram data
                                    795 ;--------------------------------------------------------
                                    796 	.area PSEG    (PAG,XDATA)
                                    797 ;--------------------------------------------------------
                                    798 ; external ram data
                                    799 ;--------------------------------------------------------
                                    800 	.area XSEG    (XDATA)
                                    801 ;--------------------------------------------------------
                                    802 ; absolute external ram data
                                    803 ;--------------------------------------------------------
                                    804 	.area XABS    (ABS,XDATA)
                                    805 ;--------------------------------------------------------
                                    806 ; external initialized ram data
                                    807 ;--------------------------------------------------------
                                    808 	.area XISEG   (XDATA)
                                    809 	.area HOME    (CODE)
                                    810 	.area GSINIT0 (CODE)
                                    811 	.area GSINIT1 (CODE)
                                    812 	.area GSINIT2 (CODE)
                                    813 	.area GSINIT3 (CODE)
                                    814 	.area GSINIT4 (CODE)
                                    815 	.area GSINIT5 (CODE)
                                    816 	.area GSINIT  (CODE)
                                    817 	.area GSFINAL (CODE)
                                    818 	.area CSEG    (CODE)
                                    819 ;--------------------------------------------------------
                                    820 ; global & static initialisations
                                    821 ;--------------------------------------------------------
                                    822 	.area HOME    (CODE)
                                    823 	.area GSINIT  (CODE)
                                    824 	.area GSFINAL (CODE)
                                    825 	.area GSINIT  (CODE)
                                    826 ;--------------------------------------------------------
                                    827 ; Home
                                    828 ;--------------------------------------------------------
                                    829 	.area HOME    (CODE)
                                    830 	.area HOME    (CODE)
                                    831 ;--------------------------------------------------------
                                    832 ; code
                                    833 ;--------------------------------------------------------
                                    834 	.area CSEG    (CODE)
                                    835 	.area CSEG    (CODE)
                                    836 	.area CONST   (CODE)
                                    837 	.area XINIT   (CODE)
                                    838 	.area CABS    (ABS,CODE)
