                                      1 ;--------------------------------------------------------
                                      2 ; File Created by SDCC : free open source ANSI-C Compiler
                                      3 ; Version 3.5.0 #9253 (Sep  7 2022) (Linux)
                                      4 ; This file was generated Wed Sep  7 10:05:05 2022
                                      5 ;--------------------------------------------------------
                                      6 	.module crc
                                      7 	.optsdcc -mmcs51 --model-large
                                      8 	
                                      9 ;--------------------------------------------------------
                                     10 ; Public variables in this module
                                     11 ;--------------------------------------------------------
                                     12 	.globl _SDN
                                     13 	.globl _NSS1
                                     14 	.globl _IRQ
                                     15 	.globl _BUTTON_DOWN
                                     16 	.globl _BUTTON_UP
                                     17 	.globl _BUTTON_ENTER
                                     18 	.globl _LED_GREEN
                                     19 	.globl _LED_RED
                                     20 	.globl _SPI0EN
                                     21 	.globl _TXBMT0
                                     22 	.globl _NSS0MD0
                                     23 	.globl _NSS0MD1
                                     24 	.globl _RXOVRN0
                                     25 	.globl _MODF0
                                     26 	.globl _WCOL0
                                     27 	.globl _SPIF0
                                     28 	.globl _AD0CM0
                                     29 	.globl _AD0CM1
                                     30 	.globl _AD0CM2
                                     31 	.globl _AD0WINT
                                     32 	.globl _AD0BUSY
                                     33 	.globl _AD0INT
                                     34 	.globl _BURSTEN
                                     35 	.globl _AD0EN
                                     36 	.globl _CCF0
                                     37 	.globl _CCF1
                                     38 	.globl _CCF2
                                     39 	.globl _CCF3
                                     40 	.globl _CCF4
                                     41 	.globl _CCF5
                                     42 	.globl _CR
                                     43 	.globl _CF
                                     44 	.globl _P
                                     45 	.globl _F1
                                     46 	.globl _OV
                                     47 	.globl _RS0
                                     48 	.globl _RS1
                                     49 	.globl _F0
                                     50 	.globl _AC
                                     51 	.globl _CY
                                     52 	.globl _T2XCLK
                                     53 	.globl _T2RCLK
                                     54 	.globl _TR2
                                     55 	.globl _T2SPLIT
                                     56 	.globl _TF2CEN
                                     57 	.globl _TF2LEN
                                     58 	.globl _TF2L
                                     59 	.globl _TF2H
                                     60 	.globl _SI
                                     61 	.globl _ACK
                                     62 	.globl _ARBLOST
                                     63 	.globl _ACKRQ
                                     64 	.globl _STO
                                     65 	.globl _STA
                                     66 	.globl _TXMODE
                                     67 	.globl _MASTER
                                     68 	.globl _PX0
                                     69 	.globl _PT0
                                     70 	.globl _PX1
                                     71 	.globl _PT1
                                     72 	.globl _PS0
                                     73 	.globl _PT2
                                     74 	.globl _PSPI0
                                     75 	.globl _SPI1EN
                                     76 	.globl _TXBMT1
                                     77 	.globl _NSS1MD0
                                     78 	.globl _NSS1MD1
                                     79 	.globl _RXOVRN1
                                     80 	.globl _MODF1
                                     81 	.globl _WCOL1
                                     82 	.globl _SPIF1
                                     83 	.globl _EX0
                                     84 	.globl _ET0
                                     85 	.globl _EX1
                                     86 	.globl _ET1
                                     87 	.globl _ES0
                                     88 	.globl _ET2
                                     89 	.globl _ESPI0
                                     90 	.globl _EA
                                     91 	.globl _RI0
                                     92 	.globl _TI0
                                     93 	.globl _RB80
                                     94 	.globl _TB80
                                     95 	.globl _REN0
                                     96 	.globl _MCE0
                                     97 	.globl _S0MODE
                                     98 	.globl _CRC0VAL
                                     99 	.globl _CRC0INIT
                                    100 	.globl _CRC0SEL
                                    101 	.globl _IT0
                                    102 	.globl _IE0
                                    103 	.globl _IT1
                                    104 	.globl _IE1
                                    105 	.globl _TR0
                                    106 	.globl _TF0
                                    107 	.globl _TR1
                                    108 	.globl _TF1
                                    109 	.globl _PCA0CP4
                                    110 	.globl _PCA0CP0
                                    111 	.globl _PCA0
                                    112 	.globl _PCA0CP3
                                    113 	.globl _PCA0CP2
                                    114 	.globl _PCA0CP1
                                    115 	.globl _PCA0CP5
                                    116 	.globl _TMR2
                                    117 	.globl _TMR2RL
                                    118 	.globl _ADC0LT
                                    119 	.globl _ADC0GT
                                    120 	.globl _ADC0
                                    121 	.globl _TMR3
                                    122 	.globl _TMR3RL
                                    123 	.globl _TOFF
                                    124 	.globl _DP
                                    125 	.globl _VDM0CN
                                    126 	.globl _PCA0CPH4
                                    127 	.globl _PCA0CPL4
                                    128 	.globl _PCA0CPH0
                                    129 	.globl _PCA0CPL0
                                    130 	.globl _PCA0H
                                    131 	.globl _PCA0L
                                    132 	.globl _SPI0CN
                                    133 	.globl _EIP2
                                    134 	.globl _EIP1
                                    135 	.globl _SMB0ADM
                                    136 	.globl _SMB0ADR
                                    137 	.globl _P2MDIN
                                    138 	.globl _P1MDIN
                                    139 	.globl _P0MDIN
                                    140 	.globl _B
                                    141 	.globl _RSTSRC
                                    142 	.globl _PCA0CPH3
                                    143 	.globl _PCA0CPL3
                                    144 	.globl _PCA0CPH2
                                    145 	.globl _PCA0CPL2
                                    146 	.globl _PCA0CPH1
                                    147 	.globl _PCA0CPL1
                                    148 	.globl _ADC0CN
                                    149 	.globl _EIE2
                                    150 	.globl _EIE1
                                    151 	.globl _FLWR
                                    152 	.globl _IT01CF
                                    153 	.globl _XBR2
                                    154 	.globl _XBR1
                                    155 	.globl _XBR0
                                    156 	.globl _ACC
                                    157 	.globl _PCA0PWM
                                    158 	.globl _PCA0CPM4
                                    159 	.globl _PCA0CPM3
                                    160 	.globl _PCA0CPM2
                                    161 	.globl _PCA0CPM1
                                    162 	.globl _PCA0CPM0
                                    163 	.globl _PCA0MD
                                    164 	.globl _PCA0CN
                                    165 	.globl _P0MAT
                                    166 	.globl _P2SKIP
                                    167 	.globl _P1SKIP
                                    168 	.globl _P0SKIP
                                    169 	.globl _PCA0CPH5
                                    170 	.globl _PCA0CPL5
                                    171 	.globl _REF0CN
                                    172 	.globl _PSW
                                    173 	.globl _P1MAT
                                    174 	.globl _PCA0CPM5
                                    175 	.globl _TMR2H
                                    176 	.globl _TMR2L
                                    177 	.globl _TMR2RLH
                                    178 	.globl _TMR2RLL
                                    179 	.globl _REG0CN
                                    180 	.globl _TMR2CN
                                    181 	.globl _P0MASK
                                    182 	.globl _ADC0LTH
                                    183 	.globl _ADC0LTL
                                    184 	.globl _ADC0GTH
                                    185 	.globl _ADC0GTL
                                    186 	.globl _SMB0DAT
                                    187 	.globl _SMB0CF
                                    188 	.globl _SMB0CN
                                    189 	.globl _P1MASK
                                    190 	.globl _ADC0H
                                    191 	.globl _ADC0L
                                    192 	.globl _ADC0TK
                                    193 	.globl _ADC0CF
                                    194 	.globl _ADC0MX
                                    195 	.globl _ADC0PWR
                                    196 	.globl _ADC0AC
                                    197 	.globl _IREF0CN
                                    198 	.globl _IP
                                    199 	.globl _FLKEY
                                    200 	.globl _FLSCL
                                    201 	.globl _PMU0CF
                                    202 	.globl _OSCICL
                                    203 	.globl _OSCICN
                                    204 	.globl _OSCXCN
                                    205 	.globl _SPI1CN
                                    206 	.globl _ONESHOT
                                    207 	.globl _EMI0TC
                                    208 	.globl _RTC0KEY
                                    209 	.globl _RTC0DAT
                                    210 	.globl _RTC0ADR
                                    211 	.globl _EMI0CF
                                    212 	.globl _EMI0CN
                                    213 	.globl _CLKSEL
                                    214 	.globl _IE
                                    215 	.globl _SFRPAGE
                                    216 	.globl _P2DRV
                                    217 	.globl _P2MDOUT
                                    218 	.globl _P1DRV
                                    219 	.globl _P1MDOUT
                                    220 	.globl _P0DRV
                                    221 	.globl _P0MDOUT
                                    222 	.globl _SPI0DAT
                                    223 	.globl _SPI0CKR
                                    224 	.globl _SPI0CFG
                                    225 	.globl _P2
                                    226 	.globl _CPT0MX
                                    227 	.globl _CPT1MX
                                    228 	.globl _CPT0MD
                                    229 	.globl _CPT1MD
                                    230 	.globl _CPT0CN
                                    231 	.globl _CPT1CN
                                    232 	.globl _SBUF0
                                    233 	.globl _SCON0
                                    234 	.globl _CRC0CNT
                                    235 	.globl _DC0CN
                                    236 	.globl _CRC0AUTO
                                    237 	.globl _DC0CF
                                    238 	.globl _TMR3H
                                    239 	.globl _CRC0FLIP
                                    240 	.globl _TMR3L
                                    241 	.globl _CRC0IN
                                    242 	.globl _TMR3RLH
                                    243 	.globl _CRC0CN
                                    244 	.globl _TMR3RLL
                                    245 	.globl _CRC0DAT
                                    246 	.globl _TMR3CN
                                    247 	.globl _P1
                                    248 	.globl _PSCTL
                                    249 	.globl _CKCON
                                    250 	.globl _TH1
                                    251 	.globl _TH0
                                    252 	.globl _TL1
                                    253 	.globl _TL0
                                    254 	.globl _TMOD
                                    255 	.globl _TCON
                                    256 	.globl _PCON
                                    257 	.globl _TOFFH
                                    258 	.globl _SPI1DAT
                                    259 	.globl _TOFFL
                                    260 	.globl _SPI1CKR
                                    261 	.globl _SPI1CFG
                                    262 	.globl _DPH
                                    263 	.globl _DPL
                                    264 	.globl _SP
                                    265 	.globl _P0
                                    266 	.globl _crc16_PARM_2
                                    267 	.globl _crc16
                                    268 ;--------------------------------------------------------
                                    269 ; special function registers
                                    270 ;--------------------------------------------------------
                                    271 	.area RSEG    (ABS,DATA)
      000000                        272 	.org 0x0000
                           000080   273 _P0	=	0x0080
                           000081   274 _SP	=	0x0081
                           000082   275 _DPL	=	0x0082
                           000083   276 _DPH	=	0x0083
                           000084   277 _SPI1CFG	=	0x0084
                           000085   278 _SPI1CKR	=	0x0085
                           000085   279 _TOFFL	=	0x0085
                           000086   280 _SPI1DAT	=	0x0086
                           000086   281 _TOFFH	=	0x0086
                           000087   282 _PCON	=	0x0087
                           000088   283 _TCON	=	0x0088
                           000089   284 _TMOD	=	0x0089
                           00008A   285 _TL0	=	0x008a
                           00008B   286 _TL1	=	0x008b
                           00008C   287 _TH0	=	0x008c
                           00008D   288 _TH1	=	0x008d
                           00008E   289 _CKCON	=	0x008e
                           00008F   290 _PSCTL	=	0x008f
                           000090   291 _P1	=	0x0090
                           000091   292 _TMR3CN	=	0x0091
                           000091   293 _CRC0DAT	=	0x0091
                           000092   294 _TMR3RLL	=	0x0092
                           000092   295 _CRC0CN	=	0x0092
                           000093   296 _TMR3RLH	=	0x0093
                           000093   297 _CRC0IN	=	0x0093
                           000094   298 _TMR3L	=	0x0094
                           000095   299 _CRC0FLIP	=	0x0095
                           000095   300 _TMR3H	=	0x0095
                           000096   301 _DC0CF	=	0x0096
                           000096   302 _CRC0AUTO	=	0x0096
                           000097   303 _DC0CN	=	0x0097
                           000097   304 _CRC0CNT	=	0x0097
                           000098   305 _SCON0	=	0x0098
                           000099   306 _SBUF0	=	0x0099
                           00009A   307 _CPT1CN	=	0x009a
                           00009B   308 _CPT0CN	=	0x009b
                           00009C   309 _CPT1MD	=	0x009c
                           00009D   310 _CPT0MD	=	0x009d
                           00009E   311 _CPT1MX	=	0x009e
                           00009F   312 _CPT0MX	=	0x009f
                           0000A0   313 _P2	=	0x00a0
                           0000A1   314 _SPI0CFG	=	0x00a1
                           0000A2   315 _SPI0CKR	=	0x00a2
                           0000A3   316 _SPI0DAT	=	0x00a3
                           0000A4   317 _P0MDOUT	=	0x00a4
                           0000A4   318 _P0DRV	=	0x00a4
                           0000A5   319 _P1MDOUT	=	0x00a5
                           0000A5   320 _P1DRV	=	0x00a5
                           0000A6   321 _P2MDOUT	=	0x00a6
                           0000A6   322 _P2DRV	=	0x00a6
                           0000A7   323 _SFRPAGE	=	0x00a7
                           0000A8   324 _IE	=	0x00a8
                           0000A9   325 _CLKSEL	=	0x00a9
                           0000AA   326 _EMI0CN	=	0x00aa
                           0000AB   327 _EMI0CF	=	0x00ab
                           0000AC   328 _RTC0ADR	=	0x00ac
                           0000AD   329 _RTC0DAT	=	0x00ad
                           0000AE   330 _RTC0KEY	=	0x00ae
                           0000AF   331 _EMI0TC	=	0x00af
                           0000AF   332 _ONESHOT	=	0x00af
                           0000B0   333 _SPI1CN	=	0x00b0
                           0000B1   334 _OSCXCN	=	0x00b1
                           0000B2   335 _OSCICN	=	0x00b2
                           0000B3   336 _OSCICL	=	0x00b3
                           0000B5   337 _PMU0CF	=	0x00b5
                           0000B6   338 _FLSCL	=	0x00b6
                           0000B7   339 _FLKEY	=	0x00b7
                           0000B8   340 _IP	=	0x00b8
                           0000B9   341 _IREF0CN	=	0x00b9
                           0000BA   342 _ADC0AC	=	0x00ba
                           0000BA   343 _ADC0PWR	=	0x00ba
                           0000BB   344 _ADC0MX	=	0x00bb
                           0000BC   345 _ADC0CF	=	0x00bc
                           0000BD   346 _ADC0TK	=	0x00bd
                           0000BD   347 _ADC0L	=	0x00bd
                           0000BE   348 _ADC0H	=	0x00be
                           0000BF   349 _P1MASK	=	0x00bf
                           0000C0   350 _SMB0CN	=	0x00c0
                           0000C1   351 _SMB0CF	=	0x00c1
                           0000C2   352 _SMB0DAT	=	0x00c2
                           0000C3   353 _ADC0GTL	=	0x00c3
                           0000C4   354 _ADC0GTH	=	0x00c4
                           0000C5   355 _ADC0LTL	=	0x00c5
                           0000C6   356 _ADC0LTH	=	0x00c6
                           0000C7   357 _P0MASK	=	0x00c7
                           0000C8   358 _TMR2CN	=	0x00c8
                           0000C9   359 _REG0CN	=	0x00c9
                           0000CA   360 _TMR2RLL	=	0x00ca
                           0000CB   361 _TMR2RLH	=	0x00cb
                           0000CC   362 _TMR2L	=	0x00cc
                           0000CD   363 _TMR2H	=	0x00cd
                           0000CE   364 _PCA0CPM5	=	0x00ce
                           0000CF   365 _P1MAT	=	0x00cf
                           0000D0   366 _PSW	=	0x00d0
                           0000D1   367 _REF0CN	=	0x00d1
                           0000D2   368 _PCA0CPL5	=	0x00d2
                           0000D3   369 _PCA0CPH5	=	0x00d3
                           0000D4   370 _P0SKIP	=	0x00d4
                           0000D5   371 _P1SKIP	=	0x00d5
                           0000D6   372 _P2SKIP	=	0x00d6
                           0000D7   373 _P0MAT	=	0x00d7
                           0000D8   374 _PCA0CN	=	0x00d8
                           0000D9   375 _PCA0MD	=	0x00d9
                           0000DA   376 _PCA0CPM0	=	0x00da
                           0000DB   377 _PCA0CPM1	=	0x00db
                           0000DC   378 _PCA0CPM2	=	0x00dc
                           0000DD   379 _PCA0CPM3	=	0x00dd
                           0000DE   380 _PCA0CPM4	=	0x00de
                           0000DF   381 _PCA0PWM	=	0x00df
                           0000E0   382 _ACC	=	0x00e0
                           0000E1   383 _XBR0	=	0x00e1
                           0000E2   384 _XBR1	=	0x00e2
                           0000E3   385 _XBR2	=	0x00e3
                           0000E4   386 _IT01CF	=	0x00e4
                           0000E5   387 _FLWR	=	0x00e5
                           0000E6   388 _EIE1	=	0x00e6
                           0000E7   389 _EIE2	=	0x00e7
                           0000E8   390 _ADC0CN	=	0x00e8
                           0000E9   391 _PCA0CPL1	=	0x00e9
                           0000EA   392 _PCA0CPH1	=	0x00ea
                           0000EB   393 _PCA0CPL2	=	0x00eb
                           0000EC   394 _PCA0CPH2	=	0x00ec
                           0000ED   395 _PCA0CPL3	=	0x00ed
                           0000EE   396 _PCA0CPH3	=	0x00ee
                           0000EF   397 _RSTSRC	=	0x00ef
                           0000F0   398 _B	=	0x00f0
                           0000F1   399 _P0MDIN	=	0x00f1
                           0000F2   400 _P1MDIN	=	0x00f2
                           0000F3   401 _P2MDIN	=	0x00f3
                           0000F4   402 _SMB0ADR	=	0x00f4
                           0000F5   403 _SMB0ADM	=	0x00f5
                           0000F6   404 _EIP1	=	0x00f6
                           0000F7   405 _EIP2	=	0x00f7
                           0000F8   406 _SPI0CN	=	0x00f8
                           0000F9   407 _PCA0L	=	0x00f9
                           0000FA   408 _PCA0H	=	0x00fa
                           0000FB   409 _PCA0CPL0	=	0x00fb
                           0000FC   410 _PCA0CPH0	=	0x00fc
                           0000FD   411 _PCA0CPL4	=	0x00fd
                           0000FE   412 _PCA0CPH4	=	0x00fe
                           0000FF   413 _VDM0CN	=	0x00ff
                           008382   414 _DP	=	0x8382
                           008685   415 _TOFF	=	0x8685
                           009392   416 _TMR3RL	=	0x9392
                           009594   417 _TMR3	=	0x9594
                           00BEBD   418 _ADC0	=	0xbebd
                           00C4C3   419 _ADC0GT	=	0xc4c3
                           00C6C5   420 _ADC0LT	=	0xc6c5
                           00CBCA   421 _TMR2RL	=	0xcbca
                           00CDCC   422 _TMR2	=	0xcdcc
                           00D3D2   423 _PCA0CP5	=	0xd3d2
                           00EAE9   424 _PCA0CP1	=	0xeae9
                           00ECEB   425 _PCA0CP2	=	0xeceb
                           00EEED   426 _PCA0CP3	=	0xeeed
                           00FAF9   427 _PCA0	=	0xfaf9
                           00FCFB   428 _PCA0CP0	=	0xfcfb
                           00FEFD   429 _PCA0CP4	=	0xfefd
                                    430 ;--------------------------------------------------------
                                    431 ; special function bits
                                    432 ;--------------------------------------------------------
                                    433 	.area RSEG    (ABS,DATA)
      000000                        434 	.org 0x0000
                           00008F   435 _TF1	=	0x008f
                           00008E   436 _TR1	=	0x008e
                           00008D   437 _TF0	=	0x008d
                           00008C   438 _TR0	=	0x008c
                           00008B   439 _IE1	=	0x008b
                           00008A   440 _IT1	=	0x008a
                           000089   441 _IE0	=	0x0089
                           000088   442 _IT0	=	0x0088
                           000096   443 _CRC0SEL	=	0x0096
                           000095   444 _CRC0INIT	=	0x0095
                           000094   445 _CRC0VAL	=	0x0094
                           00009F   446 _S0MODE	=	0x009f
                           00009D   447 _MCE0	=	0x009d
                           00009C   448 _REN0	=	0x009c
                           00009B   449 _TB80	=	0x009b
                           00009A   450 _RB80	=	0x009a
                           000099   451 _TI0	=	0x0099
                           000098   452 _RI0	=	0x0098
                           0000AF   453 _EA	=	0x00af
                           0000AE   454 _ESPI0	=	0x00ae
                           0000AD   455 _ET2	=	0x00ad
                           0000AC   456 _ES0	=	0x00ac
                           0000AB   457 _ET1	=	0x00ab
                           0000AA   458 _EX1	=	0x00aa
                           0000A9   459 _ET0	=	0x00a9
                           0000A8   460 _EX0	=	0x00a8
                           0000B7   461 _SPIF1	=	0x00b7
                           0000B6   462 _WCOL1	=	0x00b6
                           0000B5   463 _MODF1	=	0x00b5
                           0000B4   464 _RXOVRN1	=	0x00b4
                           0000B3   465 _NSS1MD1	=	0x00b3
                           0000B2   466 _NSS1MD0	=	0x00b2
                           0000B1   467 _TXBMT1	=	0x00b1
                           0000B0   468 _SPI1EN	=	0x00b0
                           0000BE   469 _PSPI0	=	0x00be
                           0000BD   470 _PT2	=	0x00bd
                           0000BC   471 _PS0	=	0x00bc
                           0000BB   472 _PT1	=	0x00bb
                           0000BA   473 _PX1	=	0x00ba
                           0000B9   474 _PT0	=	0x00b9
                           0000B8   475 _PX0	=	0x00b8
                           0000C7   476 _MASTER	=	0x00c7
                           0000C6   477 _TXMODE	=	0x00c6
                           0000C5   478 _STA	=	0x00c5
                           0000C4   479 _STO	=	0x00c4
                           0000C3   480 _ACKRQ	=	0x00c3
                           0000C2   481 _ARBLOST	=	0x00c2
                           0000C1   482 _ACK	=	0x00c1
                           0000C0   483 _SI	=	0x00c0
                           0000CF   484 _TF2H	=	0x00cf
                           0000CE   485 _TF2L	=	0x00ce
                           0000CD   486 _TF2LEN	=	0x00cd
                           0000CC   487 _TF2CEN	=	0x00cc
                           0000CB   488 _T2SPLIT	=	0x00cb
                           0000CA   489 _TR2	=	0x00ca
                           0000C9   490 _T2RCLK	=	0x00c9
                           0000C8   491 _T2XCLK	=	0x00c8
                           0000D7   492 _CY	=	0x00d7
                           0000D6   493 _AC	=	0x00d6
                           0000D5   494 _F0	=	0x00d5
                           0000D4   495 _RS1	=	0x00d4
                           0000D3   496 _RS0	=	0x00d3
                           0000D2   497 _OV	=	0x00d2
                           0000D1   498 _F1	=	0x00d1
                           0000D0   499 _P	=	0x00d0
                           0000DF   500 _CF	=	0x00df
                           0000DE   501 _CR	=	0x00de
                           0000DD   502 _CCF5	=	0x00dd
                           0000DC   503 _CCF4	=	0x00dc
                           0000DB   504 _CCF3	=	0x00db
                           0000DA   505 _CCF2	=	0x00da
                           0000D9   506 _CCF1	=	0x00d9
                           0000D8   507 _CCF0	=	0x00d8
                           0000EF   508 _AD0EN	=	0x00ef
                           0000EE   509 _BURSTEN	=	0x00ee
                           0000ED   510 _AD0INT	=	0x00ed
                           0000EC   511 _AD0BUSY	=	0x00ec
                           0000EB   512 _AD0WINT	=	0x00eb
                           0000EA   513 _AD0CM2	=	0x00ea
                           0000E9   514 _AD0CM1	=	0x00e9
                           0000E8   515 _AD0CM0	=	0x00e8
                           0000FF   516 _SPIF0	=	0x00ff
                           0000FE   517 _WCOL0	=	0x00fe
                           0000FD   518 _MODF0	=	0x00fd
                           0000FC   519 _RXOVRN0	=	0x00fc
                           0000FB   520 _NSS0MD1	=	0x00fb
                           0000FA   521 _NSS0MD0	=	0x00fa
                           0000F9   522 _TXBMT0	=	0x00f9
                           0000F8   523 _SPI0EN	=	0x00f8
                           0000A0   524 _LED_RED	=	0x00a0
                           0000A5   525 _LED_GREEN	=	0x00a5
                           000086   526 _BUTTON_ENTER	=	0x0086
                           000095   527 _BUTTON_UP	=	0x0095
                           000096   528 _BUTTON_DOWN	=	0x0096
                           000087   529 _IRQ	=	0x0087
                           000094   530 _NSS1	=	0x0094
                           0000A6   531 _SDN	=	0x00a6
                                    532 ;--------------------------------------------------------
                                    533 ; overlayable register banks
                                    534 ;--------------------------------------------------------
                                    535 	.area REG_BANK_0	(REL,OVR,DATA)
      000000                        536 	.ds 8
                                    537 ;--------------------------------------------------------
                                    538 ; internal ram data
                                    539 ;--------------------------------------------------------
                                    540 	.area DSEG    (DATA)
      000000                        541 _crc16_PARM_2:
      000000                        542 	.ds 2
                                    543 ;--------------------------------------------------------
                                    544 ; overlayable items in internal ram 
                                    545 ;--------------------------------------------------------
                                    546 	.area	OSEG    (OVR,DATA)
                                    547 ;--------------------------------------------------------
                                    548 ; indirectly addressable internal ram data
                                    549 ;--------------------------------------------------------
                                    550 	.area ISEG    (DATA)
                                    551 ;--------------------------------------------------------
                                    552 ; absolute internal ram data
                                    553 ;--------------------------------------------------------
                                    554 	.area IABS    (ABS,DATA)
                                    555 	.area IABS    (ABS,DATA)
                                    556 ;--------------------------------------------------------
                                    557 ; bit data
                                    558 ;--------------------------------------------------------
                                    559 	.area BSEG    (BIT)
                                    560 ;--------------------------------------------------------
                                    561 ; paged external ram data
                                    562 ;--------------------------------------------------------
                                    563 	.area PSEG    (PAG,XDATA)
                                    564 ;--------------------------------------------------------
                                    565 ; external ram data
                                    566 ;--------------------------------------------------------
                                    567 	.area XSEG    (XDATA)
                                    568 ;--------------------------------------------------------
                                    569 ; absolute external ram data
                                    570 ;--------------------------------------------------------
                                    571 	.area XABS    (ABS,XDATA)
                                    572 ;--------------------------------------------------------
                                    573 ; external initialized ram data
                                    574 ;--------------------------------------------------------
                                    575 	.area XISEG   (XDATA)
                                    576 	.area HOME    (CODE)
                                    577 	.area GSINIT0 (CODE)
                                    578 	.area GSINIT1 (CODE)
                                    579 	.area GSINIT2 (CODE)
                                    580 	.area GSINIT3 (CODE)
                                    581 	.area GSINIT4 (CODE)
                                    582 	.area GSINIT5 (CODE)
                                    583 	.area GSINIT  (CODE)
                                    584 	.area GSFINAL (CODE)
                                    585 	.area CSEG    (CODE)
                                    586 ;--------------------------------------------------------
                                    587 ; global & static initialisations
                                    588 ;--------------------------------------------------------
                                    589 	.area HOME    (CODE)
                                    590 	.area GSINIT  (CODE)
                                    591 	.area GSFINAL (CODE)
                                    592 	.area GSINIT  (CODE)
                                    593 ;--------------------------------------------------------
                                    594 ; Home
                                    595 ;--------------------------------------------------------
                                    596 	.area HOME    (CODE)
                                    597 	.area HOME    (CODE)
                                    598 ;--------------------------------------------------------
                                    599 ; code
                                    600 ;--------------------------------------------------------
                                    601 	.area CSEG    (CODE)
                                    602 ;------------------------------------------------------------
                                    603 ;Allocation info for local variables in function 'crc16'
                                    604 ;------------------------------------------------------------
                                    605 ;buf                       Allocated with name '_crc16_PARM_2'
                                    606 ;n                         Allocated to registers 
                                    607 ;k                         Allocated to registers r1 
                                    608 ;high                      Allocated to registers r5 
                                    609 ;low                       Allocated to registers r6 
                                    610 ;b                         Allocated to registers r2 
                                    611 ;------------------------------------------------------------
                                    612 ;	radio/crc.c:85: crc16(__data uint8_t n, __xdata uint8_t * __data buf)
                                    613 ;	-----------------------------------------
                                    614 ;	 function crc16
                                    615 ;	-----------------------------------------
      000000                        616 _crc16:
                           000007   617 	ar7 = 0x07
                           000006   618 	ar6 = 0x06
                           000005   619 	ar5 = 0x05
                           000004   620 	ar4 = 0x04
                           000003   621 	ar3 = 0x03
                           000002   622 	ar2 = 0x02
                           000001   623 	ar1 = 0x01
                           000000   624 	ar0 = 0x00
      000000 AF 82            [24]  625 	mov	r7,dpl
                                    626 ;	radio/crc.c:90: high = low = 0;
      000002 7E 00            [12]  627 	mov	r6,#0x00
      000004 7D 00            [12]  628 	mov	r5,#0x00
                                    629 ;	radio/crc.c:92: while (n--) {
      000006 AB*00            [24]  630 	mov	r3,_crc16_PARM_2
      000008 AC*01            [24]  631 	mov	r4,(_crc16_PARM_2 + 1)
      00000A                        632 00104$:
      00000A 8F 02            [24]  633 	mov	ar2,r7
      00000C 1F               [12]  634 	dec	r7
      00000D EA               [12]  635 	mov	a,r2
      00000E 60 3B            [24]  636 	jz	00106$
                                    637 ;	radio/crc.c:93: register uint8_t b = *buf++;
      000010 8B 82            [24]  638 	mov	dpl,r3
      000012 8C 83            [24]  639 	mov	dph,r4
      000014 E0               [24]  640 	movx	a,@dptr
      000015 FA               [12]  641 	mov	r2,a
      000016 A3               [24]  642 	inc	dptr
      000017 AB 82            [24]  643 	mov	r3,dpl
      000019 AC 83            [24]  644 	mov	r4,dph
                                    645 ;	radio/crc.c:94: k = high << 1;
      00001B ED               [12]  646 	mov	a,r5
      00001C 2D               [12]  647 	add	a,r5
      00001D F9               [12]  648 	mov	r1,a
                                    649 ;	radio/crc.c:95: if (high & 0x80) {
      00001E ED               [12]  650 	mov	a,r5
      00001F 30 E7 14         [24]  651 	jnb	acc.7,00102$
                                    652 ;	radio/crc.c:96: high = low ^ crc_tab2[k++];
      000022 89 00            [24]  653 	mov	ar0,r1
      000024 09               [12]  654 	inc	r1
      000025 E8               [12]  655 	mov	a,r0
      000026 90r01r00         [24]  656 	mov	dptr,#_crc_tab2
      000029 93               [24]  657 	movc	a,@a+dptr
      00002A 6E               [12]  658 	xrl	a,r6
      00002B FD               [12]  659 	mov	r5,a
                                    660 ;	radio/crc.c:97: low = b ^ crc_tab2[k];
      00002C E9               [12]  661 	mov	a,r1
      00002D 90r01r00         [24]  662 	mov	dptr,#_crc_tab2
      000030 93               [24]  663 	movc	a,@a+dptr
      000031 F8               [12]  664 	mov	r0,a
      000032 6A               [12]  665 	xrl	a,r2
      000033 FE               [12]  666 	mov	r6,a
      000034 80 D4            [24]  667 	sjmp	00104$
      000036                        668 00102$:
                                    669 ;	radio/crc.c:99: high = low ^ crc_tab1[k++];
      000036 89 00            [24]  670 	mov	ar0,r1
      000038 09               [12]  671 	inc	r1
      000039 E8               [12]  672 	mov	a,r0
      00003A 90r00r00         [24]  673 	mov	dptr,#_crc_tab1
      00003D 93               [24]  674 	movc	a,@a+dptr
      00003E F8               [12]  675 	mov	r0,a
      00003F 6E               [12]  676 	xrl	a,r6
      000040 FD               [12]  677 	mov	r5,a
                                    678 ;	radio/crc.c:100: low = b ^ crc_tab1[k];
      000041 E9               [12]  679 	mov	a,r1
      000042 90r00r00         [24]  680 	mov	dptr,#_crc_tab1
      000045 93               [24]  681 	movc	a,@a+dptr
      000046 F9               [12]  682 	mov	r1,a
      000047 6A               [12]  683 	xrl	a,r2
      000048 FE               [12]  684 	mov	r6,a
      000049 80 BF            [24]  685 	sjmp	00104$
      00004B                        686 00106$:
                                    687 ;	radio/crc.c:103: return (((uint16_t)high)<<8) | low;
      00004B 8D 07            [24]  688 	mov	ar7,r5
      00004D E4               [12]  689 	clr	a
      00004E FD               [12]  690 	mov	r5,a
      00004F FC               [12]  691 	mov	r4,a
      000050 EE               [12]  692 	mov	a,r6
      000051 42 05            [12]  693 	orl	ar5,a
      000053 EC               [12]  694 	mov	a,r4
      000054 42 07            [12]  695 	orl	ar7,a
      000056 8D 82            [24]  696 	mov	dpl,r5
      000058 8F 83            [24]  697 	mov	dph,r7
      00005A 22               [24]  698 	ret
                                    699 	.area CSEG    (CODE)
                                    700 	.area CONST   (CODE)
      000000                        701 _crc_tab1:
      000000 00                     702 	.db #0x00	; 0
      000001 00                     703 	.db #0x00	; 0
      000002 10                     704 	.db #0x10	; 16
      000003 21                     705 	.db #0x21	; 33
      000004 20                     706 	.db #0x20	; 32
      000005 42                     707 	.db #0x42	; 66	'B'
      000006 30                     708 	.db #0x30	; 48	'0'
      000007 63                     709 	.db #0x63	; 99	'c'
      000008 40                     710 	.db #0x40	; 64
      000009 84                     711 	.db #0x84	; 132
      00000A 50                     712 	.db #0x50	; 80	'P'
      00000B A5                     713 	.db #0xA5	; 165
      00000C 60                     714 	.db #0x60	; 96
      00000D C6                     715 	.db #0xC6	; 198
      00000E 70                     716 	.db #0x70	; 112	'p'
      00000F E7                     717 	.db #0xE7	; 231
      000010 81                     718 	.db #0x81	; 129
      000011 08                     719 	.db #0x08	; 8
      000012 91                     720 	.db #0x91	; 145
      000013 29                     721 	.db #0x29	; 41
      000014 A1                     722 	.db #0xA1	; 161
      000015 4A                     723 	.db #0x4A	; 74	'J'
      000016 B1                     724 	.db #0xB1	; 177
      000017 6B                     725 	.db #0x6B	; 107	'k'
      000018 C1                     726 	.db #0xC1	; 193
      000019 8C                     727 	.db #0x8C	; 140
      00001A D1                     728 	.db #0xD1	; 209
      00001B AD                     729 	.db #0xAD	; 173
      00001C E1                     730 	.db #0xE1	; 225
      00001D CE                     731 	.db #0xCE	; 206
      00001E F1                     732 	.db #0xF1	; 241
      00001F EF                     733 	.db #0xEF	; 239
      000020 12                     734 	.db #0x12	; 18
      000021 31                     735 	.db #0x31	; 49	'1'
      000022 02                     736 	.db #0x02	; 2
      000023 10                     737 	.db #0x10	; 16
      000024 32                     738 	.db #0x32	; 50	'2'
      000025 73                     739 	.db #0x73	; 115	's'
      000026 22                     740 	.db #0x22	; 34
      000027 52                     741 	.db #0x52	; 82	'R'
      000028 52                     742 	.db #0x52	; 82	'R'
      000029 B5                     743 	.db #0xB5	; 181
      00002A 42                     744 	.db #0x42	; 66	'B'
      00002B 94                     745 	.db #0x94	; 148
      00002C 72                     746 	.db #0x72	; 114	'r'
      00002D F7                     747 	.db #0xF7	; 247
      00002E 62                     748 	.db #0x62	; 98	'b'
      00002F D6                     749 	.db #0xD6	; 214
      000030 93                     750 	.db #0x93	; 147
      000031 39                     751 	.db #0x39	; 57	'9'
      000032 83                     752 	.db #0x83	; 131
      000033 18                     753 	.db #0x18	; 24
      000034 B3                     754 	.db #0xB3	; 179
      000035 7B                     755 	.db #0x7B	; 123
      000036 A3                     756 	.db #0xA3	; 163
      000037 5A                     757 	.db #0x5A	; 90	'Z'
      000038 D3                     758 	.db #0xD3	; 211
      000039 BD                     759 	.db #0xBD	; 189
      00003A C3                     760 	.db #0xC3	; 195
      00003B 9C                     761 	.db #0x9C	; 156
      00003C F3                     762 	.db #0xF3	; 243
      00003D FF                     763 	.db #0xFF	; 255
      00003E E3                     764 	.db #0xE3	; 227
      00003F DE                     765 	.db #0xDE	; 222
      000040 24                     766 	.db #0x24	; 36
      000041 62                     767 	.db #0x62	; 98	'b'
      000042 34                     768 	.db #0x34	; 52	'4'
      000043 43                     769 	.db #0x43	; 67	'C'
      000044 04                     770 	.db #0x04	; 4
      000045 20                     771 	.db #0x20	; 32
      000046 14                     772 	.db #0x14	; 20
      000047 01                     773 	.db #0x01	; 1
      000048 64                     774 	.db #0x64	; 100	'd'
      000049 E6                     775 	.db #0xE6	; 230
      00004A 74                     776 	.db #0x74	; 116	't'
      00004B C7                     777 	.db #0xC7	; 199
      00004C 44                     778 	.db #0x44	; 68	'D'
      00004D A4                     779 	.db #0xA4	; 164
      00004E 54                     780 	.db #0x54	; 84	'T'
      00004F 85                     781 	.db #0x85	; 133
      000050 A5                     782 	.db #0xA5	; 165
      000051 6A                     783 	.db #0x6A	; 106	'j'
      000052 B5                     784 	.db #0xB5	; 181
      000053 4B                     785 	.db #0x4B	; 75	'K'
      000054 85                     786 	.db #0x85	; 133
      000055 28                     787 	.db #0x28	; 40
      000056 95                     788 	.db #0x95	; 149
      000057 09                     789 	.db #0x09	; 9
      000058 E5                     790 	.db #0xE5	; 229
      000059 EE                     791 	.db #0xEE	; 238
      00005A F5                     792 	.db #0xF5	; 245
      00005B CF                     793 	.db #0xCF	; 207
      00005C C5                     794 	.db #0xC5	; 197
      00005D AC                     795 	.db #0xAC	; 172
      00005E D5                     796 	.db #0xD5	; 213
      00005F 8D                     797 	.db #0x8D	; 141
      000060 36                     798 	.db #0x36	; 54	'6'
      000061 53                     799 	.db #0x53	; 83	'S'
      000062 26                     800 	.db #0x26	; 38
      000063 72                     801 	.db #0x72	; 114	'r'
      000064 16                     802 	.db #0x16	; 22
      000065 11                     803 	.db #0x11	; 17
      000066 06                     804 	.db #0x06	; 6
      000067 30                     805 	.db #0x30	; 48	'0'
      000068 76                     806 	.db #0x76	; 118	'v'
      000069 D7                     807 	.db #0xD7	; 215
      00006A 66                     808 	.db #0x66	; 102	'f'
      00006B F6                     809 	.db #0xF6	; 246
      00006C 56                     810 	.db #0x56	; 86	'V'
      00006D 95                     811 	.db #0x95	; 149
      00006E 46                     812 	.db #0x46	; 70	'F'
      00006F B4                     813 	.db #0xB4	; 180
      000070 B7                     814 	.db #0xB7	; 183
      000071 5B                     815 	.db #0x5B	; 91
      000072 A7                     816 	.db #0xA7	; 167
      000073 7A                     817 	.db #0x7A	; 122	'z'
      000074 97                     818 	.db #0x97	; 151
      000075 19                     819 	.db #0x19	; 25
      000076 87                     820 	.db #0x87	; 135
      000077 38                     821 	.db #0x38	; 56	'8'
      000078 F7                     822 	.db #0xF7	; 247
      000079 DF                     823 	.db #0xDF	; 223
      00007A E7                     824 	.db #0xE7	; 231
      00007B FE                     825 	.db #0xFE	; 254
      00007C D7                     826 	.db #0xD7	; 215
      00007D 9D                     827 	.db #0x9D	; 157
      00007E C7                     828 	.db #0xC7	; 199
      00007F BC                     829 	.db #0xBC	; 188
      000080 48                     830 	.db #0x48	; 72	'H'
      000081 C4                     831 	.db #0xC4	; 196
      000082 58                     832 	.db #0x58	; 88	'X'
      000083 E5                     833 	.db #0xE5	; 229
      000084 68                     834 	.db #0x68	; 104	'h'
      000085 86                     835 	.db #0x86	; 134
      000086 78                     836 	.db #0x78	; 120	'x'
      000087 A7                     837 	.db #0xA7	; 167
      000088 08                     838 	.db #0x08	; 8
      000089 40                     839 	.db #0x40	; 64
      00008A 18                     840 	.db #0x18	; 24
      00008B 61                     841 	.db #0x61	; 97	'a'
      00008C 28                     842 	.db #0x28	; 40
      00008D 02                     843 	.db #0x02	; 2
      00008E 38                     844 	.db #0x38	; 56	'8'
      00008F 23                     845 	.db #0x23	; 35
      000090 C9                     846 	.db #0xC9	; 201
      000091 CC                     847 	.db #0xCC	; 204
      000092 D9                     848 	.db #0xD9	; 217
      000093 ED                     849 	.db #0xED	; 237
      000094 E9                     850 	.db #0xE9	; 233
      000095 8E                     851 	.db #0x8E	; 142
      000096 F9                     852 	.db #0xF9	; 249
      000097 AF                     853 	.db #0xAF	; 175
      000098 89                     854 	.db #0x89	; 137
      000099 48                     855 	.db #0x48	; 72	'H'
      00009A 99                     856 	.db #0x99	; 153
      00009B 69                     857 	.db #0x69	; 105	'i'
      00009C A9                     858 	.db #0xA9	; 169
      00009D 0A                     859 	.db #0x0A	; 10
      00009E B9                     860 	.db #0xB9	; 185
      00009F 2B                     861 	.db #0x2B	; 43
      0000A0 5A                     862 	.db #0x5A	; 90	'Z'
      0000A1 F5                     863 	.db #0xF5	; 245
      0000A2 4A                     864 	.db #0x4A	; 74	'J'
      0000A3 D4                     865 	.db #0xD4	; 212
      0000A4 7A                     866 	.db #0x7A	; 122	'z'
      0000A5 B7                     867 	.db #0xB7	; 183
      0000A6 6A                     868 	.db #0x6A	; 106	'j'
      0000A7 96                     869 	.db #0x96	; 150
      0000A8 1A                     870 	.db #0x1A	; 26
      0000A9 71                     871 	.db #0x71	; 113	'q'
      0000AA 0A                     872 	.db #0x0A	; 10
      0000AB 50                     873 	.db #0x50	; 80	'P'
      0000AC 3A                     874 	.db #0x3A	; 58
      0000AD 33                     875 	.db #0x33	; 51	'3'
      0000AE 2A                     876 	.db #0x2A	; 42
      0000AF 12                     877 	.db #0x12	; 18
      0000B0 DB                     878 	.db #0xDB	; 219
      0000B1 FD                     879 	.db #0xFD	; 253
      0000B2 CB                     880 	.db #0xCB	; 203
      0000B3 DC                     881 	.db #0xDC	; 220
      0000B4 FB                     882 	.db #0xFB	; 251
      0000B5 BF                     883 	.db #0xBF	; 191
      0000B6 EB                     884 	.db #0xEB	; 235
      0000B7 9E                     885 	.db #0x9E	; 158
      0000B8 9B                     886 	.db #0x9B	; 155
      0000B9 79                     887 	.db #0x79	; 121	'y'
      0000BA 8B                     888 	.db #0x8B	; 139
      0000BB 58                     889 	.db #0x58	; 88	'X'
      0000BC BB                     890 	.db #0xBB	; 187
      0000BD 3B                     891 	.db #0x3B	; 59
      0000BE AB                     892 	.db #0xAB	; 171
      0000BF 1A                     893 	.db #0x1A	; 26
      0000C0 6C                     894 	.db #0x6C	; 108	'l'
      0000C1 A6                     895 	.db #0xA6	; 166
      0000C2 7C                     896 	.db #0x7C	; 124
      0000C3 87                     897 	.db #0x87	; 135
      0000C4 4C                     898 	.db #0x4C	; 76	'L'
      0000C5 E4                     899 	.db #0xE4	; 228
      0000C6 5C                     900 	.db #0x5C	; 92
      0000C7 C5                     901 	.db #0xC5	; 197
      0000C8 2C                     902 	.db #0x2C	; 44
      0000C9 22                     903 	.db #0x22	; 34
      0000CA 3C                     904 	.db #0x3C	; 60
      0000CB 03                     905 	.db #0x03	; 3
      0000CC 0C                     906 	.db #0x0C	; 12
      0000CD 60                     907 	.db #0x60	; 96
      0000CE 1C                     908 	.db #0x1C	; 28
      0000CF 41                     909 	.db #0x41	; 65	'A'
      0000D0 ED                     910 	.db #0xED	; 237
      0000D1 AE                     911 	.db #0xAE	; 174
      0000D2 FD                     912 	.db #0xFD	; 253
      0000D3 8F                     913 	.db #0x8F	; 143
      0000D4 CD                     914 	.db #0xCD	; 205
      0000D5 EC                     915 	.db #0xEC	; 236
      0000D6 DD                     916 	.db #0xDD	; 221
      0000D7 CD                     917 	.db #0xCD	; 205
      0000D8 AD                     918 	.db #0xAD	; 173
      0000D9 2A                     919 	.db #0x2A	; 42
      0000DA BD                     920 	.db #0xBD	; 189
      0000DB 0B                     921 	.db #0x0B	; 11
      0000DC 8D                     922 	.db #0x8D	; 141
      0000DD 68                     923 	.db #0x68	; 104	'h'
      0000DE 9D                     924 	.db #0x9D	; 157
      0000DF 49                     925 	.db #0x49	; 73	'I'
      0000E0 7E                     926 	.db #0x7E	; 126
      0000E1 97                     927 	.db #0x97	; 151
      0000E2 6E                     928 	.db #0x6E	; 110	'n'
      0000E3 B6                     929 	.db #0xB6	; 182
      0000E4 5E                     930 	.db #0x5E	; 94
      0000E5 D5                     931 	.db #0xD5	; 213
      0000E6 4E                     932 	.db #0x4E	; 78	'N'
      0000E7 F4                     933 	.db #0xF4	; 244
      0000E8 3E                     934 	.db #0x3E	; 62
      0000E9 13                     935 	.db #0x13	; 19
      0000EA 2E                     936 	.db #0x2E	; 46
      0000EB 32                     937 	.db #0x32	; 50	'2'
      0000EC 1E                     938 	.db #0x1E	; 30
      0000ED 51                     939 	.db #0x51	; 81	'Q'
      0000EE 0E                     940 	.db #0x0E	; 14
      0000EF 70                     941 	.db #0x70	; 112	'p'
      0000F0 FF                     942 	.db #0xFF	; 255
      0000F1 9F                     943 	.db #0x9F	; 159
      0000F2 EF                     944 	.db #0xEF	; 239
      0000F3 BE                     945 	.db #0xBE	; 190
      0000F4 DF                     946 	.db #0xDF	; 223
      0000F5 DD                     947 	.db #0xDD	; 221
      0000F6 CF                     948 	.db #0xCF	; 207
      0000F7 FC                     949 	.db #0xFC	; 252
      0000F8 BF                     950 	.db #0xBF	; 191
      0000F9 1B                     951 	.db #0x1B	; 27
      0000FA AF                     952 	.db #0xAF	; 175
      0000FB 3A                     953 	.db #0x3A	; 58
      0000FC 9F                     954 	.db #0x9F	; 159
      0000FD 59                     955 	.db #0x59	; 89	'Y'
      0000FE 8F                     956 	.db #0x8F	; 143
      0000FF 78                     957 	.db #0x78	; 120	'x'
      000100                        958 _crc_tab2:
      000100 91                     959 	.db #0x91	; 145
      000101 88                     960 	.db #0x88	; 136
      000102 81                     961 	.db #0x81	; 129
      000103 A9                     962 	.db #0xA9	; 169
      000104 B1                     963 	.db #0xB1	; 177
      000105 CA                     964 	.db #0xCA	; 202
      000106 A1                     965 	.db #0xA1	; 161
      000107 EB                     966 	.db #0xEB	; 235
      000108 D1                     967 	.db #0xD1	; 209
      000109 0C                     968 	.db #0x0C	; 12
      00010A C1                     969 	.db #0xC1	; 193
      00010B 2D                     970 	.db #0x2D	; 45
      00010C F1                     971 	.db #0xF1	; 241
      00010D 4E                     972 	.db #0x4E	; 78	'N'
      00010E E1                     973 	.db #0xE1	; 225
      00010F 6F                     974 	.db #0x6F	; 111	'o'
      000110 10                     975 	.db #0x10	; 16
      000111 80                     976 	.db #0x80	; 128
      000112 00                     977 	.db #0x00	; 0
      000113 A1                     978 	.db #0xA1	; 161
      000114 30                     979 	.db #0x30	; 48	'0'
      000115 C2                     980 	.db #0xC2	; 194
      000116 20                     981 	.db #0x20	; 32
      000117 E3                     982 	.db #0xE3	; 227
      000118 50                     983 	.db #0x50	; 80	'P'
      000119 04                     984 	.db #0x04	; 4
      00011A 40                     985 	.db #0x40	; 64
      00011B 25                     986 	.db #0x25	; 37
      00011C 70                     987 	.db #0x70	; 112	'p'
      00011D 46                     988 	.db #0x46	; 70	'F'
      00011E 60                     989 	.db #0x60	; 96
      00011F 67                     990 	.db #0x67	; 103	'g'
      000120 83                     991 	.db #0x83	; 131
      000121 B9                     992 	.db #0xB9	; 185
      000122 93                     993 	.db #0x93	; 147
      000123 98                     994 	.db #0x98	; 152
      000124 A3                     995 	.db #0xA3	; 163
      000125 FB                     996 	.db #0xFB	; 251
      000126 B3                     997 	.db #0xB3	; 179
      000127 DA                     998 	.db #0xDA	; 218
      000128 C3                     999 	.db #0xC3	; 195
      000129 3D                    1000 	.db #0x3D	; 61
      00012A D3                    1001 	.db #0xD3	; 211
      00012B 1C                    1002 	.db #0x1C	; 28
      00012C E3                    1003 	.db #0xE3	; 227
      00012D 7F                    1004 	.db #0x7F	; 127
      00012E F3                    1005 	.db #0xF3	; 243
      00012F 5E                    1006 	.db #0x5E	; 94
      000130 02                    1007 	.db #0x02	; 2
      000131 B1                    1008 	.db #0xB1	; 177
      000132 12                    1009 	.db #0x12	; 18
      000133 90                    1010 	.db #0x90	; 144
      000134 22                    1011 	.db #0x22	; 34
      000135 F3                    1012 	.db #0xF3	; 243
      000136 32                    1013 	.db #0x32	; 50	'2'
      000137 D2                    1014 	.db #0xD2	; 210
      000138 42                    1015 	.db #0x42	; 66	'B'
      000139 35                    1016 	.db #0x35	; 53	'5'
      00013A 52                    1017 	.db #0x52	; 82	'R'
      00013B 14                    1018 	.db #0x14	; 20
      00013C 62                    1019 	.db #0x62	; 98	'b'
      00013D 77                    1020 	.db #0x77	; 119	'w'
      00013E 72                    1021 	.db #0x72	; 114	'r'
      00013F 56                    1022 	.db #0x56	; 86	'V'
      000140 B5                    1023 	.db #0xB5	; 181
      000141 EA                    1024 	.db #0xEA	; 234
      000142 A5                    1025 	.db #0xA5	; 165
      000143 CB                    1026 	.db #0xCB	; 203
      000144 95                    1027 	.db #0x95	; 149
      000145 A8                    1028 	.db #0xA8	; 168
      000146 85                    1029 	.db #0x85	; 133
      000147 89                    1030 	.db #0x89	; 137
      000148 F5                    1031 	.db #0xF5	; 245
      000149 6E                    1032 	.db #0x6E	; 110	'n'
      00014A E5                    1033 	.db #0xE5	; 229
      00014B 4F                    1034 	.db #0x4F	; 79	'O'
      00014C D5                    1035 	.db #0xD5	; 213
      00014D 2C                    1036 	.db #0x2C	; 44
      00014E C5                    1037 	.db #0xC5	; 197
      00014F 0D                    1038 	.db #0x0D	; 13
      000150 34                    1039 	.db #0x34	; 52	'4'
      000151 E2                    1040 	.db #0xE2	; 226
      000152 24                    1041 	.db #0x24	; 36
      000153 C3                    1042 	.db #0xC3	; 195
      000154 14                    1043 	.db #0x14	; 20
      000155 A0                    1044 	.db #0xA0	; 160
      000156 04                    1045 	.db #0x04	; 4
      000157 81                    1046 	.db #0x81	; 129
      000158 74                    1047 	.db #0x74	; 116	't'
      000159 66                    1048 	.db #0x66	; 102	'f'
      00015A 64                    1049 	.db #0x64	; 100	'd'
      00015B 47                    1050 	.db #0x47	; 71	'G'
      00015C 54                    1051 	.db #0x54	; 84	'T'
      00015D 24                    1052 	.db #0x24	; 36
      00015E 44                    1053 	.db #0x44	; 68	'D'
      00015F 05                    1054 	.db #0x05	; 5
      000160 A7                    1055 	.db #0xA7	; 167
      000161 DB                    1056 	.db #0xDB	; 219
      000162 B7                    1057 	.db #0xB7	; 183
      000163 FA                    1058 	.db #0xFA	; 250
      000164 87                    1059 	.db #0x87	; 135
      000165 99                    1060 	.db #0x99	; 153
      000166 97                    1061 	.db #0x97	; 151
      000167 B8                    1062 	.db #0xB8	; 184
      000168 E7                    1063 	.db #0xE7	; 231
      000169 5F                    1064 	.db #0x5F	; 95
      00016A F7                    1065 	.db #0xF7	; 247
      00016B 7E                    1066 	.db #0x7E	; 126
      00016C C7                    1067 	.db #0xC7	; 199
      00016D 1D                    1068 	.db #0x1D	; 29
      00016E D7                    1069 	.db #0xD7	; 215
      00016F 3C                    1070 	.db #0x3C	; 60
      000170 26                    1071 	.db #0x26	; 38
      000171 D3                    1072 	.db #0xD3	; 211
      000172 36                    1073 	.db #0x36	; 54	'6'
      000173 F2                    1074 	.db #0xF2	; 242
      000174 06                    1075 	.db #0x06	; 6
      000175 91                    1076 	.db #0x91	; 145
      000176 16                    1077 	.db #0x16	; 22
      000177 B0                    1078 	.db #0xB0	; 176
      000178 66                    1079 	.db #0x66	; 102	'f'
      000179 57                    1080 	.db #0x57	; 87	'W'
      00017A 76                    1081 	.db #0x76	; 118	'v'
      00017B 76                    1082 	.db #0x76	; 118	'v'
      00017C 46                    1083 	.db #0x46	; 70	'F'
      00017D 15                    1084 	.db #0x15	; 21
      00017E 56                    1085 	.db #0x56	; 86	'V'
      00017F 34                    1086 	.db #0x34	; 52	'4'
      000180 D9                    1087 	.db #0xD9	; 217
      000181 4C                    1088 	.db #0x4C	; 76	'L'
      000182 C9                    1089 	.db #0xC9	; 201
      000183 6D                    1090 	.db #0x6D	; 109	'm'
      000184 F9                    1091 	.db #0xF9	; 249
      000185 0E                    1092 	.db #0x0E	; 14
      000186 E9                    1093 	.db #0xE9	; 233
      000187 2F                    1094 	.db #0x2F	; 47
      000188 99                    1095 	.db #0x99	; 153
      000189 C8                    1096 	.db #0xC8	; 200
      00018A 89                    1097 	.db #0x89	; 137
      00018B E9                    1098 	.db #0xE9	; 233
      00018C B9                    1099 	.db #0xB9	; 185
      00018D 8A                    1100 	.db #0x8A	; 138
      00018E A9                    1101 	.db #0xA9	; 169
      00018F AB                    1102 	.db #0xAB	; 171
      000190 58                    1103 	.db #0x58	; 88	'X'
      000191 44                    1104 	.db #0x44	; 68	'D'
      000192 48                    1105 	.db #0x48	; 72	'H'
      000193 65                    1106 	.db #0x65	; 101	'e'
      000194 78                    1107 	.db #0x78	; 120	'x'
      000195 06                    1108 	.db #0x06	; 6
      000196 68                    1109 	.db #0x68	; 104	'h'
      000197 27                    1110 	.db #0x27	; 39
      000198 18                    1111 	.db #0x18	; 24
      000199 C0                    1112 	.db #0xC0	; 192
      00019A 08                    1113 	.db #0x08	; 8
      00019B E1                    1114 	.db #0xE1	; 225
      00019C 38                    1115 	.db #0x38	; 56	'8'
      00019D 82                    1116 	.db #0x82	; 130
      00019E 28                    1117 	.db #0x28	; 40
      00019F A3                    1118 	.db #0xA3	; 163
      0001A0 CB                    1119 	.db #0xCB	; 203
      0001A1 7D                    1120 	.db #0x7D	; 125
      0001A2 DB                    1121 	.db #0xDB	; 219
      0001A3 5C                    1122 	.db #0x5C	; 92
      0001A4 EB                    1123 	.db #0xEB	; 235
      0001A5 3F                    1124 	.db #0x3F	; 63
      0001A6 FB                    1125 	.db #0xFB	; 251
      0001A7 1E                    1126 	.db #0x1E	; 30
      0001A8 8B                    1127 	.db #0x8B	; 139
      0001A9 F9                    1128 	.db #0xF9	; 249
      0001AA 9B                    1129 	.db #0x9B	; 155
      0001AB D8                    1130 	.db #0xD8	; 216
      0001AC AB                    1131 	.db #0xAB	; 171
      0001AD BB                    1132 	.db #0xBB	; 187
      0001AE BB                    1133 	.db #0xBB	; 187
      0001AF 9A                    1134 	.db #0x9A	; 154
      0001B0 4A                    1135 	.db #0x4A	; 74	'J'
      0001B1 75                    1136 	.db #0x75	; 117	'u'
      0001B2 5A                    1137 	.db #0x5A	; 90	'Z'
      0001B3 54                    1138 	.db #0x54	; 84	'T'
      0001B4 6A                    1139 	.db #0x6A	; 106	'j'
      0001B5 37                    1140 	.db #0x37	; 55	'7'
      0001B6 7A                    1141 	.db #0x7A	; 122	'z'
      0001B7 16                    1142 	.db #0x16	; 22
      0001B8 0A                    1143 	.db #0x0A	; 10
      0001B9 F1                    1144 	.db #0xF1	; 241
      0001BA 1A                    1145 	.db #0x1A	; 26
      0001BB D0                    1146 	.db #0xD0	; 208
      0001BC 2A                    1147 	.db #0x2A	; 42
      0001BD B3                    1148 	.db #0xB3	; 179
      0001BE 3A                    1149 	.db #0x3A	; 58
      0001BF 92                    1150 	.db #0x92	; 146
      0001C0 FD                    1151 	.db #0xFD	; 253
      0001C1 2E                    1152 	.db #0x2E	; 46
      0001C2 ED                    1153 	.db #0xED	; 237
      0001C3 0F                    1154 	.db #0x0F	; 15
      0001C4 DD                    1155 	.db #0xDD	; 221
      0001C5 6C                    1156 	.db #0x6C	; 108	'l'
      0001C6 CD                    1157 	.db #0xCD	; 205
      0001C7 4D                    1158 	.db #0x4D	; 77	'M'
      0001C8 BD                    1159 	.db #0xBD	; 189
      0001C9 AA                    1160 	.db #0xAA	; 170
      0001CA AD                    1161 	.db #0xAD	; 173
      0001CB 8B                    1162 	.db #0x8B	; 139
      0001CC 9D                    1163 	.db #0x9D	; 157
      0001CD E8                    1164 	.db #0xE8	; 232
      0001CE 8D                    1165 	.db #0x8D	; 141
      0001CF C9                    1166 	.db #0xC9	; 201
      0001D0 7C                    1167 	.db #0x7C	; 124
      0001D1 26                    1168 	.db #0x26	; 38
      0001D2 6C                    1169 	.db #0x6C	; 108	'l'
      0001D3 07                    1170 	.db #0x07	; 7
      0001D4 5C                    1171 	.db #0x5C	; 92
      0001D5 64                    1172 	.db #0x64	; 100	'd'
      0001D6 4C                    1173 	.db #0x4C	; 76	'L'
      0001D7 45                    1174 	.db #0x45	; 69	'E'
      0001D8 3C                    1175 	.db #0x3C	; 60
      0001D9 A2                    1176 	.db #0xA2	; 162
      0001DA 2C                    1177 	.db #0x2C	; 44
      0001DB 83                    1178 	.db #0x83	; 131
      0001DC 1C                    1179 	.db #0x1C	; 28
      0001DD E0                    1180 	.db #0xE0	; 224
      0001DE 0C                    1181 	.db #0x0C	; 12
      0001DF C1                    1182 	.db #0xC1	; 193
      0001E0 EF                    1183 	.db #0xEF	; 239
      0001E1 1F                    1184 	.db #0x1F	; 31
      0001E2 FF                    1185 	.db #0xFF	; 255
      0001E3 3E                    1186 	.db #0x3E	; 62
      0001E4 CF                    1187 	.db #0xCF	; 207
      0001E5 5D                    1188 	.db #0x5D	; 93
      0001E6 DF                    1189 	.db #0xDF	; 223
      0001E7 7C                    1190 	.db #0x7C	; 124
      0001E8 AF                    1191 	.db #0xAF	; 175
      0001E9 9B                    1192 	.db #0x9B	; 155
      0001EA BF                    1193 	.db #0xBF	; 191
      0001EB BA                    1194 	.db #0xBA	; 186
      0001EC 8F                    1195 	.db #0x8F	; 143
      0001ED D9                    1196 	.db #0xD9	; 217
      0001EE 9F                    1197 	.db #0x9F	; 159
      0001EF F8                    1198 	.db #0xF8	; 248
      0001F0 6E                    1199 	.db #0x6E	; 110	'n'
      0001F1 17                    1200 	.db #0x17	; 23
      0001F2 7E                    1201 	.db #0x7E	; 126
      0001F3 36                    1202 	.db #0x36	; 54	'6'
      0001F4 4E                    1203 	.db #0x4E	; 78	'N'
      0001F5 55                    1204 	.db #0x55	; 85	'U'
      0001F6 5E                    1205 	.db #0x5E	; 94
      0001F7 74                    1206 	.db #0x74	; 116	't'
      0001F8 2E                    1207 	.db #0x2E	; 46
      0001F9 93                    1208 	.db #0x93	; 147
      0001FA 3E                    1209 	.db #0x3E	; 62
      0001FB B2                    1210 	.db #0xB2	; 178
      0001FC 0E                    1211 	.db #0x0E	; 14
      0001FD D1                    1212 	.db #0xD1	; 209
      0001FE 1E                    1213 	.db #0x1E	; 30
      0001FF F0                    1214 	.db #0xF0	; 240
                                   1215 	.area XINIT   (CODE)
                                   1216 	.area CABS    (ABS,CODE)
